<?xml version="1.0" encoding="utf-8"?>
<TestRun id="4420361d-b210-44d3-815e-219b86934f1d" name="Besitzer@PCW11X01 2026-09-08 20:23:35" runUser="PCW11X01\Besitzer" xmlns="http://microsoft.com/schemas/VisualStudio/TeamTest/2010">
  <Times creation="2026-09-08T20:23:35.9394405+02:00" queuing="2026-09-08T20:23:35.9394407+02:00" start="2026-09-08T20:23:35.2409316+02:00" finish="2026-09-08T20:23:36.8249197+02:00" />
  <TestSettings name="default" id="d8f09b02-f2fa-4b2d-acbd-eafa60bad007">
    <Deployment runDeploymentRoot="Besitzer_PCW11X01_2026-09-08_20_23_35" />
  </TestSettings>
  <Results>
    <UnitTestResult executionId="8a0abf8b-c69e-4ec1-b075-731e589f5173" testId="a3dc5bdb-f405-5f1b-7a43-f9bbc4991485" testName="AuswertungPro.Next.Infrastructure.Tests.Cost.SchachtLvCostLoaderTests.Unwirksame_Matrix_verdraengt_die_Empfehlung_nicht(selected: False, qty: 1)" computerName="PCW11X01" duration="00:00:00.0004107" startTime="2026-09-08T20:23:35.9798901+02:00" endTime="2026-09-08T20:23:35.9798901+02:00" testType="13cdc9d9-ddb5-4fa4-a97d-d965ccfc6d4b" outcome="Passed" testListId="8c84fa94-04c1-424b-9868-57a2d4851a1d" relativeResultsDirectory="8a0abf8b-c69e-4ec1-b075-731e589f5173" />
    <UnitTestResult executionId="5f638385-57cb-4574-8f25-e97a42cff554" testId="0ee19f75-624a-e25f-8cbe-e088643640d7" testName="AuswertungPro.Next.Infrastructure.Tests.Costs.Npk135UnterhaltsmassnahmenTests.Zusatzoptionen_LiegenAlsAbgewaehlteZeilenBereit(measureId: &quot;TV_KONTROLLE&quot;, itemKey: &quot;VORARBEIT_VD&quot;)" computerName="PCW11X01" duration="00:00:00.0009223" startTime="2026-09-08T20:23:36.7728281+02:00" endTime="2026-09-08T20:23:36.7728282+02:00" testType="13cdc9d9-ddb5-4fa4-a97d-d965ccfc6d4b" outcome="Passed" testListId="8c84fa94-04c1-424b-9868-57a2d4851a1d" relativeResultsDirectory="5f638385-57cb-4574-8f25-e97a42cff554" />
    <UnitTestResult executionId="c4f4de9a-b7bc-4c3c-9d3b-28e28fd1960e" testId="0585a884-2d7d-4f33-0cb4-d8882ec02798" testName="AuswertungPro.Next.Infrastructure.Tests.ProjectPositionAggregatorTests.ChapterTitle_112_IsPruefung" computerName="PCW11X01" duration="00:00:00.0000425" startTime="2026-09-08T20:23:36.7476253+02:00" endTime="2026-09-08T20:23:36.7476256+02:00" testType="13cdc9d9-ddb5-4fa4-a97d-d965ccfc6d4b" outcome="Passed" testListId="8c84fa94-04c1-424b-9868-57a2d4851a1d" relativeResultsDirectory="c4f4de9a-b7bc-4c3c-9d3b-28e28fd1960e" />
    <UnitTestResult executionId="901936af-80a1-4dfa-9bb7-5a0e5536c394" testId="5156b70f-e03c-2703-ee6f-4c4d96b9f0ef" testName="AuswertungPro.Next.Infrastructure.Tests.Costs.Npk135UnterhaltsmassnahmenTests.KombiMassnahme_EnthaeltJedeRechnungspositionMitNpkCodeMengeUndPreis(itemKey: &quot;HAUPTARBEIT_ROTIERDUESE&quot;, npkCode: &quot;211.312&quot;, unit: &quot;h&quot;, erwarteteMenge: 0.25, erwarteterPreis: 39.5)" computerName="PCW11X01" duration="00:00:00.0008038" startTime="2026-09-08T20:23:36.7623134+02:00" endTime="2026-09-08T20:23:36.7623135+02:00" testType="13cdc9d9-ddb5-4fa4-a97d-d965ccfc6d4b" outcome="Passed" testListId="8c84fa94-04c1-424b-9868-57a2d4851a1d" relativeResultsDirectory="901936af-80a1-4dfa-9bb7-5a0e5536c394" />
    <UnitTestResult executionId="a9521b23-a015-49c3-8823-471d8b8c37cc" testId="9ea09ca8-8e34-0fd3-ebf6-507c0a8af606" testName="AuswertungPro.Next.Infrastructure.Tests.Cost.ProjectPositionAggregatorFraesenMergeTests.Verschiedene_Leistungen_bleiben_getrennt" computerName="PCW11X01" duration="00:00:00.0013029" startTime="2026-09-08T20:23:35.9013865+02:00" endTime="2026-09-08T20:23:35.9013866+02:00" testType="13cdc9d9-ddb5-4fa4-a97d-d965ccfc6d4b" outcome="Passed" testListId="8c84fa94-04c1-424b-9868-57a2d4851a1d" relativeResultsDirectory="a9521b23-a015-49c3-8823-471d8b8c37cc" />
    <UnitTestResult executionId="9e097c52-6b20-4905-9cc2-44225bfa5521" testId="ddfebcac-acf3-cfe5-d7b1-716fabbcb570" testName="AuswertungPro.Next.Infrastructure.Tests.Costs.Npk135UnterhaltsmassnahmenTests.JedeUnterhaltsmassnahme_IstAlsMatrixOptionMitManuellerMengeWaehlbar(measureId: &quot;KANALREINIGUNG&quot;)" computerName="PCW11X01" duration="00:00:00.0007631" startTime="2026-09-08T20:23:36.7664147+02:00" endTime="2026-09-08T20:23:36.7664147+02:00" testType="13cdc9d9-ddb5-4fa4-a97d-d965ccfc6d4b" outcome="Passed" testListId="8c84fa94-04c1-424b-9868-57a2d4851a1d" relativeResultsDirectory="9e097c52-6b20-4905-9cc2-44225bfa5521" />
    <UnitTestResult executionId="bb26370e-9bf3-4477-b82b-b6da26edc757" testId="e5a3b1a1-95e0-8ea9-02ec-edf515d59371" testName="AuswertungPro.Next.Infrastructure.Tests.ProjectPositionAggregatorTests.Aggregate_SkipsUnselectedAndZeroQtyLines" computerName="PCW11X01" duration="00:00:00.0001393" startTime="2026-09-08T20:23:36.7369277+02:00" endTime="2026-09-08T20:23:36.7369278+02:00" testType="13cdc9d9-ddb5-4fa4-a97d-d965ccfc6d4b" outcome="Passed" testListId="8c84fa94-04c1-424b-9868-57a2d4851a1d" relativeResultsDirectory="bb26370e-9bf3-4477-b82b-b6da26edc757" />
    <UnitTestResult executionId="69cdd05f-6eaf-4d9a-9b2d-1f7fa82f8a87" testId="97d431f6-002f-e5d1-927a-7c383b27ab6c" testName="AuswertungPro.Next.Infrastructure.Tests.MeasurePricingEngineTests.ApplyCatalogPrices_ByDn_ExactMatch_SetsPrice" computerName="PCW11X01" duration="00:00:00.0000746" startTime="2026-09-08T20:23:36.7806738+02:00" endTime="2026-09-08T20:23:36.7806738+02:00" testType="13cdc9d9-ddb5-4fa4-a97d-d965ccfc6d4b" outcome="Passed" testListId="8c84fa94-04c1-424b-9868-57a2d4851a1d" relativeResultsDirectory="69cdd05f-6eaf-4d9a-9b2d-1f7fa82f8a87" />
    <UnitTestResult executionId="40358007-d762-4352-8f8f-8ca6a74d9c66" testId="f29af805-38a3-ae47-ad8b-2fd079e930e2" testName="AuswertungPro.Next.Infrastructure.Tests.Cost.SchachtLvCostLoaderTests.Massnahme_ganz_ohne_Zeilen_verdraengt_die_Empfehlung_nicht" computerName="PCW11X01" duration="00:00:00.0004089" startTime="2026-09-08T20:23:35.9870730+02:00" endTime="2026-09-08T20:23:35.9870731+02:00" testType="13cdc9d9-ddb5-4fa4-a97d-d965ccfc6d4b" outcome="Passed" testListId="8c84fa94-04c1-424b-9868-57a2d4851a1d" relativeResultsDirectory="40358007-d762-4352-8f8f-8ca6a74d9c66" />
    <UnitTestResult executionId="2841071e-e046-4ebb-90c7-c25647167175" testId="345cae6e-40fb-35b0-b61a-400438912732" testName="AuswertungPro.Next.Infrastructure.Tests.MeasurePricingEngineTests.ApplyConnectionsToLines_SkipsQtyOverriddenLines" computerName="PCW11X01" duration="00:00:00.0000581" startTime="2026-09-08T20:23:36.7806634+02:00" endTime="2026-09-08T20:23:36.7806634+02:00" testType="13cdc9d9-ddb5-4fa4-a97d-d965ccfc6d4b" outcome="Passed" testListId="8c84fa94-04c1-424b-9868-57a2d4851a1d" relativeResultsDirectory="2841071e-e046-4ebb-90c7-c25647167175" />
    <UnitTestResult executionId="a7840ece-fd52-470b-96d6-f5e8a474f722" testId="7e2028a5-83df-6c64-0072-ff0683bc58ec" testName="AuswertungPro.Next.Infrastructure.Tests.HoldingMeasureFactoryTests.Build_Laenge_MitDreiNachkommastellen_WirdAufZweiGerundet" computerName="PCW11X01" duration="00:00:00.0014114" startTime="2026-09-08T20:23:35.9301792+02:00" endTime="2026-09-08T20:23:35.9301794+02:00" testType="13cdc9d9-ddb5-4fa4-a97d-d965ccfc6d4b" outcome="Passed" testListId="8c84fa94-04c1-424b-9868-57a2d4851a1d" relativeResultsDirectory="a7840ece-fd52-470b-96d6-f5e8a474f722" />
    <UnitTestResult executionId="faca3e0a-549d-4d8f-a937-3e2df431f927" testId="00a7a332-a734-3c29-f436-fa0a0ceb23f5" testName="AuswertungPro.Next.Infrastructure.Tests.NpkLeistungsverzeichnisExporterTests.BuildCsv_LaesstNegativeZahlenZahlenBleiben" computerName="PCW11X01" duration="00:00:00.0002122" startTime="2026-09-08T20:23:36.7763375+02:00" endTime="2026-09-08T20:23:36.7763376+02:00" testType="13cdc9d9-ddb5-4fa4-a97d-d965ccfc6d4b" outcome="Passed" testListId="8c84fa94-04c1-424b-9868-57a2d4851a1d" relativeResultsDirectory="faca3e0a-549d-4d8f-a937-3e2df431f927" />
    <UnitTestResult executionId="24af33d8-2da6-4dff-a8a0-ec561292b109" testId="905c90de-6d2a-8dad-25b9-dddc7fe25532" testName="AuswertungPro.Next.Infrastructure.Tests.MeasurePricingEngineTests.ApplyConnectionsToLines_NonPositiveConnections_DisablesLines(connections: 0)" computerName="PCW11X01" duration="00:00:00.0001097" startTime="2026-09-08T20:23:36.7773841+02:00" endTime="2026-09-08T20:23:36.7773842+02:00" testType="13cdc9d9-ddb5-4fa4-a97d-d965ccfc6d4b" outcome="Passed" testListId="8c84fa94-04c1-424b-9868-57a2d4851a1d" relativeResultsDirectory="24af33d8-2da6-4dff-a8a0-ec561292b109" />
    <UnitTestResult executionId="9446163c-a04f-4d66-9549-4970b694a8bf" testId="aa7d0db8-b3e6-254e-9887-4a344bb416ad" testName="AuswertungPro.Next.Infrastructure.Tests.Cost.ProjectPositionAggregatorSchachtChapterTests.Haltung_600_und_Schacht_700_ergeben_beide_Kapitel_700_nach_600" computerName="PCW11X01" duration="00:00:00.0046712" startTime="2026-09-08T20:23:35.8875797+02:00" endTime="2026-09-08T20:23:35.8875798+02:00" testType="13cdc9d9-ddb5-4fa4-a97d-d965ccfc6d4b" outcome="Passed" testListId="8c84fa94-04c1-424b-9868-57a2d4851a1d" relativeResultsDirectory="9446163c-a04f-4d66-9549-4970b694a8bf" />
    <UnitTestResult executionId="856f0e0b-dd1f-4cfa-9f6b-1fc921ef8557" testId="40625725-3730-835d-976b-a74b81258ba4" testName="AuswertungPro.Next.Infrastructure.Tests.MeasureRuleServiceTests.EnforceEndManschetteRule_NoLemLines_NoChange" computerName="PCW11X01" duration="00:00:00.0000489" startTime="2026-09-08T20:23:36.7340463+02:00" endTime="2026-09-08T20:23:36.7340464+02:00" testType="13cdc9d9-ddb5-4fa4-a97d-d965ccfc6d4b" outcome="Passed" testListId="8c84fa94-04c1-424b-9868-57a2d4851a1d" relativeResultsDirectory="856f0e0b-dd1f-4cfa-9f6b-1fc921ef8557" />
    <UnitTestResult executionId="06bfb79d-0603-481c-8e8c-ebf09f855333" testId="77b85f7a-1f7f-3957-3c68-f6780c88ec85" testName="AuswertungPro.Next.Infrastructure.Tests.Costs.Npk135UnterhaltsmassnahmenTests.Einrichtungspositionen_SindVorhandenAberOhnePreisUndAbgewaehlt(itemKey: &quot;INSTALL_REINIGUNG&quot;, npkCode: &quot;111.001&quot;)" computerName="PCW11X01" duration="00:00:00.0009258" startTime="2026-09-08T20:23:36.7685123+02:00" endTime="2026-09-08T20:23:36.7685125+02:00" testType="13cdc9d9-ddb5-4fa4-a97d-d965ccfc6d4b" outcome="Passed" testListId="8c84fa94-04c1-424b-9868-57a2d4851a1d" relativeResultsDirectory="06bfb79d-0603-481c-8e8c-ebf09f855333" />
    <UnitTestResult executionId="d9fd5dfe-3091-4673-b853-61bc0df04e44" testId="362c0d35-b0ea-22f1-6516-bc32f269647e" testName="AuswertungPro.Next.Infrastructure.Tests.Costs.Npk135UnterhaltsmassnahmenTests.KombiMassnahme_EnthaeltJedeRechnungspositionMitNpkCodeMengeUndPreis(itemKey: &quot;HAUPTARBEIT_TV_FAHRWAGEN&quot;, npkCode: &quot;222.112&quot;, unit: &quot;h&quot;, erwarteteMenge: 0.75, erwarteterPreis: 206.5)" computerName="PCW11X01" duration="00:00:00.0067442" startTime="2026-09-08T20:23:36.7585864+02:00" endTime="2026-09-08T20:23:36.7585865+02:00" testType="13cdc9d9-ddb5-4fa4-a97d-d965ccfc6d4b" outcome="Passed" testListId="8c84fa94-04c1-424b-9868-57a2d4851a1d" relativeResultsDirectory="d9fd5dfe-3091-4673-b853-61bc0df04e44" />
    <UnitTestResult executionId="ba6b3e77-5ea4-4dfc-b3ab-6d0eb0645735" testId="7cbce473-62eb-4d88-1193-33702bad0eb1" testName="AuswertungPro.Next.Infrastructure.Tests.MeasurePricingEngineTests.ApplyCatalogPrices_ByDn_NoMatch_SetsZeroAndEmptyHint" computerName="PCW11X01" duration="00:00:00.0001197" startTime="2026-09-08T20:23:36.7804919+02:00" endTime="2026-09-08T20:23:36.7804919+02:00" testType="13cdc9d9-ddb5-4fa4-a97d-d965ccfc6d4b" outcome="Passed" testListId="8c84fa94-04c1-424b-9868-57a2d4851a1d" relativeResultsDirectory="ba6b3e77-5ea4-4dfc-b3ab-6d0eb0645735" />
    <UnitTestResult executionId="7bbb3eb1-7ac6-449d-ab38-6674e2e016b2" testId="3d1b3cdc-7974-7122-0dd1-2648672c6e50" testName="AuswertungPro.Next.Infrastructure.Tests.NpkOfferPdfExportServiceTests.Ohne_Zielpfad_wird_nicht_gerendert(ziel: &quot;   &quot;)" computerName="PCW11X01" duration="00:00:00.0001140" startTime="2026-09-08T20:23:36.7505713+02:00" endTime="2026-09-08T20:23:36.7505714+02:00" testType="13cdc9d9-ddb5-4fa4-a97d-d965ccfc6d4b" outcome="Passed" testListId="8c84fa94-04c1-424b-9868-57a2d4851a1d" relativeResultsDirectory="7bbb3eb1-7ac6-449d-ab38-6674e2e016b2" />
    <UnitTestResult executionId="07a20bae-2f67-4615-aeaa-a6098e2e1146" testId="eb31eb81-9920-2831-085d-12592bf05f03" testName="AuswertungPro.Next.Infrastructure.Tests.NpkLeistungsverzeichnisExcelExporterTests.Beide_reiter_haben_eine_totalzeile" computerName="PCW11X01" duration="00:00:00.0166357" startTime="2026-09-08T20:23:36.7330695+02:00" endTime="2026-09-08T20:23:36.7330701+02:00" testType="13cdc9d9-ddb5-4fa4-a97d-d965ccfc6d4b" outcome="Passed" testListId="8c84fa94-04c1-424b-9868-57a2d4851a1d" relativeResultsDirectory="07a20bae-2f67-4615-aeaa-a6098e2e1146" />
    <UnitTestResult executionId="e503bf4e-8c35-4bd9-bc7c-a060d7468dfd" testId="adaeec24-0959-fa9a-af5e-de4458cbc1af" testName="AuswertungPro.Next.Infrastructure.Tests.NpkCodeD16Tests.Aggregate_ReichtD16NummerDurch" computerName="PCW11X01" duration="00:00:00.0001699" startTime="2026-09-08T20:23:36.6475774+02:00" endTime="2026-09-08T20:23:36.6475774+02:00" testType="13cdc9d9-ddb5-4fa4-a97d-d965ccfc6d4b" outcome="Passed" testListId="8c84fa94-04c1-424b-9868-57a2d4851a1d" relativeResultsDirectory="e503bf4e-8c35-4bd9-bc7c-a060d7468dfd" />
    <UnitTestResult executionId="53b6d11a-4997-4d69-8f30-e40e44bd3f8a" testId="e231743a-b3b4-b15d-2930-f3b407ee8628" testName="AuswertungPro.Next.Infrastructure.Tests.CostCatalogStoreTests.PreserveNpkMetadata_KeepsOverride_WhenPresent" computerName="PCW11X01" duration="00:00:00.0000449" startTime="2026-09-08T20:23:35.9517383+02:00" endTime="2026-09-08T20:23:35.9517383+02:00" testType="13cdc9d9-ddb5-4fa4-a97d-d965ccfc6d4b" outcome="Passed" testListId="8c84fa94-04c1-424b-9868-57a2d4851a1d" relativeResultsDirectory="53b6d11a-4997-4d69-8f30-e40e44bd3f8a" />
    <UnitTestResult executionId="78793949-d8af-40e3-878d-a82bd3cdde9e" testId="cede403f-7131-599e-549f-a04defa10456" testName="AuswertungPro.Next.Infrastructure.Tests.MeasurePricingEngineTests.ApplyCatalogPrices_ByDn_QtyRule_OnlyQtyBased_UpdatesQtyItems" computerName="PCW11X01" duration="00:00:00.0000964" startTime="2026-09-08T20:23:36.7800883+02:00" endTime="2026-09-08T20:23:36.7800884+02:00" testType="13cdc9d9-ddb5-4fa4-a97d-d965ccfc6d4b" outcome="Passed" testListId="8c84fa94-04c1-424b-9868-57a2d4851a1d" relativeResultsDirectory="78793949-d8af-40e3-878d-a82bd3cdde9e" />
    <UnitTestResult executionId="91ae5d9f-f040-4d7c-8738-37648c32d4bb" testId="6cb900ab-0f0b-67d3-604a-875297aefc30" testName="AuswertungPro.Next.Infrastructure.Tests.MeasurePricingEngineTests.ApplyConnectionsToLines_SetsQtyOnConnectionLines" computerName="PCW11X01" duration="00:00:00.0000500" startTime="2026-09-08T20:23:36.7807115+02:00" endTime="2026-09-08T20:23:36.7807115+02:00" testType="13cdc9d9-ddb5-4fa4-a97d-d965ccfc6d4b" outcome="Passed" testListId="8c84fa94-04c1-424b-9868-57a2d4851a1d" relativeResultsDirectory="91ae5d9f-f040-4d7c-8738-37648c32d4bb" />
    <UnitTestResult executionId="98a9e977-f48e-4389-adb7-6215e7c1e6f1" testId="e7123e2c-80d8-635b-e7cf-b59d72e30805" testName="AuswertungPro.Next.Infrastructure.Tests.NpkOfferPdfExportServiceTests.Der_Druck_uebergibt_die_Datei_an_den_Druckweg" computerName="PCW11X01" duration="00:00:00.0005999" startTime="2026-09-08T20:23:36.7517072+02:00" endTime="2026-09-08T20:23:36.7517072+02:00" testType="13cdc9d9-ddb5-4fa4-a97d-d965ccfc6d4b" outcome="Passed" testListId="8c84fa94-04c1-424b-9868-57a2d4851a1d" relativeResultsDirectory="98a9e977-f48e-4389-adb7-6215e7c1e6f1" />
    <UnitTestResult executionId="8cb63d34-2ab8-4754-91de-958bd2f31850" testId="9126e619-c820-bd56-dbf7-25e6d47544f2" testName="AuswertungPro.Next.Infrastructure.Tests.MeasureRuleServiceTests.EnforceEndManschetteRule_NullDn_NoChange" computerName="PCW11X01" duration="00:00:00.0000579" startTime="2026-09-08T20:23:36.7349185+02:00" endTime="2026-09-08T20:23:36.7349187+02:00" testType="13cdc9d9-ddb5-4fa4-a97d-d965ccfc6d4b" outcome="Passed" testListId="8c84fa94-04c1-424b-9868-57a2d4851a1d" relativeResultsDirectory="8cb63d34-2ab8-4754-91de-958bd2f31850" />
    <UnitTestResult executionId="d2b70011-9bdc-4c76-9a7c-ad405e9a55bf" testId="f8767fa0-fb27-0cc4-628e-e05a86cd55d0" testName="AuswertungPro.Next.Infrastructure.Tests.Cost.SchachtLvCostLoaderTests.Gespeicherte_Schachtkosten_werden_geladen_leere_ausgefiltert" computerName="PCW11X01" duration="00:00:00.0015881" startTime="2026-09-08T20:23:35.9914442+02:00" endTime="2026-09-08T20:23:35.9914443+02:00" testType="13cdc9d9-ddb5-4fa4-a97d-d965ccfc6d4b" outcome="Passed" testListId="8c84fa94-04c1-424b-9868-57a2d4851a1d" relativeResultsDirectory="d2b70011-9bdc-4c76-9a7c-ad405e9a55bf" />
    <UnitTestResult executionId="9ff5c696-399c-475b-9898-d9c32d448274" testId="5d6154fa-d2b9-eaf3-517c-aa848caaf556" testName="AuswertungPro.Next.Infrastructure.Tests.Costs.Npk135UnterhaltsmassnahmenTests.Einrichtungspositionen_SindVorhandenAberOhnePreisUndAbgewaehlt(itemKey: &quot;INSTALL_ZUSTANDSERFASSUNG&quot;, npkCode: &quot;112.001&quot;)" computerName="PCW11X01" duration="00:00:00.0011037" startTime="2026-09-08T20:23:36.7675496+02:00" endTime="2026-09-08T20:23:36.7675497+02:00" testType="13cdc9d9-ddb5-4fa4-a97d-d965ccfc6d4b" outcome="Passed" testListId="8c84fa94-04c1-424b-9868-57a2d4851a1d" relativeResultsDirectory="9ff5c696-399c-475b-9898-d9c32d448274" />
    <UnitTestResult executionId="aa349ba0-b043-4f65-98ce-2cf642d2b4fb" testId="b328cbe6-040e-284a-179c-55879711c6b1" testName="AuswertungPro.Next.Infrastructure.Tests.MeasureRuleServiceTests.EnforceInstallationRule_InactiveLineReactivated" computerName="PCW11X01" duration="00:00:00.0000843" startTime="2026-09-08T20:23:36.7343974+02:00" endTime="2026-09-08T20:23:36.7343974+02:00" testType="13cdc9d9-ddb5-4fa4-a97d-d965ccfc6d4b" outcome="Passed" testListId="8c84fa94-04c1-424b-9868-57a2d4851a1d" relativeResultsDirectory="aa349ba0-b043-4f65-98ce-2cf642d2b4fb" />
    <UnitTestResult executionId="a0f77934-03b2-43fa-b7b0-f53c08f1c80a" testId="61145285-5504-3ee5-ec41-7095d101926d" testName="AuswertungPro.Next.Infrastructure.Tests.MeasurePricingEngineTests.ApplyCatalogPrices_Fixed_SkipsWhenOnlyQtyBasedTrue" computerName="PCW11X01" duration="00:00:00.0000578" startTime="2026-09-08T20:23:36.7802956+02:00" endTime="2026-09-08T20:23:36.7802957+02:00" testType="13cdc9d9-ddb5-4fa4-a97d-d965ccfc6d4b" outcome="Passed" testListId="8c84fa94-04c1-424b-9868-57a2d4851a1d" relativeResultsDirectory="a0f77934-03b2-43fa-b7b0-f53c08f1c80a" />
    <UnitTestResult executionId="d01a72c0-5646-45f4-a3ed-ba056b906526" testId="a0cf07c8-f35a-ead9-186e-59533e0c0dfc" testName="AuswertungPro.Next.Infrastructure.Tests.NpkOfferPdfExportServiceTests.Der_NPK_Export_verwendet_die_NPK_Vorlage_und_das_Logo" computerName="PCW11X01" duration="00:00:00.0002783" startTime="2026-09-08T20:23:36.7510875+02:00" endTime="2026-09-08T20:23:36.7510876+02:00" testType="13cdc9d9-ddb5-4fa4-a97d-d965ccfc6d4b" outcome="Passed" testListId="8c84fa94-04c1-424b-9868-57a2d4851a1d" relativeResultsDirectory="d01a72c0-5646-45f4-a3ed-ba056b906526" />
    <UnitTestResult executionId="d51e745b-597f-46ae-baa6-1f65f4baaf21" testId="ac3a8ad9-88b1-a680-fad7-00caf1015c1c" testName="AuswertungPro.Next.Infrastructure.Tests.Cost.SchachtMeasureFactoryTests.Zusatz_Haekchen_aktiviert_deaktivierte_Zeile" computerName="PCW11X01" duration="00:00:00.0004083" startTime="2026-09-08T20:23:35.8824466+02:00" endTime="2026-09-08T20:23:35.8824466+02:00" testType="13cdc9d9-ddb5-4fa4-a97d-d965ccfc6d4b" outcome="Passed" testListId="8c84fa94-04c1-424b-9868-57a2d4851a1d" relativeResultsDirectory="d51e745b-597f-46ae-baa6-1f65f4baaf21" />
    <UnitTestResult executionId="b9d549e8-d6c9-4426-8d34-ce9595d3391c" testId="91802254-7899-009c-1165-be8472f76856" testName="AuswertungPro.Next.Infrastructure.Tests.HoldingMeasureFactoryTests.Build_ExtraOption_ActivatesLine_WithLengthForMeterUnit" computerName="PCW11X01" duration="00:00:00.0002591" startTime="2026-09-08T20:23:35.9246317+02:00" endTime="2026-09-08T20:23:35.9246318+02:00" testType="13cdc9d9-ddb5-4fa4-a97d-d965ccfc6d4b" outcome="Passed" testListId="8c84fa94-04c1-424b-9868-57a2d4851a1d" relativeResultsDirectory="b9d549e8-d6c9-4426-8d34-ce9595d3391c" />
    <UnitTestResult executionId="54b1de8f-239a-4248-ab89-9cb3233f4f8a" testId="5e3ba131-59d0-01d0-6c50-2724d516c25a" testName="AuswertungPro.Next.Infrastructure.Tests.ProjectPositionAggregatorTests.Aggregate_DifferentPricesSameDn_MarksVariable" computerName="PCW11X01" duration="00:00:00.0002402" startTime="2026-09-08T20:23:36.7371201+02:00" endTime="2026-09-08T20:23:36.7371202+02:00" testType="13cdc9d9-ddb5-4fa4-a97d-d965ccfc6d4b" outcome="Passed" testListId="8c84fa94-04c1-424b-9868-57a2d4851a1d" relativeResultsDirectory="54b1de8f-239a-4248-ab89-9cb3233f4f8a" />
    <UnitTestResult executionId="0f152f3a-868e-4a7d-89b5-b440e5fb714b" testId="67ed1166-ad7d-fe8f-40e7-292dbf7bfb06" testName="AuswertungPro.Next.Infrastructure.Tests.HoldingMeasureFactoryTests.Build_MissingOrInvalidLength_ReturnsNullInsteadOfDefaultMeterCost(raw: &quot;-2.5&quot;)" computerName="PCW11X01" duration="00:00:00.0003082" startTime="2026-09-08T20:23:35.9242927+02:00" endTime="2026-09-08T20:23:35.9242927+02:00" testType="13cdc9d9-ddb5-4fa4-a97d-d965ccfc6d4b" outcome="Passed" testListId="8c84fa94-04c1-424b-9868-57a2d4851a1d" relativeResultsDirectory="0f152f3a-868e-4a7d-89b5-b440e5fb714b" />
    <UnitTestResult executionId="e2194464-a2a3-48b2-aa5c-4f0ec64e359c" testId="5ca4a51d-d101-5daf-ef21-fe5140cae150" testName="AuswertungPro.Next.Infrastructure.Tests.Costs.Npk135UnterhaltsmassnahmenTests.JedeUnterhaltsmassnahme_IstAlsMatrixOptionMitManuellerMengeWaehlbar(measureId: &quot;KANALREINIGUNG_TV&quot;)" computerName="PCW11X01" duration="00:00:00.0009704" startTime="2026-09-08T20:23:36.7656268+02:00" endTime="2026-09-08T20:23:36.7656269+02:00" testType="13cdc9d9-ddb5-4fa4-a97d-d965ccfc6d4b" outcome="Passed" testListId="8c84fa94-04c1-424b-9868-57a2d4851a1d" relativeResultsDirectory="e2194464-a2a3-48b2-aa5c-4f0ec64e359c" />
    <UnitTestResult executionId="d60c81a7-55c6-486c-8a91-050bc35e9e49" testId="ff2ae3f4-1a6a-ee42-e3aa-01da89ea25fd" testName="AuswertungPro.Next.Infrastructure.Tests.MeasureRuleServiceTests.EnforceInstallationRule_UnknownKey_NoChange" computerName="PCW11X01" duration="00:00:00.0001253" startTime="2026-09-08T20:23:36.7343831+02:00" endTime="2026-09-08T20:23:36.7343831+02:00" testType="13cdc9d9-ddb5-4fa4-a97d-d965ccfc6d4b" outcome="Passed" testListId="8c84fa94-04c1-424b-9868-57a2d4851a1d" relativeResultsDirectory="d60c81a7-55c6-486c-8a91-050bc35e9e49" />
    <UnitTestResult executionId="99a371d9-7c2f-45b1-a6c8-965aa750d130" testId="d0c1c620-8f02-c844-994d-39ca4ecb2931" testName="AuswertungPro.Next.Infrastructure.Tests.ProjectPositionAggregatorTests.Aggregate_SumsSameFixedPosition_AcrossHoldingsAndDn_AsOneRow" computerName="PCW11X01" duration="00:00:00.0005051" startTime="2026-09-08T20:23:36.7481469+02:00" endTime="2026-09-08T20:23:36.7481470+02:00" testType="13cdc9d9-ddb5-4fa4-a97d-d965ccfc6d4b" outcome="Passed" testListId="8c84fa94-04c1-424b-9868-57a2d4851a1d" relativeResultsDirectory="99a371d9-7c2f-45b1-a6c8-965aa750d130" />
    <UnitTestResult executionId="e08e5d84-3769-4573-8485-976b3627074c" testId="4cbc9395-8cea-00ba-c22d-3c235ecb3853" testName="AuswertungPro.Next.Infrastructure.Tests.NpkCodeD16Tests.BuildWorkbook_EnthaeltD16Spalte" computerName="PCW11X01" duration="00:00:00.6471198" startTime="2026-09-08T20:23:36.6457785+02:00" endTime="2026-09-08T20:23:36.6457788+02:00" testType="13cdc9d9-ddb5-4fa4-a97d-d965ccfc6d4b" outcome="Passed" testListId="8c84fa94-04c1-424b-9868-57a2d4851a1d" relativeResultsDirectory="e08e5d84-3769-4573-8485-976b3627074c" />
    <UnitTestResult executionId="cbb30d91-a5bc-413e-8a26-595eee7e8148" testId="597b4638-c3d8-0bba-f260-0eab8732f9b0" testName="AuswertungPro.Next.Infrastructure.Tests.MeasurePricingEngineTests.ApplyCatalogPrices_ByDn_NoDn_ZeroPriceSet" computerName="PCW11X01" duration="00:00:00.0002902" startTime="2026-09-08T20:23:36.7778202+02:00" endTime="2026-09-08T20:23:36.7778203+02:00" testType="13cdc9d9-ddb5-4fa4-a97d-d965ccfc6d4b" outcome="Passed" testListId="8c84fa94-04c1-424b-9868-57a2d4851a1d" relativeResultsDirectory="cbb30d91-a5bc-413e-8a26-595eee7e8148" />
    <UnitTestResult executionId="63c1e166-c891-4589-8f31-84896738eac1" testId="5005f352-9ac1-20b5-191a-20f91a0b1b75" testName="AuswertungPro.Next.Infrastructure.Tests.NpkLeistungsverzeichnisExcelExporterTests.Npk_nummer_mit_endnuller_bleibt_text_und_wird_keine_zahl" computerName="PCW11X01" duration="00:00:00.0146666" startTime="2026-09-08T20:23:36.7163570+02:00" endTime="2026-09-08T20:23:36.7163575+02:00" testType="13cdc9d9-ddb5-4fa4-a97d-d965ccfc6d4b" outcome="Passed" testListId="8c84fa94-04c1-424b-9868-57a2d4851a1d" relativeResultsDirectory="63c1e166-c891-4589-8f31-84896738eac1" />
    <UnitTestResult executionId="c5196a37-c1c4-4d28-ad81-55850ab6fda1" testId="c56d58e4-d99c-1506-5cec-f8e464a3eb81" testName="AuswertungPro.Next.Infrastructure.Tests.Cost.SchachtLvCostLoaderTests.Fehlende_Datei_liefert_leere_Liste_ohne_Fehler" computerName="PCW11X01" duration="00:00:00.0005334" startTime="2026-09-08T20:23:35.9898071+02:00" endTime="2026-09-08T20:23:35.9898072+02:00" testType="13cdc9d9-ddb5-4fa4-a97d-d965ccfc6d4b" outcome="Passed" testListId="8c84fa94-04c1-424b-9868-57a2d4851a1d" relativeResultsDirectory="c5196a37-c1c4-4d28-ad81-55850ab6fda1" />
    <UnitTestResult executionId="af299419-bfeb-43b5-9234-85c396030221" testId="b402c07d-1f81-09ff-2af2-94a84bea9b0e" testName="AuswertungPro.Next.Infrastructure.Tests.ProjectPositionAggregatorTests.Aggregate_SameNpkCode_DifferentItemKey_StaysSeparate" computerName="PCW11X01" duration="00:00:00.0002716" startTime="2026-09-08T20:23:36.7374373+02:00" endTime="2026-09-08T20:23:36.7374374+02:00" testType="13cdc9d9-ddb5-4fa4-a97d-d965ccfc6d4b" outcome="Passed" testListId="8c84fa94-04c1-424b-9868-57a2d4851a1d" relativeResultsDirectory="af299419-bfeb-43b5-9234-85c396030221" />
    <UnitTestResult executionId="edc1493c-ef49-4c38-a478-e1b18f8999f8" testId="38434b31-d40c-3449-dff0-3fa56a2668fd" testName="AuswertungPro.Next.Infrastructure.Tests.HoldingMeasureFactoryTests.Build_UnknownMeasure_ReturnsNull" computerName="PCW11X01" duration="00:00:00.0000822" startTime="2026-09-08T20:23:35.9246110+02:00" endTime="2026-09-08T20:23:35.9246110+02:00" testType="13cdc9d9-ddb5-4fa4-a97d-d965ccfc6d4b" outcome="Passed" testListId="8c84fa94-04c1-424b-9868-57a2d4851a1d" relativeResultsDirectory="edc1493c-ef49-4c38-a478-e1b18f8999f8" />
    <UnitTestResult executionId="f0622458-8939-4211-8e3f-25d12ba20451" testId="95a0d524-31a1-ea53-6266-aaf908f083c3" testName="AuswertungPro.Next.Infrastructure.Tests.Cost.ProjectPositionAggregatorFraesenMergeTests.Fraesen_Meter_wird_im_LV_in_Stunden_umgerechnet_und_mit_Roboter_gemergt" computerName="PCW11X01" duration="00:00:00.0004888" startTime="2026-09-08T20:23:35.9018959+02:00" endTime="2026-09-08T20:23:35.9018959+02:00" testType="13cdc9d9-ddb5-4fa4-a97d-d965ccfc6d4b" outcome="Passed" testListId="8c84fa94-04c1-424b-9868-57a2d4851a1d" relativeResultsDirectory="f0622458-8939-4211-8e3f-25d12ba20451" />
    <UnitTestResult executionId="44afa046-a4b1-448f-bb0d-90d8e22dbb59" testId="66709845-3114-eec4-0498-1e7b3f5bda3d" testName="AuswertungPro.Next.Infrastructure.Tests.HoldingMeasureFactoryTests.Build_HauptarbeitItemKey_OverridesRobotHours" computerName="PCW11X01" duration="00:00:00.0002890" startTime="2026-09-08T20:23:35.9303795+02:00" endTime="2026-09-08T20:23:35.9303796+02:00" testType="13cdc9d9-ddb5-4fa4-a97d-d965ccfc6d4b" outcome="Passed" testListId="8c84fa94-04c1-424b-9868-57a2d4851a1d" relativeResultsDirectory="44afa046-a4b1-448f-bb0d-90d8e22dbb59" />
    <UnitTestResult executionId="d3be3018-4865-43bd-bab4-485d76cd9a2b" testId="618faa1e-45b1-4acd-2905-b56eddce4fe1" testName="AuswertungPro.Next.Infrastructure.Tests.Cost.SchachtLvCostLoaderTests.Massnahmen_aus_dem_Dialog_kommen_als_Stueckposition_ins_LV" computerName="PCW11X01" duration="00:00:00.0041388" startTime="2026-09-08T20:23:35.9956475+02:00" endTime="2026-09-08T20:23:35.9956477+02:00" testType="13cdc9d9-ddb5-4fa4-a97d-d965ccfc6d4b" outcome="Passed" testListId="8c84fa94-04c1-424b-9868-57a2d4851a1d" relativeResultsDirectory="d3be3018-4865-43bd-bab4-485d76cd9a2b" />
    <UnitTestResult executionId="0ec6386f-7b11-44a9-a5c0-c5200a754825" testId="241bd96b-6e26-3536-bcfd-467050b61d96" testName="AuswertungPro.Next.Infrastructure.Tests.MeasurePricingEngineTests.ApplyConnectionsToLines_ReactivatesZeroLineWithoutOverwritingManualQty" computerName="PCW11X01" duration="00:00:00.0000588" startTime="2026-09-08T20:23:36.7801670+02:00" endTime="2026-09-08T20:23:36.7801671+02:00" testType="13cdc9d9-ddb5-4fa4-a97d-d965ccfc6d4b" outcome="Passed" testListId="8c84fa94-04c1-424b-9868-57a2d4851a1d" relativeResultsDirectory="0ec6386f-7b11-44a9-a5c0-c5200a754825" />
    <UnitTestResult executionId="3a8e24a4-9c6d-40dc-bbcc-550f7cf86647" testId="081b8c0e-82df-b59f-4afb-784593638607" testName="AuswertungPro.Next.Infrastructure.Tests.MeasureRuleServiceTests.GetRequiredInstallationItemKey_ReturnsCorrectKey(measureId: &quot;&quot;, measureName: &quot;&quot;, expected: null)" computerName="PCW11X01" duration="00:00:00.0000939" startTime="2026-09-08T20:23:36.7334848+02:00" endTime="2026-09-08T20:23:36.7334848+02:00" testType="13cdc9d9-ddb5-4fa4-a97d-d965ccfc6d4b" outcome="Passed" testListId="8c84fa94-04c1-424b-9868-57a2d4851a1d" relativeResultsDirectory="3a8e24a4-9c6d-40dc-bbcc-550f7cf86647" />
    <UnitTestResult executionId="109972c3-472c-4503-9072-efd46d87383d" testId="8a42e9ed-26fa-0eb8-7b77-503742298a65" testName="AuswertungPro.Next.Infrastructure.Tests.MeasurePricingEngineTests.ApplyCatalogPrices_Fixed_SkipsWhenPriceOverridden" computerName="PCW11X01" duration="00:00:00.0001225" startTime="2026-09-08T20:23:36.7793991+02:00" endTime="2026-09-08T20:23:36.7793991+02:00" testType="13cdc9d9-ddb5-4fa4-a97d-d965ccfc6d4b" outcome="Passed" testListId="8c84fa94-04c1-424b-9868-57a2d4851a1d" relativeResultsDirectory="109972c3-472c-4503-9072-efd46d87383d" />
    <UnitTestResult executionId="ba0914b1-6a83-4be5-b30d-ec7cd1bd2e7d" testId="7214770f-148c-79ba-aea0-d840cbc6fbb0" testName="AuswertungPro.Next.Infrastructure.Tests.MeasurePricingEngineTests.TryReadConnectionsFromLines_ReturnsMaxQty" computerName="PCW11X01" duration="00:00:00.0001655" startTime="2026-09-08T20:23:36.7792747+02:00" endTime="2026-09-08T20:23:36.7792748+02:00" testType="13cdc9d9-ddb5-4fa4-a97d-d965ccfc6d4b" outcome="Passed" testListId="8c84fa94-04c1-424b-9868-57a2d4851a1d" relativeResultsDirectory="ba0914b1-6a83-4be5-b30d-ec7cd1bd2e7d" />
    <UnitTestResult executionId="c5dafd0f-a532-4b16-be76-b981524da48c" testId="613fcd58-ccbd-5509-32bd-ec6aeaf5883c" testName="AuswertungPro.Next.Infrastructure.Tests.HoldingMeasureFactoryTests.Build_FillsMeterLinesWithLength_EndManschetteAndConnections" computerName="PCW11X01" duration="00:00:00.0138483" startTime="2026-09-08T20:23:35.9245407+02:00" endTime="2026-09-08T20:23:35.9245408+02:00" testType="13cdc9d9-ddb5-4fa4-a97d-d965ccfc6d4b" outcome="Passed" testListId="8c84fa94-04c1-424b-9868-57a2d4851a1d" relativeResultsDirectory="c5dafd0f-a532-4b16-be76-b981524da48c" />
    <UnitTestResult executionId="b3a0acb6-5a41-44ea-83b9-aff718fbf430" testId="f6f22182-d3e9-c5a0-b3e5-d79e045017f0" testName="AuswertungPro.Next.Infrastructure.Tests.MeasurePricingEngineTests.ApplyConnectionsToLines_LeavesNonConnectionLineUnchanged" computerName="PCW11X01" duration="00:00:00.0000904" startTime="2026-09-08T20:23:36.7775137+02:00" endTime="2026-09-08T20:23:36.7775138+02:00" testType="13cdc9d9-ddb5-4fa4-a97d-d965ccfc6d4b" outcome="Passed" testListId="8c84fa94-04c1-424b-9868-57a2d4851a1d" relativeResultsDirectory="b3a0acb6-5a41-44ea-83b9-aff718fbf430" />
    <UnitTestResult executionId="6b3345b9-4a38-4d7a-9008-b63e56d673dd" testId="bc4e4d12-a9db-4ea3-c05b-9b1f09a20a3a" testName="AuswertungPro.Next.Infrastructure.Tests.MeasureRuleServiceTests.EnforceEndManschetteRule_ExactlyDn200_Activates" computerName="PCW11X01" duration="00:00:00.0000518" startTime="2026-09-08T20:23:36.7344281+02:00" endTime="2026-09-08T20:23:36.7344281+02:00" testType="13cdc9d9-ddb5-4fa4-a97d-d965ccfc6d4b" outcome="Passed" testListId="8c84fa94-04c1-424b-9868-57a2d4851a1d" relativeResultsDirectory="6b3345b9-4a38-4d7a-9008-b63e56d673dd" />
    <UnitTestResult executionId="899733a9-792b-4df4-8d87-2c42a96f15b4" testId="9c1deb01-ec2a-cf6f-1ee7-4cf6cd207680" testName="AuswertungPro.Next.Infrastructure.Tests.Cost.SchachtLvCostLoaderTests.Defekte_Massnahmendatei_meldet_loadError" computerName="PCW11X01" duration="00:00:00.0020961" startTime="2026-09-08T20:23:35.9892276+02:00" endTime="2026-09-08T20:23:35.9892278+02:00" testType="13cdc9d9-ddb5-4fa4-a97d-d965ccfc6d4b" outcome="Passed" testListId="8c84fa94-04c1-424b-9868-57a2d4851a1d" relativeResultsDirectory="899733a9-792b-4df4-8d87-2c42a96f15b4" />
    <UnitTestResult executionId="0e9ceade-c558-4c38-a3eb-5896df90a6a9" testId="55f9ca19-1b83-5d36-d415-9ec3c1175e8d" testName="AuswertungPro.Next.Infrastructure.Tests.NpkLeistungsverzeichnisExporterTests.BuildCsv_ProjektnameKannKeineFormelStarten" computerName="PCW11X01" duration="00:00:00.0003471" startTime="2026-09-08T20:23:36.7767130+02:00" endTime="2026-09-08T20:23:36.7767130+02:00" testType="13cdc9d9-ddb5-4fa4-a97d-d965ccfc6d4b" outcome="Passed" testListId="8c84fa94-04c1-424b-9868-57a2d4851a1d" relativeResultsDirectory="0e9ceade-c558-4c38-a3eb-5896df90a6a9" />
    <UnitTestResult executionId="79abf5a6-c28b-4984-ae95-4bbed3a20499" testId="2d6b3e98-f173-3f7c-a18f-e02965bbfc84" testName="AuswertungPro.Next.Infrastructure.Tests.HoldingMeasureFactoryTests.Build_HauptarbeitMenge_OverridesMainLineQty" computerName="PCW11X01" duration="00:00:00.0002198" startTime="2026-09-08T20:23:35.9245914+02:00" endTime="2026-09-08T20:23:35.9245915+02:00" testType="13cdc9d9-ddb5-4fa4-a97d-d965ccfc6d4b" outcome="Passed" testListId="8c84fa94-04c1-424b-9868-57a2d4851a1d" relativeResultsDirectory="79abf5a6-c28b-4984-ae95-4bbed3a20499" />
    <UnitTestResult executionId="1e9f1e63-8970-4ebe-9993-fc9fb768aa40" testId="bc631a03-a4dc-3721-261e-8c88cd78d807" testName="AuswertungPro.Next.Infrastructure.Tests.NpkOfferPdfExportServiceTests.Eine_fehlende_Datei_wird_nicht_an_die_Shell_gegeben" computerName="PCW11X01" duration="00:00:00.0004672" startTime="2026-09-08T20:23:36.7494366+02:00" endTime="2026-09-08T20:23:36.7494367+02:00" testType="13cdc9d9-ddb5-4fa4-a97d-d965ccfc6d4b" outcome="Passed" testListId="8c84fa94-04c1-424b-9868-57a2d4851a1d" relativeResultsDirectory="1e9f1e63-8970-4ebe-9993-fc9fb768aa40" />
    <UnitTestResult executionId="8881ca1c-a892-4a1a-b85b-351c25759294" testId="3c91d136-a3c5-6681-3128-3634333bd2b8" testName="AuswertungPro.Next.Infrastructure.Tests.NpkLeistungsverzeichnisExcelExporterTests.Instanz_erzeugt_dieselbe_geschuetzte_Arbeitsmappe" computerName="PCW11X01" duration="00:00:00.0129824" startTime="2026-09-08T20:23:36.6769959+02:00" endTime="2026-09-08T20:23:36.6769963+02:00" testType="13cdc9d9-ddb5-4fa4-a97d-d965ccfc6d4b" outcome="Passed" testListId="8c84fa94-04c1-424b-9868-57a2d4851a1d" relativeResultsDirectory="8881ca1c-a892-4a1a-b85b-351c25759294" />
    <UnitTestResult executionId="e965c5b3-69c9-43ad-902a-122cb368ca61" testId="89a43796-e2a8-382b-ef1f-eefa5dfe5934" testName="AuswertungPro.Next.Infrastructure.Tests.HoldingMeasureFactoryTests.Build_NoConnections_DisablesConnectionLines" computerName="PCW11X01" duration="00:00:00.0001527" startTime="2026-09-08T20:23:35.9313104+02:00" endTime="2026-09-08T20:23:35.9313105+02:00" testType="13cdc9d9-ddb5-4fa4-a97d-d965ccfc6d4b" outcome="Passed" testListId="8c84fa94-04c1-424b-9868-57a2d4851a1d" relativeResultsDirectory="e965c5b3-69c9-43ad-902a-122cb368ca61" />
    <UnitTestResult executionId="7d682212-ca37-4357-9e06-0f4173b7ddd3" testId="1126aedf-e232-243a-6e2d-4b028ddcc222" testName="AuswertungPro.Next.Infrastructure.Tests.HoldingMeasureFactoryTests.Build_MissingOrInvalidLength_ReturnsNullInsteadOfDefaultMeterCost(raw: &quot;0&quot;)" computerName="PCW11X01" duration="00:00:00.0000303" startTime="2026-09-08T20:23:35.9245232+02:00" endTime="2026-09-08T20:23:35.9245233+02:00" testType="13cdc9d9-ddb5-4fa4-a97d-d965ccfc6d4b" outcome="Passed" testListId="8c84fa94-04c1-424b-9868-57a2d4851a1d" relativeResultsDirectory="7d682212-ca37-4357-9e06-0f4173b7ddd3" />
    <UnitTestResult executionId="7d10f375-4449-4040-b022-f3ec414d7f0c" testId="67d4e360-6e06-87ac-64e3-02c66be67ff0" testName="AuswertungPro.Next.Infrastructure.Tests.NpkOfferPdfExportServiceTests.Der_normale_Export_verwendet_weiterhin_die_Kostenvorlage" computerName="PCW11X01" duration="00:00:00.0006073" startTime="2026-09-08T20:23:36.7489449+02:00" endTime="2026-09-08T20:23:36.7489450+02:00" testType="13cdc9d9-ddb5-4fa4-a97d-d965ccfc6d4b" outcome="Passed" testListId="8c84fa94-04c1-424b-9868-57a2d4851a1d" relativeResultsDirectory="7d10f375-4449-4040-b022-f3ec414d7f0c" />
    <UnitTestResult executionId="22c46d77-f764-47cd-a5f2-f935358e7ceb" testId="46f20300-bc81-f875-3314-a5ee496f030e" testName="AuswertungPro.Next.Infrastructure.Tests.MeasurePricingEngineTests.TryReadConnectionsFromLines_ReturnsNullWhenNoConnectionLines" computerName="PCW11X01" duration="00:00:00.0012228" startTime="2026-09-08T20:23:36.7790746+02:00" endTime="2026-09-08T20:23:36.7790747+02:00" testType="13cdc9d9-ddb5-4fa4-a97d-d965ccfc6d4b" outcome="Passed" testListId="8c84fa94-04c1-424b-9868-57a2d4851a1d" relativeResultsDirectory="22c46d77-f764-47cd-a5f2-f935358e7ceb" />
    <UnitTestResult executionId="5bb251c2-730c-434d-af64-7b1e18f3909d" testId="b7d3c5c1-d7e8-edb9-c2ea-17dba5003ab1" testName="AuswertungPro.Next.Infrastructure.Tests.Cost.SchachtLvCostLoaderTests.Unwirksame_Matrix_verdraengt_die_Empfehlung_nicht(selected: True, qty: 0)" computerName="PCW11X01" duration="00:00:00.0005362" startTime="2026-09-08T20:23:35.9794353+02:00" endTime="2026-09-08T20:23:35.9794353+02:00" testType="13cdc9d9-ddb5-4fa4-a97d-d965ccfc6d4b" outcome="Passed" testListId="8c84fa94-04c1-424b-9868-57a2d4851a1d" relativeResultsDirectory="5bb251c2-730c-434d-af64-7b1e18f3909d" />
    <UnitTestResult executionId="7e5158f9-3891-40b8-aba2-33757ebb3c38" testId="d81f4423-87c2-37e7-43ee-0ae916eb8c49" testName="AuswertungPro.Next.Infrastructure.Tests.CostCatalogStoreTests.SaveUserOverrides_IsBlocked_WhenExistingUserOverrideCouldNotBeLoaded" computerName="PCW11X01" duration="00:00:00.0185488" startTime="2026-09-08T20:23:35.9499896+02:00" endTime="2026-09-08T20:23:35.9499899+02:00" testType="13cdc9d9-ddb5-4fa4-a97d-d965ccfc6d4b" outcome="Passed" testListId="8c84fa94-04c1-424b-9868-57a2d4851a1d" relativeResultsDirectory="7e5158f9-3891-40b8-aba2-33757ebb3c38" />
    <UnitTestResult executionId="854f36df-8291-461c-add2-2173e68d5193" testId="f4248d1b-2f98-1344-8cf2-cc335fcb17b3" testName="AuswertungPro.Next.Infrastructure.Tests.Costs.Npk135UnterhaltsmassnahmenTests.EinzelmassnahmenEnthaltenNurIhreEigeneLeistung(measureId: &quot;TV_KONTROLLE&quot;, erwarteterSchluessel: &quot;HAUPTARBEIT_TV_FAHRWAGEN&quot;, nichtErwarteterSchluessel: &quot;HAUPTARBEIT_REINIGUNG_KANAL&quot;)" computerName="PCW11X01" duration="00:00:00.0013115" startTime="2026-09-08T20:23:36.7698486+02:00" endTime="2026-09-08T20:23:36.7698487+02:00" testType="13cdc9d9-ddb5-4fa4-a97d-d965ccfc6d4b" outcome="Passed" testListId="8c84fa94-04c1-424b-9868-57a2d4851a1d" relativeResultsDirectory="854f36df-8291-461c-add2-2173e68d5193" />
    <UnitTestResult executionId="d73def08-73de-48cd-83a5-ec2a90720cc5" testId="dad2f77f-c2b9-192a-2986-af16eefa06e4" testName="AuswertungPro.Next.Infrastructure.Tests.MeasureRuleServiceTests.EnforceEndManschetteRule_BelowDn200_DeactivatesLine" computerName="PCW11X01" duration="00:00:00.0000933" startTime="2026-09-08T20:23:36.7339743+02:00" endTime="2026-09-08T20:23:36.7339743+02:00" testType="13cdc9d9-ddb5-4fa4-a97d-d965ccfc6d4b" outcome="Passed" testListId="8c84fa94-04c1-424b-9868-57a2d4851a1d" relativeResultsDirectory="d73def08-73de-48cd-83a5-ec2a90720cc5" />
    <UnitTestResult executionId="edf603a3-5ba9-4d12-be8c-c54c6da4228b" testId="5031555c-e0f9-4cc5-09f0-4b4dbe1049a6" testName="AuswertungPro.Next.Infrastructure.Tests.NpkLeistungsverzeichnisExcelExporterTests.Intern_reiter_traegt_den_einheitspreis_ein" computerName="PCW11X01" duration="00:00:00.0123763" startTime="2026-09-08T20:23:36.7016055+02:00" endTime="2026-09-08T20:23:36.7016058+02:00" testType="13cdc9d9-ddb5-4fa4-a97d-d965ccfc6d4b" outcome="Passed" testListId="8c84fa94-04c1-424b-9868-57a2d4851a1d" relativeResultsDirectory="edf603a3-5ba9-4d12-be8c-c54c6da4228b" />
    <UnitTestResult executionId="c82f40ab-1002-4909-8f6a-b916aaad979f" testId="18207c1e-e012-8e63-1b1d-9f29f6c312c8" testName="AuswertungPro.Next.Infrastructure.Tests.Cost.SchachtLvCostLoaderTests.Vorhandene_Einheit_der_Dialog_Massnahme_bleibt_erhalten" computerName="PCW11X01" duration="00:00:00.0217797" startTime="2026-09-08T20:23:35.9772267+02:00" endTime="2026-09-08T20:23:35.9772273+02:00" testType="13cdc9d9-ddb5-4fa4-a97d-d965ccfc6d4b" outcome="Passed" testListId="8c84fa94-04c1-424b-9868-57a2d4851a1d" relativeResultsDirectory="c82f40ab-1002-4909-8f6a-b916aaad979f" />
    <UnitTestResult executionId="c4a29ae0-bf3b-45c2-a8ae-c8887f751dfc" testId="ce27876b-a2d0-cf9d-fd8d-a8a45b1967d9" testName="AuswertungPro.Next.Infrastructure.Tests.NpkOfferPdfExportServiceTests.Ohne_Dateiangabe_wird_nichts_gestartet(pfad: &quot;   &quot;)" computerName="PCW11X01" duration="00:00:00.0001107" startTime="2026-09-08T20:23:36.7506910+02:00" endTime="2026-09-08T20:23:36.7506911+02:00" testType="13cdc9d9-ddb5-4fa4-a97d-d965ccfc6d4b" outcome="Passed" testListId="8c84fa94-04c1-424b-9868-57a2d4851a1d" relativeResultsDirectory="c4a29ae0-bf3b-45c2-a8ae-c8887f751dfc" />
    <UnitTestResult executionId="0d784c90-b96f-445a-a9c5-9d4c658e0f89" testId="0ad9dcdc-d3ad-12df-5099-af1f6dd7a7d1" testName="AuswertungPro.Next.Infrastructure.Tests.MeasureRuleServiceTests.GetRequiredInstallationItemKey_ReturnsCorrectKey(measureId: &quot;GFK_INLINER&quot;, measureName: &quot;GFK Inliner&quot;, expected: &quot;INSTALL_UV_ANLAGE&quot;)" computerName="PCW11X01" duration="00:00:00.0000008" startTime="2026-09-08T20:23:36.7335317+02:00" endTime="2026-09-08T20:23:36.7335318+02:00" testType="13cdc9d9-ddb5-4fa4-a97d-d965ccfc6d4b" outcome="Passed" testListId="8c84fa94-04c1-424b-9868-57a2d4851a1d" relativeResultsDirectory="0d784c90-b96f-445a-a9c5-9d4c658e0f89" />
    <UnitTestResult executionId="a0b1416a-6855-4b59-b378-96425bde743a" testId="a32c39c2-855a-cfe2-502b-73fc3e56e0a1" testName="AuswertungPro.Next.Infrastructure.Tests.HoldingMeasureFactoryTests.Build_MissingOrInvalidLength_ReturnsNullInsteadOfDefaultMeterCost(raw: &quot;&quot;)" computerName="PCW11X01" duration="00:00:00.0000747" startTime="2026-09-08T20:23:35.9244990+02:00" endTime="2026-09-08T20:23:35.9244990+02:00" testType="13cdc9d9-ddb5-4fa4-a97d-d965ccfc6d4b" outcome="Passed" testListId="8c84fa94-04c1-424b-9868-57a2d4851a1d" relativeResultsDirectory="a0b1416a-6855-4b59-b378-96425bde743a" />
    <UnitTestResult executionId="894e4a0f-260d-47ae-949b-98f4ecc76d30" testId="9307474f-8843-9df1-9e51-95790e802f71" testName="AuswertungPro.Next.Infrastructure.Tests.MeasurePricingEngineTests.ApplyCatalogPrices_ByDn_QtyRule_SelectsMatchingTier" computerName="PCW11X01" duration="00:00:00.0002417" startTime="2026-09-08T20:23:36.7797590+02:00" endTime="2026-09-08T20:23:36.7797590+02:00" testType="13cdc9d9-ddb5-4fa4-a97d-d965ccfc6d4b" outcome="Passed" testListId="8c84fa94-04c1-424b-9868-57a2d4851a1d" relativeResultsDirectory="894e4a0f-260d-47ae-949b-98f4ecc76d30" />
    <UnitTestResult executionId="5928434d-60f3-407b-a7bc-f2bdac8bfdb0" testId="35f6375e-9f6f-8795-b207-cb2081cbb150" testName="AuswertungPro.Next.Infrastructure.Tests.NpkLeistungsverzeichnisExporterTests.BuildCsv_EntschaerftFormelnImPositionstext" computerName="PCW11X01" duration="00:00:00.0001624" startTime="2026-09-08T20:23:36.7760921+02:00" endTime="2026-09-08T20:23:36.7760922+02:00" testType="13cdc9d9-ddb5-4fa4-a97d-d965ccfc6d4b" outcome="Passed" testListId="8c84fa94-04c1-424b-9868-57a2d4851a1d" relativeResultsDirectory="5928434d-60f3-407b-a7bc-f2bdac8bfdb0" />
    <UnitTestResult executionId="5a81ee02-ac8c-4c51-8100-f4ee11284661" testId="076bd064-0d35-5707-0dd0-37d88ce9e13f" testName="AuswertungPro.Next.Infrastructure.Tests.NpkOfferPdfExportServiceTests.Ohne_Dateiangabe_wird_nichts_gestartet(pfad: &quot;&quot;)" computerName="PCW11X01" duration="00:00:00.0000784" startTime="2026-09-08T20:23:36.7508070+02:00" endTime="2026-09-08T20:23:36.7508071+02:00" testType="13cdc9d9-ddb5-4fa4-a97d-d965ccfc6d4b" outcome="Passed" testListId="8c84fa94-04c1-424b-9868-57a2d4851a1d" relativeResultsDirectory="5a81ee02-ac8c-4c51-8100-f4ee11284661" />
    <UnitTestResult executionId="dff8b0f1-3dc1-41a3-a0da-a6b8032bd3ab" testId="6c527e54-ce93-f3f5-ca12-bc396dc2822e" testName="AuswertungPro.Next.Infrastructure.Tests.MeasureRuleServiceTests.GetRequiredInstallationItemKey_ReturnsCorrectKey(measureId: &quot;GFK&quot;, measureName: &quot;Massnahme GFK&quot;, expected: &quot;INSTALL_UV_ANLAGE&quot;)" computerName="PCW11X01" duration="00:00:00.0000010" startTime="2026-09-08T20:23:36.7335226+02:00" endTime="2026-09-08T20:23:36.7335226+02:00" testType="13cdc9d9-ddb5-4fa4-a97d-d965ccfc6d4b" outcome="Passed" testListId="8c84fa94-04c1-424b-9868-57a2d4851a1d" relativeResultsDirectory="dff8b0f1-3dc1-41a3-a0da-a6b8032bd3ab" />
    <UnitTestResult executionId="11e9b2d2-a1c7-4985-9778-0d09151a026c" testId="a3d813e4-7763-62ef-5856-d69717d9e0ca" testName="AuswertungPro.Next.Infrastructure.Tests.HoldingMeasureFactoryTests.Build_MissingOrInvalidLength_ReturnsNullInsteadOfDefaultMeterCost(raw: &quot;45'30&quot;)" computerName="PCW11X01" duration="00:00:00.0051764" startTime="2026-09-08T20:23:35.9072462+02:00" endTime="2026-09-08T20:23:35.9072462+02:00" testType="13cdc9d9-ddb5-4fa4-a97d-d965ccfc6d4b" outcome="Passed" testListId="8c84fa94-04c1-424b-9868-57a2d4851a1d" relativeResultsDirectory="11e9b2d2-a1c7-4985-9778-0d09151a026c" />
    <UnitTestResult executionId="9edf32a3-c8bd-4571-85ec-bc4583829277" testId="d621ae9b-510f-0c4f-fa4e-69c168573999" testName="AuswertungPro.Next.Infrastructure.Tests.NpkCodeD16Tests.PreserveNpkMetadata_FuelltD16AusDefault_WennOverrideLeer" computerName="PCW11X01" duration="00:00:00.0001135" startTime="2026-09-08T20:23:35.9985992+02:00" endTime="2026-09-08T20:23:35.9985993+02:00" testType="13cdc9d9-ddb5-4fa4-a97d-d965ccfc6d4b" outcome="Passed" testListId="8c84fa94-04c1-424b-9868-57a2d4851a1d" relativeResultsDirectory="9edf32a3-c8bd-4571-85ec-bc4583829277" />
    <UnitTestResult executionId="d775453b-0e88-4536-9ae2-9710e03870f3" testId="e9ed0103-5be7-50aa-65d6-36854570f2d5" testName="AuswertungPro.Next.Infrastructure.Tests.CostCatalogStoreTests.BuildUserOverridesForSave_KeepsChangedNpkMetadata" computerName="PCW11X01" duration="00:00:00.0001394" startTime="2026-09-08T20:23:35.9550761+02:00" endTime="2026-09-08T20:23:35.9550762+02:00" testType="13cdc9d9-ddb5-4fa4-a97d-d965ccfc6d4b" outcome="Passed" testListId="8c84fa94-04c1-424b-9868-57a2d4851a1d" relativeResultsDirectory="d775453b-0e88-4536-9ae2-9710e03870f3" />
    <UnitTestResult executionId="b0f74020-e4ca-4825-b8ef-fedb6c0fb2cf" testId="20fba71a-0c5e-1a68-b288-bc549640c1b6" testName="AuswertungPro.Next.Infrastructure.Tests.NpkLeistungsverzeichnisExcelExporterTests.BuildWorkbook_hat_reiter_zum_ausfuellen_und_intern" computerName="PCW11X01" duration="00:00:00.0121037" startTime="2026-09-08T20:23:36.6891695+02:00" endTime="2026-09-08T20:23:36.6891699+02:00" testType="13cdc9d9-ddb5-4fa4-a97d-d965ccfc6d4b" outcome="Passed" testListId="8c84fa94-04c1-424b-9868-57a2d4851a1d" relativeResultsDirectory="b0f74020-e4ca-4825-b8ef-fedb6c0fb2cf" />
    <UnitTestResult executionId="fef3148a-698e-497d-8f16-2e2158c776b9" testId="82a207c3-e4e2-70d5-761d-d91e04e643ed" testName="AuswertungPro.Next.Infrastructure.Tests.HoldingMeasureFactoryTests.Build_NearestDnFallback_MarksPriceHint" computerName="PCW11X01" duration="00:00:00.0001918" startTime="2026-09-08T20:23:35.9311324+02:00" endTime="2026-09-08T20:23:35.9311325+02:00" testType="13cdc9d9-ddb5-4fa4-a97d-d965ccfc6d4b" outcome="Passed" testListId="8c84fa94-04c1-424b-9868-57a2d4851a1d" relativeResultsDirectory="fef3148a-698e-497d-8f16-2e2158c776b9" />
    <UnitTestResult executionId="065a91e4-e288-4fd1-8b15-497d91f06ca3" testId="63dca477-2350-b39c-24ae-c3604f842cd9" testName="AuswertungPro.Next.Infrastructure.Tests.HoldingMeasureFactoryTests.Build_Dn150_DisablesEndManschette" computerName="PCW11X01" duration="00:00:00.0013166" startTime="2026-09-08T20:23:35.9245694+02:00" endTime="2026-09-08T20:23:35.9245694+02:00" testType="13cdc9d9-ddb5-4fa4-a97d-d965ccfc6d4b" outcome="Passed" testListId="8c84fa94-04c1-424b-9868-57a2d4851a1d" relativeResultsDirectory="065a91e4-e288-4fd1-8b15-497d91f06ca3" />
    <UnitTestResult executionId="95b8abb1-9b8c-4ae1-b6a3-6703f8779328" testId="a668d14e-5b9b-7cc9-35ea-a3b2c24f2570" testName="AuswertungPro.Next.Infrastructure.Tests.ProjectPositionAggregatorTests.BuildCsv_AppendsPriceHintToPositionText" computerName="PCW11X01" duration="00:00:00.0003652" startTime="2026-09-08T20:23:36.7353366+02:00" endTime="2026-09-08T20:23:36.7353366+02:00" testType="13cdc9d9-ddb5-4fa4-a97d-d965ccfc6d4b" outcome="Passed" testListId="8c84fa94-04c1-424b-9868-57a2d4851a1d" relativeResultsDirectory="95b8abb1-9b8c-4ae1-b6a3-6703f8779328" />
    <UnitTestResult executionId="a9570d95-d332-4fd7-b265-48c1d87b0cc7" testId="87ea94c0-a9e2-8abe-b9a0-cd259ed373a8" testName="AuswertungPro.Next.Infrastructure.Tests.Cost.SchachtLvCostLoaderTests.Beide_Quellen_ergeben_zusammen_alle_Schaechte" computerName="PCW11X01" duration="00:00:00.0061154" startTime="2026-09-08T20:23:35.9860815+02:00" endTime="2026-09-08T20:23:35.9860818+02:00" testType="13cdc9d9-ddb5-4fa4-a97d-d965ccfc6d4b" outcome="Passed" testListId="8c84fa94-04c1-424b-9868-57a2d4851a1d" relativeResultsDirectory="a9570d95-d332-4fd7-b265-48c1d87b0cc7" />
    <UnitTestResult executionId="04d5b593-5a56-433b-8e96-627ac874336b" testId="8df5a855-1b9b-807b-ed1d-7189b36c1d46" testName="AuswertungPro.Next.Infrastructure.Tests.HoldingMeasureFactoryTests.Build_NadelfilzLiner_MitFalscherInstallZeile_ErsetzDurchInstallHlAnlage" computerName="PCW11X01" duration="00:00:00.0048532" startTime="2026-09-08T20:23:35.9286010+02:00" endTime="2026-09-08T20:23:35.9286013+02:00" testType="13cdc9d9-ddb5-4fa4-a97d-d965ccfc6d4b" outcome="Passed" testListId="8c84fa94-04c1-424b-9868-57a2d4851a1d" relativeResultsDirectory="04d5b593-5a56-433b-8e96-627ac874336b" />
    <UnitTestResult executionId="52e21de4-85b4-4b01-aa1b-6a2a5444cb22" testId="80752cc0-0897-e6d7-73cb-b9d9f0f4c13a" testName="AuswertungPro.Next.Infrastructure.Tests.MeasureRuleServiceTests.GetRequiredInstallationItemKey_ReturnsCorrectKey(measureId: &quot;KURZLINER&quot;, measureName: &quot;Kurzliner&quot;, expected: null)" computerName="PCW11X01" duration="00:00:00.0001644" startTime="2026-09-08T20:23:36.7335007+02:00" endTime="2026-09-08T20:23:36.7335007+02:00" testType="13cdc9d9-ddb5-4fa4-a97d-d965ccfc6d4b" outcome="Passed" testListId="8c84fa94-04c1-424b-9868-57a2d4851a1d" relativeResultsDirectory="52e21de4-85b4-4b01-aa1b-6a2a5444cb22" />
    <UnitTestResult executionId="d796a693-9fea-4e07-811b-2e17b778fc8f" testId="f68d1549-efab-6acd-2227-cc2356da4b08" testName="AuswertungPro.Next.Infrastructure.Tests.MeasurePricingEngineTests.ApplyConnectionsToLines_DoesNotReactivateDeselectedPositiveLine" computerName="PCW11X01" duration="00:00:00.0000555" startTime="2026-09-08T20:23:36.7802255+02:00" endTime="2026-09-08T20:23:36.7802255+02:00" testType="13cdc9d9-ddb5-4fa4-a97d-d965ccfc6d4b" outcome="Passed" testListId="8c84fa94-04c1-424b-9868-57a2d4851a1d" relativeResultsDirectory="d796a693-9fea-4e07-811b-2e17b778fc8f" />
    <UnitTestResult executionId="0d9be7d0-0119-4326-9f14-b3e2b74ffff4" testId="b2b0fb09-4cf3-f516-709d-bad8ff141863" testName="AuswertungPro.Next.Infrastructure.Tests.Cost.SchachtLvCostLoaderTests.Wirksame_Matrix_bleibt_vorrangig_und_wird_nicht_doppelt_gezaehlt" computerName="PCW11X01" duration="00:00:00.0004832" startTime="2026-09-08T20:23:35.9866341+02:00" endTime="2026-09-08T20:23:35.9866343+02:00" testType="13cdc9d9-ddb5-4fa4-a97d-d965ccfc6d4b" outcome="Passed" testListId="8c84fa94-04c1-424b-9868-57a2d4851a1d" relativeResultsDirectory="0d9be7d0-0119-4326-9f14-b3e2b74ffff4" />
    <UnitTestResult executionId="179d46e7-380c-4c87-80fa-5c6c78fbf3e3" testId="074410b3-8d5e-f64d-37ca-428dd919734a" testName="AuswertungPro.Next.Infrastructure.Tests.MeasureRuleServiceTests.EnforceEndManschetteRule_AboveDn200_ActivatesLineWithDefaultQty" computerName="PCW11X01" duration="00:00:00.0000673" startTime="2026-09-08T20:23:36.7348186+02:00" endTime="2026-09-08T20:23:36.7348187+02:00" testType="13cdc9d9-ddb5-4fa4-a97d-d965ccfc6d4b" outcome="Passed" testListId="8c84fa94-04c1-424b-9868-57a2d4851a1d" relativeResultsDirectory="179d46e7-380c-4c87-80fa-5c6c78fbf3e3" />
    <UnitTestResult executionId="e194b689-645e-46e8-91e3-e845219aba7c" testId="3c9b3b49-70a7-14eb-2908-dccc0fdda0b7" testName="AuswertungPro.Next.Infrastructure.Tests.Costs.Npk135UnterhaltsmassnahmenTests.KombiMassnahme_EnthaeltJedeRechnungspositionMitNpkCodeMengeUndPreis(itemKey: &quot;HAUPTARBEIT_FACHARBEITER_TV&quot;, npkCode: &quot;222.701&quot;, unit: &quot;h&quot;, erwarteteMenge: 1.75, erwarteterPreis: 83.5)" computerName="PCW11X01" duration="00:00:00.0008502" startTime="2026-09-08T20:23:36.7606082+02:00" endTime="2026-09-08T20:23:36.7606083+02:00" testType="13cdc9d9-ddb5-4fa4-a97d-d965ccfc6d4b" outcome="Passed" testListId="8c84fa94-04c1-424b-9868-57a2d4851a1d" relativeResultsDirectory="e194b689-645e-46e8-91e3-e845219aba7c" />
    <UnitTestResult executionId="512cdd1a-f4ec-48f6-84c5-1b5605dc4603" testId="5e5b16d6-05ec-1e44-b305-d50f8e055c5d" testName="AuswertungPro.Next.Infrastructure.Tests.HoldingMeasureFactoryTests.Build_GfkLiner_OhneInstallZeile_FuegtInstallUvAnlageHinzu" computerName="PCW11X01" duration="00:00:00.0002410" startTime="2026-09-08T20:23:35.9309163+02:00" endTime="2026-09-08T20:23:35.9309164+02:00" testType="13cdc9d9-ddb5-4fa4-a97d-d965ccfc6d4b" outcome="Passed" testListId="8c84fa94-04c1-424b-9868-57a2d4851a1d" relativeResultsDirectory="512cdd1a-f4ec-48f6-84c5-1b5605dc4603" />
    <UnitTestResult executionId="6e0db35a-4646-4779-972f-a3f69c6c3927" testId="0e138a44-7750-3ca9-bf1f-caddd54b8208" testName="AuswertungPro.Next.Infrastructure.Tests.MeasurePricingEngineTests.ApplyCatalogPrices_Fixed_SetsUnitPriceFromCatalog" computerName="PCW11X01" duration="00:00:00.0000532" startTime="2026-09-08T20:23:36.7803604+02:00" endTime="2026-09-08T20:23:36.7803605+02:00" testType="13cdc9d9-ddb5-4fa4-a97d-d965ccfc6d4b" outcome="Passed" testListId="8c84fa94-04c1-424b-9868-57a2d4851a1d" relativeResultsDirectory="6e0db35a-4646-4779-972f-a3f69c6c3927" />
    <UnitTestResult executionId="54489af6-bc46-4897-9da3-8b172f74b41b" testId="3f9b4036-73e2-fce9-c433-0db091c25ca7" testName="AuswertungPro.Next.Infrastructure.Tests.MeasurePricingEngineTests.ApplyConnectionsToLines_NonPositiveConnections_DisablesLines(connections: -2)" computerName="PCW11X01" duration="00:00:00.0002993" startTime="2026-09-08T20:23:36.7772606+02:00" endTime="2026-09-08T20:23:36.7772607+02:00" testType="13cdc9d9-ddb5-4fa4-a97d-d965ccfc6d4b" outcome="Passed" testListId="8c84fa94-04c1-424b-9868-57a2d4851a1d" relativeResultsDirectory="54489af6-bc46-4897-9da3-8b172f74b41b" />
    <UnitTestResult executionId="9016ab81-dbf0-4aba-b0be-8487f2de6199" testId="673d06f2-31c0-4a77-b48b-05d9157c62de" testName="AuswertungPro.Next.Infrastructure.Tests.Cost.SchachtLvCostLoaderTests.Defekte_Datei_meldet_loadError_und_liefert_leer" computerName="PCW11X01" duration="00:00:00.0015604" startTime="2026-09-08T20:23:35.9788543+02:00" endTime="2026-09-08T20:23:35.9788545+02:00" testType="13cdc9d9-ddb5-4fa4-a97d-d965ccfc6d4b" outcome="Passed" testListId="8c84fa94-04c1-424b-9868-57a2d4851a1d" relativeResultsDirectory="9016ab81-dbf0-4aba-b0be-8487f2de6199" />
    <UnitTestResult executionId="123314a3-9bb7-4292-8986-98fc0202cdf7" testId="84aa7ee7-bf78-27d7-0eb4-7df3a4bf14cb" testName="AuswertungPro.Next.Infrastructure.Tests.Costs.Npk135UnterhaltsmassnahmenTests.KombiMassnahme_EnthaeltJedeRechnungspositionMitNpkCodeMengeUndPreis(itemKey: &quot;HAUPTARBEIT_REINIGUNG_KANAL&quot;, npkCode: &quot;211.112&quot;, unit: &quot;h&quot;, erwarteteMenge: 1, erwarteterPreis: 202)" computerName="PCW11X01" duration="00:00:00.0008509" startTime="2026-09-08T20:23:36.7614912+02:00" endTime="2026-09-08T20:23:36.7614912+02:00" testType="13cdc9d9-ddb5-4fa4-a97d-d965ccfc6d4b" outcome="Passed" testListId="8c84fa94-04c1-424b-9868-57a2d4851a1d" relativeResultsDirectory="123314a3-9bb7-4292-8986-98fc0202cdf7" />
    <UnitTestResult executionId="7fb83f27-0d21-459e-8630-b7c24fd45111" testId="baad46a4-0c0c-c01a-b7b1-db5622e15e21" testName="AuswertungPro.Next.Infrastructure.Tests.NpkOfferPdfModelFactoryTests.Create_baut_Deckblatt_Kapitel_Positionen_und_Totalkette" computerName="PCW11X01" duration="00:00:00.0051654" startTime="2026-09-08T20:23:35.8999701+02:00" endTime="2026-09-08T20:23:35.8999702+02:00" testType="13cdc9d9-ddb5-4fa4-a97d-d965ccfc6d4b" outcome="Passed" testListId="8c84fa94-04c1-424b-9868-57a2d4851a1d" relativeResultsDirectory="7fb83f27-0d21-459e-8630-b7c24fd45111" />
    <UnitTestResult executionId="7fa24b55-82fe-4a2a-bf64-5d4bce0a5aae" testId="75ca5228-1d7b-ecde-acbf-f83999bf2b7d" testName="AuswertungPro.Next.Infrastructure.Tests.NpkOfferPdfModelFactoryTests.Create_markiert_variable_Preise_Pauschalen_und_Dubletten" computerName="PCW11X01" duration="00:00:00.0070648" startTime="2026-09-08T20:23:35.8947488+02:00" endTime="2026-09-08T20:23:35.8947490+02:00" testType="13cdc9d9-ddb5-4fa4-a97d-d965ccfc6d4b" outcome="Passed" testListId="8c84fa94-04c1-424b-9868-57a2d4851a1d" relativeResultsDirectory="7fa24b55-82fe-4a2a-bf64-5d4bce0a5aae" />
    <UnitTestResult executionId="0ad23f50-f74d-4055-aa61-d336d8340e50" testId="94fdfb99-4cab-b96a-42e2-948709e93508" testName="AuswertungPro.Next.Infrastructure.Tests.MeasureRuleServiceTests.EnforceEndManschetteRule_QtyOverridden_AboveDn200_NotResetToDefault" computerName="PCW11X01" duration="00:00:00.0000548" startTime="2026-09-08T20:23:36.7341161+02:00" endTime="2026-09-08T20:23:36.7341161+02:00" testType="13cdc9d9-ddb5-4fa4-a97d-d965ccfc6d4b" outcome="Passed" testListId="8c84fa94-04c1-424b-9868-57a2d4851a1d" relativeResultsDirectory="0ad23f50-f74d-4055-aa61-d336d8340e50" />
    <UnitTestResult executionId="be498de8-031b-4622-b670-df7dda4dc287" testId="ac55c127-b8e2-1c73-f8ed-9d00d0255e40" testName="AuswertungPro.Next.Infrastructure.Tests.ProjectPositionAggregatorTests.BuildCsv_ContainsChapterTitlesAndTotal" computerName="PCW11X01" duration="00:00:00.0001561" startTime="2026-09-08T20:23:36.7378983+02:00" endTime="2026-09-08T20:23:36.7378984+02:00" testType="13cdc9d9-ddb5-4fa4-a97d-d965ccfc6d4b" outcome="Passed" testListId="8c84fa94-04c1-424b-9868-57a2d4851a1d" relativeResultsDirectory="be498de8-031b-4622-b670-df7dda4dc287" />
    <UnitTestResult executionId="77f75ebc-f33e-4563-b199-64460928876d" testId="899a6f6f-bac2-abf8-4109-d6123e19f2aa" testName="AuswertungPro.Next.Infrastructure.Tests.ProjectPositionAggregatorTests.Aggregate_SplitsByDnPosition_PerDn" computerName="PCW11X01" duration="00:00:00.0002582" startTime="2026-09-08T20:23:36.7377106+02:00" endTime="2026-09-08T20:23:36.7377106+02:00" testType="13cdc9d9-ddb5-4fa4-a97d-d965ccfc6d4b" outcome="Passed" testListId="8c84fa94-04c1-424b-9868-57a2d4851a1d" relativeResultsDirectory="77f75ebc-f33e-4563-b199-64460928876d" />
    <UnitTestResult executionId="5e3e5c3d-d881-47e5-97eb-e6530ad20086" testId="c819ca73-5b3b-e180-4236-915c6de414e0" testName="AuswertungPro.Next.Infrastructure.Tests.CostCatalogStoreTests.SaveUserOverrides_IsBlocked_WhenProjectDefaultCouldNotBeLoaded" computerName="PCW11X01" duration="00:00:00.0019365" startTime="2026-09-08T20:23:35.9548916+02:00" endTime="2026-09-08T20:23:35.9548918+02:00" testType="13cdc9d9-ddb5-4fa4-a97d-d965ccfc6d4b" outcome="Passed" testListId="8c84fa94-04c1-424b-9868-57a2d4851a1d" relativeResultsDirectory="5e3e5c3d-d881-47e5-97eb-e6530ad20086" />
    <UnitTestResult executionId="dd280d1f-3f46-4584-829c-b75c8a25c6f6" testId="7c38c2b2-817c-0b2b-0252-762142cf945f" testName="AuswertungPro.Next.Infrastructure.Tests.NpkLeistungsverzeichnisExcelExporterTests.Ausfuell_reiter_laesst_ep_leer_und_total_ist_formel" computerName="PCW11X01" duration="00:00:00.0160337" startTime="2026-09-08T20:23:36.6639336+02:00" endTime="2026-09-08T20:23:36.6639339+02:00" testType="13cdc9d9-ddb5-4fa4-a97d-d965ccfc6d4b" outcome="Passed" testListId="8c84fa94-04c1-424b-9868-57a2d4851a1d" relativeResultsDirectory="dd280d1f-3f46-4584-829c-b75c8a25c6f6" />
    <UnitTestResult executionId="0741d8bc-eb92-4750-80cd-f222dc413a55" testId="858b3c9a-beea-14a9-1706-615bbcf7bbaa" testName="AuswertungPro.Next.Infrastructure.Tests.CostCatalogStoreTests.FindDuplicateNpkCodesWithDifferentUnits_Warnt_Nur_Bei_Unterschiedlichen_Einheiten" computerName="PCW11X01" duration="00:00:00.0014231" startTime="2026-09-08T20:23:35.9529077+02:00" endTime="2026-09-08T20:23:35.9529079+02:00" testType="13cdc9d9-ddb5-4fa4-a97d-d965ccfc6d4b" outcome="Passed" testListId="8c84fa94-04c1-424b-9868-57a2d4851a1d" relativeResultsDirectory="0741d8bc-eb92-4750-80cd-f222dc413a55" />
    <UnitTestResult executionId="000b3080-4518-43ca-b104-731921ae3ea7" testId="735a3e08-cde2-79bb-0b6a-df46d94c80ab" testName="AuswertungPro.Next.Infrastructure.Tests.Costs.Npk135UnterhaltsmassnahmenTests.JedeUnterhaltsmassnahme_IstAlsMatrixOptionMitManuellerMengeWaehlbar(measureId: &quot;TV_KONTROLLE&quot;)" computerName="PCW11X01" duration="00:00:00.0022774" startTime="2026-09-08T20:23:36.7646373+02:00" endTime="2026-09-08T20:23:36.7646375+02:00" testType="13cdc9d9-ddb5-4fa4-a97d-d965ccfc6d4b" outcome="Passed" testListId="8c84fa94-04c1-424b-9868-57a2d4851a1d" relativeResultsDirectory="000b3080-4518-43ca-b104-731921ae3ea7" />
    <UnitTestResult executionId="d831c172-fbba-466c-99e7-4dc9d1cb2551" testId="1becca31-ca45-006e-2afb-3817071b1a9e" testName="AuswertungPro.Next.Infrastructure.Tests.Costs.Npk135UnterhaltsmassnahmenTests.KombiMassnahme_EnthaeltJedeRechnungspositionMitNpkCodeMengeUndPreis(itemKey: &quot;QK_BERICHT_SPEICHERMEDIUM&quot;, npkCode: &quot;234.102&quot;, unit: &quot;St&quot;, erwarteteMenge: 1, erwarteterPreis: 341.5)" computerName="PCW11X01" duration="00:00:00.0011129" startTime="2026-09-08T20:23:36.7597360+02:00" endTime="2026-09-08T20:23:36.7597361+02:00" testType="13cdc9d9-ddb5-4fa4-a97d-d965ccfc6d4b" outcome="Passed" testListId="8c84fa94-04c1-424b-9868-57a2d4851a1d" relativeResultsDirectory="d831c172-fbba-466c-99e7-4dc9d1cb2551" />
    <UnitTestResult executionId="60f57ee9-0911-4d7e-be56-03d52df48e99" testId="55db8d45-f96c-3954-8e48-147935b1180a" testName="AuswertungPro.Next.Infrastructure.Tests.MeasureRuleServiceTests.EnforceInstallationRule_WrongInstallLine_SchedulesRemoval" computerName="PCW11X01" duration="00:00:00.0003504" startTime="2026-09-08T20:23:36.7338758+02:00" endTime="2026-09-08T20:23:36.7338759+02:00" testType="13cdc9d9-ddb5-4fa4-a97d-d965ccfc6d4b" outcome="Passed" testListId="8c84fa94-04c1-424b-9868-57a2d4851a1d" relativeResultsDirectory="60f57ee9-0911-4d7e-be56-03d52df48e99" />
    <UnitTestResult executionId="0c429cdc-ea7f-469f-ba8f-334c0b164517" testId="fabae6ed-615d-39bb-c268-759361eb0a3f" testName="AuswertungPro.Next.Infrastructure.Tests.ProjectPositionAggregatorTests.Aggregate_SameDn_SumsAndKeepsFixedPrice" computerName="PCW11X01" duration="00:00:00.0013177" startTime="2026-09-08T20:23:36.7366970+02:00" endTime="2026-09-08T20:23:36.7366971+02:00" testType="13cdc9d9-ddb5-4fa4-a97d-d965ccfc6d4b" outcome="Passed" testListId="8c84fa94-04c1-424b-9868-57a2d4851a1d" relativeResultsDirectory="0c429cdc-ea7f-469f-ba8f-334c0b164517" />
    <UnitTestResult executionId="b795eab5-b565-47cf-882c-d5b2cf31f96c" testId="952aff05-9e21-0b9d-8ca6-d4f65e10492a" testName="AuswertungPro.Next.Infrastructure.Tests.Costs.Npk135UnterhaltsmassnahmenTests.Zusatzoptionen_LiegenAlsAbgewaehlteZeilenBereit(measureId: &quot;KANALREINIGUNG&quot;, itemKey: &quot;VORARBEIT_VD&quot;)" computerName="PCW11X01" duration="00:00:00.0007709" startTime="2026-09-08T20:23:36.7744058+02:00" endTime="2026-09-08T20:23:36.7744058+02:00" testType="13cdc9d9-ddb5-4fa4-a97d-d965ccfc6d4b" outcome="Passed" testListId="8c84fa94-04c1-424b-9868-57a2d4851a1d" relativeResultsDirectory="b795eab5-b565-47cf-882c-d5b2cf31f96c" />
    <UnitTestResult executionId="8841d008-2e48-4636-ad9a-f1dc8eec9ffb" testId="749ddcc2-62c0-1e3d-4ee0-fc94a77e1697" testName="AuswertungPro.Next.Infrastructure.Tests.CostCatalogStoreTests.BuildUserOverridesForSave_BlanksDefaultNpkMetadata_WhenUnchanged" computerName="PCW11X01" duration="00:00:00.0012074" startTime="2026-09-08T20:23:35.9512480+02:00" endTime="2026-09-08T20:23:35.9512481+02:00" testType="13cdc9d9-ddb5-4fa4-a97d-d965ccfc6d4b" outcome="Passed" testListId="8c84fa94-04c1-424b-9868-57a2d4851a1d" relativeResultsDirectory="8841d008-2e48-4636-ad9a-f1dc8eec9ffb" />
    <UnitTestResult executionId="043c5bbf-6826-4c8a-9f55-bef7405449f3" testId="3693fd38-c443-9adf-303c-138399b0f585" testName="AuswertungPro.Next.Infrastructure.Tests.CostCatalogStoreTests.PreserveNpkMetadata_FillsFromDefault_WhenOverrideEmpty" computerName="PCW11X01" duration="00:00:00.0001213" startTime="2026-09-08T20:23:35.9513802+02:00" endTime="2026-09-08T20:23:35.9513803+02:00" testType="13cdc9d9-ddb5-4fa4-a97d-d965ccfc6d4b" outcome="Passed" testListId="8c84fa94-04c1-424b-9868-57a2d4851a1d" relativeResultsDirectory="043c5bbf-6826-4c8a-9f55-bef7405449f3" />
    <UnitTestResult executionId="d7006882-5b89-444c-808e-b8894dd2660f" testId="198a5021-d3a2-1e3f-64c7-2b4b776a0b23" testName="AuswertungPro.Next.Infrastructure.Tests.Costs.Npk135UnterhaltsmassnahmenTests.EinzelmassnahmenEnthaltenNurIhreEigeneLeistung(measureId: &quot;KANALREINIGUNG&quot;, erwarteterSchluessel: &quot;HAUPTARBEIT_REINIGUNG_KANAL&quot;, nichtErwarteterSchluessel: &quot;HAUPTARBEIT_TV_FAHRWAGEN&quot;)" computerName="PCW11X01" duration="00:00:00.0009330" startTime="2026-09-08T20:23:36.7708209+02:00" endTime="2026-09-08T20:23:36.7708210+02:00" testType="13cdc9d9-ddb5-4fa4-a97d-d965ccfc6d4b" outcome="Passed" testListId="8c84fa94-04c1-424b-9868-57a2d4851a1d" relativeResultsDirectory="d7006882-5b89-444c-808e-b8894dd2660f" />
    <UnitTestResult executionId="8242b61e-91e7-439f-8cfa-d92cc89931ae" testId="51316167-3a60-39f0-09b1-86955ae86420" testName="AuswertungPro.Next.Infrastructure.Tests.Cost.SchachtMeasureFactoryTests.Pauschal_liefert_HoldingCost_mit_Menge_1_und_ohne_Installationszeile" computerName="PCW11X01" duration="00:00:00.0012499" startTime="2026-09-08T20:23:35.8826514+02:00" endTime="2026-09-08T20:23:35.8826514+02:00" testType="13cdc9d9-ddb5-4fa4-a97d-d965ccfc6d4b" outcome="Passed" testListId="8c84fa94-04c1-424b-9868-57a2d4851a1d" relativeResultsDirectory="8242b61e-91e7-439f-8cfa-d92cc89931ae" />
    <UnitTestResult executionId="9835cbbb-87ca-4f9d-b346-cc66b7c192f1" testId="12080696-33df-7be3-c2a0-0df6cdbaaf20" testName="AuswertungPro.Next.Infrastructure.Tests.NpkCodeD16Tests.BuildCsv_EnthaeltD16SpalteExcelFest" computerName="PCW11X01" duration="00:00:00.0015760" startTime="2026-09-08T20:23:36.6473860+02:00" endTime="2026-09-08T20:23:36.6473861+02:00" testType="13cdc9d9-ddb5-4fa4-a97d-d965ccfc6d4b" outcome="Passed" testListId="8c84fa94-04c1-424b-9868-57a2d4851a1d" relativeResultsDirectory="9835cbbb-87ca-4f9d-b346-cc66b7c192f1" />
    <UnitTestResult executionId="6334702e-3050-4832-859d-d6dfccdbfcda" testId="65dede96-056d-e586-b1c4-46110645b70b" testName="AuswertungPro.Next.Infrastructure.Tests.HoldingMeasureFactoryTests.Build_ConnectionMainWork_StaysSelected_WhenNoConnections" computerName="PCW11X01" duration="00:00:00.0002385" startTime="2026-09-08T20:23:35.9306451+02:00" endTime="2026-09-08T20:23:35.9306452+02:00" testType="13cdc9d9-ddb5-4fa4-a97d-d965ccfc6d4b" outcome="Passed" testListId="8c84fa94-04c1-424b-9868-57a2d4851a1d" relativeResultsDirectory="6334702e-3050-4832-859d-d6dfccdbfcda" />
    <UnitTestResult executionId="5b49c6eb-e369-40af-b077-221faf79f356" testId="778e87a2-516c-6692-9f2c-23d8fe1f7d88" testName="AuswertungPro.Next.Infrastructure.Tests.MeasurePricingEngineTests.ApplyLengthToLines_SetsQtyOnMeterLines" computerName="PCW11X01" duration="00:00:00.0000805" startTime="2026-09-08T20:23:36.7794985+02:00" endTime="2026-09-08T20:23:36.7794985+02:00" testType="13cdc9d9-ddb5-4fa4-a97d-d965ccfc6d4b" outcome="Passed" testListId="8c84fa94-04c1-424b-9868-57a2d4851a1d" relativeResultsDirectory="5b49c6eb-e369-40af-b077-221faf79f356" />
    <UnitTestResult executionId="a198b747-74e9-4520-9127-269027923078" testId="7bc5d814-3572-9448-bdb6-5b1acaa524fd" testName="AuswertungPro.Next.Infrastructure.Tests.MeasureRuleServiceTests.EnforceInstallationRule_MissingLine_ReturnsLineToAdd" computerName="PCW11X01" duration="00:00:00.0001804" startTime="2026-09-08T20:23:36.7346268+02:00" endTime="2026-09-08T20:23:36.7346268+02:00" testType="13cdc9d9-ddb5-4fa4-a97d-d965ccfc6d4b" outcome="Passed" testListId="8c84fa94-04c1-424b-9868-57a2d4851a1d" relativeResultsDirectory="a198b747-74e9-4520-9127-269027923078" />
    <UnitTestResult executionId="f2d39057-1075-4fb4-8c4c-df7aab306db4" testId="b3381c01-6763-e4e3-54bb-a5b024129495" testName="AuswertungPro.Next.Infrastructure.Tests.MeasurePricingEngineTests.ApplyConnectionsToLines_ReenablesLineDisabledByZeroCount" computerName="PCW11X01" duration="00:00:00.0000610" startTime="2026-09-08T20:23:36.7799691+02:00" endTime="2026-09-08T20:23:36.7799691+02:00" testType="13cdc9d9-ddb5-4fa4-a97d-d965ccfc6d4b" outcome="Passed" testListId="8c84fa94-04c1-424b-9868-57a2d4851a1d" relativeResultsDirectory="f2d39057-1075-4fb4-8c4c-df7aab306db4" />
    <UnitTestResult executionId="780fb868-67da-4bc9-9c86-a2330b6779d9" testId="7c041b4a-1924-025b-dc7c-06e04a55a67c" testName="AuswertungPro.Next.Infrastructure.Tests.NpkLeistungsverzeichnisExporterTests.BuildCsv_Warnt_Wenn_Gleiche_NpkNummer_Unterschiedliche_Einheiten_Hat" computerName="PCW11X01" duration="00:00:00.0002692" startTime="2026-09-08T20:23:36.7759006+02:00" endTime="2026-09-08T20:23:36.7759006+02:00" testType="13cdc9d9-ddb5-4fa4-a97d-d965ccfc6d4b" outcome="Passed" testListId="8c84fa94-04c1-424b-9868-57a2d4851a1d" relativeResultsDirectory="780fb868-67da-4bc9-9c86-a2330b6779d9" />
    <UnitTestResult executionId="92bd614c-cca4-4cf1-9bac-765e555818bf" testId="8394a904-9362-18e9-ff90-db35d24f6469" testName="AuswertungPro.Next.Infrastructure.Tests.MeasureRuleServiceTests.EnforceInstallationRule_CorrectLinePresent_NoChange" computerName="PCW11X01" duration="00:00:00.0000784" startTime="2026-09-08T20:23:36.7347349+02:00" endTime="2026-09-08T20:23:36.7347350+02:00" testType="13cdc9d9-ddb5-4fa4-a97d-d965ccfc6d4b" outcome="Passed" testListId="8c84fa94-04c1-424b-9868-57a2d4851a1d" relativeResultsDirectory="92bd614c-cca4-4cf1-9bac-765e555818bf" />
    <UnitTestResult executionId="b9a67d5b-def6-4ee7-8b7e-c121d544fefb" testId="ff5e607f-87cd-014d-373e-612f2b76bd0e" testName="AuswertungPro.Next.Infrastructure.Tests.MeasureRuleServiceTests.GetRequiredInstallationItemKey_ReturnsCorrectKey(measureId: &quot;NADELFILZ_X&quot;, measureName: &quot;Nadelfilz Renovierung&quot;, expected: &quot;INSTALL_HL_ANLAGE&quot;)" computerName="PCW11X01" duration="00:00:00.0000031" startTime="2026-09-08T20:23:36.7335123+02:00" endTime="2026-09-08T20:23:36.7335124+02:00" testType="13cdc9d9-ddb5-4fa4-a97d-d965ccfc6d4b" outcome="Passed" testListId="8c84fa94-04c1-424b-9868-57a2d4851a1d" relativeResultsDirectory="b9a67d5b-def6-4ee7-8b7e-c121d544fefb" />
    <UnitTestResult executionId="4e20fce7-c145-4548-868d-2ccec3633f78" testId="122739a7-6a39-e13e-75ab-6dae9469beb3" testName="AuswertungPro.Next.Infrastructure.Tests.Costs.Npk135UnterhaltsmassnahmenTests.KanalreinigungUndTvKontrolle_ErgibtDenNettobetragDerRechnung42990" computerName="PCW11X01" duration="00:00:00.0010960" startTime="2026-09-08T20:23:36.7755332+02:00" endTime="2026-09-08T20:23:36.7755332+02:00" testType="13cdc9d9-ddb5-4fa4-a97d-d965ccfc6d4b" outcome="Passed" testListId="8c84fa94-04c1-424b-9868-57a2d4851a1d" relativeResultsDirectory="4e20fce7-c145-4548-868d-2ccec3633f78" />
    <UnitTestResult executionId="e828655c-ca3f-4843-b09b-6eb93e350eac" testId="2609ab48-3a68-d71b-d36a-1850ecae33d5" testName="AuswertungPro.Next.Infrastructure.Tests.Costs.Npk135UnterhaltsmassnahmenTests.Zusatzoptionen_LiegenAlsAbgewaehlteZeilenBereit(measureId: &quot;KANALREINIGUNG_TV&quot;, itemKey: &quot;VORARBEIT_WASSERHALTUNG&quot;)" computerName="PCW11X01" duration="00:00:00.0007718" startTime="2026-09-08T20:23:36.7736473+02:00" endTime="2026-09-08T20:23:36.7736474+02:00" testType="13cdc9d9-ddb5-4fa4-a97d-d965ccfc6d4b" outcome="Passed" testListId="8c84fa94-04c1-424b-9868-57a2d4851a1d" relativeResultsDirectory="e828655c-ca3f-4843-b09b-6eb93e350eac" />
    <UnitTestResult executionId="58acbcba-16b9-4e46-af4b-ef75ca1f992c" testId="9faf5241-4ce3-3e5b-0b24-737a149bc485" testName="AuswertungPro.Next.Infrastructure.Tests.NpkLeistungsverzeichnisExporterTests.BuildCsv_Schreibt_NichtEnthaltene_Pauschalkosten_Als_Fussnote" computerName="PCW11X01" duration="00:00:00.0001242" startTime="2026-09-08T20:23:36.7769857+02:00" endTime="2026-09-08T20:23:36.7769858+02:00" testType="13cdc9d9-ddb5-4fa4-a97d-d965ccfc6d4b" outcome="Passed" testListId="8c84fa94-04c1-424b-9868-57a2d4851a1d" relativeResultsDirectory="58acbcba-16b9-4e46-af4b-ef75ca1f992c" />
    <UnitTestResult executionId="f5d0db16-ba3b-45f2-9603-12034cb2cb1b" testId="86e2f4a3-3c79-a9f2-1e24-54e797d57bea" testName="AuswertungPro.Next.Infrastructure.Tests.NpkCodeD16Tests.BuildUserOverridesForSave_LeertDefaultgleicheD16_DamitDefaultKorrekturenAnkommen" computerName="PCW11X01" duration="00:00:00.0001229" startTime="2026-09-08T20:23:36.6477206+02:00" endTime="2026-09-08T20:23:36.6477207+02:00" testType="13cdc9d9-ddb5-4fa4-a97d-d965ccfc6d4b" outcome="Passed" testListId="8c84fa94-04c1-424b-9868-57a2d4851a1d" relativeResultsDirectory="f5d0db16-ba3b-45f2-9603-12034cb2cb1b" />
    <UnitTestResult executionId="06aea939-21b8-482b-aa5f-ad32b0604c38" testId="5cb21ba7-4999-452f-43fd-3a531490c01a" testName="AuswertungPro.Next.Infrastructure.Tests.Cost.SchachtLvCostLoaderTests.Matrix_verdraengt_die_Dialog_Massnahme_desselben_Schachts" computerName="PCW11X01" duration="00:00:00.0026289" startTime="2026-09-08T20:23:35.9983529+02:00" endTime="2026-09-08T20:23:35.9983532+02:00" testType="13cdc9d9-ddb5-4fa4-a97d-d965ccfc6d4b" outcome="Passed" testListId="8c84fa94-04c1-424b-9868-57a2d4851a1d" relativeResultsDirectory="06aea939-21b8-482b-aa5f-ad32b0604c38" />
    <UnitTestResult executionId="8772c30c-0c7b-4109-952c-efee086c70d2" testId="e3b8dc49-fd63-dd4e-a295-e1051211f4c8" testName="AuswertungPro.Next.Infrastructure.Tests.MeasurePricingEngineTests.ApplyCatalogPrices_ByDn_NearestFallback_SetsPriceAndHint" computerName="PCW11X01" duration="00:00:00.0001131" startTime="2026-09-08T20:23:36.7798918+02:00" endTime="2026-09-08T20:23:36.7798919+02:00" testType="13cdc9d9-ddb5-4fa4-a97d-d965ccfc6d4b" outcome="Passed" testListId="8c84fa94-04c1-424b-9868-57a2d4851a1d" relativeResultsDirectory="8772c30c-0c7b-4109-952c-efee086c70d2" />
    <UnitTestResult executionId="d4266974-82b4-443d-8e8c-3b6babaf5ddd" testId="d7fce034-cea5-e4e7-7d82-1bec4d706dda" testName="AuswertungPro.Next.Infrastructure.Tests.Costs.Npk135UnterhaltsmassnahmenTests.Zusatzoptionen_LiegenAlsAbgewaehlteZeilenBereit(measureId: &quot;KANALREINIGUNG_TV&quot;, itemKey: &quot;VORARBEIT_VD&quot;)" computerName="PCW11X01" duration="00:00:00.0010357" startTime="2026-09-08T20:23:36.7718772+02:00" endTime="2026-09-08T20:23:36.7718772+02:00" testType="13cdc9d9-ddb5-4fa4-a97d-d965ccfc6d4b" outcome="Passed" testListId="8c84fa94-04c1-424b-9868-57a2d4851a1d" relativeResultsDirectory="d4266974-82b4-443d-8e8c-3b6babaf5ddd" />
    <UnitTestResult executionId="00c44c2e-84dd-4d73-811d-f259f20025db" testId="d5f7c892-c1ef-b34f-6eb6-22574bee715a" testName="AuswertungPro.Next.Infrastructure.Tests.NpkOfferPdfExportServiceTests.Ohne_Zielpfad_wird_nicht_gerendert(ziel: &quot;&quot;)" computerName="PCW11X01" duration="00:00:00.0009491" startTime="2026-09-08T20:23:36.7504279+02:00" endTime="2026-09-08T20:23:36.7504280+02:00" testType="13cdc9d9-ddb5-4fa4-a97d-d965ccfc6d4b" outcome="Passed" testListId="8c84fa94-04c1-424b-9868-57a2d4851a1d" relativeResultsDirectory="00c44c2e-84dd-4d73-811d-f259f20025db" />
    <UnitTestResult executionId="172e1459-f94c-45c6-acef-552243ef1b3c" testId="523ff9cc-9a9f-6306-d906-0a782ee98bcc" testName="AuswertungPro.Next.Infrastructure.Tests.MeasurePricingEngineTests.ApplyLengthToLines_SkipsQtyOverriddenLines" computerName="PCW11X01" duration="00:00:00.0000896" startTime="2026-09-08T20:23:36.7808373+02:00" endTime="2026-09-08T20:23:36.7808374+02:00" testType="13cdc9d9-ddb5-4fa4-a97d-d965ccfc6d4b" outcome="Passed" testListId="8c84fa94-04c1-424b-9868-57a2d4851a1d" relativeResultsDirectory="172e1459-f94c-45c6-acef-552243ef1b3c" />
    <UnitTestResult executionId="1af125c5-eb27-4505-b986-d4996baa405c" testId="b8e4a158-eef2-7627-a10a-a490a9e8e057" testName="AuswertungPro.Next.Infrastructure.Tests.Cost.SchachtMeasureFactoryTests.Manuelle_Menge_setzt_Hauptarbeit_Stueckzahl" computerName="PCW11X01" duration="00:00:00.0079335" startTime="2026-09-08T20:23:35.8803208+02:00" endTime="2026-09-08T20:23:35.8803818+02:00" testType="13cdc9d9-ddb5-4fa4-a97d-d965ccfc6d4b" outcome="Passed" testListId="8c84fa94-04c1-424b-9868-57a2d4851a1d" relativeResultsDirectory="1af125c5-eb27-4505-b986-d4996baa405c" />
  </Results>
  <TestDefinitions>
    <UnitTest name="AuswertungPro.Next.Infrastructure.Tests.MeasureRuleServiceTests.EnforceEndManschetteRule_ExactlyDn200_Activates" storage="c:\sewer-studio_ki_4.5\tests\auswertungpro.next.infrastructure.tests\bin\release\net10.0\auswertungpro.next.infrastructure.tests.dll" id="bc4e4d12-a9db-4ea3-c05b-9b1f09a20a3a">
      <Execution id="6b3345b9-4a38-4d7a-9008-b63e56d673dd" />
      <TestMethod codeBase="C:\Sewer-Studio_KI_4.5\tests\AuswertungPro.Next.Infrastructure.Tests\bin\Release\net10.0\AuswertungPro.Next.Infrastructure.Tests.dll" adapterTypeName="executor://xunit/VsTestRunner2/netcoreapp" className="AuswertungPro.Next.Infrastructure.Tests.MeasureRuleServiceTests" name="EnforceEndManschetteRule_ExactlyDn200_Activates" />
    </UnitTest>
    <UnitTest name="AuswertungPro.Next.Infrastructure.Tests.MeasureRuleServiceTests.EnforceInstallationRule_InactiveLineReactivated" storage="c:\sewer-studio_ki_4.5\tests\auswertungpro.next.infrastructure.tests\bin\release\net10.0\auswertungpro.next.infrastructure.tests.dll" id="b328cbe6-040e-284a-179c-55879711c6b1">
      <Execution id="aa349ba0-b043-4f65-98ce-2cf642d2b4fb" />
      <TestMethod codeBase="C:\Sewer-Studio_KI_4.5\tests\AuswertungPro.Next.Infrastructure.Tests\bin\Release\net10.0\AuswertungPro.Next.Infrastructure.Tests.dll" adapterTypeName="executor://xunit/VsTestRunner2/netcoreapp" className="AuswertungPro.Next.Infrastructure.Tests.MeasureRuleServiceTests" name="EnforceInstallationRule_InactiveLineReactivated" />
    </UnitTest>
    <UnitTest name="AuswertungPro.Next.Infrastructure.Tests.Cost.ProjectPositionAggregatorFraesenMergeTests.Fraesen_Meter_wird_im_LV_in_Stunden_umgerechnet_und_mit_Roboter_gemergt" storage="c:\sewer-studio_ki_4.5\tests\auswertungpro.next.infrastructure.tests\bin\release\net10.0\auswertungpro.next.infrastructure.tests.dll" id="95a0d524-31a1-ea53-6266-aaf908f083c3">
      <Execution id="f0622458-8939-4211-8e3f-25d12ba20451" />
[...]
    <TestEntry testId="362c0d35-b0ea-22f1-6516-bc32f269647e" executionId="d9fd5dfe-3091-4673-b853-61bc0df04e44" testListId="8c84fa94-04c1-424b-9868-57a2d4851a1d" />
    <TestEntry testId="7cbce473-62eb-4d88-1193-33702bad0eb1" executionId="ba6b3e77-5ea4-4dfc-b3ab-6d0eb0645735" testListId="8c84fa94-04c1-424b-9868-57a2d4851a1d" />
    <TestEntry testId="3d1b3cdc-7974-7122-0dd1-2648672c6e50" executionId="7bbb3eb1-7ac6-449d-ab38-6674e2e016b2" testListId="8c84fa94-04c1-424b-9868-57a2d4851a1d" />
    <TestEntry testId="eb31eb81-9920-2831-085d-12592bf05f03" executionId="07a20bae-2f67-4615-aeaa-a6098e2e1146" testListId="8c84fa94-04c1-424b-9868-57a2d4851a1d" />
    <TestEntry testId="adaeec24-0959-fa9a-af5e-de4458cbc1af" executionId="e503bf4e-8c35-4bd9-bc7c-a060d7468dfd" testListId="8c84fa94-04c1-424b-9868-57a2d4851a1d" />
    <TestEntry testId="e231743a-b3b4-b15d-2930-f3b407ee8628" executionId="53b6d11a-4997-4d69-8f30-e40e44bd3f8a" testListId="8c84fa94-04c1-424b-9868-57a2d4851a1d" />
    <TestEntry testId="cede403f-7131-599e-549f-a04defa10456" executionId="78793949-d8af-40e3-878d-a82bd3cdde9e" testListId="8c84fa94-04c1-424b-9868-57a2d4851a1d" />
    <TestEntry testId="6cb900ab-0f0b-67d3-604a-875297aefc30" executionId="91ae5d9f-f040-4d7c-8738-37648c32d4bb" testListId="8c84fa94-04c1-424b-9868-57a2d4851a1d" />
    <TestEntry testId="e7123e2c-80d8-635b-e7cf-b59d72e30805" executionId="98a9e977-f48e-4389-adb7-6215e7c1e6f1" testListId="8c84fa94-04c1-424b-9868-57a2d4851a1d" />
    <TestEntry testId="9126e619-c820-bd56-dbf7-25e6d47544f2" executionId="8cb63d34-2ab8-4754-91de-958bd2f31850" testListId="8c84fa94-04c1-424b-9868-57a2d4851a1d" />
    <TestEntry testId="f8767fa0-fb27-0cc4-628e-e05a86cd55d0" executionId="d2b70011-9bdc-4c76-9a7c-ad405e9a55bf" testListId="8c84fa94-04c1-424b-9868-57a2d4851a1d" />
    <TestEntry testId="5d6154fa-d2b9-eaf3-517c-aa848caaf556" executionId="9ff5c696-399c-475b-9898-d9c32d448274" testListId="8c84fa94-04c1-424b-9868-57a2d4851a1d" />
    <TestEntry testId="b328cbe6-040e-284a-179c-55879711c6b1" executionId="aa349ba0-b043-4f65-98ce-2cf642d2b4fb" testListId="8c84fa94-04c1-424b-9868-57a2d4851a1d" />
    <TestEntry testId="61145285-5504-3ee5-ec41-7095d101926d" executionId="a0f77934-03b2-43fa-b7b0-f53c08f1c80a" testListId="8c84fa94-04c1-424b-9868-57a2d4851a1d" />
    <TestEntry testId="a0cf07c8-f35a-ead9-186e-59533e0c0dfc" executionId="d01a72c0-5646-45f4-a3ed-ba056b906526" testListId="8c84fa94-04c1-424b-9868-57a2d4851a1d" />
    <TestEntry testId="ac3a8ad9-88b1-a680-fad7-00caf1015c1c" executionId="d51e745b-597f-46ae-baa6-1f65f4baaf21" testListId="8c84fa94-04c1-424b-9868-57a2d4851a1d" />
    <TestEntry testId="91802254-7899-009c-1165-be8472f76856" executionId="b9d549e8-d6c9-4426-8d34-ce9595d3391c" testListId="8c84fa94-04c1-424b-9868-57a2d4851a1d" />
    <TestEntry testId="5e3ba131-59d0-01d0-6c50-2724d516c25a" executionId="54b1de8f-239a-4248-ab89-9cb3233f4f8a" testListId="8c84fa94-04c1-424b-9868-57a2d4851a1d" />
    <TestEntry testId="67ed1166-ad7d-fe8f-40e7-292dbf7bfb06" executionId="0f152f3a-868e-4a7d-89b5-b440e5fb714b" testListId="8c84fa94-04c1-424b-9868-57a2d4851a1d" />
    <TestEntry testId="5ca4a51d-d101-5daf-ef21-fe5140cae150" executionId="e2194464-a2a3-48b2-aa5c-4f0ec64e359c" testListId="8c84fa94-04c1-424b-9868-57a2d4851a1d" />
    <TestEntry testId="ff2ae3f4-1a6a-ee42-e3aa-01da89ea25fd" executionId="d60c81a7-55c6-486c-8a91-050bc35e9e49" testListId="8c84fa94-04c1-424b-9868-57a2d4851a1d" />
    <TestEntry testId="d0c1c620-8f02-c844-994d-39ca4ecb2931" executionId="99a371d9-7c2f-45b1-a6c8-965aa750d130" testListId="8c84fa94-04c1-424b-9868-57a2d4851a1d" />
    <TestEntry testId="4cbc9395-8cea-00ba-c22d-3c235ecb3853" executionId="e08e5d84-3769-4573-8485-976b3627074c" testListId="8c84fa94-04c1-424b-9868-57a2d4851a1d" />
    <TestEntry testId="597b4638-c3d8-0bba-f260-0eab8732f9b0" executionId="cbb30d91-a5bc-413e-8a26-595eee7e8148" testListId="8c84fa94-04c1-424b-9868-57a2d4851a1d" />
    <TestEntry testId="5005f352-9ac1-20b5-191a-20f91a0b1b75" executionId="63c1e166-c891-4589-8f31-84896738eac1" testListId="8c84fa94-04c1-424b-9868-57a2d4851a1d" />
    <TestEntry testId="c56d58e4-d99c-1506-5cec-f8e464a3eb81" executionId="c5196a37-c1c4-4d28-ad81-55850ab6fda1" testListId="8c84fa94-04c1-424b-9868-57a2d4851a1d" />
    <TestEntry testId="b402c07d-1f81-09ff-2af2-94a84bea9b0e" executionId="af299419-bfeb-43b5-9234-85c396030221" testListId="8c84fa94-04c1-424b-9868-57a2d4851a1d" />
    <TestEntry testId="38434b31-d40c-3449-dff0-3fa56a2668fd" executionId="edc1493c-ef49-4c38-a478-e1b18f8999f8" testListId="8c84fa94-04c1-424b-9868-57a2d4851a1d" />
    <TestEntry testId="95a0d524-31a1-ea53-6266-aaf908f083c3" executionId="f0622458-8939-4211-8e3f-25d12ba20451" testListId="8c84fa94-04c1-424b-9868-57a2d4851a1d" />
    <TestEntry testId="66709845-3114-eec4-0498-1e7b3f5bda3d" executionId="44afa046-a4b1-448f-bb0d-90d8e22dbb59" testListId="8c84fa94-04c1-424b-9868-57a2d4851a1d" />
    <TestEntry testId="618faa1e-45b1-4acd-2905-b56eddce4fe1" executionId="d3be3018-4865-43bd-bab4-485d76cd9a2b" testListId="8c84fa94-04c1-424b-9868-57a2d4851a1d" />
    <TestEntry testId="241bd96b-6e26-3536-bcfd-467050b61d96" executionId="0ec6386f-7b11-44a9-a5c0-c5200a754825" testListId="8c84fa94-04c1-424b-9868-57a2d4851a1d" />
    <TestEntry testId="081b8c0e-82df-b59f-4afb-784593638607" executionId="3a8e24a4-9c6d-40dc-bbcc-550f7cf86647" testListId="8c84fa94-04c1-424b-9868-57a2d4851a1d" />
    <TestEntry testId="8a42e9ed-26fa-0eb8-7b77-503742298a65" executionId="109972c3-472c-4503-9072-efd46d87383d" testListId="8c84fa94-04c1-424b-9868-57a2d4851a1d" />
    <TestEntry testId="7214770f-148c-79ba-aea0-d840cbc6fbb0" executionId="ba0914b1-6a83-4be5-b30d-ec7cd1bd2e7d" testListId="8c84fa94-04c1-424b-9868-57a2d4851a1d" />
    <TestEntry testId="613fcd58-ccbd-5509-32bd-ec6aeaf5883c" executionId="c5dafd0f-a532-4b16-be76-b981524da48c" testListId="8c84fa94-04c1-424b-9868-57a2d4851a1d" />
    <TestEntry testId="f6f22182-d3e9-c5a0-b3e5-d79e045017f0" executionId="b3a0acb6-5a41-44ea-83b9-aff718fbf430" testListId="8c84fa94-04c1-424b-9868-57a2d4851a1d" />
    <TestEntry testId="bc4e4d12-a9db-4ea3-c05b-9b1f09a20a3a" executionId="6b3345b9-4a38-4d7a-9008-b63e56d673dd" testListId="8c84fa94-04c1-424b-9868-57a2d4851a1d" />
    <TestEntry testId="9c1deb01-ec2a-cf6f-1ee7-4cf6cd207680" executionId="899733a9-792b-4df4-8d87-2c42a96f15b4" testListId="8c84fa94-04c1-424b-9868-57a2d4851a1d" />
    <TestEntry testId="55f9ca19-1b83-5d36-d415-9ec3c1175e8d" executionId="0e9ceade-c558-4c38-a3eb-5896df90a6a9" testListId="8c84fa94-04c1-424b-9868-57a2d4851a1d" />
    <TestEntry testId="2d6b3e98-f173-3f7c-a18f-e02965bbfc84" executionId="79abf5a6-c28b-4984-ae95-4bbed3a20499" testListId="8c84fa94-04c1-424b-9868-57a2d4851a1d" />
    <TestEntry testId="bc631a03-a4dc-3721-261e-8c88cd78d807" executionId="1e9f1e63-8970-4ebe-9993-fc9fb768aa40" testListId="8c84fa94-04c1-424b-9868-57a2d4851a1d" />
    <TestEntry testId="3c91d136-a3c5-6681-3128-3634333bd2b8" executionId="8881ca1c-a892-4a1a-b85b-351c25759294" testListId="8c84fa94-04c1-424b-9868-57a2d4851a1d" />
    <TestEntry testId="89a43796-e2a8-382b-ef1f-eefa5dfe5934" executionId="e965c5b3-69c9-43ad-902a-122cb368ca61" testListId="8c84fa94-04c1-424b-9868-57a2d4851a1d" />
    <TestEntry testId="1126aedf-e232-243a-6e2d-4b028ddcc222" executionId="7d682212-ca37-4357-9e06-0f4173b7ddd3" testListId="8c84fa94-04c1-424b-9868-57a2d4851a1d" />
    <TestEntry testId="67d4e360-6e06-87ac-64e3-02c66be67ff0" executionId="7d10f375-4449-4040-b022-f3ec414d7f0c" testListId="8c84fa94-04c1-424b-9868-57a2d4851a1d" />
    <TestEntry testId="46f20300-bc81-f875-3314-a5ee496f030e" executionId="22c46d77-f764-47cd-a5f2-f935358e7ceb" testListId="8c84fa94-04c1-424b-9868-57a2d4851a1d" />
    <TestEntry testId="b7d3c5c1-d7e8-edb9-c2ea-17dba5003ab1" executionId="5bb251c2-730c-434d-af64-7b1e18f3909d" testListId="8c84fa94-04c1-424b-9868-57a2d4851a1d" />
    <TestEntry testId="d81f4423-87c2-37e7-43ee-0ae916eb8c49" executionId="7e5158f9-3891-40b8-aba2-33757ebb3c38" testListId="8c84fa94-04c1-424b-9868-57a2d4851a1d" />
    <TestEntry testId="f4248d1b-2f98-1344-8cf2-cc335fcb17b3" executionId="854f36df-8291-461c-add2-2173e68d5193" testListId="8c84fa94-04c1-424b-9868-57a2d4851a1d" />
    <TestEntry testId="dad2f77f-c2b9-192a-2986-af16eefa06e4" executionId="d73def08-73de-48cd-83a5-ec2a90720cc5" testListId="8c84fa94-04c1-424b-9868-57a2d4851a1d" />
    <TestEntry testId="5031555c-e0f9-4cc5-09f0-4b4dbe1049a6" executionId="edf603a3-5ba9-4d12-be8c-c54c6da4228b" testListId="8c84fa94-04c1-424b-9868-57a2d4851a1d" />
    <TestEntry testId="18207c1e-e012-8e63-1b1d-9f29f6c312c8" executionId="c82f40ab-1002-4909-8f6a-b916aaad979f" testListId="8c84fa94-04c1-424b-9868-57a2d4851a1d" />
    <TestEntry testId="ce27876b-a2d0-cf9d-fd8d-a8a45b1967d9" executionId="c4a29ae0-bf3b-45c2-a8ae-c8887f751dfc" testListId="8c84fa94-04c1-424b-9868-57a2d4851a1d" />
    <TestEntry testId="0ad9dcdc-d3ad-12df-5099-af1f6dd7a7d1" executionId="0d784c90-b96f-445a-a9c5-9d4c658e0f89" testListId="8c84fa94-04c1-424b-9868-57a2d4851a1d" />
    <TestEntry testId="a32c39c2-855a-cfe2-502b-73fc3e56e0a1" executionId="a0b1416a-6855-4b59-b378-96425bde743a" testListId="8c84fa94-04c1-424b-9868-57a2d4851a1d" />
    <TestEntry testId="9307474f-8843-9df1-9e51-95790e802f71" executionId="894e4a0f-260d-47ae-949b-98f4ecc76d30" testListId="8c84fa94-04c1-424b-9868-57a2d4851a1d" />
    <TestEntry testId="35f6375e-9f6f-8795-b207-cb2081cbb150" executionId="5928434d-60f3-407b-a7bc-f2bdac8bfdb0" testListId="8c84fa94-04c1-424b-9868-57a2d4851a1d" />
    <TestEntry testId="076bd064-0d35-5707-0dd0-37d88ce9e13f" executionId="5a81ee02-ac8c-4c51-8100-f4ee11284661" testListId="8c84fa94-04c1-424b-9868-57a2d4851a1d" />
    <TestEntry testId="6c527e54-ce93-f3f5-ca12-bc396dc2822e" executionId="dff8b0f1-3dc1-41a3-a0da-a6b8032bd3ab" testListId="8c84fa94-04c1-424b-9868-57a2d4851a1d" />
    <TestEntry testId="a3d813e4-7763-62ef-5856-d69717d9e0ca" executionId="11e9b2d2-a1c7-4985-9778-0d09151a026c" testListId="8c84fa94-04c1-424b-9868-57a2d4851a1d" />
    <TestEntry testId="d621ae9b-510f-0c4f-fa4e-69c168573999" executionId="9edf32a3-c8bd-4571-85ec-bc4583829277" testListId="8c84fa94-04c1-424b-9868-57a2d4851a1d" />
    <TestEntry testId="e9ed0103-5be7-50aa-65d6-36854570f2d5" executionId="d775453b-0e88-4536-9ae2-9710e03870f3" testListId="8c84fa94-04c1-424b-9868-57a2d4851a1d" />
    <TestEntry testId="20fba71a-0c5e-1a68-b288-bc549640c1b6" executionId="b0f74020-e4ca-4825-b8ef-fedb6c0fb2cf" testListId="8c84fa94-04c1-424b-9868-57a2d4851a1d" />
    <TestEntry testId="82a207c3-e4e2-70d5-761d-d91e04e643ed" executionId="fef3148a-698e-497d-8f16-2e2158c776b9" testListId="8c84fa94-04c1-424b-9868-57a2d4851a1d" />
    <TestEntry testId="63dca477-2350-b39c-24ae-c3604f842cd9" executionId="065a91e4-e288-4fd1-8b15-497d91f06ca3" testListId="8c84fa94-04c1-424b-9868-57a2d4851a1d" />
    <TestEntry testId="a668d14e-5b9b-7cc9-35ea-a3b2c24f2570" executionId="95b8abb1-9b8c-4ae1-b6a3-6703f8779328" testListId="8c84fa94-04c1-424b-9868-57a2d4851a1d" />
    <TestEntry testId="87ea94c0-a9e2-8abe-b9a0-cd259ed373a8" executionId="a9570d95-d332-4fd7-b265-48c1d87b0cc7" testListId="8c84fa94-04c1-424b-9868-57a2d4851a1d" />
    <TestEntry testId="8df5a855-1b9b-807b-ed1d-7189b36c1d46" executionId="04d5b593-5a56-433b-8e96-627ac874336b" testListId="8c84fa94-04c1-424b-9868-57a2d4851a1d" />
    <TestEntry testId="80752cc0-0897-e6d7-73cb-b9d9f0f4c13a" executionId="52e21de4-85b4-4b01-aa1b-6a2a5444cb22" testListId="8c84fa94-04c1-424b-9868-57a2d4851a1d" />
    <TestEntry testId="f68d1549-efab-6acd-2227-cc2356da4b08" executionId="d796a693-9fea-4e07-811b-2e17b778fc8f" testListId="8c84fa94-04c1-424b-9868-57a2d4851a1d" />
    <TestEntry testId="b2b0fb09-4cf3-f516-709d-bad8ff141863" executionId="0d9be7d0-0119-4326-9f14-b3e2b74ffff4" testListId="8c84fa94-04c1-424b-9868-57a2d4851a1d" />
    <TestEntry testId="074410b3-8d5e-f64d-37ca-428dd919734a" executionId="179d46e7-380c-4c87-80fa-5c6c78fbf3e3" testListId="8c84fa94-04c1-424b-9868-57a2d4851a1d" />
    <TestEntry testId="3c9b3b49-70a7-14eb-2908-dccc0fdda0b7" executionId="e194b689-645e-46e8-91e3-e845219aba7c" testListId="8c84fa94-04c1-424b-9868-57a2d4851a1d" />
    <TestEntry testId="5e5b16d6-05ec-1e44-b305-d50f8e055c5d" executionId="512cdd1a-f4ec-48f6-84c5-1b5605dc4603" testListId="8c84fa94-04c1-424b-9868-57a2d4851a1d" />
    <TestEntry testId="0e138a44-7750-3ca9-bf1f-caddd54b8208" executionId="6e0db35a-4646-4779-972f-a3f69c6c3927" testListId="8c84fa94-04c1-424b-9868-57a2d4851a1d" />
    <TestEntry testId="3f9b4036-73e2-fce9-c433-0db091c25ca7" executionId="54489af6-bc46-4897-9da3-8b172f74b41b" testListId="8c84fa94-04c1-424b-9868-57a2d4851a1d" />
    <TestEntry testId="673d06f2-31c0-4a77-b48b-05d9157c62de" executionId="9016ab81-dbf0-4aba-b0be-8487f2de6199" testListId="8c84fa94-04c1-424b-9868-57a2d4851a1d" />
    <TestEntry testId="84aa7ee7-bf78-27d7-0eb4-7df3a4bf14cb" executionId="123314a3-9bb7-4292-8986-98fc0202cdf7" testListId="8c84fa94-04c1-424b-9868-57a2d4851a1d" />
    <TestEntry testId="baad46a4-0c0c-c01a-b7b1-db5622e15e21" executionId="7fb83f27-0d21-459e-8630-b7c24fd45111" testListId="8c84fa94-04c1-424b-9868-57a2d4851a1d" />
    <TestEntry testId="75ca5228-1d7b-ecde-acbf-f83999bf2b7d" executionId="7fa24b55-82fe-4a2a-bf64-5d4bce0a5aae" testListId="8c84fa94-04c1-424b-9868-57a2d4851a1d" />
    <TestEntry testId="94fdfb99-4cab-b96a-42e2-948709e93508" executionId="0ad23f50-f74d-4055-aa61-d336d8340e50" testListId="8c84fa94-04c1-424b-9868-57a2d4851a1d" />
    <TestEntry testId="ac55c127-b8e2-1c73-f8ed-9d00d0255e40" executionId="be498de8-031b-4622-b670-df7dda4dc287" testListId="8c84fa94-04c1-424b-9868-57a2d4851a1d" />
    <TestEntry testId="899a6f6f-bac2-abf8-4109-d6123e19f2aa" executionId="77f75ebc-f33e-4563-b199-64460928876d" testListId="8c84fa94-04c1-424b-9868-57a2d4851a1d" />
    <TestEntry testId="c819ca73-5b3b-e180-4236-915c6de414e0" executionId="5e3e5c3d-d881-47e5-97eb-e6530ad20086" testListId="8c84fa94-04c1-424b-9868-57a2d4851a1d" />
    <TestEntry testId="7c38c2b2-817c-0b2b-0252-762142cf945f" executionId="dd280d1f-3f46-4584-829c-b75c8a25c6f6" testListId="8c84fa94-04c1-424b-9868-57a2d4851a1d" />
    <TestEntry testId="858b3c9a-beea-14a9-1706-615bbcf7bbaa" executionId="0741d8bc-eb92-4750-80cd-f222dc413a55" testListId="8c84fa94-04c1-424b-9868-57a2d4851a1d" />
    <TestEntry testId="735a3e08-cde2-79bb-0b6a-df46d94c80ab" executionId="000b3080-4518-43ca-b104-731921ae3ea7" testListId="8c84fa94-04c1-424b-9868-57a2d4851a1d" />
    <TestEntry testId="1becca31-ca45-006e-2afb-3817071b1a9e" executionId="d831c172-fbba-466c-99e7-4dc9d1cb2551" testListId="8c84fa94-04c1-424b-9868-57a2d4851a1d" />
    <TestEntry testId="55db8d45-f96c-3954-8e48-147935b1180a" executionId="60f57ee9-0911-4d7e-be56-03d52df48e99" testListId="8c84fa94-04c1-424b-9868-57a2d4851a1d" />
    <TestEntry testId="fabae6ed-615d-39bb-c268-759361eb0a3f" executionId="0c429cdc-ea7f-469f-ba8f-334c0b164517" testListId="8c84fa94-04c1-424b-9868-57a2d4851a1d" />
    <TestEntry testId="952aff05-9e21-0b9d-8ca6-d4f65e10492a" executionId="b795eab5-b565-47cf-882c-d5b2cf31f96c" testListId="8c84fa94-04c1-424b-9868-57a2d4851a1d" />
    <TestEntry testId="749ddcc2-62c0-1e3d-4ee0-fc94a77e1697" executionId="8841d008-2e48-4636-ad9a-f1dc8eec9ffb" testListId="8c84fa94-04c1-424b-9868-57a2d4851a1d" />
    <TestEntry testId="3693fd38-c443-9adf-303c-138399b0f585" executionId="043c5bbf-6826-4c8a-9f55-bef7405449f3" testListId="8c84fa94-04c1-424b-9868-57a2d4851a1d" />
    <TestEntry testId="198a5021-d3a2-1e3f-64c7-2b4b776a0b23" executionId="d7006882-5b89-444c-808e-b8894dd2660f" testListId="8c84fa94-04c1-424b-9868-57a2d4851a1d" />
    <TestEntry testId="51316167-3a60-39f0-09b1-86955ae86420" executionId="8242b61e-91e7-439f-8cfa-d92cc89931ae" testListId="8c84fa94-04c1-424b-9868-57a2d4851a1d" />
    <TestEntry testId="12080696-33df-7be3-c2a0-0df6cdbaaf20" executionId="9835cbbb-87ca-4f9d-b346-cc66b7c192f1" testListId="8c84fa94-04c1-424b-9868-57a2d4851a1d" />
    <TestEntry testId="65dede96-056d-e586-b1c4-46110645b70b" executionId="6334702e-3050-4832-859d-d6dfccdbfcda" testListId="8c84fa94-04c1-424b-9868-57a2d4851a1d" />
    <TestEntry testId="778e87a2-516c-6692-9f2c-23d8fe1f7d88" executionId="5b49c6eb-e369-40af-b077-221faf79f356" testListId="8c84fa94-04c1-424b-9868-57a2d4851a1d" />
    <TestEntry testId="7bc5d814-3572-9448-bdb6-5b1acaa524fd" executionId="a198b747-74e9-4520-9127-269027923078" testListId="8c84fa94-04c1-424b-9868-57a2d4851a1d" />
    <TestEntry testId="b3381c01-6763-e4e3-54bb-a5b024129495" executionId="f2d39057-1075-4fb4-8c4c-df7aab306db4" testListId="8c84fa94-04c1-424b-9868-57a2d4851a1d" />
    <TestEntry testId="7c041b4a-1924-025b-dc7c-06e04a55a67c" executionId="780fb868-67da-4bc9-9c86-a2330b6779d9" testListId="8c84fa94-04c1-424b-9868-57a2d4851a1d" />
    <TestEntry testId="8394a904-9362-18e9-ff90-db35d24f6469" executionId="92bd614c-cca4-4cf1-9bac-765e555818bf" testListId="8c84fa94-04c1-424b-9868-57a2d4851a1d" />
    <TestEntry testId="ff5e607f-87cd-014d-373e-612f2b76bd0e" executionId="b9a67d5b-def6-4ee7-8b7e-c121d544fefb" testListId="8c84fa94-04c1-424b-9868-57a2d4851a1d" />
    <TestEntry testId="122739a7-6a39-e13e-75ab-6dae9469beb3" executionId="4e20fce7-c145-4548-868d-2ccec3633f78" testListId="8c84fa94-04c1-424b-9868-57a2d4851a1d" />
    <TestEntry testId="2609ab48-3a68-d71b-d36a-1850ecae33d5" executionId="e828655c-ca3f-4843-b09b-6eb93e350eac" testListId="8c84fa94-04c1-424b-9868-57a2d4851a1d" />
    <TestEntry testId="9faf5241-4ce3-3e5b-0b24-737a149bc485" executionId="58acbcba-16b9-4e46-af4b-ef75ca1f992c" testListId="8c84fa94-04c1-424b-9868-57a2d4851a1d" />
    <TestEntry testId="86e2f4a3-3c79-a9f2-1e24-54e797d57bea" executionId="f5d0db16-ba3b-45f2-9603-12034cb2cb1b" testListId="8c84fa94-04c1-424b-9868-57a2d4851a1d" />
    <TestEntry testId="5cb21ba7-4999-452f-43fd-3a531490c01a" executionId="06aea939-21b8-482b-aa5f-ad32b0604c38" testListId="8c84fa94-04c1-424b-9868-57a2d4851a1d" />
    <TestEntry testId="e3b8dc49-fd63-dd4e-a295-e1051211f4c8" executionId="8772c30c-0c7b-4109-952c-efee086c70d2" testListId="8c84fa94-04c1-424b-9868-57a2d4851a1d" />
    <TestEntry testId="d7fce034-cea5-e4e7-7d82-1bec4d706dda" executionId="d4266974-82b4-443d-8e8c-3b6babaf5ddd" testListId="8c84fa94-04c1-424b-9868-57a2d4851a1d" />
    <TestEntry testId="d5f7c892-c1ef-b34f-6eb6-22574bee715a" executionId="00c44c2e-84dd-4d73-811d-f259f20025db" testListId="8c84fa94-04c1-424b-9868-57a2d4851a1d" />
    <TestEntry testId="523ff9cc-9a9f-6306-d906-0a782ee98bcc" executionId="172e1459-f94c-45c6-acef-552243ef1b3c" testListId="8c84fa94-04c1-424b-9868-57a2d4851a1d" />
    <TestEntry testId="b8e4a158-eef2-7627-a10a-a490a9e8e057" executionId="1af125c5-eb27-4505-b986-d4996baa405c" testListId="8c84fa94-04c1-424b-9868-57a2d4851a1d" />
  </TestEntries>
  <TestLists>
    <TestList name="Ergebnisse nicht in einer Liste" id="8c84fa94-04c1-424b-9868-57a2d4851a1d" />
    <TestList name="Alle geladenen Ergebnisse" id="19431567-8539-422a-85d7-44ee4e166bda" />
  </TestLists>
  <ResultSummary outcome="Completed">
    <Counters total="130" executed="130" passed="130" failed="0" error="0" timeout="0" aborted="0" inconclusive="0" passedButRunAborted="0" notRunnable="0" notExecuted="0" disconnected="0" warning="0" completed="0" inProgress="0" pending="0" />
    <Output>
      <StdOut>[xUnit.net 00:00:00.00] xUnit.net VSTest Adapter v2.5.7+8f2703126a (64-bit .NET 10.0.11)&#xD;
[xUnit.net 00:00:00.08]   Discovering: AuswertungPro.Next.Infrastructure.Tests&#xD;
[xUnit.net 00:00:00.35]   Discovered:  AuswertungPro.Next.Infrastructure.Tests&#xD;
[xUnit.net 00:00:00.36]   Starting:    AuswertungPro.Next.Infrastructure.Tests&#xD;
[xUnit.net 00:00:01.29]   Finished:    AuswertungPro.Next.Infrastructure.Tests&#xD;
</StdOut>
    </Output>
  </ResultSummary>
</TestRun>