<?xml version="1.0" encoding="utf-8"?>
<TestRun id="f51ce3af-1402-4232-8677-626c6554b2ca" name="Besitzer@PCW11X01 2026-09-08 06:41:10" runUser="PCW11X01\Besitzer" xmlns="http://microsoft.com/schemas/VisualStudio/TeamTest/2010">
  <Times creation="2026-09-08T06:41:10.7182259+02:00" queuing="2026-09-08T06:41:10.7182260+02:00" start="2026-09-08T06:41:09.7044987+02:00" finish="2026-09-08T06:41:10.8213399+02:00" />
  <TestSettings name="default" id="d4c8fa23-461b-44d8-9fe5-9d9525a5a66d">
    <Deployment runDeploymentRoot="Besitzer_PCW11X01_2026-09-08_06_41_10" />
  </TestSettings>
  <Results>
    <UnitTestResult executionId="2efccc3a-3c87-4cfe-b381-53ed89eb3533" testId="fde3173e-278d-412d-ec30-29558122abe1" testName="ModernizerStructureFileMoverTests.MoveOrCopyStructureFileUsesCollisionPathForSameSizedDifferentContent" computerName="PCW11X01" duration="00:00:00.3777008" startTime="2026-09-08T06:41:10.7097392+02:00" endTime="2026-09-08T06:41:10.7097392+02:00" testType="13cdc9d9-ddb5-4fa4-a97d-d965ccfc6d4b" outcome="Passed" testListId="8c84fa94-04c1-424b-9868-57a2d4851a1d" relativeResultsDirectory="2efccc3a-3c87-4cfe-b381-53ed89eb3533" />
    <UnitTestResult executionId="ae729899-bf7d-4e97-8cd5-db4d9434bd74" testId="fa1555b3-8447-9bf6-6c5f-687c6e71d91c" testName="ModernizerRelinkerTests.RelinkHaltungenCopiesSingleSourceVideoWhenHoldingHasNoVideo" computerName="PCW11X01" duration="00:00:00.0038162" startTime="2026-09-08T06:41:10.7147625+02:00" endTime="2026-09-08T06:41:10.7147626+02:00" testType="13cdc9d9-ddb5-4fa4-a97d-d965ccfc6d4b" outcome="Passed" testListId="8c84fa94-04c1-424b-9868-57a2d4851a1d" relativeResultsDirectory="ae729899-bf7d-4e97-8cd5-db4d9434bd74" />
    <UnitTestResult executionId="75da29ff-bfc0-4dd2-94ea-dc10f7742ea6" testId="de1905df-3093-2941-def5-fc257619a52b" testName="ModernizerProjectLoaderTests.LoadReturnsMissingProjectFileWhenExplicitFileDoesNotExist" computerName="PCW11X01" duration="00:00:00.0008097" startTime="2026-09-08T06:41:10.7665684+02:00" endTime="2026-09-08T06:41:10.7665685+02:00" testType="13cdc9d9-ddb5-4fa4-a97d-d965ccfc6d4b" outcome="Passed" testListId="8c84fa94-04c1-424b-9868-57a2d4851a1d" relativeResultsDirectory="75da29ff-bfc0-4dd2-94ea-dc10f7742ea6" />
    <UnitTestResult executionId="d8e433c0-8511-43c8-8434-1c514a9314fe" testId="4c93b0ba-0ef1-73c3-2475-6de28de62b7e" testName="ProtocolSnapshotLinkSanitizerTests.SanitizeProtocolChangeSnapshots_replaces_multiple_external_photos_independently" computerName="PCW11X01" duration="00:00:00.0033818" startTime="2026-09-08T06:41:10.7180037+02:00" endTime="2026-09-08T06:41:10.7180038+02:00" testType="13cdc9d9-ddb5-4fa4-a97d-d965ccfc6d4b" outcome="Passed" testListId="8c84fa94-04c1-424b-9868-57a2d4851a1d" relativeResultsDirectory="d8e433c0-8511-43c8-8434-1c514a9314fe" />
    <UnitTestResult executionId="3539146c-c864-47d7-81e1-581cb8981ebe" testId="9e9b4913-f200-49db-c925-bcb889ba2ce4" testName="ModernizedProjectSaverTests.SaveWritesCanonicalProjectPointerAndReport" computerName="PCW11X01" duration="00:00:00.4381794" startTime="2026-09-08T06:41:10.7672956+02:00" endTime="2026-09-08T06:41:10.7672957+02:00" testType="13cdc9d9-ddb5-4fa4-a97d-d965ccfc6d4b" outcome="Passed" testListId="8c84fa94-04c1-424b-9868-57a2d4851a1d" relativeResultsDirectory="3539146c-c864-47d7-81e1-581cb8981ebe" />
    <UnitTestResult executionId="a26d5817-99a3-4fed-8660-b02443c9bfb2" testId="7597430d-241f-2c19-d996-803303885f7c" testName="ModernizerStructureFileResolverTests.ResolveExistingFileRejectsExistingFileWithWrongType" computerName="PCW11X01" duration="00:00:00.3796714" startTime="2026-09-08T06:41:10.7101644+02:00" endTime="2026-09-08T06:41:10.7101645+02:00" testType="13cdc9d9-ddb5-4fa4-a97d-d965ccfc6d4b" outcome="Passed" testListId="8c84fa94-04c1-424b-9868-57a2d4851a1d" relativeResultsDirectory="a26d5817-99a3-4fed-8660-b02443c9bfb2" />
    <UnitTestResult executionId="40632b48-e8e4-4b78-a34a-c38a48750bc8" testId="4b919e5d-2608-5a2f-d948-e9d87d1a4c79" testName="ProjectModernizerExitCodeResolverTests.ResolveReturnsCopyErrorsBeforeUnresolvedPaths" computerName="PCW11X01" duration="00:00:00.0001756" startTime="2026-09-08T06:41:10.7012518+02:00" endTime="2026-09-08T06:41:10.7012519+02:00" testType="13cdc9d9-ddb5-4fa4-a97d-d965ccfc6d4b" outcome="Passed" testListId="8c84fa94-04c1-424b-9868-57a2d4851a1d" relativeResultsDirectory="40632b48-e8e4-4b78-a34a-c38a48750bc8" />
    <UnitTestResult executionId="f5c15f41-edfc-427d-ab8f-71a70b61db35" testId="cbeb0f96-8370-1afa-35e4-38d5621872ed" testName="ModernizerFileSystemTests.EmptyDirectoryCleanerDeletesNestedEmptyDirectoryTree" computerName="PCW11X01" duration="00:00:00.0037799" startTime="2026-09-08T06:41:10.7101991+02:00" endTime="2026-09-08T06:41:10.7101992+02:00" testType="13cdc9d9-ddb5-4fa4-a97d-d965ccfc6d4b" outcome="Passed" testListId="8c84fa94-04c1-424b-9868-57a2d4851a1d" relativeResultsDirectory="f5c15f41-edfc-427d-ab8f-71a70b61db35" />
    <UnitTestResult executionId="ab282d0f-398a-4b93-8e7f-92a43be79992" testId="1634ba21-bbfc-3e33-cae0-03882d6970a0" testName="ExternalPathDetectorTests.ContainsExternalDrivePathDetectsOnlyPathsOutsideProjectFolder" computerName="PCW11X01" duration="00:00:00.3784345" startTime="2026-09-08T06:41:10.7097860+02:00" endTime="2026-09-08T06:41:10.7097860+02:00" testType="13cdc9d9-ddb5-4fa4-a97d-d965ccfc6d4b" outcome="Passed" testListId="8c84fa94-04c1-424b-9868-57a2d4851a1d" relativeResultsDirectory="ab282d0f-398a-4b93-8e7f-92a43be79992" />
    <UnitTestResult executionId="aa69914e-adc6-43c0-a02b-b6ae15700edc" testId="db2814a4-b855-1fcc-fba9-44b7a83fafe2" testName="ModernizerFieldFlattenerTests.FlattenRecordField_keeps_direct_child_file_and_rewrites_absolute_path_to_relative" computerName="PCW11X01" duration="00:00:00.3793308" startTime="2026-09-08T06:41:10.7101413+02:00" endTime="2026-09-08T06:41:10.7101414+02:00" testType="13cdc9d9-ddb5-4fa4-a97d-d965ccfc6d4b" outcome="Passed" testListId="8c84fa94-04c1-424b-9868-57a2d4851a1d" relativeResultsDirectory="aa69914e-adc6-43c0-a02b-b6ae15700edc" />
    <UnitTestResult executionId="09bc381d-080e-4cf5-ba28-5fdf5efed3f1" testId="fd9f201f-de69-d204-37b7-20d62d3ea126" testName="ModernizerProjectLoaderTests.LoadReturnsLoadFailedWhenProjectJsonIsInvalid" computerName="PCW11X01" duration="00:00:00.0053580" startTime="2026-09-08T06:41:10.7781838+02:00" endTime="2026-09-08T06:41:10.7781839+02:00" testType="13cdc9d9-ddb5-4fa4-a97d-d965ccfc6d4b" outcome="Passed" testListId="8c84fa94-04c1-424b-9868-57a2d4851a1d" relativeResultsDirectory="09bc381d-080e-4cf5-ba28-5fdf5efed3f1" />
    <UnitTestResult executionId="eef0ef04-2641-45ff-acc9-549cdb3328c2" testId="22708d88-bbbc-0f6a-c7e4-1a3ab2fd1a8e" testName="ModernizerWorkflowTests.RunDryRunReportsIntentButDoesNotCreateFolders" computerName="PCW11X01" duration="00:00:00.3766759" startTime="2026-09-08T06:41:10.7084070+02:00" endTime="2026-09-08T06:41:10.7084070+02:00" testType="13cdc9d9-ddb5-4fa4-a97d-d965ccfc6d4b" outcome="Passed" testListId="8c84fa94-04c1-424b-9868-57a2d4851a1d" relativeResultsDirectory="eef0ef04-2641-45ff-acc9-549cdb3328c2" />
    <UnitTestResult executionId="fd09c33e-8217-4514-b11d-c4aa6b036375" testId="d38a9d20-bb58-fa31-15b2-38fd80ebe45c" testName="ProtocolSnapshotLinkSanitizerTests.SanitizeProtocolChangeSnapshots_covers_after_original_and_history" computerName="PCW11X01" duration="00:00:00.3841366" startTime="2026-09-08T06:41:10.7132400+02:00" endTime="2026-09-08T06:41:10.7132401+02:00" testType="13cdc9d9-ddb5-4fa4-a97d-d965ccfc6d4b" outcome="Passed" testListId="8c84fa94-04c1-424b-9868-57a2d4851a1d" relativeResultsDirectory="fd09c33e-8217-4514-b11d-c4aa6b036375" />
    <UnitTestResult executionId="30ac7713-41f0-440c-8890-5e9910f63ab8" testId="6e9907f8-4660-0e7d-cf10-9ea3b377af5d" testName="ModernizerFieldFlattenerTests.FlattenRecordFieldList_preserves_unresolved_entries_and_reports_them" computerName="PCW11X01" duration="00:00:00.0054322" startTime="2026-09-08T06:41:10.7139463+02:00" endTime="2026-09-08T06:41:10.7139464+02:00" testType="13cdc9d9-ddb5-4fa4-a97d-d965ccfc6d4b" outcome="Passed" testListId="8c84fa94-04c1-424b-9868-57a2d4851a1d" relativeResultsDirectory="30ac7713-41f0-440c-8890-5e9910f63ab8" />
    <UnitTestResult executionId="4b890e63-afbb-457a-98a3-67652a6ffc52" testId="71c210d4-8887-7171-0319-e8b9f10240d9" testName="ProjectModernizerRunnerTests.RunReturnsUsageCodeForInvalidArguments" computerName="PCW11X01" duration="00:00:00.0001633" startTime="2026-09-08T06:41:10.7832999+02:00" endTime="2026-09-08T06:41:10.7833000+02:00" testType="13cdc9d9-ddb5-4fa4-a97d-d965ccfc6d4b" outcome="Passed" testListId="8c84fa94-04c1-424b-9868-57a2d4851a1d" relativeResultsDirectory="4b890e63-afbb-457a-98a3-67652a6ffc52" />
    <UnitTestResult executionId="094e92ab-d001-492a-839d-b8a3dbb21009" testId="0f6211f3-4f66-da6d-37f2-67fa08d10e9b" testName="ProjectModernizerExitCodeResolverTests.ResolveReturnsUnresolvedPathsWhenOnlyPathsAreMissing" computerName="PCW11X01" duration="00:00:00.0001009" startTime="2026-09-08T06:41:10.7013950+02:00" endTime="2026-09-08T06:41:10.7013952+02:00" testType="13cdc9d9-ddb5-4fa4-a97d-d965ccfc6d4b" outcome="Passed" testListId="8c84fa94-04c1-424b-9868-57a2d4851a1d" relativeResultsDirectory="094e92ab-d001-492a-839d-b8a3dbb21009" />
    <UnitTestResult executionId="31648449-ad34-4d86-8a5d-2a8a36282392" testId="b9db6b6b-9b98-d809-8273-829ce2021da0" testName="ModernizerStructureFileMoverTests.MoveOrCopyStructureFileCopiesSourceInsideMoveRoot" computerName="PCW11X01" duration="00:00:00.0084470" startTime="2026-09-08T06:41:10.7152777+02:00" endTime="2026-09-08T06:41:10.7152778+02:00" testType="13cdc9d9-ddb5-4fa4-a97d-d965ccfc6d4b" outcome="Passed" testListId="8c84fa94-04c1-424b-9868-57a2d4851a1d" relativeResultsDirectory="31648449-ad34-4d86-8a5d-2a8a36282392" />
    <UnitTestResult executionId="ea3bbfda-0adc-4728-a32b-5228df92c7c3" testId="05e826ca-a97e-30e8-e0e7-483728b1a6ff" testName="ModernizerStructureFileMoverTests.MoveOrCopyStructureFileCopiesExternalSource" computerName="PCW11X01" duration="00:00:00.0036042" startTime="2026-09-08T06:41:10.7189327+02:00" endTime="2026-09-08T06:41:10.7189328+02:00" testType="13cdc9d9-ddb5-4fa4-a97d-d965ccfc6d4b" outcome="Passed" testListId="8c84fa94-04c1-424b-9868-57a2d4851a1d" relativeResultsDirectory="ea3bbfda-0adc-4728-a32b-5228df92c7c3" />
    <UnitTestResult executionId="8efa73f2-a6a3-4371-9941-bff0f8ccf618" testId="9bd6e648-755e-063a-4c0c-ad0dbcf687d1" testName="ModernizerRelinkerTests.RelinkHaltungenIgnoresNullVsaFindings" computerName="PCW11X01" duration="00:00:00.0011928" startTime="2026-09-08T06:41:10.7160183+02:00" endTime="2026-09-08T06:41:10.7160184+02:00" testType="13cdc9d9-ddb5-4fa4-a97d-d965ccfc6d4b" outcome="Passed" testListId="8c84fa94-04c1-424b-9868-57a2d4851a1d" relativeResultsDirectory="8efa73f2-a6a3-4371-9941-bff0f8ccf618" />
    <UnitTestResult executionId="984da8bf-c57f-4255-b261-6c257905c846" testId="c028bced-09c5-d091-3289-21540957dadc" testName="ModernizerProjectLoaderTests.LoadUsesNewestRootJsonWhenNoCanonicalProjectFileExists" computerName="PCW11X01" duration="00:00:00.4365640" startTime="2026-09-08T06:41:10.7657010+02:00" endTime="2026-09-08T06:41:10.7657011+02:00" testType="13cdc9d9-ddb5-4fa4-a97d-d965ccfc6d4b" outcome="Passed" testListId="8c84fa94-04c1-424b-9868-57a2d4851a1d" relativeResultsDirectory="984da8bf-c57f-4255-b261-6c257905c846" />
    <UnitTestResult executionId="50532b82-ffca-401d-8838-d7e013dae28f" testId="dffb1f4c-cd52-5566-f5a5-274be156b083" testName="ModernizerRecordFieldSpecsTests.HaltungDateStampFieldsKeepExpectedFallbackOrder" computerName="PCW11X01" duration="00:00:00.3786085" startTime="2026-09-08T06:41:10.7098005+02:00" endTime="2026-09-08T06:41:10.7098006+02:00" testType="13cdc9d9-ddb5-4fa4-a97d-d965ccfc6d4b" outcome="Passed" testListId="8c84fa94-04c1-424b-9868-57a2d4851a1d" relativeResultsDirectory="50532b82-ffca-401d-8838-d7e013dae28f" />
    <UnitTestResult executionId="2d1305c5-836a-43ff-977a-fc69df0767a8" testId="4b91f4c0-5b1c-519e-e215-f54273c036e0" testName="ModernizerFileSystemTests.CopyFileExactUsesCollisionPathForSameSizedDifferentContent" computerName="PCW11X01" duration="00:00:00.0558584" startTime="2026-09-08T06:41:10.7084256+02:00" endTime="2026-09-08T06:41:10.7084256+02:00" testType="13cdc9d9-ddb5-4fa4-a97d-d965ccfc6d4b" outcome="Passed" testListId="8c84fa94-04c1-424b-9868-57a2d4851a1d" relativeResultsDirectory="2d1305c5-836a-43ff-977a-fc69df0767a8" />
    <UnitTestResult executionId="a72eb16d-dab9-4ebd-9575-849f67c6116b" testId="b9878824-b6c4-b178-20aa-cd5548acc282" testName="ModernizerPathResolverTests.TryResolveOrCopyModernPath_maps_single_legacy_schacht_file_to_modern_relative_path" computerName="PCW11X01" duration="00:00:00.0017086" startTime="2026-09-08T06:41:10.7236306+02:00" endTime="2026-09-08T06:41:10.7236307+02:00" testType="13cdc9d9-ddb5-4fa4-a97d-d965ccfc6d4b" outcome="Passed" testListId="8c84fa94-04c1-424b-9868-57a2d4851a1d" relativeResultsDirectory="a72eb16d-dab9-4ebd-9575-849f67c6116b" />
    <UnitTestResult executionId="b521bb18-1534-4157-b8fc-3a054dcb3427" testId="e00db5da-6375-e6e1-bdf7-15eb51655166" testName="ModernizeOptionsTests.ParseRecognizesAllOptions" computerName="PCW11X01" duration="00:00:00.0568566" startTime="2026-09-08T06:41:10.7007911+02:00" endTime="2026-09-08T06:41:10.7007913+02:00" testType="13cdc9d9-ddb5-4fa4-a97d-d965ccfc6d4b" outcome="Passed" testListId="8c84fa94-04c1-424b-9868-57a2d4851a1d" relativeResultsDirectory="b521bb18-1534-4157-b8fc-3a054dcb3427" />
    <UnitTestResult executionId="e4d5de3b-ca6d-4b9b-b862-84a82d95e7ea" testId="db5a1f9e-f932-bfbd-a8d5-396e86d4e482" testName="ModernizerWorkflowTests.RunCopiesPlanFilesFromUmlautPlanFolder" computerName="PCW11X01" duration="00:00:00.0068556" startTime="2026-09-08T06:41:10.7289802+02:00" endTime="2026-09-08T06:41:10.7289804+02:00" testType="13cdc9d9-ddb5-4fa4-a97d-d965ccfc6d4b" outcome="Passed" testListId="8c84fa94-04c1-424b-9868-57a2d4851a1d" relativeResultsDirectory="e4d5de3b-ca6d-4b9b-b862-84a82d95e7ea" />
    <UnitTestResult executionId="6dfc12ff-2de2-46f0-8f8f-6dd54422d1ca" testId="18405b54-3912-ffc4-e684-6e9b0c0e4e09" testName="ProtocolSnapshotLinkSanitizerTests.SanitizeProtocolChangeSnapshots_replaces_external_photo_with_central_relative_path" computerName="PCW11X01" duration="00:00:00.0021816" startTime="2026-09-08T06:41:10.7220133+02:00" endTime="2026-09-08T06:41:10.7220134+02:00" testType="13cdc9d9-ddb5-4fa4-a97d-d965ccfc6d4b" outcome="Passed" testListId="8c84fa94-04c1-424b-9868-57a2d4851a1d" relativeResultsDirectory="6dfc12ff-2de2-46f0-8f8f-6dd54422d1ca" />
    <UnitTestResult executionId="353c33fc-2f86-4d34-b319-de17ad5b4435" testId="9e0017be-73b7-2db5-dbe4-c179475c57d6" testName="ExternalProjectLinkSanitizerTests.SanitizeMetadataLinks_removes_missing_external_logo" computerName="PCW11X01" duration="00:00:00.3754121" startTime="2026-09-08T06:41:10.7083811+02:00" endTime="2026-09-08T06:41:10.7083812+02:00" testType="13cdc9d9-ddb5-4fa4-a97d-d965ccfc6d4b" outcome="Passed" testListId="8c84fa94-04c1-424b-9868-57a2d4851a1d" relativeResultsDirectory="353c33fc-2f86-4d34-b319-de17ad5b4435" />
    <UnitTestResult executionId="745b4677-e1f9-4968-8298-07003ab701ba" testId="f84c7f00-ca41-a77a-113c-8b6b659d5e86" testName="ModernizeOptionsTests.ParseRejectsUnknownOrIncompleteOption" computerName="PCW11X01" duration="00:00:00.0001010" startTime="2026-09-08T06:41:10.7009815+02:00" endTime="2026-09-08T06:41:10.7009816+02:00" testType="13cdc9d9-ddb5-4fa4-a97d-d965ccfc6d4b" outcome="Passed" testListId="8c84fa94-04c1-424b-9868-57a2d4851a1d" relativeResultsDirectory="745b4677-e1f9-4968-8298-07003ab701ba" />
    <UnitTestResult executionId="65e3142f-ed6a-4653-817d-2f4b4b5f0f09" testId="103a49b3-b587-c7f3-e610-9a6953e8bb19" testName="ModernizerPathResolverTests.TryResolveOrCopyModernPath_resolves_existing_project_relative_modern_file" computerName="PCW11X01" duration="00:00:00.3798315" startTime="2026-09-08T06:41:10.7101830+02:00" endTime="2026-09-08T06:41:10.7101831+02:00" testType="13cdc9d9-ddb5-4fa4-a97d-d965ccfc6d4b" outcome="Passed" testListId="8c84fa94-04c1-424b-9868-57a2d4851a1d" relativeResultsDirectory="65e3142f-ed6a-4653-817d-2f4b4b5f0f09" />
    <UnitTestResult executionId="6d547374-42f3-4a38-878c-2c3dbba75cac" testId="7d0da1d1-aabf-0bad-94bd-5cb37496471d" testName="ModernizerWorkflowTests.RunCreatesCurrentFoldersBackupAndCopiesLegacySchachtTree" computerName="PCW11X01" duration="00:00:00.0162257" startTime="2026-09-08T06:41:10.7220708+02:00" endTime="2026-09-08T06:41:10.7220709+02:00" testType="13cdc9d9-ddb5-4fa4-a97d-d965ccfc6d4b" outcome="Passed" testListId="8c84fa94-04c1-424b-9868-57a2d4851a1d" relativeResultsDirectory="6d547374-42f3-4a38-878c-2c3dbba75cac" />
    <UnitTestResult executionId="c4aff152-ec1d-4fa7-a8d4-aeb22970daed" testId="8c4f417f-dc9e-9c6e-ba75-c93398c430d2" testName="ModernizeOptionsTests.ParseRejectsMissingProjectFolder" computerName="PCW11X01" duration="00:00:00.3131430" startTime="2026-09-08T06:41:10.6444222+02:00" endTime="2026-09-08T06:41:10.6444587+02:00" testType="13cdc9d9-ddb5-4fa4-a97d-d965ccfc6d4b" outcome="Passed" testListId="8c84fa94-04c1-424b-9868-57a2d4851a1d" relativeResultsDirectory="c4aff152-ec1d-4fa7-a8d4-aeb22970daed" />
    <UnitTestResult executionId="747c28e9-de47-4ab7-807f-bc8c793aca9b" testId="bcb1f118-5e72-9dab-617e-8d387778e0da" testName="ModernizerProjectLoaderTests.LoadBuildsRequestWithAbsolutePathsAndLoadedProject" computerName="PCW11X01" duration="00:00:00.0061049" startTime="2026-09-08T06:41:10.7727624+02:00" endTime="2026-09-08T06:41:10.7727625+02:00" testType="13cdc9d9-ddb5-4fa4-a97d-d965ccfc6d4b" outcome="Passed" testListId="8c84fa94-04c1-424b-9868-57a2d4851a1d" relativeResultsDirectory="747c28e9-de47-4ab7-807f-bc8c793aca9b" />
    <UnitTestResult executionId="0f5d6e39-fbb7-40ce-b615-5b1f1e84e5e6" testId="f8419893-4daa-7803-e380-a4740e33b2b2" testName="ModernizerRelinkerTests.RelinkHaltungenSkipsAmbiguousSourceVideos" computerName="PCW11X01" duration="00:00:00.3771302" startTime="2026-09-08T06:41:10.7084415+02:00" endTime="2026-09-08T06:41:10.7084416+02:00" testType="13cdc9d9-ddb5-4fa4-a97d-d965ccfc6d4b" outcome="Passed" testListId="8c84fa94-04c1-424b-9868-57a2d4851a1d" relativeResultsDirectory="0f5d6e39-fbb7-40ce-b615-5b1f1e84e5e6" />
    <UnitTestResult executionId="44ce86aa-a27c-419c-bc29-5672a0a97543" testId="5a6efccd-0f52-2a99-1491-b74c42c92aa6" testName="ProtocolSnapshotLinkSanitizerTests.SanitizeProtocolChangeSnapshots_keeps_snapshot_unchanged_in_dry_run" computerName="PCW11X01" duration="00:00:00.0012700" startTime="2026-09-08T06:41:10.7145489+02:00" endTime="2026-09-08T06:41:10.7145491+02:00" testType="13cdc9d9-ddb5-4fa4-a97d-d965ccfc6d4b" outcome="Passed" testListId="8c84fa94-04c1-424b-9868-57a2d4851a1d" relativeResultsDirectory="44ce86aa-a27c-419c-bc29-5672a0a97543" />
    <UnitTestResult executionId="5e06da8a-9f6f-4231-9f05-34782df9832f" testId="f22c1a5f-ab8d-179e-004b-9533a1b8e160" testName="ModernizerRecordFieldUpdaterTests.ForceSetDoesNotOverwriteUserEditedField" computerName="PCW11X01" duration="00:00:00.0021860" startTime="2026-09-08T06:41:10.7083959+02:00" endTime="2026-09-08T06:41:10.7083959+02:00" testType="13cdc9d9-ddb5-4fa4-a97d-d965ccfc6d4b" outcome="Passed" testListId="8c84fa94-04c1-424b-9868-57a2d4851a1d" relativeResultsDirectory="5e06da8a-9f6f-4231-9f05-34782df9832f" />
    <UnitTestResult executionId="ae6e5be8-e39f-48c0-8405-0d0c85caa8d6" testId="e4ada9eb-6550-a4d6-5ca8-38e25255b88c" testName="ModernizerFileSystemTests.EmptyDirectoryCleanerKeepsDirectoryTreeWithFiles" computerName="PCW11X01" duration="00:00:00.3158374" startTime="2026-09-08T06:41:10.6461741+02:00" endTime="2026-09-08T06:41:10.6461741+02:00" testType="13cdc9d9-ddb5-4fa4-a97d-d965ccfc6d4b" outcome="Passed" testListId="8c84fa94-04c1-424b-9868-57a2d4851a1d" relativeResultsDirectory="ae6e5be8-e39f-48c0-8405-0d0c85caa8d6" />
    <UnitTestResult executionId="ce43f2da-fbba-4650-b951-31dfb1d3b72a" testId="c0cbe092-781d-277d-d795-6a4338a55533" testName="ExternalPathDetectorTests.IsExternalAbsolutePathIgnoresRelativeAndProjectInternalPaths" computerName="PCW11X01" duration="00:00:00.0035569" startTime="2026-09-08T06:41:10.7111564+02:00" endTime="2026-09-08T06:41:10.7111564+02:00" testType="13cdc9d9-ddb5-4fa4-a97d-d965ccfc6d4b" outcome="Passed" testListId="8c84fa94-04c1-424b-9868-57a2d4851a1d" relativeResultsDirectory="ce43f2da-fbba-4650-b951-31dfb1d3b72a" />
    <UnitTestResult executionId="99285aa2-f161-4601-9f07-75a40e60fd81" testId="4a086579-aa2c-8fae-3df6-b9385fd2edfc" testName="ProtocolSnapshotLinkSanitizerTests.SanitizeProtocolChangeSnapshots_removes_external_photo_when_photo_is_not_in_project" computerName="PCW11X01" duration="00:00:00.0016806" startTime="2026-09-08T06:41:10.7197852+02:00" endTime="2026-09-08T06:41:10.7197853+02:00" testType="13cdc9d9-ddb5-4fa4-a97d-d965ccfc6d4b" outcome="Passed" testListId="8c84fa94-04c1-424b-9868-57a2d4851a1d" relativeResultsDirectory="99285aa2-f161-4601-9f07-75a40e60fd81" />
    <UnitTestResult executionId="f13a0770-597f-4cd8-8382-a16cfb435f6a" testId="5e32157e-4d7a-0137-446b-a84bbc1e7126" testName="ModernizerStructureFileResolverTests.ResolveExistingFileResolvesRelativeProjectPath" computerName="PCW11X01" duration="00:00:00.0021147" startTime="2026-09-08T06:41:10.7144235+02:00" endTime="2026-09-08T06:41:10.7144236+02:00" testType="13cdc9d9-ddb5-4fa4-a97d-d965ccfc6d4b" outcome="Passed" testListId="8c84fa94-04c1-424b-9868-57a2d4851a1d" relativeResultsDirectory="f13a0770-597f-4cd8-8382-a16cfb435f6a" />
    <UnitTestResult executionId="8fa81486-45ec-4bc8-be0b-fa6e0d966096" testId="4d2caeec-0f26-dd92-8954-83694238c980" testName="ModernizerPathResolverTests.TryResolveOrCopyModernPath_copies_external_candidate_into_typed_subfolder" computerName="PCW11X01" duration="00:00:00.0099578" startTime="2026-09-08T06:41:10.7189737+02:00" endTime="2026-09-08T06:41:10.7189738+02:00" testType="13cdc9d9-ddb5-4fa4-a97d-d965ccfc6d4b" outcome="Passed" testListId="8c84fa94-04c1-424b-9868-57a2d4851a1d" relativeResultsDirectory="8fa81486-45ec-4bc8-be0b-fa6e0d966096" />
    <UnitTestResult executionId="4df020a3-5d41-4f2e-a791-1ae07524666b" testId="2568984e-a5db-ce0a-19db-cf9dcad08faf" testName="ModernizerFieldFlattenerTests.FlattenRecordField_copies_nested_video_to_flat_holding_root_and_updates_link" computerName="PCW11X01" duration="00:00:00.0032997" startTime="2026-09-08T06:41:10.7173074+02:00" endTime="2026-09-08T06:41:10.7173075+02:00" testType="13cdc9d9-ddb5-4fa4-a97d-d965ccfc6d4b" outcome="Passed" testListId="8c84fa94-04c1-424b-9868-57a2d4851a1d" relativeResultsDirectory="4df020a3-5d41-4f2e-a791-1ae07524666b" />
    <UnitTestResult executionId="1cba7017-979a-45fb-9110-dbc95c2fec67" testId="13d23377-5096-2b4e-db27-d39ad9b9e115" testName="ModernizerRecordFieldUpdaterTests.ForceSetUsesRecordSetterAndUpdatesMetadata" computerName="PCW11X01" duration="00:00:00.3733405" startTime="2026-09-08T06:41:10.7024205+02:00" endTime="2026-09-08T06:41:10.7024207+02:00" testType="13cdc9d9-ddb5-4fa4-a97d-d965ccfc6d4b" outcome="Passed" testListId="8c84fa94-04c1-424b-9868-57a2d4851a1d" relativeResultsDirectory="1cba7017-979a-45fb-9110-dbc95c2fec67" />
    <UnitTestResult executionId="b5dd371c-29bc-4ace-bd75-14e77beaba17" testId="1b9e4a27-1f77-904b-74a5-ff7ee0974811" testName="ModernizerRecordFieldSpecsTests.SchachtPathFieldsKeepExpectedOrder" computerName="PCW11X01" duration="00:00:00.0001705" startTime="2026-09-08T06:41:10.7098164+02:00" endTime="2026-09-08T06:41:10.7098165+02:00" testType="13cdc9d9-ddb5-4fa4-a97d-d965ccfc6d4b" outcome="Passed" testListId="8c84fa94-04c1-424b-9868-57a2d4851a1d" relativeResultsDirectory="b5dd371c-29bc-4ace-bd75-14e77beaba17" />
    <UnitTestResult executionId="dde814c8-bb4f-457e-be06-a7290d9ff1f2" testId="1f322746-cca1-3817-d326-ab6ccd2ffe60" testName="ModernizerStructureFilesTests.BuildFlatFieldTarget_keeps_expected_suffixes" computerName="PCW11X01" duration="00:00:00.0002213" startTime="2026-09-08T06:41:10.7083683+02:00" endTime="2026-09-08T06:41:10.7083684+02:00" testType="13cdc9d9-ddb5-4fa4-a97d-d965ccfc6d4b" outcome="Passed" testListId="8c84fa94-04c1-424b-9868-57a2d4851a1d" relativeResultsDirectory="dde814c8-bb4f-457e-be06-a7290d9ff1f2" />
    <UnitTestResult executionId="7b80f03c-6068-4b32-a333-e4f2b2964ea8" testId="2047fbe1-1ed4-9f20-6ed2-659d4192622d" testName="ExternalProjectLinkSanitizerTests.SanitizeMetadataLinks_rewrites_external_import_metadata" computerName="PCW11X01" duration="00:00:00.0011415" startTime="2026-09-08T06:41:10.7121839+02:00" endTime="2026-09-08T06:41:10.7121839+02:00" testType="13cdc9d9-ddb5-4fa4-a97d-d965ccfc6d4b" outcome="Passed" testListId="8c84fa94-04c1-424b-9868-57a2d4851a1d" relativeResultsDirectory="7b80f03c-6068-4b32-a333-e4f2b2964ea8" />
    <UnitTestResult executionId="bac49833-8cc1-467a-a2b2-a55adf919234" testId="e1efcb53-2b84-5d26-c7ce-6107f43c4ddb" testName="ModernizedProjectSaverTests.SaveDoesNotOverwriteProjectFileOutsideProjectFolder" computerName="PCW11X01" duration="00:00:00.0055026" startTime="2026-09-08T06:41:10.7728547+02:00" endTime="2026-09-08T06:41:10.7728548+02:00" testType="13cdc9d9-ddb5-4fa4-a97d-d965ccfc6d4b" outcome="Passed" testListId="8c84fa94-04c1-424b-9868-57a2d4851a1d" relativeResultsDirectory="bac49833-8cc1-467a-a2b2-a55adf919234" />
    <UnitTestResult executionId="c21a774c-ebcb-433c-996a-c48803b6e170" testId="60a19c4f-d183-ad50-6e89-2c578ff263ba" testName="ModernizerRelinkerTests.RelinkHaltungenDryRunReportsSingleSourceVideoWithoutChangingRecord" computerName="PCW11X01" duration="00:00:00.0046424" startTime="2026-09-08T06:41:10.7108927+02:00" endTime="2026-09-08T06:41:10.7108928+02:00" testType="13cdc9d9-ddb5-4fa4-a97d-d965ccfc6d4b" outcome="Passed" testListId="8c84fa94-04c1-424b-9868-57a2d4851a1d" relativeResultsDirectory="c21a774c-ebcb-433c-996a-c48803b6e170" />
    <UnitTestResult executionId="3464a90e-746e-41c8-a52c-213788c7b494" testId="454e623c-7127-f01e-72d2-a068c853adfb" testName="ExternalProjectLinkSanitizerTests.SanitizeMetadataLinks_copies_existing_external_logo_into_project" computerName="PCW11X01" duration="00:00:00.0063810" startTime="2026-09-08T06:41:10.7111390+02:00" endTime="2026-09-08T06:41:10.7111391+02:00" testType="13cdc9d9-ddb5-4fa4-a97d-d965ccfc6d4b" outcome="Passed" testListId="8c84fa94-04c1-424b-9868-57a2d4851a1d" relativeResultsDirectory="3464a90e-746e-41c8-a52c-213788c7b494" />
    <UnitTestResult executionId="c13aa79e-8c93-4c9e-86a2-6d04779384ba" testId="206ef65d-41d3-3cd2-8302-b83115b3630f" testName="ModernizerStructureFileMoverTests.MoveOrCopyStructureFileReusesIdenticalTargetWithoutDeletingSource" computerName="PCW11X01" duration="00:00:00.0064296" startTime="2026-09-08T06:41:10.7254160+02:00" endTime="2026-09-08T06:41:10.7254161+02:00" testType="13cdc9d9-ddb5-4fa4-a97d-d965ccfc6d4b" outcome="Passed" testListId="8c84fa94-04c1-424b-9868-57a2d4851a1d" relativeResultsDirectory="c13aa79e-8c93-4c9e-86a2-6d04779384ba" />
    <UnitTestResult executionId="d359bbcf-fa65-49f8-8851-a14b4a9137a5" testId="251ae7d5-166b-5fc2-7594-c3742173354a" testName="ProjectModernizerExitCodeResolverTests.ResolveReturnsSuccessWhenReportHasNoProblems" computerName="PCW11X01" duration="00:00:00.3719807" startTime="2026-09-08T06:41:10.7010442+02:00" endTime="2026-09-08T06:41:10.7010444+02:00" testType="13cdc9d9-ddb5-4fa4-a97d-d965ccfc6d4b" outcome="Passed" testListId="8c84fa94-04c1-424b-9868-57a2d4851a1d" relativeResultsDirectory="d359bbcf-fa65-49f8-8851-a14b4a9137a5" />
    <UnitTestResult executionId="108bc029-e896-44f2-a47c-3c013e6a50dc" testId="e5d695b7-02b9-a7cc-9254-e928598fc813" testName="ModernizerFileSystemTests.SameFileContentReturnsFalseForSameSizedDifferentContent" computerName="PCW11X01" duration="00:00:00.0050196" startTime="2026-09-08T06:41:10.6499851+02:00" endTime="2026-09-08T06:41:10.6499853+02:00" testType="13cdc9d9-ddb5-4fa4-a97d-d965ccfc6d4b" outcome="Passed" testListId="8c84fa94-04c1-424b-9868-57a2d4851a1d" relativeResultsDirectory="108bc029-e896-44f2-a47c-3c013e6a50dc" />
    <UnitTestResult executionId="dbe50512-c813-4ff2-ae69-88f76ccb89c0" testId="5d156b69-6779-16a2-221c-e40f4a988a59" testName="ModernizerStructureFilesTests.BuildFlatLooseTarget_detects_dp_eigen_and_secondary_video_names" computerName="PCW11X01" duration="00:00:00.3742691" startTime="2026-09-08T06:41:10.7083181+02:00" endTime="2026-09-08T06:41:10.7083181+02:00" testType="13cdc9d9-ddb5-4fa4-a97d-d965ccfc6d4b" outcome="Passed" testListId="8c84fa94-04c1-424b-9868-57a2d4851a1d" relativeResultsDirectory="dbe50512-c813-4ff2-ae69-88f76ccb89c0" />
    <UnitTestResult executionId="f1f11ade-3749-41f9-8f6c-967078e8b7f7" testId="d377057b-3cd5-5957-67d7-1279da340035" testName="ModernizerFlattenerTests.FlattenHaltungenVerteiltCopiesNestedFilesAndKeepsLegacySubfolders" computerName="PCW11X01" duration="00:00:00.3877755" startTime="2026-09-08T06:41:10.7168333+02:00" endTime="2026-09-08T06:41:10.7168334+02:00" testType="13cdc9d9-ddb5-4fa4-a97d-d965ccfc6d4b" outcome="Passed" testListId="8c84fa94-04c1-424b-9868-57a2d4851a1d" relativeResultsDirectory="f1f11ade-3749-41f9-8f6c-967078e8b7f7" />
    <UnitTestResult executionId="362a6134-7f8c-4d92-b52f-612dfd5aab05" testId="a7fafdea-a334-e312-51f9-c60dc8dfcd9f" testName="ModernizerStructureFileResolverTests.ResolveExistingFileResolvesAbsolutePathWhenTypeMatches" computerName="PCW11X01" duration="00:00:00.0034898" startTime="2026-09-08T06:41:10.7122591+02:00" endTime="2026-09-08T06:41:10.7122592+02:00" testType="13cdc9d9-ddb5-4fa4-a97d-d965ccfc6d4b" outcome="Passed" testListId="8c84fa94-04c1-424b-9868-57a2d4851a1d" relativeResultsDirectory="362a6134-7f8c-4d92-b52f-612dfd5aab05" />
    <UnitTestResult executionId="a12afc5e-8265-46ee-8a14-132e8545e7d2" testId="04bbe86b-add5-4ab3-0fff-091a6d7a3ee3" testName="ModernizerRecordFieldSpecsTests.HaltungPathFieldsKeepExpectedOrderAndListMarker" computerName="PCW11X01" duration="00:00:00.0020520" startTime="2026-09-08T06:41:10.7102080+02:00" endTime="2026-09-08T06:41:10.7102081+02:00" testType="13cdc9d9-ddb5-4fa4-a97d-d965ccfc6d4b" outcome="Passed" testListId="8c84fa94-04c1-424b-9868-57a2d4851a1d" relativeResultsDirectory="a12afc5e-8265-46ee-8a14-132e8545e7d2" />
    <UnitTestResult executionId="49a53900-f9a1-4850-9665-1f0805688172" testId="916fd0ea-a684-f54c-5df1-93f5d22e678b" testName="ModernizerSourceIndexBuilderTests.BuildSourceVideoIndexUsesHoldingNameBeforeFirstUnderscore" computerName="PCW11X01" duration="00:00:00.0046910" startTime="2026-09-08T06:41:10.7115725+02:00" endTime="2026-09-08T06:41:10.7115726+02:00" testType="13cdc9d9-ddb5-4fa4-a97d-d965ccfc6d4b" outcome="Passed" testListId="8c84fa94-04c1-424b-9868-57a2d4851a1d" relativeResultsDirectory="49a53900-f9a1-4850-9665-1f0805688172" />
    <UnitTestResult executionId="2e3ed619-f3a8-48f0-ae0f-b7859e18a2e2" testId="d5e672d8-79a4-5cfb-71f2-5d6c4b582543" testName="ModernizerRelinkerTests.RelinkSchaechteCopiesProtocolPhotosAsSchachtFiles" computerName="PCW11X01" duration="00:00:00.0056639" startTime="2026-09-08T06:41:10.7217248+02:00" endTime="2026-09-08T06:41:10.7217248+02:00" testType="13cdc9d9-ddb5-4fa4-a97d-d965ccfc6d4b" outcome="Passed" testListId="8c84fa94-04c1-424b-9868-57a2d4851a1d" relativeResultsDirectory="2e3ed619-f3a8-48f0-ae0f-b7859e18a2e2" />
    <UnitTestResult executionId="57562ad8-f9e9-46ea-8681-eaf30b79f306" testId="2f76bb69-d742-4888-d5e6-67d27a2c0707" testName="ModernizerPathResolverTests.TryResolveOrCopyModernPath_maps_single_legacy_file_to_modern_relative_path" computerName="PCW11X01" duration="00:00:00.0028410" startTime="2026-09-08T06:41:10.7218731+02:00" endTime="2026-09-08T06:41:10.7218732+02:00" testType="13cdc9d9-ddb5-4fa4-a97d-d965ccfc6d4b" outcome="Passed" testListId="8c84fa94-04c1-424b-9868-57a2d4851a1d" relativeResultsDirectory="57562ad8-f9e9-46ea-8681-eaf30b79f306" />
    <UnitTestResult executionId="9ab915c3-b5c2-49a9-8172-f0630fd1d01b" testId="d72506da-597e-79d5-c236-f8306eb76aef" testName="ProjectModernizerRunnerTests.RunReturnsMissingProjectCodeWhenProjectFileCannotBeFound" computerName="PCW11X01" duration="00:00:00.0005182" startTime="2026-09-08T06:41:10.7838632+02:00" endTime="2026-09-08T06:41:10.7838632+02:00" testType="13cdc9d9-ddb5-4fa4-a97d-d965ccfc6d4b" outcome="Passed" testListId="8c84fa94-04c1-424b-9868-57a2d4851a1d" relativeResultsDirectory="9ab915c3-b5c2-49a9-8172-f0630fd1d01b" />
    <UnitTestResult executionId="5611a2ec-f79a-4962-8819-172261aba0a6" testId="25175517-6e95-5cd6-bb3e-a57fb646ea94" testName="ModernizerSourceIndexBuilderTests.BuildExternalFileIndexIncludesKnownMediaAndPdfFromSourceAndImports" computerName="PCW11X01" duration="00:00:00.3777557" startTime="2026-09-08T06:41:10.7097663+02:00" endTime="2026-09-08T06:41:10.7097663+02:00" testType="13cdc9d9-ddb5-4fa4-a97d-d965ccfc6d4b" outcome="Passed" testListId="8c84fa94-04c1-424b-9868-57a2d4851a1d" relativeResultsDirectory="5611a2ec-f79a-4962-8819-172261aba0a6" />
    <UnitTestResult executionId="4e11ef70-d659-400a-b308-b0d8e84ab012" testId="f1503eaa-1bb7-f2c1-a1be-4c1b1277e706" testName="ProjectModernizerRunnerTests.RunDoesNotOverwriteProjectFileOutsideProjectFolder" computerName="PCW11X01" duration="00:00:00.4476168" startTime="2026-09-08T06:41:10.7767230+02:00" endTime="2026-09-08T06:41:10.7767231+02:00" testType="13cdc9d9-ddb5-4fa4-a97d-d965ccfc6d4b" outcome="Passed" testListId="8c84fa94-04c1-424b-9868-57a2d4851a1d" relativeResultsDirectory="4e11ef70-d659-400a-b308-b0d8e84ab012" />
    <UnitTestResult executionId="76825bc4-518b-4bd2-b860-4130db9f9bfd" testId="7d6eedd4-a304-541d-bfe1-d142cc59c3fc" testName="ProjectModernizerRunnerTests.RunDryRunLoadsProjectButDoesNotCreateModernFolders" computerName="PCW11X01" duration="00:00:00.0063245" startTime="2026-09-08T06:41:10.7831039+02:00" endTime="2026-09-08T06:41:10.7831040+02:00" testType="13cdc9d9-ddb5-4fa4-a97d-d965ccfc6d4b" outcome="Passed" testListId="8c84fa94-04c1-424b-9868-57a2d4851a1d" relativeResultsDirectory="76825bc4-518b-4bd2-b860-4130db9f9bfd" />
  </Results>
  <TestDefinitions>
    <UnitTest name="ExternalProjectLinkSanitizerTests.SanitizeMetadataLinks_removes_missing_external_logo" storage="c:\sewer-studio_ki_4.5\tests\projectmodernizer.tests\bin\release\net10.0\projectmodernizer.tests.dll" id="9e0017be-73b7-2db5-dbe4-c179475c57d6">
      <Execution id="353c33fc-2f86-4d34-b319-de17ad5b4435" />
      <TestMethod codeBase="C:\Sewer-Studio_KI_4.5\tests\ProjectModernizer.Tests\bin\Release\net10.0\ProjectModernizer.Tests.dll" adapterTypeName="executor://xunit/VsTestRunner2/netcoreapp" className="ExternalProjectLinkSanitizerTests" name="SanitizeMetadataLinks_removes_missing_external_logo" />
    </UnitTest>
    <UnitTest name="ModernizerRecordFieldUpdaterTests.ForceSetDoesNotOverwriteUserEditedField" storage="c:\sewer-studio_ki_4.5\tests\projectmodernizer.tests\bin\release\net10.0\projectmodernizer.tests.dll" id="f22c1a5f-ab8d-179e-004b-9533a1b8e160">
      <Execution id="5e06da8a-9f6f-4231-9f05-34782df9832f" />
      <TestMethod codeBase="C:\Sewer-Studio_KI_4.5\tests\ProjectModernizer.Tests\bin\Release\net10.0\ProjectModernizer.Tests.dll" adapterTypeName="executor://xunit/VsTestRunner2/netcoreapp" className="ModernizerRecordFieldUpdaterTests" name="ForceSetDoesNotOverwriteUserEditedField" />
    </UnitTest>
    <UnitTest name="ModernizerRecordFieldSpecsTests.SchachtPathFieldsKeepExpectedOrder" storage="c:\sewer-studio_ki_4.5\tests\projectmodernizer.tests\bin\release\net10.0\projectmodernizer.tests.dll" id="1b9e4a27-1f77-904b-74a5-ff7ee0974811">
      <Execution id="b5dd371c-29bc-4ace-bd75-14e77beaba17" />
      <TestMethod codeBase="C:\Sewer-Studio_KI_4.5\tests\ProjectModernizer.Tests\bin\Release\net10.0\ProjectModernizer.Tests.dll" adapterTypeName="executor://xunit/VsTestRunner2/netcoreapp" className="ModernizerRecordFieldSpecsTests" name="SchachtPathFieldsKeepExpectedOrder" />
    </UnitTest>
    <UnitTest name="ModernizerRecordFieldUpdaterTests.ForceSetUsesRecordSetterAndUpdatesMetadata" storage="c:\sewer-studio_ki_4.5\tests\projectmodernizer.tests\bin\release\net10.0\projectmodernizer.tests.dll" id="13d23377-5096-2b4e-db27-d39ad9b9e115">
      <Execution id="1cba7017-979a-45fb-9110-dbc95c2fec67" />
      <TestMethod codeBase="C:\Sewer-Studio_KI_4.5\tests\ProjectModernizer.Tests\bin\Release\net10.0\ProjectModernizer.Tests.dll" adapterTypeName="executor://xunit/VsTestRunner2/netcoreapp" className="ModernizerRecordFieldUpdaterTests" name="ForceSetUsesRecordSetterAndUpdatesMetadata" />
    </UnitTest>
    <UnitTest name="ModernizerStructureFileMoverTests.MoveOrCopyStructureFileReusesIdenticalTargetWithoutDeletingSource" storage="c:\sewer-studio_ki_4.5\tests\projectmodernizer.tests\bin\release\net10.0\projectmodernizer.tests.dll" id="206ef65d-41d3-3cd2-8302-b83115b3630f">
      <Execution id="c13aa79e-8c93-4c9e-86a2-6d04779384ba" />
      <TestMethod codeBase="C:\Sewer-Studio_KI_4.5\tests\ProjectModernizer.Tests\bin\Release\net10.0\ProjectModernizer.Tests.dll" adapterTypeName="executor://xunit/VsTestRunner2/netcoreapp" className="ModernizerStructureFileMoverTests" name="MoveOrCopyStructureFileReusesIdenticalTargetWithoutDeletingSource" />
    </UnitTest>
    <UnitTest name="ExternalPathDetectorTests.IsExternalAbsolutePathIgnoresRelativeAndProjectInternalPaths" storage="c:\sewer-studio_ki_4.5\tests\projectmodernizer.tests\bin\release\net10.0\projectmodernizer.tests.dll" id="c0cbe092-781d-277d-d795-6a4338a55533">
      <Execution id="ce43f2da-fbba-4650-b951-31dfb1d3b72a" />
      <TestMethod codeBase="C:\Sewer-Studio_KI_4.5\tests\ProjectModernizer.Tests\bin\Release\net10.0\ProjectModernizer.Tests.dll" adapterTypeName="executor://xunit/VsTestRunner2/netcoreapp" className="ExternalPathDetectorTests" name="IsExternalAbsolutePathIgnoresRelativeAndProjectInternalPaths" />
    </UnitTest>
    <UnitTest name="ModernizerRelinkerTests.RelinkHaltungenCopiesSingleSourceVideoWhenHoldingHasNoVideo" storage="c:\sewer-studio_ki_4.5\tests\projectmodernizer.tests\bin\release\net10.0\projectmodernizer.tests.dll" id="fa1555b3-8447-9bf6-6c5f-687c6e71d91c">
      <Execution id="ae729899-bf7d-4e97-8cd5-db4d9434bd74" />
      <TestMethod codeBase="C:\Sewer-Studio_KI_4.5\tests\ProjectModernizer.Tests\bin\Release\net10.0\ProjectModernizer.Tests.dll" adapterTypeName="executor://xunit/VsTestRunner2/netcoreapp" className="ModernizerRelinkerTests" name="RelinkHaltungenCopiesSingleSourceVideoWhenHoldingHasNoVideo" />
    </UnitTest>
    <UnitTest name="ExternalProjectLinkSanitizerTests.SanitizeMetadataLinks_copies_existing_external_logo_into_project" storage="c:\sewer-studio_ki_4.5\tests\projectmodernizer.tests\bin\release\net10.0\projectmodernizer.tests.dll" id="454e623c-7127-f01e-72d2-a068c853adfb">
      <Execution id="3464a90e-746e-41c8-a52c-213788c7b494" />
      <TestMethod codeBase="C:\Sewer-Studio_KI_4.5\tests\ProjectModernizer.Tests\bin\Release\net10.0\ProjectModernizer.Tests.dll" adapterTypeName="executor://xunit/VsTestRunner2/netcoreapp" className="ExternalProjectLinkSanitizerTests" name="SanitizeMetadataLinks_copies_existing_external_logo_into_project" />
    </UnitTest>
    <UnitTest name="ModernizerPathResolverTests.TryResolveOrCopyModernPath_maps_single_legacy_file_to_modern_relative_path" storage="c:\sewer-studio_ki_4.5\tests\projectmodernizer.tests\bin\release\net10.0\projectmodernizer.tests.dll" id="2f76bb69-d742-4888-d5e6-67d27a2c0707">
      <Execution id="57562ad8-f9e9-46ea-8681-eaf30b79f306" />
      <TestMethod codeBase="C:\Sewer-Studio_KI_4.5\tests\ProjectModernizer.Tests\bin\Release\net10.0\ProjectModernizer.Tests.dll" adapterTypeName="executor://xunit/VsTestRunner2/netcoreapp" className="ModernizerPathResolverTests" name="TryResolveOrCopyModernPath_maps_single_legacy_file_to_modern_relative_path" />
    </UnitTest>
    <UnitTest name="ModernizerPathResolverTests.TryResolveOrCopyModernPath_maps_single_legacy_schacht_file_to_modern_relative_path" storage="c:\sewer-studio_ki_4.5\tests\projectmodernizer.tests\bin\release\net10.0\projectmodernizer.tests.dll" id="b9878824-b6c4-b178-20aa-cd5548acc282">
      <Execution id="a72eb16d-dab9-4ebd-9575-849f67c6116b" />
      <TestMethod codeBase="C:\Sewer-Studio_KI_4.5\tests\ProjectModernizer.Tests\bin\Release\net10.0\ProjectModernizer.Tests.dll" adapterTypeName="executor://xunit/VsTestRunner2/netcoreapp" className="ModernizerPathResolverTests" name="TryResolveOrCopyModernPath_maps_single_legacy_schacht_file_to_modern_relative_path" />
    </UnitTest>
    <UnitTest name="ModernizedProjectSaverTests.SaveDoesNotOverwriteProjectFileOutsideProjectFolder" storage="c:\sewer-studio_ki_4.5\tests\projectmodernizer.tests\bin\release\net10.0\projectmodernizer.tests.dll" id="e1efcb53-2b84-5d26-c7ce-6107f43c4ddb">
      <Execution id="bac49833-8cc1-467a-a2b2-a55adf919234" />
      <TestMethod codeBase="C:\Sewer-Studio_KI_4.5\tests\ProjectModernizer.Tests\bin\Release\net10.0\ProjectModernizer.Tests.dll" adapterTypeName="executor://xunit/VsTestRunner2/netcoreapp" className="ModernizedProjectSaverTests" name="SaveDoesNotOverwriteProjectFileOutsideProjectFolder" />
    </UnitTest>
    <UnitTest name="ModernizerWorkflowTests.RunCopiesPlanFilesFromUmlautPlanFolder" storage="c:\sewer-studio_ki_4.5\tests\projectmodernizer.tests\bin\release\net10.0\projectmodernizer.tests.dll" id="db5a1f9e-f932-bfbd-a8d5-396e86d4e482">
      <Execution id="e4d5de3b-ca6d-4b9b-b862-84a82d95e7ea" />
      <TestMethod codeBase="C:\Sewer-Studio_KI_4.5\tests\ProjectModernizer.Tests\bin\Release\net10.0\ProjectModernizer.Tests.dll" adapterTypeName="executor://xunit/VsTestRunner2/netcoreapp" className="ModernizerWorkflowTests" name="RunCopiesPlanFilesFromUmlautPlanFolder" />
    </UnitTest>
    <UnitTest name="ModernizerStructureFilesTests.BuildFlatLooseTarget_detects_dp_eigen_and_secondary_video_names" storage="c:\sewer-studio_ki_4.5\tests\projectmodernizer.tests\bin\release\net10.0\projectmodernizer.tests.dll" id="5d156b69-6779-16a2-221c-e40f4a988a59">
      <Execution id="dbe50512-c813-4ff2-ae69-88f76ccb89c0" />
      <TestMethod codeBase="C:\Sewer-Studio_KI_4.5\tests\ProjectModernizer.Tests\bin\Release\net10.0\ProjectModernizer.Tests.dll" adapterTypeName="executor://xunit/VsTestRunner2/netcoreapp" className="ModernizerStructureFilesTests" name="BuildFlatLooseTarget_detects_dp_eigen_and_secondary_video_names" />
    </UnitTest>
    <UnitTest name="ProjectModernizerExitCodeResolverTests.ResolveReturnsCopyErrorsBeforeUnresolvedPaths" storage="c:\sewer-studio_ki_4.5\tests\projectmodernizer.tests\bin\release\net10.0\projectmodernizer.tests.dll" id="4b919e5d-2608-5a2f-d948-e9d87d1a4c79">
      <Execution id="40632b48-e8e4-4b78-a34a-c38a48750bc8" />
      <TestMethod codeBase="C:\Sewer-Studio_KI_4.5\tests\ProjectModernizer.Tests\bin\Release\net10.0\ProjectModernizer.Tests.dll" adapterTypeName="executor://xunit/VsTestRunner2/netcoreapp" className="ProjectModernizerExitCodeResolverTests" name="ResolveReturnsCopyErrorsBeforeUnresolvedPaths" />
    </UnitTest>
    <UnitTest name="ModernizerRelinkerTests.RelinkHaltungenSkipsAmbiguousSourceVideos" storage="c:\sewer-studio_ki_4.5\tests\projectmodernizer.tests\bin\release\net10.0\projectmodernizer.tests.dll" id="f8419893-4daa-7803-e380-a4740e33b2b2">
      <Execution id="0f5d6e39-fbb7-40ce-b615-5b1f1e84e5e6" />
      <TestMethod codeBase="C:\Sewer-Studio_KI_4.5\tests\ProjectModernizer.Tests\bin\Release\net10.0\ProjectModernizer.Tests.dll" adapterTypeName="executor://xunit/VsTestRunner2/netcoreapp" className="ModernizerRelinkerTests" name="RelinkHaltungenSkipsAmbiguousSourceVideos" />
    </UnitTest>
    <UnitTest name="ModernizeOptionsTests.ParseRejectsUnknownOrIncompleteOption" storage="c:\sewer-studio_ki_4.5\tests\projectmodernizer.tests\bin\release\net10.0\projectmodernizer.tests.dll" id="f84c7f00-ca41-a77a-113c-8b6b659d5e86">
      <Execution id="745b4677-e1f9-4968-8298-07003ab701ba" />
      <TestMethod codeBase="C:\Sewer-Studio_KI_4.5\tests\ProjectModernizer.Tests\bin\Release\net10.0\ProjectModernizer.Tests.dll" adapterTypeName="executor://xunit/VsTestRunner2/netcoreapp" className="ModernizeOptionsTests" name="ParseRejectsUnknownOrIncompleteOption" />
    </UnitTest>
    <UnitTest name="ProtocolSnapshotLinkSanitizerTests.SanitizeProtocolChangeSnapshots_replaces_multiple_external_photos_independently" storage="c:\sewer-studio_ki_4.5\tests\projectmodernizer.tests\bin\release\net10.0\projectmodernizer.tests.dll" id="4c93b0ba-0ef1-73c3-2475-6de28de62b7e">
      <Execution id="d8e433c0-8511-43c8-8434-1c514a9314fe" />
      <TestMethod codeBase="C:\Sewer-Studio_KI_4.5\tests\ProjectModernizer.Tests\bin\Release\net10.0\ProjectModernizer.Tests.dll" adapterTypeName="executor://xunit/VsTestRunner2/netcoreapp" className="ProtocolSnapshotLinkSanitizerTests" name="SanitizeProtocolChangeSnapshots_replaces_multiple_external_photos_independently" />
    </UnitTest>
    <UnitTest name="ModernizerStructureFileResolverTests.ResolveExistingFileRejectsExistingFileWithWrongType" storage="c:\sewer-studio_ki_4.5\tests\projectmodernizer.tests\bin\release\net10.0\projectmodernizer.tests.dll" id="7597430d-241f-2c19-d996-803303885f7c">
      <Execution id="a26d5817-99a3-4fed-8660-b02443c9bfb2" />
      <TestMethod codeBase="C:\Sewer-Studio_KI_4.5\tests\ProjectModernizer.Tests\bin\Release\net10.0\ProjectModernizer.Tests.dll" adapterTypeName="executor://xunit/VsTestRunner2/netcoreapp" className="ModernizerStructureFileResolverTests" name="ResolveExistingFileRejectsExistingFileWithWrongType" />
    </UnitTest>
    <UnitTest name="ModernizerFileSystemTests.EmptyDirectoryCleanerKeepsDirectoryTreeWithFiles" storage="c:\sewer-studio_ki_4.5\tests\projectmodernizer.tests\bin\release\net10.0\projectmodernizer.tests.dll" id="e4ada9eb-6550-a4d6-5ca8-38e25255b88c">
      <Execution id="ae6e5be8-e39f-48c0-8405-0d0c85caa8d6" />
      <TestMethod codeBase="C:\Sewer-Studio_KI_4.5\tests\ProjectModernizer.Tests\bin\Release\net10.0\ProjectModernizer.Tests.dll" adapterTypeName="executor://xunit/VsTestRunner2/netcoreapp" className="ModernizerFileSystemTests" name="EmptyDirectoryCleanerKeepsDirectoryTreeWithFiles" />
    </UnitTest>
    <UnitTest name="ProjectModernizerRunnerTests.RunReturnsUsageCodeForInvalidArguments" storage="c:\sewer-studio_ki_4.5\tests\projectmodernizer.tests\bin\release\net10.0\projectmodernizer.tests.dll" id="71c210d4-8887-7171-0319-e8b9f10240d9">
      <Execution id="4b890e63-afbb-457a-98a3-67652a6ffc52" />
      <TestMethod codeBase="C:\Sewer-Studio_KI_4.5\tests\ProjectModernizer.Tests\bin\Release\net10.0\ProjectModernizer.Tests.dll" adapterTypeName="executor://xunit/VsTestRunner2/netcoreapp" className="ProjectModernizerRunnerTests" name="RunReturnsUsageCodeForInvalidArguments" />
    </UnitTest>
    <UnitTest name="ModernizerPathResolverTests.TryResolveOrCopyModernPath_resolves_existing_project_relative_modern_file" storage="c:\sewer-studio_ki_4.5\tests\projectmodernizer.tests\bin\release\net10.0\projectmodernizer.tests.dll" id="103a49b3-b587-c7f3-e610-9a6953e8bb19">
      <Execution id="65e3142f-ed6a-4653-817d-2f4b4b5f0f09" />
      <TestMethod codeBase="C:\Sewer-Studio_KI_4.5\tests\ProjectModernizer.Tests\bin\Release\net10.0\ProjectModernizer.Tests.dll" adapterTypeName="executor://xunit/VsTestRunner2/netcoreapp" className="ModernizerPathResolverTests" name="TryResolveOrCopyModernPath_resolves_existing_project_relative_modern_file" />
    </UnitTest>
    <UnitTest name="ProtocolSnapshotLinkSanitizerTests.SanitizeProtocolChangeSnapshots_keeps_snapshot_unchanged_in_dry_run" storage="c:\sewer-studio_ki_4.5\tests\projectmodernizer.tests\bin\release\net10.0\projectmodernizer.tests.dll" id="5a6efccd-0f52-2a99-1491-b74c42c92aa6">
      <Execution id="44ce86aa-a27c-419c-bc29-5672a0a97543" />
      <TestMethod codeBase="C:\Sewer-Studio_KI_4.5\tests\ProjectModernizer.Tests\bin\Release\net10.0\ProjectModernizer.Tests.dll" adapterTypeName="executor://xunit/VsTestRunner2/netcoreapp" className="ProtocolSnapshotLinkSanitizerTests" name="SanitizeProtocolChangeSnapshots_keeps_snapshot_unchanged_in_dry_run" />
    </UnitTest>
    <UnitTest name="ProtocolSnapshotLinkSanitizerTests.SanitizeProtocolChangeSnapshots_removes_external_photo_when_photo_is_not_in_project" storage="c:\sewer-studio_ki_4.5\tests\projectmodernizer.tests\bin\release\net10.0\projectmodernizer.tests.dll" id="4a086579-aa2c-8fae-3df6-b9385fd2edfc">
      <Execution id="99285aa2-f161-4601-9f07-75a40e60fd81" />
      <TestMethod codeBase="C:\Sewer-Studio_KI_4.5\tests\ProjectModernizer.Tests\bin\Release\net10.0\ProjectModernizer.Tests.dll" adapterTypeName="executor://xunit/VsTestRunner2/netcoreapp" className="ProtocolSnapshotLinkSanitizerTests" name="SanitizeProtocolChangeSnapshots_removes_external_photo_when_photo_is_not_in_project" />
    </UnitTest>
    <UnitTest name="ModernizeOptionsTests.ParseRejectsMissingProjectFolder" storage="c:\sewer-studio_ki_4.5\tests\projectmodernizer.tests\bin\release\net10.0\projectmodernizer.tests.dll" id="8c4f417f-dc9e-9c6e-ba75-c93398c430d2">
      <Execution id="c4aff152-ec1d-4fa7-a8d4-aeb22970daed" />
      <TestMethod codeBase="C:\Sewer-Studio_KI_4.5\tests\ProjectModernizer.Tests\bin\Release\net10.0\ProjectModernizer.Tests.dll" adapterTypeName="executor://xunit/VsTestRunner2/netcoreapp" className="ModernizeOptionsTests" name="ParseRejectsMissingProjectFolder" />
    </UnitTest>
    <UnitTest name="ModernizeOptionsTests.ParseRecognizesAllOptions" storage="c:\sewer-studio_ki_4.5\tests\projectmodernizer.tests\bin\release\net10.0\projectmodernizer.tests.dll" id="e00db5da-6375-e6e1-bdf7-15eb51655166">
      <Execution id="b521bb18-1534-4157-b8fc-3a054dcb3427" />
      <TestMethod codeBase="C:\Sewer-Studio_KI_4.5\tests\ProjectModernizer.Tests\bin\Release\net10.0\ProjectModernizer.Tests.dll" adapterTypeName="executor://xunit/VsTestRunner2/netcoreapp" className="ModernizeOptionsTests" name="ParseRecognizesAllOptions" />
    </UnitTest>
    <UnitTest name="ModernizerRecordFieldSpecsTests.HaltungPathFieldsKeepExpectedOrderAndListMarker" storage="c:\sewer-studio_ki_4.5\tests\projectmodernizer.tests\bin\release\net10.0\projectmodernizer.tests.dll" id="04bbe86b-add5-4ab3-0fff-091a6d7a3ee3">
      <Execution id="a12afc5e-8265-46ee-8a14-132e8545e7d2" />
      <TestMethod codeBase="C:\Sewer-Studio_KI_4.5\tests\ProjectModernizer.Tests\bin\Release\net10.0\ProjectModernizer.Tests.dll" adapterTypeName="executor://xunit/VsTestRunner2/netcoreapp" className="ModernizerRecordFieldSpecsTests" name="HaltungPathFieldsKeepExpectedOrderAndListMarker" />
    </UnitTest>
    <UnitTest name="ModernizerWorkflowTests.RunDryRunReportsIntentButDoesNotCreateFolders" storage="c:\sewer-studio_ki_4.5\tests\projectmodernizer.tests\bin\release\net10.0\projectmodernizer.tests.dll" id="22708d88-bbbc-0f6a-c7e4-1a3ab2fd1a8e">
      <Execution id="eef0ef04-2641-45ff-acc9-549cdb3328c2" />
      <TestMethod codeBase="C:\Sewer-Studio_KI_4.5\tests\ProjectModernizer.Tests\bin\Release\net10.0\ProjectModernizer.Tests.dll" adapterTypeName="executor://xunit/VsTestRunner2/netcoreapp" className="ModernizerWorkflowTests" name="RunDryRunReportsIntentButDoesNotCreateFolders" />
    </UnitTest>
    <UnitTest name="ModernizerProjectLoaderTests.LoadUsesNewestRootJsonWhenNoCanonicalProjectFileExists" storage="c:\sewer-studio_ki_4.5\tests\projectmodernizer.tests\bin\release\net10.0\projectmodernizer.tests.dll" id="c028bced-09c5-d091-3289-21540957dadc">
      <Execution id="984da8bf-c57f-4255-b261-6c257905c846" />
      <TestMethod codeBase="C:\Sewer-Studio_KI_4.5\tests\ProjectModernizer.Tests\bin\Release\net10.0\ProjectModernizer.Tests.dll" adapterTypeName="executor://xunit/VsTestRunner2/netcoreapp" className="ModernizerProjectLoaderTests" name="LoadUsesNewestRootJsonWhenNoCanonicalProjectFileExists" />
    </UnitTest>
    <UnitTest name="ModernizerPathResolverTests.TryResolveOrCopyModernPath_copies_external_candidate_into_typed_subfolder" storage="c:\sewer-studio_ki_4.5\tests\projectmodernizer.tests\bin\release\net10.0\projectmodernizer.tests.dll" id="4d2caeec-0f26-dd92-8954-83694238c980">
      <Execution id="8fa81486-45ec-4bc8-be0b-fa6e0d966096" />
      <TestMethod codeBase="C:\Sewer-Studio_KI_4.5\tests\ProjectModernizer.Tests\bin\Release\net10.0\ProjectModernizer.Tests.dll" adapterTypeName="executor://xunit/VsTestRunner2/netcoreapp" className="ModernizerPathResolverTests" name="TryResolveOrCopyModernPath_copies_external_candidate_into_typed_subfolder" />
    </UnitTest>
    <UnitTest name="ProjectModernizerRunnerTests.RunDoesNotOverwriteProjectFileOutsideProjectFolder" storage="c:\sewer-studio_ki_4.5\tests\projectmodernizer.tests\bin\release\net10.0\projectmodernizer.tests.dll" id="f1503eaa-1bb7-f2c1-a1be-4c1b1277e706">
      <Execution id="4e11ef70-d659-400a-b308-b0d8e84ab012" />
      <TestMethod codeBase="C:\Sewer-Studio_KI_4.5\tests\ProjectModernizer.Tests\bin\Release\net10.0\ProjectModernizer.Tests.dll" adapterTypeName="executor://xunit/VsTestRunner2/netcoreapp" className="ProjectModernizerRunnerTests" name="RunDoesNotOverwriteProjectFileOutsideProjectFolder" />
    </UnitTest>
    <UnitTest name="ProjectModernizerRunnerTests.RunReturnsMissingProjectCodeWhenProjectFileCannotBeFound" storage="c:\sewer-studio_ki_4.5\tests\projectmodernizer.tests\bin\release\net10.0\projectmodernizer.tests.dll" id="d72506da-597e-79d5-c236-f8306eb76aef">
      <Execution id="9ab915c3-b5c2-49a9-8172-f0630fd1d01b" />
      <TestMethod codeBase="C:\Sewer-Studio_KI_4.5\tests\ProjectModernizer.Tests\bin\Release\net10.0\ProjectModernizer.Tests.dll" adapterTypeName="executor://xunit/VsTestRunner2/netcoreapp" className="ProjectModernizerRunnerTests" name="RunReturnsMissingProjectCodeWhenProjectFileCannotBeFound" />
    </UnitTest>
    <UnitTest name="ModernizerFlattenerTests.FlattenHaltungenVerteiltCopiesNestedFilesAndKeepsLegacySubfolders" storage="c:\sewer-studio_ki_4.5\tests\projectmodernizer.tests\bin\release\net10.0\projectmodernizer.tests.dll" id="d377057b-3cd5-5957-67d7-1279da340035">
      <Execution id="f1f11ade-3749-41f9-8f6c-967078e8b7f7" />
      <TestMethod codeBase="C:\Sewer-Studio_KI_4.5\tests\ProjectModernizer.Tests\bin\Release\net10.0\ProjectModernizer.Tests.dll" adapterTypeName="executor://xunit/VsTestRunner2/netcoreapp" className="ModernizerFlattenerTests" name="FlattenHaltungenVerteiltCopiesNestedFilesAndKeepsLegacySubfolders" />
    </UnitTest>
    <UnitTest name="ModernizerStructureFileResolverTests.ResolveExistingFileResolvesAbsolutePathWhenTypeMatches" storage="c:\sewer-studio_ki_4.5\tests\projectmodernizer.tests\bin\release\net10.0\projectmodernizer.tests.dll" id="a7fafdea-a334-e312-51f9-c60dc8dfcd9f">
      <Execution id="362a6134-7f8c-4d92-b52f-612dfd5aab05" />
      <TestMethod codeBase="C:\Sewer-Studio_KI_4.5\tests\ProjectModernizer.Tests\bin\Release\net10.0\ProjectModernizer.Tests.dll" adapterTypeName="executor://xunit/VsTestRunner2/netcoreapp" className="ModernizerStructureFileResolverTests" name="ResolveExistingFileResolvesAbsolutePathWhenTypeMatches" />
    </UnitTest>
    <UnitTest name="ModernizerProjectLoaderTests.LoadReturnsLoadFailedWhenProjectJsonIsInvalid" storage="c:\sewer-studio_ki_4.5\tests\projectmodernizer.tests\bin\release\net10.0\projectmodernizer.tests.dll" id="fd9f201f-de69-d204-37b7-20d62d3ea126">
      <Execution id="09bc381d-080e-4cf5-ba28-5fdf5efed3f1" />
      <TestMethod codeBase="C:\Sewer-Studio_KI_4.5\tests\ProjectModernizer.Tests\bin\Release\net10.0\ProjectModernizer.Tests.dll" adapterTypeName="executor://xunit/VsTestRunner2/netcoreapp" className="ModernizerProjectLoaderTests" name="LoadReturnsLoadFailedWhenProjectJsonIsInvalid" />
    </UnitTest>
    <UnitTest name="ModernizerFieldFlattenerTests.FlattenRecordFieldList_preserves_unresolved_entries_and_reports_them" storage="c:\sewer-studio_ki_4.5\tests\projectmodernizer.tests\bin\release\net10.0\projectmodernizer.tests.dll" id="6e9907f8-4660-0e7d-cf10-9ea3b377af5d">
      <Execution id="30ac7713-41f0-440c-8890-5e9910f63ab8" />
      <TestMethod codeBase="C:\Sewer-Studio_KI_4.5\tests\ProjectModernizer.Tests\bin\Release\net10.0\ProjectModernizer.Tests.dll" adapterTypeName="executor://xunit/VsTestRunner2/netcoreapp" className="ModernizerFieldFlattenerTests" name="FlattenRecordFieldList_preserves_unresolved_entries_and_reports_them" />
    </UnitTest>
    <UnitTest name="ModernizerStructureFileMoverTests.MoveOrCopyStructureFileUsesCollisionPathForSameSizedDifferentContent" storage="c:\sewer-studio_ki_4.5\tests\projectmodernizer.tests\bin\release\net10.0\projectmodernizer.tests.dll" id="fde3173e-278d-412d-ec30-29558122abe1">
      <Execution id="2efccc3a-3c87-4cfe-b381-53ed89eb3533" />
      <TestMethod codeBase="C:\Sewer-Studio_KI_4.5\tests\ProjectModernizer.Tests\bin\Release\net10.0\ProjectModernizer.Tests.dll" adapterTypeName="executor://xunit/VsTestRunner2/netcoreapp" className="ModernizerStructureFileMoverTests" name="MoveOrCopyStructureFileUsesCollisionPathForSameSizedDifferentContent" />
    </UnitTest>
    <UnitTest name="ModernizerFieldFlattenerTests.FlattenRecordField_keeps_direct_child_file_and_rewrites_absolute_path_to_relative" storage="c:\sewer-studio_ki_4.5\tests\projectmodernizer.tests\bin\release\net10.0\projectmodernizer.tests.dll" id="db2814a4-b855-1fcc-fba9-44b7a83fafe2">
      <Execution id="aa69914e-adc6-43c0-a02b-b6ae15700edc" />
      <TestMethod codeBase="C:\Sewer-Studio_KI_4.5\tests\ProjectModernizer.Tests\bin\Release\net10.0\ProjectModernizer.Tests.dll" adapterTypeName="executor://xunit/VsTestRunner2/netcoreapp" className="ModernizerFieldFlattenerTests" name="FlattenRecordField_keeps_direct_child_file_and_rewrites_absolute_path_to_relative" />
    </UnitTest>
    <UnitTest name="ModernizerProjectLoaderTests.LoadReturnsMissingProjectFileWhenExplicitFileDoesNotExist" storage="c:\sewer-studio_ki_4.5\tests\projectmodernizer.tests\bin\release\net10.0\projectmodernizer.tests.dll" id="de1905df-3093-2941-def5-fc257619a52b">
      <Execution id="75da29ff-bfc0-4dd2-94ea-dc10f7742ea6" />
      <TestMethod codeBase="C:\Sewer-Studio_KI_4.5\tests\ProjectModernizer.Tests\bin\Release\net10.0\ProjectModernizer.Tests.dll" adapterTypeName="executor://xunit/VsTestRunner2/netcoreapp" className="ModernizerProjectLoaderTests" name="LoadReturnsMissingProjectFileWhenExplicitFileDoesNotExist" />
    </UnitTest>
    <UnitTest name="ModernizerStructureFileMoverTests.MoveOrCopyStructureFileCopiesSourceInsideMoveRoot" storage="c:\sewer-studio_ki_4.5\tests\projectmodernizer.tests\bin\release\net10.0\projectmodernizer.tests.dll" id="b9db6b6b-9b98-d809-8273-829ce2021da0">
      <Execution id="31648449-ad34-4d86-8a5d-2a8a36282392" />
      <TestMethod codeBase="C:\Sewer-Studio_KI_4.5\tests\ProjectModernizer.Tests\bin\Release\net10.0\ProjectModernizer.Tests.dll" adapterTypeName="executor://xunit/VsTestRunner2/netcoreapp" className="ModernizerStructureFileMoverTests" name="MoveOrCopyStructureFileCopiesSourceInsideMoveRoot" />
    </UnitTest>
    <UnitTest name="ProjectModernizerExitCodeResolverTests.ResolveReturnsUnresolvedPathsWhenOnlyPathsAreMissing" storage="c:\sewer-studio_ki_4.5\tests\projectmodernizer.tests\bin\release\net10.0\projectmodernizer.tests.dll" id="0f6211f3-4f66-da6d-37f2-67fa08d10e9b">
      <Execution id="094e92ab-d001-492a-839d-b8a3dbb21009" />
      <TestMethod codeBase="C:\Sewer-Studio_KI_4.5\tests\ProjectModernizer.Tests\bin\Release\net10.0\ProjectModernizer.Tests.dll" adapterTypeName="executor://xunit/VsTestRunner2/netcoreapp" className="ProjectModernizerExitCodeResolverTests" name="ResolveReturnsUnresolvedPathsWhenOnlyPathsAreMissing" />
    </UnitTest>
    <UnitTest name="ProtocolSnapshotLinkSanitizerTests.SanitizeProtocolChangeSnapshots_replaces_external_photo_with_central_relative_path" storage="c:\sewer-studio_ki_4.5\tests\projectmodernizer.tests\bin\release\net10.0\projectmodernizer.tests.dll" id="18405b54-3912-ffc4-e684-6e9b0c0e4e09">
      <Execution id="6dfc12ff-2de2-46f0-8f8f-6dd54422d1ca" />
      <TestMethod codeBase="C:\Sewer-Studio_KI_4.5\tests\ProjectModernizer.Tests\bin\Release\net10.0\ProjectModernizer.Tests.dll" adapterTypeName="executor://xunit/VsTestRunner2/netcoreapp" className="ProtocolSnapshotLinkSanitizerTests" name="SanitizeProtocolChangeSnapshots_replaces_external_photo_with_central_relative_path" />
    </UnitTest>
    <UnitTest name="ModernizerFileSystemTests.EmptyDirectoryCleanerDeletesNestedEmptyDirectoryTree" storage="c:\sewer-studio_ki_4.5\tests\projectmodernizer.tests\bin\release\net10.0\projectmodernizer.tests.dll" id="cbeb0f96-8370-1afa-35e4-38d5621872ed">
      <Execution id="f5c15f41-edfc-427d-ab8f-71a70b61db35" />
      <TestMethod codeBase="C:\Sewer-Studio_KI_4.5\tests\ProjectModernizer.Tests\bin\Release\net10.0\ProjectModernizer.Tests.dll" adapterTypeName="executor://xunit/VsTestRunner2/netcoreapp" className="ModernizerFileSystemTests" name="EmptyDirectoryCleanerDeletesNestedEmptyDirectoryTree" />
    </UnitTest>
    <UnitTest name="ModernizedProjectSaverTests.SaveWritesCanonicalProjectPointerAndReport" storage="c:\sewer-studio_ki_4.5\tests\projectmodernizer.tests\bin\release\net10.0\projectmodernizer.tests.dll" id="9e9b4913-f200-49db-c925-bcb889ba2ce4">
      <Execution id="3539146c-c864-47d7-81e1-581cb8981ebe" />
      <TestMethod codeBase="C:\Sewer-Studio_KI_4.5\tests\ProjectModernizer.Tests\bin\Release\net10.0\ProjectModernizer.Tests.dll" adapterTypeName="executor://xunit/VsTestRunner2/netcoreapp" className="ModernizedProjectSaverTests" name="SaveWritesCanonicalProjectPointerAndReport" />
    </UnitTest>
    <UnitTest name="ModernizerSourceIndexBuilderTests.BuildSourceVideoIndexUsesHoldingNameBeforeFirstUnderscore" storage="c:\sewer-studio_ki_4.5\tests\projectmodernizer.tests\bin\release\net10.0\projectmodernizer.tests.dll" id="916fd0ea-a684-f54c-5df1-93f5d22e678b">
      <Execution id="49a53900-f9a1-4850-9665-1f0805688172" />
      <TestMethod codeBase="C:\Sewer-Studio_KI_4.5\tests\ProjectModernizer.Tests\bin\Release\net10.0\ProjectModernizer.Tests.dll" adapterTypeName="executor://xunit/VsTestRunner2/netcoreapp" className="ModernizerSourceIndexBuilderTests" name="BuildSourceVideoIndexUsesHoldingNameBeforeFirstUnderscore" />
    </UnitTest>
    <UnitTest name="ModernizerFileSystemTests.CopyFileExactUsesCollisionPathForSameSizedDifferentContent" storage="c:\sewer-studio_ki_4.5\tests\projectmodernizer.tests\bin\release\net10.0\projectmodernizer.tests.dll" id="4b91f4c0-5b1c-519e-e215-f54273c036e0">
      <Execution id="2d1305c5-836a-43ff-977a-fc69df0767a8" />
      <TestMethod codeBase="C:\Sewer-Studio_KI_4.5\tests\ProjectModernizer.Tests\bin\Release\net10.0\ProjectModernizer.Tests.dll" adapterTypeName="executor://xunit/VsTestRunner2/netcoreapp" className="ModernizerFileSystemTests" name="CopyFileExactUsesCollisionPathForSameSizedDifferentContent" />
    </UnitTest>
    <UnitTest name="ModernizerRelinkerTests.RelinkSchaechteCopiesProtocolPhotosAsSchachtFiles" storage="c:\sewer-studio_ki_4.5\tests\projectmodernizer.tests\bin\release\net10.0\projectmodernizer.tests.dll" id="d5e672d8-79a4-5cfb-71f2-5d6c4b582543">
      <Execution id="2e3ed619-f3a8-48f0-ae0f-b7859e18a2e2" />
      <TestMethod codeBase="C:\Sewer-Studio_KI_4.5\tests\ProjectModernizer.Tests\bin\Release\net10.0\ProjectModernizer.Tests.dll" adapterTypeName="executor://xunit/VsTestRunner2/netcoreapp" className="ModernizerRelinkerTests" name="RelinkSchaechteCopiesProtocolPhotosAsSchachtFiles" />
    </UnitTest>
    <UnitTest name="ModernizerWorkflowTests.RunCreatesCurrentFoldersBackupAndCopiesLegacySchachtTree" storage="c:\sewer-studio_ki_4.5\tests\projectmodernizer.tests\bin\release\net10.0\projectmodernizer.tests.dll" id="7d0da1d1-aabf-0bad-94bd-5cb37496471d">
      <Execution id="6d547374-42f3-4a38-878c-2c3dbba75cac" />
      <TestMethod codeBase="C:\Sewer-Studio_KI_4.5\tests\ProjectModernizer.Tests\bin\Release\net10.0\ProjectModernizer.Tests.dll" adapterTypeName="executor://xunit/VsTestRunner2/netcoreapp" className="ModernizerWorkflowTests" name="RunCreatesCurrentFoldersBackupAndCopiesLegacySchachtTree" />
    </UnitTest>
    <UnitTest name="ProtocolSnapshotLinkSanitizerTests.SanitizeProtocolChangeSnapshots_covers_after_original_and_history" storage="c:\sewer-studio_ki_4.5\tests\projectmodernizer.tests\bin\release\net10.0\projectmodernizer.tests.dll" id="d38a9d20-bb58-fa31-15b2-38fd80ebe45c">
      <Execution id="fd09c33e-8217-4514-b11d-c4aa6b036375" />
      <TestMethod codeBase="C:\Sewer-Studio_KI_4.5\tests\ProjectModernizer.Tests\bin\Release\net10.0\ProjectModernizer.Tests.dll" adapterTypeName="executor://xunit/VsTestRunner2/netcoreapp" className="ProtocolSnapshotLinkSanitizerTests" name="SanitizeProtocolChangeSnapshots_covers_after_original_and_history" />
    </UnitTest>
    <UnitTest name="ExternalPathDetectorTests.ContainsExternalDrivePathDetectsOnlyPathsOutsideProjectFolder" storage="c:\sewer-studio_ki_4.5\tests\projectmodernizer.tests\bin\release\net10.0\projectmodernizer.tests.dll" id="1634ba21-bbfc-3e33-cae0-03882d6970a0">
      <Execution id="ab282d0f-398a-4b93-8e7f-92a43be79992" />
      <TestMethod codeBase="C:\Sewer-Studio_KI_4.5\tests\ProjectModernizer.Tests\bin\Release\net10.0\ProjectModernizer.Tests.dll" adapterTypeName="executor://xunit/VsTestRunner2/netcoreapp" className="ExternalPathDetectorTests" name="ContainsExternalDrivePathDetectsOnlyPathsOutsideProjectFolder" />
    </UnitTest>
    <UnitTest name="ModernizerSourceIndexBuilderTests.BuildExternalFileIndexIncludesKnownMediaAndPdfFromSourceAndImports" storage="c:\sewer-studio_ki_4.5\tests\projectmodernizer.tests\bin\release\net10.0\projectmodernizer.tests.dll" id="25175517-6e95-5cd6-bb3e-a57fb646ea94">
      <Execution id="5611a2ec-f79a-4962-8819-172261aba0a6" />
      <TestMethod codeBase="C:\Sewer-Studio_KI_4.5\tests\ProjectModernizer.Tests\bin\Release\net10.0\ProjectModernizer.Tests.dll" adapterTypeName="executor://xunit/VsTestRunner2/netcoreapp" className="ModernizerSourceIndexBuilderTests" name="BuildExternalFileIndexIncludesKnownMediaAndPdfFromSourceAndImports" />
    </UnitTest>
    <UnitTest name="ModernizerRelinkerTests.RelinkHaltungenDryRunReportsSingleSourceVideoWithoutChangingRecord" storage="c:\sewer-studio_ki_4.5\tests\projectmodernizer.tests\bin\release\net10.0\projectmodernizer.tests.dll" id="60a19c4f-d183-ad50-6e89-2c578ff263ba">
      <Execution id="c21a774c-ebcb-433c-996a-c48803b6e170" />
      <TestMethod codeBase="C:\Sewer-Studio_KI_4.5\tests\ProjectModernizer.Tests\bin\Release\net10.0\ProjectModernizer.Tests.dll" adapterTypeName="executor://xunit/VsTestRunner2/netcoreapp" className="ModernizerRelinkerTests" name="RelinkHaltungenDryRunReportsSingleSourceVideoWithoutChangingRecord" />
    </UnitTest>
    <UnitTest name="ModernizerFileSystemTests.SameFileContentReturnsFalseForSameSizedDifferentContent" storage="c:\sewer-studio_ki_4.5\tests\projectmodernizer.tests\bin\release\net10.0\projectmodernizer.tests.dll" id="e5d695b7-02b9-a7cc-9254-e928598fc813">
      <Execution id="108bc029-e896-44f2-a47c-3c013e6a50dc" />
      <TestMethod codeBase="C:\Sewer-Studio_KI_4.5\tests\ProjectModernizer.Tests\bin\Release\net10.0\ProjectModernizer.Tests.dll" adapterTypeName="executor://xunit/VsTestRunner2/netcoreapp" className="ModernizerFileSystemTests" name="SameFileContentReturnsFalseForSameSizedDifferentContent" />
    </UnitTest>
    <UnitTest name="ModernizerRecordFieldSpecsTests.HaltungDateStampFieldsKeepExpectedFallbackOrder" storage="c:\sewer-studio_ki_4.5\tests\projectmodernizer.tests\bin\release\net10.0\projectmodernizer.tests.dll" id="dffb1f4c-cd52-5566-f5a5-274be156b083">
      <Execution id="50532b82-ffca-401d-8838-d7e013dae28f" />
      <TestMethod codeBase="C:\Sewer-Studio_KI_4.5\tests\ProjectModernizer.Tests\bin\Release\net10.0\ProjectModernizer.Tests.dll" adapterTypeName="executor://xunit/VsTestRunner2/netcoreapp" className="ModernizerRecordFieldSpecsTests" name="HaltungDateStampFieldsKeepExpectedFallbackOrder" />
    </UnitTest>
    <UnitTest name="ModernizerStructureFileResolverTests.ResolveExistingFileResolvesRelativeProjectPath" storage="c:\sewer-studio_ki_4.5\tests\projectmodernizer.tests\bin\release\net10.0\projectmodernizer.tests.dll" id="5e32157e-4d7a-0137-446b-a84bbc1e7126">
      <Execution id="f13a0770-597f-4cd8-8382-a16cfb435f6a" />
      <TestMethod codeBase="C:\Sewer-Studio_KI_4.5\tests\ProjectModernizer.Tests\bin\Release\net10.0\ProjectModernizer.Tests.dll" adapterTypeName="executor://xunit/VsTestRunner2/netcoreapp" className="ModernizerStructureFileResolverTests" name="ResolveExistingFileResolvesRelativeProjectPath" />
    </UnitTest>
    <UnitTest name="ProjectModernizerExitCodeResolverTests.ResolveReturnsSuccessWhenReportHasNoProblems" storage="c:\sewer-studio_ki_4.5\tests\projectmodernizer.tests\bin\release\net10.0\projectmodernizer.tests.dll" id="251ae7d5-166b-5fc2-7594-c3742173354a">
      <Execution id="d359bbcf-fa65-49f8-8851-a14b4a9137a5" />
      <TestMethod codeBase="C:\Sewer-Studio_KI_4.5\tests\ProjectModernizer.Tests\bin\Release\net10.0\ProjectModernizer.Tests.dll" adapterTypeName="executor://xunit/VsTestRunner2/netcoreapp" className="ProjectModernizerExitCodeResolverTests" name="ResolveReturnsSuccessWhenReportHasNoProblems" />
    </UnitTest>
    <UnitTest name="ExternalProjectLinkSanitizerTests.SanitizeMetadataLinks_rewrites_external_import_metadata" storage="c:\sewer-studio_ki_4.5\tests\projectmodernizer.tests\bin\release\net10.0\projectmodernizer.tests.dll" id="2047fbe1-1ed4-9f20-6ed2-659d4192622d">
      <Execution id="7b80f03c-6068-4b32-a333-e4f2b2964ea8" />
      <TestMethod codeBase="C:\Sewer-Studio_KI_4.5\tests\ProjectModernizer.Tests\bin\Release\net10.0\ProjectModernizer.Tests.dll" adapterTypeName="executor://xunit/VsTestRunner2/netcoreapp" className="ExternalProjectLinkSanitizerTests" name="SanitizeMetadataLinks_rewrites_external_import_metadata" />
    </UnitTest>
    <UnitTest name="ModernizerStructureFilesTests.BuildFlatFieldTarget_keeps_expected_suffixes" storage="c:\sewer-studio_ki_4.5\tests\projectmodernizer.tests\bin\release\net10.0\projectmodernizer.tests.dll" id="1f322746-cca1-3817-d326-ab6ccd2ffe60">
      <Execution id="dde814c8-bb4f-457e-be06-a7290d9ff1f2" />
      <TestMethod codeBase="C:\Sewer-Studio_KI_4.5\tests\ProjectModernizer.Tests\bin\Release\net10.0\ProjectModernizer.Tests.dll" adapterTypeName="executor://xunit/VsTestRunner2/netcoreapp" className="ModernizerStructureFilesTests" name="BuildFlatFieldTarget_keeps_expected_suffixes" />
    </UnitTest>
    <UnitTest name="ModernizerProjectLoaderTests.LoadBuildsRequestWithAbsolutePathsAndLoadedProject" storage="c:\sewer-studio_ki_4.5\tests\projectmodernizer.tests\bin\release\net10.0\projectmodernizer.tests.dll" id="bcb1f118-5e72-9dab-617e-8d387778e0da">
      <Execution id="747c28e9-de47-4ab7-807f-bc8c793aca9b" />
      <TestMethod codeBase="C:\Sewer-Studio_KI_4.5\tests\ProjectModernizer.Tests\bin\Release\net10.0\ProjectModernizer.Tests.dll" adapterTypeName="executor://xunit/VsTestRunner2/netcoreapp" className="ModernizerProjectLoaderTests" name="LoadBuildsRequestWithAbsolutePathsAndLoadedProject" />
    </UnitTest>
    <UnitTest name="ModernizerRelinkerTests.RelinkHaltungenIgnoresNullVsaFindings" storage="c:\sewer-studio_ki_4.5\tests\projectmodernizer.tests\bin\release\net10.0\projectmodernizer.tests.dll" id="9bd6e648-755e-063a-4c0c-ad0dbcf687d1">
      <Execution id="8efa73f2-a6a3-4371-9941-bff0f8ccf618" />
      <TestMethod codeBase="C:\Sewer-Studio_KI_4.5\tests\ProjectModernizer.Tests\bin\Release\net10.0\ProjectModernizer.Tests.dll" adapterTypeName="executor://xunit/VsTestRunner2/netcoreapp" className="ModernizerRelinkerTests" name="RelinkHaltungenIgnoresNullVsaFindings" />
    </UnitTest>
    <UnitTest name="ModernizerStructureFileMoverTests.MoveOrCopyStructureFileCopiesExternalSource" storage="c:\sewer-studio_ki_4.5\tests\projectmodernizer.tests\bin\release\net10.0\projectmodernizer.tests.dll" id="05e826ca-a97e-30e8-e0e7-483728b1a6ff">
      <Execution id="ea3bbfda-0adc-4728-a32b-5228df92c7c3" />
      <TestMethod codeBase="C:\Sewer-Studio_KI_4.5\tests\ProjectModernizer.Tests\bin\Release\net10.0\ProjectModernizer.Tests.dll" adapterTypeName="executor://xunit/VsTestRunner2/netcoreapp" className="ModernizerStructureFileMoverTests" name="MoveOrCopyStructureFileCopiesExternalSource" />
    </UnitTest>
    <UnitTest name="ModernizerFieldFlattenerTests.FlattenRecordField_copies_nested_video_to_flat_holding_root_and_updates_link" storage="c:\sewer-studio_ki_4.5\tests\projectmodernizer.tests\bin\release\net10.0\projectmodernizer.tests.dll" id="2568984e-a5db-ce0a-19db-cf9dcad08faf">
      <Execution id="4df020a3-5d41-4f2e-a791-1ae07524666b" />
      <TestMethod codeBase="C:\Sewer-Studio_KI_4.5\tests\ProjectModernizer.Tests\bin\Release\net10.0\ProjectModernizer.Tests.dll" adapterTypeName="executor://xunit/VsTestRunner2/netcoreapp" className="ModernizerFieldFlattenerTests" name="FlattenRecordField_copies_nested_video_to_flat_holding_root_and_updates_link" />
    </UnitTest>
    <UnitTest name="ProjectModernizerRunnerTests.RunDryRunLoadsProjectButDoesNotCreateModernFolders" storage="c:\sewer-studio_ki_4.5\tests\projectmodernizer.tests\bin\release\net10.0\projectmodernizer.tests.dll" id="7d6eedd4-a304-541d-bfe1-d142cc59c3fc">
      <Execution id="76825bc4-518b-4bd2-b860-4130db9f9bfd" />
      <TestMethod codeBase="C:\Sewer-Studio_KI_4.5\tests\ProjectModernizer.Tests\bin\Release\net10.0\ProjectModernizer.Tests.dll" adapterTypeName="executor://xunit/VsTestRunner2/netcoreapp" className="ProjectModernizerRunnerTests" name="RunDryRunLoadsProjectButDoesNotCreateModernFolders" />
    </UnitTest>
  </TestDefinitions>
  <TestEntries>
    <TestEntry testId="fde3173e-278d-412d-ec30-29558122abe1" executionId="2efccc3a-3c87-4cfe-b381-53ed89eb3533" testListId="8c84fa94-04c1-424b-9868-57a2d4851a1d" />
    <TestEntry testId="fa1555b3-8447-9bf6-6c5f-687c6e71d91c" executionId="ae729899-bf7d-4e97-8cd5-db4d9434bd74" testListId="8c84fa94-04c1-424b-9868-57a2d4851a1d" />
    <TestEntry testId="de1905df-3093-2941-def5-fc257619a52b" executionId="75da29ff-bfc0-4dd2-94ea-dc10f7742ea6" testListId="8c84fa94-04c1-424b-9868-57a2d4851a1d" />
    <TestEntry testId="4c93b0ba-0ef1-73c3-2475-6de28de62b7e" executionId="d8e433c0-8511-43c8-8434-1c514a9314fe" testListId="8c84fa94-04c1-424b-9868-57a2d4851a1d" />
    <TestEntry testId="9e9b4913-f200-49db-c925-bcb889ba2ce4" executionId="3539146c-c864-47d7-81e1-581cb8981ebe" testListId="8c84fa94-04c1-424b-9868-57a2d4851a1d" />
    <TestEntry testId="7597430d-241f-2c19-d996-803303885f7c" executionId="a26d5817-99a3-4fed-8660-b02443c9bfb2" testListId="8c84fa94-04c1-424b-9868-57a2d4851a1d" />
    <TestEntry testId="4b919e5d-2608-5a2f-d948-e9d87d1a4c79" executionId="40632b48-e8e4-4b78-a34a-c38a48750bc8" testListId="8c84fa94-04c1-424b-9868-57a2d4851a1d" />
    <TestEntry testId="cbeb0f96-8370-1afa-35e4-38d5621872ed" executionId="f5c15f41-edfc-427d-ab8f-71a70b61db35" testListId="8c84fa94-04c1-424b-9868-57a2d4851a1d" />
    <TestEntry testId="1634ba21-bbfc-3e33-cae0-03882d6970a0" executionId="ab282d0f-398a-4b93-8e7f-92a43be79992" testListId="8c84fa94-04c1-424b-9868-57a2d4851a1d" />
    <TestEntry testId="db2814a4-b855-1fcc-fba9-44b7a83fafe2" executionId="aa69914e-adc6-43c0-a02b-b6ae15700edc" testListId="8c84fa94-04c1-424b-9868-57a2d4851a1d" />
    <TestEntry testId="fd9f201f-de69-d204-37b7-20d62d3ea126" executionId="09bc381d-080e-4cf5-ba28-5fdf5efed3f1" testListId="8c84fa94-04c1-424b-9868-57a2d4851a1d" />
    <TestEntry testId="22708d88-bbbc-0f6a-c7e4-1a3ab2fd1a8e" executionId="eef0ef04-2641-45ff-acc9-549cdb3328c2" testListId="8c84fa94-04c1-424b-9868-57a2d4851a1d" />
    <TestEntry testId="d38a9d20-bb58-fa31-15b2-38fd80ebe45c" executionId="fd09c33e-8217-4514-b11d-c4aa6b036375" testListId="8c84fa94-04c1-424b-9868-57a2d4851a1d" />
    <TestEntry testId="6e9907f8-4660-0e7d-cf10-9ea3b377af5d" executionId="30ac7713-41f0-440c-8890-5e9910f63ab8" testListId="8c84fa94-04c1-424b-9868-57a2d4851a1d" />
    <TestEntry testId="71c210d4-8887-7171-0319-e8b9f10240d9" executionId="4b890e63-afbb-457a-98a3-67652a6ffc52" testListId="8c84fa94-04c1-424b-9868-57a2d4851a1d" />
    <TestEntry testId="0f6211f3-4f66-da6d-37f2-67fa08d10e9b" executionId="094e92ab-d001-492a-839d-b8a3dbb21009" testListId="8c84fa94-04c1-424b-9868-57a2d4851a1d" />
    <TestEntry testId="b9db6b6b-9b98-d809-8273-829ce2021da0" executionId="31648449-ad34-4d86-8a5d-2a8a36282392" testListId="8c84fa94-04c1-424b-9868-57a2d4851a1d" />
    <TestEntry testId="05e826ca-a97e-30e8-e0e7-483728b1a6ff" executionId="ea3bbfda-0adc-4728-a32b-5228df92c7c3" testListId="8c84fa94-04c1-424b-9868-57a2d4851a1d" />
    <TestEntry testId="9bd6e648-755e-063a-4c0c-ad0dbcf687d1" executionId="8efa73f2-a6a3-4371-9941-bff0f8ccf618" testListId="8c84fa94-04c1-424b-9868-57a2d4851a1d" />
    <TestEntry testId="c028bced-09c5-d091-3289-21540957dadc" executionId="984da8bf-c57f-4255-b261-6c257905c846" testListId="8c84fa94-04c1-424b-9868-57a2d4851a1d" />
    <TestEntry testId="dffb1f4c-cd52-5566-f5a5-274be156b083" executionId="50532b82-ffca-401d-8838-d7e013dae28f" testListId="8c84fa94-04c1-424b-9868-57a2d4851a1d" />
    <TestEntry testId="4b91f4c0-5b1c-519e-e215-f54273c036e0" executionId="2d1305c5-836a-43ff-977a-fc69df0767a8" testListId="8c84fa94-04c1-424b-9868-57a2d4851a1d" />
    <TestEntry testId="b9878824-b6c4-b178-20aa-cd5548acc282" executionId="a72eb16d-dab9-4ebd-9575-849f67c6116b" testListId="8c84fa94-04c1-424b-9868-57a2d4851a1d" />
    <TestEntry testId="e00db5da-6375-e6e1-bdf7-15eb51655166" executionId="b521bb18-1534-4157-b8fc-3a054dcb3427" testListId="8c84fa94-04c1-424b-9868-57a2d4851a1d" />
    <TestEntry testId="db5a1f9e-f932-bfbd-a8d5-396e86d4e482" executionId="e4d5de3b-ca6d-4b9b-b862-84a82d95e7ea" testListId="8c84fa94-04c1-424b-9868-57a2d4851a1d" />
    <TestEntry testId="18405b54-3912-ffc4-e684-6e9b0c0e4e09" executionId="6dfc12ff-2de2-46f0-8f8f-6dd54422d1ca" testListId="8c84fa94-04c1-424b-9868-57a2d4851a1d" />
    <TestEntry testId="9e0017be-73b7-2db5-dbe4-c179475c57d6" executionId="353c33fc-2f86-4d34-b319-de17ad5b4435" testListId="8c84fa94-04c1-424b-9868-57a2d4851a1d" />
    <TestEntry testId="f84c7f00-ca41-a77a-113c-8b6b659d5e86" executionId="745b4677-e1f9-4968-8298-07003ab701ba" testListId="8c84fa94-04c1-424b-9868-57a2d4851a1d" />
    <TestEntry testId="103a49b3-b587-c7f3-e610-9a6953e8bb19" executionId="65e3142f-ed6a-4653-817d-2f4b4b5f0f09" testListId="8c84fa94-04c1-424b-9868-57a2d4851a1d" />
    <TestEntry testId="7d0da1d1-aabf-0bad-94bd-5cb37496471d" executionId="6d547374-42f3-4a38-878c-2c3dbba75cac" testListId="8c84fa94-04c1-424b-9868-57a2d4851a1d" />
    <TestEntry testId="8c4f417f-dc9e-9c6e-ba75-c93398c430d2" executionId="c4aff152-ec1d-4fa7-a8d4-aeb22970daed" testListId="8c84fa94-04c1-424b-9868-57a2d4851a1d" />
    <TestEntry testId="bcb1f118-5e72-9dab-617e-8d387778e0da" executionId="747c28e9-de47-4ab7-807f-bc8c793aca9b" testListId="8c84fa94-04c1-424b-9868-57a2d4851a1d" />
    <TestEntry testId="f8419893-4daa-7803-e380-a4740e33b2b2" executionId="0f5d6e39-fbb7-40ce-b615-5b1f1e84e5e6" testListId="8c84fa94-04c1-424b-9868-57a2d4851a1d" />
    <TestEntry testId="5a6efccd-0f52-2a99-1491-b74c42c92aa6" executionId="44ce86aa-a27c-419c-bc29-5672a0a97543" testListId="8c84fa94-04c1-424b-9868-57a2d4851a1d" />
    <TestEntry testId="f22c1a5f-ab8d-179e-004b-9533a1b8e160" executionId="5e06da8a-9f6f-4231-9f05-34782df9832f" testListId="8c84fa94-04c1-424b-9868-57a2d4851a1d" />
    <TestEntry testId="e4ada9eb-6550-a4d6-5ca8-38e25255b88c" executionId="ae6e5be8-e39f-48c0-8405-0d0c85caa8d6" testListId="8c84fa94-04c1-424b-9868-57a2d4851a1d" />
    <TestEntry testId="c0cbe092-781d-277d-d795-6a4338a55533" executionId="ce43f2da-fbba-4650-b951-31dfb1d3b72a" testListId="8c84fa94-04c1-424b-9868-57a2d4851a1d" />
    <TestEntry testId="4a086579-aa2c-8fae-3df6-b9385fd2edfc" executionId="99285aa2-f161-4601-9f07-75a40e60fd81" testListId="8c84fa94-04c1-424b-9868-57a2d4851a1d" />
    <TestEntry testId="5e32157e-4d7a-0137-446b-a84bbc1e7126" executionId="f13a0770-597f-4cd8-8382-a16cfb435f6a" testListId="8c84fa94-04c1-424b-9868-57a2d4851a1d" />
    <TestEntry testId="4d2caeec-0f26-dd92-8954-83694238c980" executionId="8fa81486-45ec-4bc8-be0b-fa6e0d966096" testListId="8c84fa94-04c1-424b-9868-57a2d4851a1d" />
    <TestEntry testId="2568984e-a5db-ce0a-19db-cf9dcad08faf" executionId="4df020a3-5d41-4f2e-a791-1ae07524666b" testListId="8c84fa94-04c1-424b-9868-57a2d4851a1d" />
    <TestEntry testId="13d23377-5096-2b4e-db27-d39ad9b9e115" executionId="1cba7017-979a-45fb-9110-dbc95c2fec67" testListId="8c84fa94-04c1-424b-9868-57a2d4851a1d" />
    <TestEntry testId="1b9e4a27-1f77-904b-74a5-ff7ee0974811" executionId="b5dd371c-29bc-4ace-bd75-14e77beaba17" testListId="8c84fa94-04c1-424b-9868-57a2d4851a1d" />
    <TestEntry testId="1f322746-cca1-3817-d326-ab6ccd2ffe60" executionId="dde814c8-bb4f-457e-be06-a7290d9ff1f2" testListId="8c84fa94-04c1-424b-9868-57a2d4851a1d" />
    <TestEntry testId="2047fbe1-1ed4-9f20-6ed2-659d4192622d" executionId="7b80f03c-6068-4b32-a333-e4f2b2964ea8" testListId="8c84fa94-04c1-424b-9868-57a2d4851a1d" />
    <TestEntry testId="e1efcb53-2b84-5d26-c7ce-6107f43c4ddb" executionId="bac49833-8cc1-467a-a2b2-a55adf919234" testListId="8c84fa94-04c1-424b-9868-57a2d4851a1d" />
    <TestEntry testId="60a19c4f-d183-ad50-6e89-2c578ff263ba" executionId="c21a774c-ebcb-433c-996a-c48803b6e170" testListId="8c84fa94-04c1-424b-9868-57a2d4851a1d" />
    <TestEntry testId="454e623c-7127-f01e-72d2-a068c853adfb" executionId="3464a90e-746e-41c8-a52c-213788c7b494" testListId="8c84fa94-04c1-424b-9868-57a2d4851a1d" />
    <TestEntry testId="206ef65d-41d3-3cd2-8302-b83115b3630f" executionId="c13aa79e-8c93-4c9e-86a2-6d04779384ba" testListId="8c84fa94-04c1-424b-9868-57a2d4851a1d" />
    <TestEntry testId="251ae7d5-166b-5fc2-7594-c3742173354a" executionId="d359bbcf-fa65-49f8-8851-a14b4a9137a5" testListId="8c84fa94-04c1-424b-9868-57a2d4851a1d" />
    <TestEntry testId="e5d695b7-02b9-a7cc-9254-e928598fc813" executionId="108bc029-e896-44f2-a47c-3c013e6a50dc" testListId="8c84fa94-04c1-424b-9868-57a2d4851a1d" />
    <TestEntry testId="5d156b69-6779-16a2-221c-e40f4a988a59" executionId="dbe50512-c813-4ff2-ae69-88f76ccb89c0" testListId="8c84fa94-04c1-424b-9868-57a2d4851a1d" />
    <TestEntry testId="d377057b-3cd5-5957-67d7-1279da340035" executionId="f1f11ade-3749-41f9-8f6c-967078e8b7f7" testListId="8c84fa94-04c1-424b-9868-57a2d4851a1d" />
    <TestEntry testId="a7fafdea-a334-e312-51f9-c60dc8dfcd9f" executionId="362a6134-7f8c-4d92-b52f-612dfd5aab05" testListId="8c84fa94-04c1-424b-9868-57a2d4851a1d" />
    <TestEntry testId="04bbe86b-add5-4ab3-0fff-091a6d7a3ee3" executionId="a12afc5e-8265-46ee-8a14-132e8545e7d2" testListId="8c84fa94-04c1-424b-9868-57a2d4851a1d" />
    <TestEntry testId="916fd0ea-a684-f54c-5df1-93f5d22e678b" executionId="49a53900-f9a1-4850-9665-1f0805688172" testListId="8c84fa94-04c1-424b-9868-57a2d4851a1d" />
    <TestEntry testId="d5e672d8-79a4-5cfb-71f2-5d6c4b582543" executionId="2e3ed619-f3a8-48f0-ae0f-b7859e18a2e2" testListId="8c84fa94-04c1-424b-9868-57a2d4851a1d" />
    <TestEntry testId="2f76bb69-d742-4888-d5e6-67d27a2c0707" executionId="57562ad8-f9e9-46ea-8681-eaf30b79f306" testListId="8c84fa94-04c1-424b-9868-57a2d4851a1d" />
    <TestEntry testId="d72506da-597e-79d5-c236-f8306eb76aef" executionId="9ab915c3-b5c2-49a9-8172-f0630fd1d01b" testListId="8c84fa94-04c1-424b-9868-57a2d4851a1d" />
    <TestEntry testId="25175517-6e95-5cd6-bb3e-a57fb646ea94" executionId="5611a2ec-f79a-4962-8819-172261aba0a6" testListId="8c84fa94-04c1-424b-9868-57a2d4851a1d" />
    <TestEntry testId="f1503eaa-1bb7-f2c1-a1be-4c1b1277e706" executionId="4e11ef70-d659-400a-b308-b0d8e84ab012" testListId="8c84fa94-04c1-424b-9868-57a2d4851a1d" />
    <TestEntry testId="7d6eedd4-a304-541d-bfe1-d142cc59c3fc" executionId="76825bc4-518b-4bd2-b860-4130db9f9bfd" testListId="8c84fa94-04c1-424b-9868-57a2d4851a1d" />
  </TestEntries>
  <TestLists>
    <TestList name="Ergebnisse nicht in einer Liste" id="8c84fa94-04c1-424b-9868-57a2d4851a1d" />
    <TestList name="Alle geladenen Ergebnisse" id="19431567-8539-422a-85d7-44ee4e166bda" />
  </TestLists>
  <ResultSummary outcome="Completed">
    <Counters total="62" executed="62" passed="62" failed="0" error="0" timeout="0" aborted="0" inconclusive="0" passedButRunAborted="0" notRunnable="0" notExecuted="0" disconnected="0" warning="0" completed="0" inProgress="0" pending="0" />
    <Output>
      <StdOut>[xUnit.net 00:00:00.00] xUnit.net VSTest Adapter v2.5.7+8f2703126a (64-bit .NET 10.0.11)&#xD;
[xUnit.net 00:00:00.22]   Discovering: ProjectModernizer.Tests&#xD;
[xUnit.net 00:00:00.25]   Discovered:  ProjectModernizer.Tests&#xD;
[xUnit.net 00:00:00.25]   Starting:    ProjectModernizer.Tests&#xD;
[xUnit.net 00:00:00.73]   Finished:    ProjectModernizer.Tests&#xD;
</StdOut>
    </Output>
  </ResultSummary>
</TestRun>