<?xml version="1.0" encoding="utf-8"?>
<TestRun id="2850f092-a4a5-440e-97fa-974b9675b8c9" name="Besitzer@PCW11X01 2026-09-06 11:18:46" runUser="PCW11X01\Besitzer" xmlns="http://microsoft.com/schemas/VisualStudio/TeamTest/2010">
  <Times creation="2026-09-06T11:18:46.3682443+02:00" queuing="2026-09-06T11:18:46.3682444+02:00" start="2026-09-06T11:18:45.5553255+02:00" finish="2026-09-06T11:18:46.4521189+02:00" />
  <TestSettings name="default" id="b2bf92d2-14cc-47de-a904-d4366254adf6">
    <Deployment runDeploymentRoot="Besitzer_PCW11X01_2026-09-06_11_18_46" />
  </TestSettings>
  <Results>
    <UnitTestResult executionId="dc97c08f-cb37-44fa-a715-980def3a4f82" testId="8113f2ad-f7fb-014c-5c7e-815948a0440f" testName="AuswertungPro.Next.Infrastructure.Tests.ShaftRenameSafetyTests.Rename_FotosInAllenProtokollstaenden_BleibenErreichbar" computerName="PCW11X01" duration="00:00:00.0101344" startTime="2026-09-06T11:18:46.4102421+02:00" endTime="2026-09-06T11:18:46.4102422+02:00" testType="13cdc9d9-ddb5-4fa4-a97d-d965ccfc6d4b" outcome="Failed" testListId="8c84fa94-04c1-424b-9868-57a2d4851a1d" relativeResultsDirectory="dc97c08f-cb37-44fa-a715-980def3a4f82">
      <Output>
        <ErrorInfo>
          <Message>Assert.Equal() Failure: Strings differ&#xD;
Expected: "C:\\Users\\Besitzer\\AppData\\Local\\Temp\\shaf"···&#xD;
Actual:   null</Message>
          <StackTrace>   at AuswertungPro.Next.Infrastructure.Tests.ShaftRenameSafetyTests.Rename_FotosInAllenProtokollstaenden_BleibenErreichbar() in C:\Sewer-Studio_KI_4.5\tests\AuswertungPro.Next.Infrastructure.Tests\ShaftRenameSafetyTests.cs:line 182&#xD;
   at System.Reflection.MethodBaseInvoker.InterpretedInvoke_Method(Object obj, IntPtr* args)&#xD;
   at System.Reflection.MethodBaseInvoker.InvokeWithNoArgs(Object obj, BindingFlags invokeAttr)</StackTrace>
        </ErrorInfo>
      </Output>
    </UnitTestResult>
    <UnitTestResult executionId="8b56f0ee-2f52-4c7e-8486-85887055cb5f" testId="0f74aac1-4e4a-7cfd-3843-a4bde09d930d" testName="AuswertungPro.Next.Infrastructure.Tests.ShaftRenameSafetyTests.Rename_Projektarchiv_BleibtUnveraendert(archiveFolder: &quot;Projektdateien&quot;)" computerName="PCW11X01" duration="00:00:00.0018852" startTime="2026-09-06T11:18:46.3521594+02:00" endTime="2026-09-06T11:18:46.3521594+02:00" testType="13cdc9d9-ddb5-4fa4-a97d-d965ccfc6d4b" outcome="Passed" testListId="8c84fa94-04c1-424b-9868-57a2d4851a1d" relativeResultsDirectory="8b56f0ee-2f52-4c7e-8486-85887055cb5f" />
    <UnitTestResult executionId="d0f4c44f-3110-41d4-867d-537fd96eb14b" testId="ec09c556-4d95-f7c0-901c-376af3ffae3e" testName="AuswertungPro.Next.Infrastructure.Tests.ShaftRenameSafetyTests.Rename_Projektarchiv_BleibtUnveraendert(archiveFolder: &quot;Imports&quot;)" computerName="PCW11X01" duration="00:00:00.0025303" startTime="2026-09-06T11:18:46.3520237+02:00" endTime="2026-09-06T11:18:46.3520238+02:00" testType="13cdc9d9-ddb5-4fa4-a97d-d965ccfc6d4b" outcome="Passed" testListId="8c84fa94-04c1-424b-9868-57a2d4851a1d" relativeResultsDirectory="d0f4c44f-3110-41d4-867d-537fd96eb14b" />
    <UnitTestResult executionId="3dd0a3e2-41cd-406b-aa83-3b5b60b6710e" testId="8de9dedc-03b9-057a-6d15-cde5e39c1a78" testName="AuswertungPro.Next.Infrastructure.Tests.Projects.ProjectNullRecoveryTests.Load_GueltigesLeeresAltprojekt_BleibtLesbar(json: &quot;{}&quot;)" computerName="PCW11X01" duration="00:00:00.0017088" startTime="2026-09-06T11:18:46.3339728+02:00" endTime="2026-09-06T11:18:46.3339729+02:00" testType="13cdc9d9-ddb5-4fa4-a97d-d965ccfc6d4b" outcome="Passed" testListId="8c84fa94-04c1-424b-9868-57a2d4851a1d" relativeResultsDirectory="3dd0a3e2-41cd-406b-aa83-3b5b60b6710e" />
    <UnitTestResult executionId="f0b996ad-80f1-4298-b457-e5baa7e3a5a1" testId="b5e2ab30-eec1-2d38-72ca-6c4cc37a9acc" testName="AuswertungPro.Next.Infrastructure.Tests.ShaftRenameSafetyTests.Rename_DateipfadOhneProjekt_WeistAb" computerName="PCW11X01" duration="00:00:00.0018898" startTime="2026-09-06T11:18:46.4119069+02:00" endTime="2026-09-06T11:18:46.4119070+02:00" testType="13cdc9d9-ddb5-4fa4-a97d-d965ccfc6d4b" outcome="Passed" testListId="8c84fa94-04c1-424b-9868-57a2d4851a1d" relativeResultsDirectory="f0b996ad-80f1-4298-b457-e5baa7e3a5a1" />
    <UnitTestResult executionId="9568ea33-9225-4748-9c28-a759d1305366" testId="dddd872c-1950-3aba-5107-7a3b9989de07" testName="AuswertungPro.Next.Infrastructure.Tests.ShaftRenameSafetyTests.Rename_FremderPfad_WeistAbUndBewahrtOriginalUndVerweise(field: &quot;PDF_Path&quot;)" computerName="PCW11X01" duration="00:00:00.0023828" startTime="2026-09-06T11:18:46.3522099+02:00" endTime="2026-09-06T11:18:46.3522100+02:00" testType="13cdc9d9-ddb5-4fa4-a97d-d965ccfc6d4b" outcome="Passed" testListId="8c84fa94-04c1-424b-9868-57a2d4851a1d" relativeResultsDirectory="9568ea33-9225-4748-9c28-a759d1305366" />
    <UnitTestResult executionId="9681a353-e54a-4de1-9697-62f787a81f70" testId="7fcf4f2c-d4d6-34e7-1194-04fb48c960ca" testName="AuswertungPro.Next.Infrastructure.Tests.Projects.ProjectNullRecoveryTests.Load_JsonNull_IstKeinProjektUndBleibtUnveraendert(json: &quot; \r\n null \t&quot;)" computerName="PCW11X01" duration="00:00:00.0013154" startTime="2026-09-06T11:18:46.3143689+02:00" endTime="2026-09-06T11:18:46.3143690+02:00" testType="13cdc9d9-ddb5-4fa4-a97d-d965ccfc6d4b" outcome="Passed" testListId="8c84fa94-04c1-424b-9868-57a2d4851a1d" relativeResultsDirectory="9681a353-e54a-4de1-9697-62f787a81f70" />
    <UnitTestResult executionId="f61e0c18-3f8c-4a49-9ead-008e7923ee30" testId="33dcc510-5870-4689-53c1-7f292e6e8bf1" testName="AuswertungPro.Next.Infrastructure.Tests.ShaftRenameServiceTests.Rename_PdfPfadMitAbweichendemOrdnernamen_BenenntTatsaechlichenOrdnerUndPdfUm" computerName="PCW11X01" duration="00:00:00.0035738" startTime="2026-09-06T11:18:46.2511749+02:00" endTime="2026-09-06T11:18:46.2511750+02:00" testType="13cdc9d9-ddb5-4fa4-a97d-d965ccfc6d4b" outcome="Passed" testListId="8c84fa94-04c1-424b-9868-57a2d4851a1d" relativeResultsDirectory="f61e0c18-3f8c-4a49-9ead-008e7923ee30" />
    <UnitTestResult executionId="24ba51e5-8daf-4395-aac4-b6d78b7ac113" testId="17d54075-03b1-a393-e196-6b2016c58bad" testName="AuswertungPro.Next.Infrastructure.Tests.ShaftRenameSafetyTests.Rename_Unterordner_DateiUndVerweisFolgenDemselbenPlan(relative: False)" computerName="PCW11X01" duration="00:00:00.0093163" startTime="2026-09-06T11:18:46.3732757+02:00" endTime="2026-09-06T11:18:46.3732759+02:00" testType="13cdc9d9-ddb5-4fa4-a97d-d965ccfc6d4b" outcome="Failed" testListId="8c84fa94-04c1-424b-9868-57a2d4851a1d" relativeResultsDirectory="24ba51e5-8daf-4395-aac4-b6d78b7ac113">
      <Output>
        <ErrorInfo>
          <Message>Assert.Equal() Failure: Strings differ&#xD;
             ↓ (pos 2)&#xD;
Expected: "C:\\Users\\Besitzer\\AppData\\Local\\Temp\\shaf"···&#xD;
Actual:   "C:/Users/Besitzer/AppData/Local/Temp/shaf"···&#xD;
             ↑ (pos 2)</Message>
          <StackTrace>   at AuswertungPro.Next.Infrastructure.Tests.ShaftRenameSafetyTests.Rename_Unterordner_DateiUndVerweisFolgenDemselbenPlan(Boolean relative) in C:\Sewer-Studio_KI_4.5\tests\AuswertungPro.Next.Infrastructure.Tests\ShaftRenameSafetyTests.cs:line 69&#xD;
   at System.Reflection.MethodBaseInvoker.InterpretedInvoke_Method(Object obj, IntPtr* args)&#xD;
   at System.Reflection.MethodBaseInvoker.InvokeDirectByRefWithFewArgs(Object obj, Span`1 copyOfArgs, BindingFlags invokeAttr)</StackTrace>
        </ErrorInfo>
      </Output>
    </UnitTestResult>
    <UnitTestResult executionId="c923ca77-3a68-4ca8-86f7-70740295637c" testId="4a964940-faf8-b17e-9be5-410df5b32233" testName="AuswertungPro.Next.Infrastructure.Tests.ShaftRenameSafetyTests.Rename_FremderPfad_WeistAbUndBewahrtOriginalUndVerweise(field: &quot;PDF_Eigen&quot;)" computerName="PCW11X01" duration="00:00:00.0023211" startTime="2026-09-06T11:18:46.3550953+02:00" endTime="2026-09-06T11:18:46.3550954+02:00" testType="13cdc9d9-ddb5-4fa4-a97d-d965ccfc6d4b" outcome="Passed" testListId="8c84fa94-04c1-424b-9868-57a2d4851a1d" relativeResultsDirectory="c923ca77-3a68-4ca8-86f7-70740295637c" />
    <UnitTestResult executionId="8ef710be-ef02-4aef-ab6a-51024c39ecf5" testId="3ad6ae20-f95f-58a1-cd86-5a5f3d75d06b" testName="AuswertungPro.Next.Infrastructure.Tests.Projects.ProjectNullRecoveryTests.Load_GueltigesLeeresAltprojekt_BleibtLesbar(json: &quot;{\&quot;Version\&quot;:1,\&quot;Name\&quot;:\&quot;Altprojekt\&quot;}&quot;)" computerName="PCW11X01" duration="00:00:00.0014864" startTime="2026-09-06T11:18:46.3355097+02:00" endTime="2026-09-06T11:18:46.3355098+02:00" testType="13cdc9d9-ddb5-4fa4-a97d-d965ccfc6d4b" outcome="Passed" testListId="8c84fa94-04c1-424b-9868-57a2d4851a1d" relativeResultsDirectory="8ef710be-ef02-4aef-ab6a-51024c39ecf5" />
    <UnitTestResult executionId="79ad4bdd-15c6-4ebf-aa80-113b6fedc44b" testId="a41deaa6-31d4-75f6-8766-2df5e69b5b7a" testName="AuswertungPro.Next.Infrastructure.Tests.ShaftRenameSafetyTests.Rename_FremderPfad_WeistAbUndBewahrtOriginalUndVerweise(field: &quot;Link&quot;)" computerName="PCW11X01" duration="00:00:00.0021647" startTime="2026-09-06T11:18:46.3527257+02:00" endTime="2026-09-06T11:18:46.3527258+02:00" testType="13cdc9d9-ddb5-4fa4-a97d-d965ccfc6d4b" outcome="Passed" testListId="8c84fa94-04c1-424b-9868-57a2d4851a1d" relativeResultsDirectory="79ad4bdd-15c6-4ebf-aa80-113b6fedc44b" />
    <UnitTestResult executionId="e47b3b30-94c8-4254-82e4-de3578f29008" testId="b72e406d-f00a-93e5-6023-8479ddaae220" testName="AuswertungPro.Next.Infrastructure.Tests.ShaftRenameSafetyTests.Rename_DateikonfliktImUnterordner_AendertNichts" computerName="PCW11X01" duration="00:00:00.0038965" startTime="2026-09-06T11:18:46.3521940+02:00" endTime="2026-09-06T11:18:46.3521940+02:00" testType="13cdc9d9-ddb5-4fa4-a97d-d965ccfc6d4b" outcome="Passed" testListId="8c84fa94-04c1-424b-9868-57a2d4851a1d" relativeResultsDirectory="e47b3b30-94c8-4254-82e4-de3578f29008" />
    <UnitTestResult executionId="a2a54f8e-dea7-407d-891a-597a4af3a96d" testId="083ce2fa-8253-cdad-defc-a0f7d1061f95" testName="AuswertungPro.Next.Infrastructure.Tests.ShaftRenameServiceTests.Rename_NeueStruktur_RelativerPdfPath_BenenntVerteiltesPdfUm" computerName="PCW11X01" duration="00:00:00.0091276" startTime="2026-09-06T11:18:46.2475689+02:00" endTime="2026-09-06T11:18:46.2475690+02:00" testType="13cdc9d9-ddb5-4fa4-a97d-d965ccfc6d4b" outcome="Passed" testListId="8c84fa94-04c1-424b-9868-57a2d4851a1d" relativeResultsDirectory="a2a54f8e-dea7-407d-891a-597a4af3a96d" />
    <UnitTestResult executionId="ee2b3c23-c49e-4cb5-9b81-cd5f45ff57a5" testId="998bafb1-26b3-465e-0435-ad036dcd8108" testName="AuswertungPro.Next.Infrastructure.Tests.ShaftRenameSafetyTests.Rename_FotoZielkonflikt_AendertAuchDenHauptordnerNicht" computerName="PCW11X01" duration="00:00:00.0052594" startTime="2026-09-06T11:18:46.3959025+02:00" endTime="2026-09-06T11:18:46.3959026+02:00" testType="13cdc9d9-ddb5-4fa4-a97d-d965ccfc6d4b" outcome="Passed" testListId="8c84fa94-04c1-424b-9868-57a2d4851a1d" relativeResultsDirectory="ee2b3c23-c49e-4cb5-9b81-cd5f45ff57a5" />
    <UnitTestResult executionId="78f8f78c-dc54-4c0d-967d-7ea742a5858f" testId="7814f001-d09c-7328-ec97-7f038d62e1bd" testName="AuswertungPro.Next.Infrastructure.Tests.ShaftRenameSafetyTests.Rename_Unterordner_DateiUndVerweisFolgenDemselbenPlan(relative: True)" computerName="PCW11X01" duration="00:00:00.0072001" startTime="2026-09-06T11:18:46.3776387+02:00" endTime="2026-09-06T11:18:46.3776388+02:00" testType="13cdc9d9-ddb5-4fa4-a97d-d965ccfc6d4b" outcome="Passed" testListId="8c84fa94-04c1-424b-9868-57a2d4851a1d" relativeResultsDirectory="78f8f78c-dc54-4c0d-967d-7ea742a5858f" />
    <UnitTestResult executionId="04305a33-ad47-4eda-a9d5-d4c00572cafc" testId="03a3b963-1598-6060-d7da-b1eed61b398b" testName="AuswertungPro.Next.Infrastructure.Tests.Projects.ProjectNullRecoveryTests.Recovery_NeuesteSicherungIstNull_VerwendetAelterenGueltigenStand" computerName="PCW11X01" duration="00:00:00.0177593" startTime="2026-09-06T11:18:46.3321953+02:00" endTime="2026-09-06T11:18:46.3321953+02:00" testType="13cdc9d9-ddb5-4fa4-a97d-d965ccfc6d4b" outcome="Passed" testListId="8c84fa94-04c1-424b-9868-57a2d4851a1d" relativeResultsDirectory="04305a33-ad47-4eda-a9d5-d4c00572cafc" />
    <UnitTestResult executionId="7186a380-b5c1-457c-867a-774c2f1b2c65" testId="b4871a91-9448-ba5d-ca0d-aba3d641ec94" testName="AuswertungPro.Next.Infrastructure.Tests.ShaftRenameSafetyTests.Rename_Projektarchiv_BleibtUnveraendert(archiveFolder: &quot;__RESTORE_POINTS&quot;)" computerName="PCW11X01" duration="00:00:00.0020901" startTime="2026-09-06T11:18:46.3521432+02:00" endTime="2026-09-06T11:18:46.3521433+02:00" testType="13cdc9d9-ddb5-4fa4-a97d-d965ccfc6d4b" outcome="Passed" testListId="8c84fa94-04c1-424b-9868-57a2d4851a1d" relativeResultsDirectory="7186a380-b5c1-457c-867a-774c2f1b2c65" />
    <UnitTestResult executionId="385450b8-db8f-45d6-b092-5c00d27c2a3a" testId="c183b957-318b-2095-3c64-59b16d82e9b7" testName="AuswertungPro.Next.Infrastructure.Tests.Projects.ProjectNullRecoveryTests.Recovery_NurNullSicherung_QuarantaeniertDieHauptdateiNicht" computerName="PCW11X01" duration="00:00:00.0595151" startTime="2026-09-06T11:18:46.3122113+02:00" endTime="2026-09-06T11:18:46.3122114+02:00" testType="13cdc9d9-ddb5-4fa4-a97d-d965ccfc6d4b" outcome="Passed" testListId="8c84fa94-04c1-424b-9868-57a2d4851a1d" relativeResultsDirectory="385450b8-db8f-45d6-b092-5c00d27c2a3a" />
    <UnitTestResult executionId="4a85fc57-a7f6-4fe2-8ba4-3c9169ed2c38" testId="36c00cca-03d2-1eb0-b678-6f2ef7075b0a" testName="AuswertungPro.Next.Infrastructure.Tests.ShaftRenameSafetyTests.Rename_Projektarchiv_BleibtUnveraendert(archiveFolder: &quot;Importdateien&quot;)" computerName="PCW11X01" duration="00:00:00.0017725" startTime="2026-09-06T11:18:46.3521767+02:00" endTime="2026-09-06T11:18:46.3521767+02:00" testType="13cdc9d9-ddb5-4fa4-a97d-d965ccfc6d4b" outcome="Passed" testListId="8c84fa94-04c1-424b-9868-57a2d4851a1d" relativeResultsDirectory="4a85fc57-a7f6-4fe2-8ba4-3c9169ed2c38" />
    <UnitTestResult executionId="c6348dfe-43ac-4149-8f8b-338944ebc5e7" testId="f51106b7-a658-fa62-4dac-1d6db56d6633" testName="AuswertungPro.Next.Infrastructure.Tests.ShaftRenameSafetyTests.Rename_VerknuepfterUnterordner_WeistDenGanzenLaufAb" computerName="PCW11X01" duration="00:00:00.0036693" startTime="2026-09-06T11:18:46.3996504+02:00" endTime="2026-09-06T11:18:46.3996505+02:00" testType="13cdc9d9-ddb5-4fa4-a97d-d965ccfc6d4b" outcome="Passed" testListId="8c84fa94-04c1-424b-9868-57a2d4851a1d" relativeResultsDirectory="c6348dfe-43ac-4149-8f8b-338944ebc5e7" />
    <UnitTestResult executionId="929a0e02-f8d0-40e7-97c6-e64688997ee4" testId="3258d67d-6eba-2ffb-b3ce-afce1d057ea3" testName="AuswertungPro.Next.Infrastructure.Tests.ShaftRenameSafetyTests.Rename_GesperrtesFoto_NimmtHauptordnerUndVerweiseZurueck" computerName="PCW11X01" duration="00:00:00.0128298" startTime="2026-09-06T11:18:46.3905683+02:00" endTime="2026-09-06T11:18:46.3905686+02:00" testType="13cdc9d9-ddb5-4fa4-a97d-d965ccfc6d4b" outcome="Passed" testListId="8c84fa94-04c1-424b-9868-57a2d4851a1d" relativeResultsDirectory="929a0e02-f8d0-40e7-97c6-e64688997ee4" />
    <UnitTestResult executionId="52ef66d4-431f-4069-a1df-954951657d52" testId="a0c5f6f0-9032-bd36-8e09-c2dd7fb54d10" testName="AuswertungPro.Next.Infrastructure.Tests.ShaftRenameSafetyTests.Rename_FremderPfad_WeistAbUndBewahrtOriginalUndVerweise(field: &quot;PDF_All&quot;)" computerName="PCW11X01" duration="00:00:00.0018815" startTime="2026-09-06T11:18:46.3570161+02:00" endTime="2026-09-06T11:18:46.3570163+02:00" testType="13cdc9d9-ddb5-4fa4-a97d-d965ccfc6d4b" outcome="Passed" testListId="8c84fa94-04c1-424b-9868-57a2d4851a1d" relativeResultsDirectory="52ef66d4-431f-4069-a1df-954951657d52" />
    <UnitTestResult executionId="75d7792b-49ec-4dc8-b194-1121b95901ff" testId="7919e8c4-6bdd-e6c3-9ca3-3de3bab2b8e5" testName="AuswertungPro.Next.Infrastructure.Tests.ShaftRenameServiceTests.Instanzdienst_behaelt_kompatibles_NoOp_Verhalten" computerName="PCW11X01" duration="00:00:00.0052008" startTime="2026-09-06T11:18:46.2387560+02:00" endTime="2026-09-06T11:18:46.2387700+02:00" testType="13cdc9d9-ddb5-4fa4-a97d-d965ccfc6d4b" outcome="Passed" testListId="8c84fa94-04c1-424b-9868-57a2d4851a1d" relativeResultsDirectory="75d7792b-49ec-4dc8-b194-1121b95901ff" />
    <UnitTestResult executionId="0ad36c3d-1261-4adc-8053-0e022a775098" testId="f8b0fd09-2752-c1d7-ada5-a87ad1f6fa85" testName="AuswertungPro.Next.Infrastructure.Tests.Projects.ProjectNullRecoveryTests.Load_JsonNull_IstKeinProjektUndBleibtUnveraendert(json: &quot;null&quot;)" computerName="PCW11X01" duration="00:00:00.0007571" startTime="2026-09-06T11:18:46.3130168+02:00" endTime="2026-09-06T11:18:46.3130170+02:00" testType="13cdc9d9-ddb5-4fa4-a97d-d965ccfc6d4b" outcome="Passed" testListId="8c84fa94-04c1-424b-9868-57a2d4851a1d" relativeResultsDirectory="0ad36c3d-1261-4adc-8053-0e022a775098" />
  </Results>
  <TestDefinitions>
    <UnitTest name="AuswertungPro.Next.Infrastructure.Tests.Projects.ProjectNullRecoveryTests.Recovery_NurNullSicherung_QuarantaeniertDieHauptdateiNicht" storage="c:\sewer-studio_ki_4.5\.tmp\paket1-2026-09-06\artifacts\bin\auswertungpro.next.infrastructure.tests\release\auswertungpro.next.infrastructure.tests.dll" id="c183b957-318b-2095-3c64-59b16d82e9b7">
      <Execution id="385450b8-db8f-45d6-b092-5c00d27c2a3a" />
      <TestMethod codeBase="C:\Sewer-Studio_KI_4.5\.tmp\paket1-2026-09-06\artifacts\bin\AuswertungPro.Next.Infrastructure.Tests\release\AuswertungPro.Next.Infrastructure.Tests.dll" adapterTypeName="executor://xunit/VsTestRunner2/netcoreapp" className="AuswertungPro.Next.Infrastructure.Tests.Projects.ProjectNullRecoveryTests" name="Recovery_NurNullSicherung_QuarantaeniertDieHauptdateiNicht" />
    </UnitTest>
    <UnitTest name="AuswertungPro.Next.Infrastructure.Tests.ShaftRenameSafetyTests.Rename_Projektarchiv_BleibtUnveraendert(archiveFolder: &quot;Projektdateien&quot;)" storage="c:\sewer-studio_ki_4.5\.tmp\paket1-2026-09-06\artifacts\bin\auswertungpro.next.infrastructure.tests\release\auswertungpro.next.infrastructure.tests.dll" id="0f74aac1-4e4a-7cfd-3843-a4bde09d930d">
      <Execution id="8b56f0ee-2f52-4c7e-8486-85887055cb5f" />
      <TestMethod codeBase="C:\Sewer-Studio_KI_4.5\.tmp\paket1-2026-09-06\artifacts\bin\AuswertungPro.Next.Infrastructure.Tests\release\AuswertungPro.Next.Infrastructure.Tests.dll" adapterTypeName="executor://xunit/VsTestRunner2/netcoreapp" className="AuswertungPro.Next.Infrastructure.Tests.ShaftRenameSafetyTests" name="Rename_Projektarchiv_BleibtUnveraendert" />
    </UnitTest>
    <UnitTest name="AuswertungPro.Next.Infrastructure.Tests.ShaftRenameSafetyTests.Rename_GesperrtesFoto_NimmtHauptordnerUndVerweiseZurueck" storage="c:\sewer-studio_ki_4.5\.tmp\paket1-2026-09-06\artifacts\bin\auswertungpro.next.infrastructure.tests\release\auswertungpro.next.infrastructure.tests.dll" id="3258d67d-6eba-2ffb-b3ce-afce1d057ea3">
      <Execution id="929a0e02-f8d0-40e7-97c6-e64688997ee4" />
      <TestMethod codeBase="C:\Sewer-Studio_KI_4.5\.tmp\paket1-2026-09-06\artifacts\bin\AuswertungPro.Next.Infrastructure.Tests\release\AuswertungPro.Next.Infrastructure.Tests.dll" adapterTypeName="executor://xunit/VsTestRunner2/netcoreapp" className="AuswertungPro.Next.Infrastructure.Tests.ShaftRenameSafetyTests" name="Rename_GesperrtesFoto_NimmtHauptordnerUndVerweiseZurueck" />
    </UnitTest>
    <UnitTest name="AuswertungPro.Next.Infrastructure.Tests.Projects.ProjectNullRecoveryTests.Load_JsonNull_IstKeinProjektUndBleibtUnveraendert(json: &quot; \r\n null \t&quot;)" storage="c:\sewer-studio_ki_4.5\.tmp\paket1-2026-09-06\artifacts\bin\auswertungpro.next.infrastructure.tests\release\auswertungpro.next.infrastructure.tests.dll" id="7fcf4f2c-d4d6-34e7-1194-04fb48c960ca">
      <Execution id="9681a353-e54a-4de1-9697-62f787a81f70" />
      <TestMethod codeBase="C:\Sewer-Studio_KI_4.5\.tmp\paket1-2026-09-06\artifacts\bin\AuswertungPro.Next.Infrastructure.Tests\release\AuswertungPro.Next.Infrastructure.Tests.dll" adapterTypeName="executor://xunit/VsTestRunner2/netcoreapp" className="AuswertungPro.Next.Infrastructure.Tests.Projects.ProjectNullRecoveryTests" name="Load_JsonNull_IstKeinProjektUndBleibtUnveraendert" />
    </UnitTest>
    <UnitTest name="AuswertungPro.Next.Infrastructure.Tests.ShaftRenameSafetyTests.Rename_Unterordner_DateiUndVerweisFolgenDemselbenPlan(relative: True)" storage="c:\sewer-studio_ki_4.5\.tmp\paket1-2026-09-06\artifacts\bin\auswertungpro.next.infrastructure.tests\release\auswertungpro.next.infrastructure.tests.dll" id="7814f001-d09c-7328-ec97-7f038d62e1bd">
      <Execution id="78f8f78c-dc54-4c0d-967d-7ea742a5858f" />
      <TestMethod codeBase="C:\Sewer-Studio_KI_4.5\.tmp\paket1-2026-09-06\artifacts\bin\AuswertungPro.Next.Infrastructure.Tests\release\AuswertungPro.Next.Infrastructure.Tests.dll" adapterTypeName="executor://xunit/VsTestRunner2/netcoreapp" className="AuswertungPro.Next.Infrastructure.Tests.ShaftRenameSafetyTests" name="Rename_Unterordner_DateiUndVerweisFolgenDemselbenPlan" />
    </UnitTest>
    <UnitTest name="AuswertungPro.Next.Infrastructure.Tests.ShaftRenameSafetyTests.Rename_FremderPfad_WeistAbUndBewahrtOriginalUndVerweise(field: &quot;PDF_Path&quot;)" storage="c:\sewer-studio_ki_4.5\.tmp\paket1-2026-09-06\artifacts\bin\auswertungpro.next.infrastructure.tests\release\auswertungpro.next.infrastructure.tests.dll" id="dddd872c-1950-3aba-5107-7a3b9989de07">
      <Execution id="9568ea33-9225-4748-9c28-a759d1305366" />
      <TestMethod codeBase="C:\Sewer-Studio_KI_4.5\.tmp\paket1-2026-09-06\artifacts\bin\AuswertungPro.Next.Infrastructure.Tests\release\AuswertungPro.Next.Infrastructure.Tests.dll" adapterTypeName="executor://xunit/VsTestRunner2/netcoreapp" className="AuswertungPro.Next.Infrastructure.Tests.ShaftRenameSafetyTests" name="Rename_FremderPfad_WeistAbUndBewahrtOriginalUndVerweise" />
    </UnitTest>
    <UnitTest name="AuswertungPro.Next.Infrastructure.Tests.Projects.ProjectNullRecoveryTests.Load_GueltigesLeeresAltprojekt_BleibtLesbar(json: &quot;{}&quot;)" storage="c:\sewer-studio_ki_4.5\.tmp\paket1-2026-09-06\artifacts\bin\auswertungpro.next.infrastructure.tests\release\auswertungpro.next.infrastructure.tests.dll" id="8de9dedc-03b9-057a-6d15-cde5e39c1a78">
      <Execution id="3dd0a3e2-41cd-406b-aa83-3b5b60b6710e" />
      <TestMethod codeBase="C:\Sewer-Studio_KI_4.5\.tmp\paket1-2026-09-06\artifacts\bin\AuswertungPro.Next.Infrastructure.Tests\release\AuswertungPro.Next.Infrastructure.Tests.dll" adapterTypeName="executor://xunit/VsTestRunner2/netcoreapp" className="AuswertungPro.Next.Infrastructure.Tests.Projects.ProjectNullRecoveryTests" name="Load_GueltigesLeeresAltprojekt_BleibtLesbar" />
    </UnitTest>
    <UnitTest name="AuswertungPro.Next.Infrastructure.Tests.ShaftRenameSafetyTests.Rename_FotosInAllenProtokollstaenden_BleibenErreichbar" storage="c:\sewer-studio_ki_4.5\.tmp\paket1-2026-09-06\artifacts\bin\auswertungpro.next.infrastructure.tests\release\auswertungpro.next.infrastructure.tests.dll" id="8113f2ad-f7fb-014c-5c7e-815948a0440f">
      <Execution id="dc97c08f-cb37-44fa-a715-980def3a4f82" />
      <TestMethod codeBase="C:\Sewer-Studio_KI_4.5\.tmp\paket1-2026-09-06\artifacts\bin\AuswertungPro.Next.Infrastructure.Tests\release\AuswertungPro.Next.Infrastructure.Tests.dll" adapterTypeName="executor://xunit/VsTestRunner2/netcoreapp" className="AuswertungPro.Next.Infrastructure.Tests.ShaftRenameSafetyTests" name="Rename_FotosInAllenProtokollstaenden_BleibenErreichbar" />
    </UnitTest>
    <UnitTest name="AuswertungPro.Next.Infrastructure.Tests.Projects.ProjectNullRecoveryTests.Load_GueltigesLeeresAltprojekt_BleibtLesbar(json: &quot;{\&quot;Version\&quot;:1,\&quot;Name\&quot;:\&quot;Altprojekt\&quot;}&quot;)" storage="c:\sewer-studio_ki_4.5\.tmp\paket1-2026-09-06\artifacts\bin\auswertungpro.next.infrastructure.tests\release\auswertungpro.next.infrastructure.tests.dll" id="3ad6ae20-f95f-58a1-cd86-5a5f3d75d06b">
      <Execution id="8ef710be-ef02-4aef-ab6a-51024c39ecf5" />
      <TestMethod codeBase="C:\Sewer-Studio_KI_4.5\.tmp\paket1-2026-09-06\artifacts\bin\AuswertungPro.Next.Infrastructure.Tests\release\AuswertungPro.Next.Infrastructure.Tests.dll" adapterTypeName="executor://xunit/VsTestRunner2/netcoreapp" className="AuswertungPro.Next.Infrastructure.Tests.Projects.ProjectNullRecoveryTests" name="Load_GueltigesLeeresAltprojekt_BleibtLesbar" />
    </UnitTest>
    <UnitTest name="AuswertungPro.Next.Infrastructure.Tests.ShaftRenameServiceTests.Rename_PdfPfadMitAbweichendemOrdnernamen_BenenntTatsaechlichenOrdnerUndPdfUm" storage="c:\sewer-studio_ki_4.5\.tmp\paket1-2026-09-06\artifacts\bin\auswertungpro.next.infrastructure.tests\release\auswertungpro.next.infrastructure.tests.dll" id="33dcc510-5870-4689-53c1-7f292e6e8bf1">
      <Execution id="f61e0c18-3f8c-4a49-9ead-008e7923ee30" />
      <TestMethod codeBase="C:\Sewer-Studio_KI_4.5\.tmp\paket1-2026-09-06\artifacts\bin\AuswertungPro.Next.Infrastructure.Tests\release\AuswertungPro.Next.Infrastructure.Tests.dll" adapterTypeName="executor://xunit/VsTestRunner2/netcoreapp" className="AuswertungPro.Next.Infrastructure.Tests.ShaftRenameServiceTests" name="Rename_PdfPfadMitAbweichendemOrdnernamen_BenenntTatsaechlichenOrdnerUndPdfUm" />
    </UnitTest>
    <UnitTest name="AuswertungPro.Next.Infrastructure.Tests.ShaftRenameSafetyTests.Rename_FotoZielkonflikt_AendertAuchDenHauptordnerNicht" storage="c:\sewer-studio_ki_4.5\.tmp\paket1-2026-09-06\artifacts\bin\auswertungpro.next.infrastructure.tests\release\auswertungpro.next.infrastructure.tests.dll" id="998bafb1-26b3-465e-0435-ad036dcd8108">
      <Execution id="ee2b3c23-c49e-4cb5-9b81-cd5f45ff57a5" />
      <TestMethod codeBase="C:\Sewer-Studio_KI_4.5\.tmp\paket1-2026-09-06\artifacts\bin\AuswertungPro.Next.Infrastructure.Tests\release\AuswertungPro.Next.Infrastructure.Tests.dll" adapterTypeName="executor://xunit/VsTestRunner2/netcoreapp" className="AuswertungPro.Next.Infrastructure.Tests.ShaftRenameSafetyTests" name="Rename_FotoZielkonflikt_AendertAuchDenHauptordnerNicht" />
    </UnitTest>
    <UnitTest name="AuswertungPro.Next.Infrastructure.Tests.ShaftRenameServiceTests.Instanzdienst_behaelt_kompatibles_NoOp_Verhalten" storage="c:\sewer-studio_ki_4.5\.tmp\paket1-2026-09-06\artifacts\bin\auswertungpro.next.infrastructure.tests\release\auswertungpro.next.infrastructure.tests.dll" id="7919e8c4-6bdd-e6c3-9ca3-3de3bab2b8e5">
      <Execution id="75d7792b-49ec-4dc8-b194-1121b95901ff" />
      <TestMethod codeBase="C:\Sewer-Studio_KI_4.5\.tmp\paket1-2026-09-06\artifacts\bin\AuswertungPro.Next.Infrastructure.Tests\release\AuswertungPro.Next.Infrastructure.Tests.dll" adapterTypeName="executor://xunit/VsTestRunner2/netcoreapp" className="AuswertungPro.Next.Infrastructure.Tests.ShaftRenameServiceTests" name="Instanzdienst_behaelt_kompatibles_NoOp_Verhalten" />
    </UnitTest>
    <UnitTest name="AuswertungPro.Next.Infrastructure.Tests.Projects.ProjectNullRecoveryTests.Load_JsonNull_IstKeinProjektUndBleibtUnveraendert(json: &quot;null&quot;)" storage="c:\sewer-studio_ki_4.5\.tmp\paket1-2026-09-06\artifacts\bin\auswertungpro.next.infrastructure.tests\release\auswertungpro.next.infrastructure.tests.dll" id="f8b0fd09-2752-c1d7-ada5-a87ad1f6fa85">
      <Execution id="0ad36c3d-1261-4adc-8053-0e022a775098" />
      <TestMethod codeBase="C:\Sewer-Studio_KI_4.5\.tmp\paket1-2026-09-06\artifacts\bin\AuswertungPro.Next.Infrastructure.Tests\release\AuswertungPro.Next.Infrastructure.Tests.dll" adapterTypeName="executor://xunit/VsTestRunner2/netcoreapp" className="AuswertungPro.Next.Infrastructure.Tests.Projects.ProjectNullRecoveryTests" name="Load_JsonNull_IstKeinProjektUndBleibtUnveraendert" />
    </UnitTest>
    <UnitTest name="AuswertungPro.Next.Infrastructure.Tests.Projects.ProjectNullRecoveryTests.Recovery_NeuesteSicherungIstNull_VerwendetAelterenGueltigenStand" storage="c:\sewer-studio_ki_4.5\.tmp\paket1-2026-09-06\artifacts\bin\auswertungpro.next.infrastructure.tests\release\auswertungpro.next.infrastructure.tests.dll" id="03a3b963-1598-6060-d7da-b1eed61b398b">
      <Execution id="04305a33-ad47-4eda-a9d5-d4c00572cafc" />
      <TestMethod codeBase="C:\Sewer-Studio_KI_4.5\.tmp\paket1-2026-09-06\artifacts\bin\AuswertungPro.Next.Infrastructure.Tests\release\AuswertungPro.Next.Infrastructure.Tests.dll" adapterTypeName="executor://xunit/VsTestRunner2/netcoreapp" className="AuswertungPro.Next.Infrastructure.Tests.Projects.ProjectNullRecoveryTests" name="Recovery_NeuesteSicherungIstNull_VerwendetAelterenGueltigenStand" />
    </UnitTest>
    <UnitTest name="AuswertungPro.Next.Infrastructure.Tests.ShaftRenameSafetyTests.Rename_FremderPfad_WeistAbUndBewahrtOriginalUndVerweise(field: &quot;PDF_All&quot;)" storage="c:\sewer-studio_ki_4.5\.tmp\paket1-2026-09-06\artifacts\bin\auswertungpro.next.infrastructure.tests\release\auswertungpro.next.infrastructure.tests.dll" id="a0c5f6f0-9032-bd36-8e09-c2dd7fb54d10">
      <Execution id="52ef66d4-431f-4069-a1df-954951657d52" />
      <TestMethod codeBase="C:\Sewer-Studio_KI_4.5\.tmp\paket1-2026-09-06\artifacts\bin\AuswertungPro.Next.Infrastructure.Tests\release\AuswertungPro.Next.Infrastructure.Tests.dll" adapterTypeName="executor://xunit/VsTestRunner2/netcoreapp" className="AuswertungPro.Next.Infrastructure.Tests.ShaftRenameSafetyTests" name="Rename_FremderPfad_WeistAbUndBewahrtOriginalUndVerweise" />
    </UnitTest>
    <UnitTest name="AuswertungPro.Next.Infrastructure.Tests.ShaftRenameSafetyTests.Rename_Projektarchiv_BleibtUnveraendert(archiveFolder: &quot;Imports&quot;)" storage="c:\sewer-studio_ki_4.5\.tmp\paket1-2026-09-06\artifacts\bin\auswertungpro.next.infrastructure.tests\release\auswertungpro.next.infrastructure.tests.dll" id="ec09c556-4d95-f7c0-901c-376af3ffae3e">
      <Execution id="d0f4c44f-3110-41d4-867d-537fd96eb14b" />
      <TestMethod codeBase="C:\Sewer-Studio_KI_4.5\.tmp\paket1-2026-09-06\artifacts\bin\AuswertungPro.Next.Infrastructure.Tests\release\AuswertungPro.Next.Infrastructure.Tests.dll" adapterTypeName="executor://xunit/VsTestRunner2/netcoreapp" className="AuswertungPro.Next.Infrastructure.Tests.ShaftRenameSafetyTests" name="Rename_Projektarchiv_BleibtUnveraendert" />
    </UnitTest>
    <UnitTest name="AuswertungPro.Next.Infrastructure.Tests.ShaftRenameSafetyTests.Rename_Unterordner_DateiUndVerweisFolgenDemselbenPlan(relative: False)" storage="c:\sewer-studio_ki_4.5\.tmp\paket1-2026-09-06\artifacts\bin\auswertungpro.next.infrastructure.tests\release\auswertungpro.next.infrastructure.tests.dll" id="17d54075-03b1-a393-e196-6b2016c58bad">
      <Execution id="24ba51e5-8daf-4395-aac4-b6d78b7ac113" />
      <TestMethod codeBase="C:\Sewer-Studio_KI_4.5\.tmp\paket1-2026-09-06\artifacts\bin\AuswertungPro.Next.Infrastructure.Tests\release\AuswertungPro.Next.Infrastructure.Tests.dll" adapterTypeName="executor://xunit/VsTestRunner2/netcoreapp" className="AuswertungPro.Next.Infrastructure.Tests.ShaftRenameSafetyTests" name="Rename_Unterordner_DateiUndVerweisFolgenDemselbenPlan" />
    </UnitTest>
    <UnitTest name="AuswertungPro.Next.Infrastructure.Tests.ShaftRenameSafetyTests.Rename_Projektarchiv_BleibtUnveraendert(archiveFolder: &quot;__RESTORE_POINTS&quot;)" storage="c:\sewer-studio_ki_4.5\.tmp\paket1-2026-09-06\artifacts\bin\auswertungpro.next.infrastructure.tests\release\auswertungpro.next.infrastructure.tests.dll" id="b4871a91-9448-ba5d-ca0d-aba3d641ec94">
      <Execution id="7186a380-b5c1-457c-867a-774c2f1b2c65" />
      <TestMethod codeBase="C:\Sewer-Studio_KI_4.5\.tmp\paket1-2026-09-06\artifacts\bin\AuswertungPro.Next.Infrastructure.Tests\release\AuswertungPro.Next.Infrastructure.Tests.dll" adapterTypeName="executor://xunit/VsTestRunner2/netcoreapp" className="AuswertungPro.Next.Infrastructure.Tests.ShaftRenameSafetyTests" name="Rename_Projektarchiv_BleibtUnveraendert" />
    </UnitTest>
    <UnitTest name="AuswertungPro.Next.Infrastructure.Tests.ShaftRenameSafetyTests.Rename_VerknuepfterUnterordner_WeistDenGanzenLaufAb" storage="c:\sewer-studio_ki_4.5\.tmp\paket1-2026-09-06\artifacts\bin\auswertungpro.next.infrastructure.tests\release\auswertungpro.next.infrastructure.tests.dll" id="f51106b7-a658-fa62-4dac-1d6db56d6633">
      <Execution id="c6348dfe-43ac-4149-8f8b-338944ebc5e7" />
      <TestMethod codeBase="C:\Sewer-Studio_KI_4.5\.tmp\paket1-2026-09-06\artifacts\bin\AuswertungPro.Next.Infrastructure.Tests\release\AuswertungPro.Next.Infrastructure.Tests.dll" adapterTypeName="executor://xunit/VsTestRunner2/netcoreapp" className="AuswertungPro.Next.Infrastructure.Tests.ShaftRenameSafetyTests" name="Rename_VerknuepfterUnterordner_WeistDenGanzenLaufAb" />
    </UnitTest>
    <UnitTest name="AuswertungPro.Next.Infrastructure.Tests.ShaftRenameSafetyTests.Rename_DateikonfliktImUnterordner_AendertNichts" storage="c:\sewer-studio_ki_4.5\.tmp\paket1-2026-09-06\artifacts\bin\auswertungpro.next.infrastructure.tests\release\auswertungpro.next.infrastructure.tests.dll" id="b72e406d-f00a-93e5-6023-8479ddaae220">
      <Execution id="e47b3b30-94c8-4254-82e4-de3578f29008" />
      <TestMethod codeBase="C:\Sewer-Studio_KI_4.5\.tmp\paket1-2026-09-06\artifacts\bin\AuswertungPro.Next.Infrastructure.Tests\release\AuswertungPro.Next.Infrastructure.Tests.dll" adapterTypeName="executor://xunit/VsTestRunner2/netcoreapp" className="AuswertungPro.Next.Infrastructure.Tests.ShaftRenameSafetyTests" name="Rename_DateikonfliktImUnterordner_AendertNichts" />
    </UnitTest>
    <UnitTest name="AuswertungPro.Next.Infrastructure.Tests.ShaftRenameSafetyTests.Rename_FremderPfad_WeistAbUndBewahrtOriginalUndVerweise(field: &quot;Link&quot;)" storage="c:\sewer-studio_ki_4.5\.tmp\paket1-2026-09-06\artifacts\bin\auswertungpro.next.infrastructure.tests\release\auswertungpro.next.infrastructure.tests.dll" id="a41deaa6-31d4-75f6-8766-2df5e69b5b7a">
      <Execution id="79ad4bdd-15c6-4ebf-aa80-113b6fedc44b" />
      <TestMethod codeBase="C:\Sewer-Studio_KI_4.5\.tmp\paket1-2026-09-06\artifacts\bin\AuswertungPro.Next.Infrastructure.Tests\release\AuswertungPro.Next.Infrastructure.Tests.dll" adapterTypeName="executor://xunit/VsTestRunner2/netcoreapp" className="AuswertungPro.Next.Infrastructure.Tests.ShaftRenameSafetyTests" name="Rename_FremderPfad_WeistAbUndBewahrtOriginalUndVerweise" />
    </UnitTest>
    <UnitTest name="AuswertungPro.Next.Infrastructure.Tests.ShaftRenameServiceTests.Rename_NeueStruktur_RelativerPdfPath_BenenntVerteiltesPdfUm" storage="c:\sewer-studio_ki_4.5\.tmp\paket1-2026-09-06\artifacts\bin\auswertungpro.next.infrastructure.tests\release\auswertungpro.next.infrastructure.tests.dll" id="083ce2fa-8253-cdad-defc-a0f7d1061f95">
      <Execution id="a2a54f8e-dea7-407d-891a-597a4af3a96d" />
      <TestMethod codeBase="C:\Sewer-Studio_KI_4.5\.tmp\paket1-2026-09-06\artifacts\bin\AuswertungPro.Next.Infrastructure.Tests\release\AuswertungPro.Next.Infrastructure.Tests.dll" adapterTypeName="executor://xunit/VsTestRunner2/netcoreapp" className="AuswertungPro.Next.Infrastructure.Tests.ShaftRenameServiceTests" name="Rename_NeueStruktur_RelativerPdfPath_BenenntVerteiltesPdfUm" />
    </UnitTest>
    <UnitTest name="AuswertungPro.Next.Infrastructure.Tests.ShaftRenameSafetyTests.Rename_FremderPfad_WeistAbUndBewahrtOriginalUndVerweise(field: &quot;PDF_Eigen&quot;)" storage="c:\sewer-studio_ki_4.5\.tmp\paket1-2026-09-06\artifacts\bin\auswertungpro.next.infrastructure.tests\release\auswertungpro.next.infrastructure.tests.dll" id="4a964940-faf8-b17e-9be5-410df5b32233">
      <Execution id="c923ca77-3a68-4ca8-86f7-70740295637c" />
      <TestMethod codeBase="C:\Sewer-Studio_KI_4.5\.tmp\paket1-2026-09-06\artifacts\bin\AuswertungPro.Next.Infrastructure.Tests\release\AuswertungPro.Next.Infrastructure.Tests.dll" adapterTypeName="executor://xunit/VsTestRunner2/netcoreapp" className="AuswertungPro.Next.Infrastructure.Tests.ShaftRenameSafetyTests" name="Rename_FremderPfad_WeistAbUndBewahrtOriginalUndVerweise" />
    </UnitTest>
    <UnitTest name="AuswertungPro.Next.Infrastructure.Tests.ShaftRenameSafetyTests.Rename_Projektarchiv_BleibtUnveraendert(archiveFolder: &quot;Importdateien&quot;)" storage="c:\sewer-studio_ki_4.5\.tmp\paket1-2026-09-06\artifacts\bin\auswertungpro.next.infrastructure.tests\release\auswertungpro.next.infrastructure.tests.dll" id="36c00cca-03d2-1eb0-b678-6f2ef7075b0a">
      <Execution id="4a85fc57-a7f6-4fe2-8ba4-3c9169ed2c38" />
      <TestMethod codeBase="C:\Sewer-Studio_KI_4.5\.tmp\paket1-2026-09-06\artifacts\bin\AuswertungPro.Next.Infrastructure.Tests\release\AuswertungPro.Next.Infrastructure.Tests.dll" adapterTypeName="executor://xunit/VsTestRunner2/netcoreapp" className="AuswertungPro.Next.Infrastructure.Tests.ShaftRenameSafetyTests" name="Rename_Projektarchiv_BleibtUnveraendert" />
    </UnitTest>
    <UnitTest name="AuswertungPro.Next.Infrastructure.Tests.ShaftRenameSafetyTests.Rename_DateipfadOhneProjekt_WeistAb" storage="c:\sewer-studio_ki_4.5\.tmp\paket1-2026-09-06\artifacts\bin\auswertungpro.next.infrastructure.tests\release\auswertungpro.next.infrastructure.tests.dll" id="b5e2ab30-eec1-2d38-72ca-6c4cc37a9acc">
      <Execution id="f0b996ad-80f1-4298-b457-e5baa7e3a5a1" />
      <TestMethod codeBase="C:\Sewer-Studio_KI_4.5\.tmp\paket1-2026-09-06\artifacts\bin\AuswertungPro.Next.Infrastructure.Tests\release\AuswertungPro.Next.Infrastructure.Tests.dll" adapterTypeName="executor://xunit/VsTestRunner2/netcoreapp" className="AuswertungPro.Next.Infrastructure.Tests.ShaftRenameSafetyTests" name="Rename_DateipfadOhneProjekt_WeistAb" />
    </UnitTest>
  </TestDefinitions>
  <TestEntries>
    <TestEntry testId="8113f2ad-f7fb-014c-5c7e-815948a0440f" executionId="dc97c08f-cb37-44fa-a715-980def3a4f82" testListId="8c84fa94-04c1-424b-9868-57a2d4851a1d" />
    <TestEntry testId="0f74aac1-4e4a-7cfd-3843-a4bde09d930d" executionId="8b56f0ee-2f52-4c7e-8486-85887055cb5f" testListId="8c84fa94-04c1-424b-9868-57a2d4851a1d" />
    <TestEntry testId="ec09c556-4d95-f7c0-901c-376af3ffae3e" executionId="d0f4c44f-3110-41d4-867d-537fd96eb14b" testListId="8c84fa94-04c1-424b-9868-57a2d4851a1d" />
    <TestEntry testId="8de9dedc-03b9-057a-6d15-cde5e39c1a78" executionId="3dd0a3e2-41cd-406b-aa83-3b5b60b6710e" testListId="8c84fa94-04c1-424b-9868-57a2d4851a1d" />
    <TestEntry testId="b5e2ab30-eec1-2d38-72ca-6c4cc37a9acc" executionId="f0b996ad-80f1-4298-b457-e5baa7e3a5a1" testListId="8c84fa94-04c1-424b-9868-57a2d4851a1d" />
    <TestEntry testId="dddd872c-1950-3aba-5107-7a3b9989de07" executionId="9568ea33-9225-4748-9c28-a759d1305366" testListId="8c84fa94-04c1-424b-9868-57a2d4851a1d" />
    <TestEntry testId="7fcf4f2c-d4d6-34e7-1194-04fb48c960ca" executionId="9681a353-e54a-4de1-9697-62f787a81f70" testListId="8c84fa94-04c1-424b-9868-57a2d4851a1d" />
    <TestEntry testId="33dcc510-5870-4689-53c1-7f292e6e8bf1" executionId="f61e0c18-3f8c-4a49-9ead-008e7923ee30" testListId="8c84fa94-04c1-424b-9868-57a2d4851a1d" />
    <TestEntry testId="17d54075-03b1-a393-e196-6b2016c58bad" executionId="24ba51e5-8daf-4395-aac4-b6d78b7ac113" testListId="8c84fa94-04c1-424b-9868-57a2d4851a1d" />
    <TestEntry testId="4a964940-faf8-b17e-9be5-410df5b32233" executionId="c923ca77-3a68-4ca8-86f7-70740295637c" testListId="8c84fa94-04c1-424b-9868-57a2d4851a1d" />
    <TestEntry testId="3ad6ae20-f95f-58a1-cd86-5a5f3d75d06b" executionId="8ef710be-ef02-4aef-ab6a-51024c39ecf5" testListId="8c84fa94-04c1-424b-9868-57a2d4851a1d" />
    <TestEntry testId="a41deaa6-31d4-75f6-8766-2df5e69b5b7a" executionId="79ad4bdd-15c6-4ebf-aa80-113b6fedc44b" testListId="8c84fa94-04c1-424b-9868-57a2d4851a1d" />
    <TestEntry testId="b72e406d-f00a-93e5-6023-8479ddaae220" executionId="e47b3b30-94c8-4254-82e4-de3578f29008" testListId="8c84fa94-04c1-424b-9868-57a2d4851a1d" />
    <TestEntry testId="083ce2fa-8253-cdad-defc-a0f7d1061f95" executionId="a2a54f8e-dea7-407d-891a-597a4af3a96d" testListId="8c84fa94-04c1-424b-9868-57a2d4851a1d" />
    <TestEntry testId="998bafb1-26b3-465e-0435-ad036dcd8108" executionId="ee2b3c23-c49e-4cb5-9b81-cd5f45ff57a5" testListId="8c84fa94-04c1-424b-9868-57a2d4851a1d" />
    <TestEntry testId="7814f001-d09c-7328-ec97-7f038d62e1bd" executionId="78f8f78c-dc54-4c0d-967d-7ea742a5858f" testListId="8c84fa94-04c1-424b-9868-57a2d4851a1d" />
    <TestEntry testId="03a3b963-1598-6060-d7da-b1eed61b398b" executionId="04305a33-ad47-4eda-a9d5-d4c00572cafc" testListId="8c84fa94-04c1-424b-9868-57a2d4851a1d" />
    <TestEntry testId="b4871a91-9448-ba5d-ca0d-aba3d641ec94" executionId="7186a380-b5c1-457c-867a-774c2f1b2c65" testListId="8c84fa94-04c1-424b-9868-57a2d4851a1d" />
    <TestEntry testId="c183b957-318b-2095-3c64-59b16d82e9b7" executionId="385450b8-db8f-45d6-b092-5c00d27c2a3a" testListId="8c84fa94-04c1-424b-9868-57a2d4851a1d" />
    <TestEntry testId="36c00cca-03d2-1eb0-b678-6f2ef7075b0a" executionId="4a85fc57-a7f6-4fe2-8ba4-3c9169ed2c38" testListId="8c84fa94-04c1-424b-9868-57a2d4851a1d" />
    <TestEntry testId="f51106b7-a658-fa62-4dac-1d6db56d6633" executionId="c6348dfe-43ac-4149-8f8b-338944ebc5e7" testListId="8c84fa94-04c1-424b-9868-57a2d4851a1d" />
    <TestEntry testId="3258d67d-6eba-2ffb-b3ce-afce1d057ea3" executionId="929a0e02-f8d0-40e7-97c6-e64688997ee4" testListId="8c84fa94-04c1-424b-9868-57a2d4851a1d" />
    <TestEntry testId="a0c5f6f0-9032-bd36-8e09-c2dd7fb54d10" executionId="52ef66d4-431f-4069-a1df-954951657d52" testListId="8c84fa94-04c1-424b-9868-57a2d4851a1d" />
    <TestEntry testId="7919e8c4-6bdd-e6c3-9ca3-3de3bab2b8e5" executionId="75d7792b-49ec-4dc8-b194-1121b95901ff" testListId="8c84fa94-04c1-424b-9868-57a2d4851a1d" />
    <TestEntry testId="f8b0fd09-2752-c1d7-ada5-a87ad1f6fa85" executionId="0ad36c3d-1261-4adc-8053-0e022a775098" testListId="8c84fa94-04c1-424b-9868-57a2d4851a1d" />
  </TestEntries>
  <TestLists>
    <TestList name="Ergebnisse nicht in einer Liste" id="8c84fa94-04c1-424b-9868-57a2d4851a1d" />
    <TestList name="Alle geladenen Ergebnisse" id="19431567-8539-422a-85d7-44ee4e166bda" />
  </TestLists>
  <ResultSummary outcome="Failed">
    <Counters total="25" executed="25" passed="23" failed="2" error="0" timeout="0" aborted="0" inconclusive="0" passedButRunAborted="0" notRunnable="0" notExecuted="0" disconnected="0" warning="0" completed="0" inProgress="0" pending="0" />
    <Output>
      <StdOut>[xUnit.net 00:00:00.00] xUnit.net VSTest Adapter v2.5.7+8f2703126a (64-bit .NET 10.0.11)&#xD;
[xUnit.net 00:00:00.15]   Discovering: AuswertungPro.Next.Infrastructure.Tests&#xD;
[xUnit.net 00:00:00.39]   Discovered:  AuswertungPro.Next.Infrastructure.Tests&#xD;
[xUnit.net 00:00:00.40]   Starting:    AuswertungPro.Next.Infrastructure.Tests&#xD;
[xUnit.net 00:00:00.56]       Assert.Equal() Failure: Strings differ&#xD;
[xUnit.net 00:00:00.56]                    ↓ (pos 2)&#xD;
[xUnit.net 00:00:00.56]       Expected: "C:\\Users\\Besitzer\\AppData\\Local\\Temp\\shaf"···&#xD;
[xUnit.net 00:00:00.56]       Actual:   "C:/Users/Besitzer/AppData/Local/Temp/shaf"···&#xD;
[xUnit.net 00:00:00.56]                    ↑ (pos 2)&#xD;
[xUnit.net 00:00:00.56]       Stack Trace:&#xD;
[xUnit.net 00:00:00.56]         C:\Sewer-Studio_KI_4.5\tests\AuswertungPro.Next.Infrastructure.Tests\ShaftRenameSafetyTests.cs(69,0): at AuswertungPro.Next.Infrastructure.Tests.ShaftRenameSafetyTests.Rename_Unterordner_DateiUndVerweisFolgenDemselbenPlan(Boolean relative)&#xD;
[xUnit.net 00:00:00.56]            at System.Reflection.MethodBaseInvoker.InterpretedInvoke_Method(Object obj, IntPtr* args)&#xD;
[xUnit.net 00:00:00.56]            at System.Reflection.MethodBaseInvoker.InvokeDirectByRefWithFewArgs(Object obj, Span`1 copyOfArgs, BindingFlags invokeAttr)&#xD;
[xUnit.net 00:00:00.60]       Assert.Equal() Failure: Strings differ&#xD;
[xUnit.net 00:00:00.60]       Expected: "C:\\Users\\Besitzer\\AppData\\Local\\Temp\\shaf"···&#xD;
[xUnit.net 00:00:00.60]       Actual:   null&#xD;
[xUnit.net 00:00:00.60]       Stack Trace:&#xD;
[xUnit.net 00:00:00.60]         C:\Sewer-Studio_KI_4.5\tests\AuswertungPro.Next.Infrastructure.Tests\ShaftRenameSafetyTests.cs(182,0): at AuswertungPro.Next.Infrastructure.Tests.ShaftRenameSafetyTests.Rename_FotosInAllenProtokollstaenden_BleibenErreichbar()&#xD;
[xUnit.net 00:00:00.60]            at System.Reflection.MethodBaseInvoker.InterpretedInvoke_Method(Object obj, IntPtr* args)&#xD;
[xUnit.net 00:00:00.60]            at System.Reflection.MethodBaseInvoker.InvokeWithNoArgs(Object obj, BindingFlags invokeAttr)&#xD;
[xUnit.net 00:00:00.60]   Finished:    AuswertungPro.Next.Infrastructure.Tests&#xD;
</StdOut>
    </Output>
    <RunInfos>
      <RunInfo computerName="PCW11X01" outcome="Error" timestamp="2026-09-06T11:18:46.3729366+02:00">
        <Text>[xUnit.net 00:00:00.56]     AuswertungPro.Next.Infrastructure.Tests.ShaftRenameSafetyTests.Rename_Unterordner_DateiUndVerweisFolgenDemselbenPlan(relative: False) [FAIL]</Text>
      </RunInfo>
      <RunInfo computerName="PCW11X01" outcome="Error" timestamp="2026-09-06T11:18:46.4102782+02:00">
        <Text>[xUnit.net 00:00:00.60]     AuswertungPro.Next.Infrastructure.Tests.ShaftRenameSafetyTests.Rename_FotosInAllenProtokollstaenden_BleibenErreichbar [FAIL]</Text>
      </RunInfo>
    </RunInfos>
  </ResultSummary>
</TestRun>