<?xml version="1.0" encoding="utf-8"?>
<TestRun id="98dfd01e-b94f-4fc4-a1c1-b2fe068aa133" name="Besitzer@PCW11X01 2026-09-06 11:08:56" runUser="PCW11X01\Besitzer" xmlns="http://microsoft.com/schemas/VisualStudio/TeamTest/2010">
  <Times creation="2026-09-06T11:08:56.3411241+02:00" queuing="2026-09-06T11:08:56.3411242+02:00" start="2026-09-06T11:08:54.9856626+02:00" finish="2026-09-06T11:08:56.3668612+02:00" />
  <TestSettings name="default" id="d356a30c-eeba-437e-8d6e-46fe942b62e0">
    <Deployment runDeploymentRoot="Besitzer_PCW11X01_2026-09-06_11_08_56" />
  </TestSettings>
  <Results>
    <UnitTestResult executionId="12716132-bd6e-4cff-84d7-86c3d1a383bb" testId="f8b0fd09-2752-c1d7-ada5-a87ad1f6fa85" testName="AuswertungPro.Next.Infrastructure.Tests.Projects.ProjectNullRecoveryTests.Load_JsonNull_IstKeinProjektUndBleibtUnveraendert(json: &quot;null&quot;)" computerName="PCW11X01" duration="00:00:00.0008963" startTime="2026-09-06T11:08:56.2684201+02:00" endTime="2026-09-06T11:08:56.2684201+02:00" testType="13cdc9d9-ddb5-4fa4-a97d-d965ccfc6d4b" outcome="Failed" testListId="8c84fa94-04c1-424b-9868-57a2d4851a1d" relativeResultsDirectory="12716132-bd6e-4cff-84d7-86c3d1a383bb">
      <Output>
        <ErrorInfo>
          <Message>Assert.False() Failure&#xD;
Expected: False&#xD;
Actual:   True</Message>
          <StackTrace>   at AuswertungPro.Next.Infrastructure.Tests.Projects.ProjectNullRecoveryTests.Load_JsonNull_IstKeinProjektUndBleibtUnveraendert(String json) in C:\Sewer-Studio_KI_4.5\tests\AuswertungPro.Next.Infrastructure.Tests\Projects\ProjectNullRecoveryTests.cs:line 20&#xD;
   at System.Reflection.MethodBaseInvoker.InterpretedInvoke_Method(Object obj, IntPtr* args)&#xD;
   at System.Reflection.MethodBaseInvoker.InvokeDirectByRefWithFewArgs(Object obj, Span`1 copyOfArgs, BindingFlags invokeAttr)</StackTrace>
        </ErrorInfo>
      </Output>
    </UnitTestResult>
    <UnitTestResult executionId="bd147cbc-ffa7-48a0-b187-ee7d71c21acc" testId="dddd872c-1950-3aba-5107-7a3b9989de07" testName="AuswertungPro.Next.Infrastructure.Tests.ShaftRenameSafetyTests.Rename_FremderPfad_WeistAbUndBewahrtOriginalUndVerweise(field: &quot;PDF_Path&quot;)" computerName="PCW11X01" duration="00:00:00.0030938" startTime="2026-09-06T11:08:56.3041226+02:00" endTime="2026-09-06T11:08:56.3041227+02:00" testType="13cdc9d9-ddb5-4fa4-a97d-d965ccfc6d4b" outcome="Failed" testListId="8c84fa94-04c1-424b-9868-57a2d4851a1d" relativeResultsDirectory="bd147cbc-ffa7-48a0-b187-ee7d71c21acc">
      <Output>
        <ErrorInfo>
          <Message>Assert.False() Failure&#xD;
Expected: False&#xD;
Actual:   True</Message>
          <StackTrace>   at AuswertungPro.Next.Infrastructure.Tests.ShaftRenameSafetyTests.Rename_FremderPfad_WeistAbUndBewahrtOriginalUndVerweise(String field) in C:\Sewer-Studio_KI_4.5\tests\AuswertungPro.Next.Infrastructure.Tests\ShaftRenameSafetyTests.cs:line 29&#xD;
   at System.Reflection.MethodBaseInvoker.InterpretedInvoke_Method(Object obj, IntPtr* args)&#xD;
   at System.Reflection.MethodBaseInvoker.InvokeDirectByRefWithFewArgs(Object obj, Span`1 copyOfArgs, BindingFlags invokeAttr)</StackTrace>
        </ErrorInfo>
      </Output>
    </UnitTestResult>
    <UnitTestResult executionId="fd2daee7-227c-4a57-9d0d-48208a96673a" testId="b5e2ab30-eec1-2d38-72ca-6c4cc37a9acc" testName="AuswertungPro.Next.Infrastructure.Tests.ShaftRenameSafetyTests.Rename_DateipfadOhneProjekt_WeistAb" computerName="PCW11X01" duration="00:00:00.0020157" startTime="2026-09-06T11:08:56.3279322+02:00" endTime="2026-09-06T11:08:56.3279323+02:00" testType="13cdc9d9-ddb5-4fa4-a97d-d965ccfc6d4b" outcome="Failed" testListId="8c84fa94-04c1-424b-9868-57a2d4851a1d" relativeResultsDirectory="fd2daee7-227c-4a57-9d0d-48208a96673a">
      <Output>
        <ErrorInfo>
          <Message>Assert.False() Failure&#xD;
Expected: False&#xD;
Actual:   True</Message>
          <StackTrace>   at AuswertungPro.Next.Infrastructure.Tests.ShaftRenameSafetyTests.Rename_DateipfadOhneProjekt_WeistAb() in C:\Sewer-Studio_KI_4.5\tests\AuswertungPro.Next.Infrastructure.Tests\ShaftRenameSafetyTests.cs:line 45&#xD;
   at System.Reflection.MethodBaseInvoker.InterpretedInvoke_Method(Object obj, IntPtr* args)&#xD;
   at System.Reflection.MethodBaseInvoker.InvokeWithNoArgs(Object obj, BindingFlags invokeAttr)</StackTrace>
        </ErrorInfo>
      </Output>
    </UnitTestResult>
    <UnitTestResult executionId="e47477ca-d97f-431e-a1e7-6e82c014e743" testId="b72e406d-f00a-93e5-6023-8479ddaae220" testName="AuswertungPro.Next.Infrastructure.Tests.ShaftRenameSafetyTests.Rename_DateikonfliktImUnterordner_AendertNichts" computerName="PCW11X01" duration="00:00:00.0071021" startTime="2026-09-06T11:08:56.3009638+02:00" endTime="2026-09-06T11:08:56.3009638+02:00" testType="13cdc9d9-ddb5-4fa4-a97d-d965ccfc6d4b" outcome="Failed" testListId="8c84fa94-04c1-424b-9868-57a2d4851a1d" relativeResultsDirectory="e47477ca-d97f-431e-a1e7-6e82c014e743">
      <Output>
        <ErrorInfo>
          <Message>Assert.False() Failure&#xD;
Expected: False&#xD;
Actual:   True</Message>
          <StackTrace>   at AuswertungPro.Next.Infrastructure.Tests.ShaftRenameSafetyTests.Rename_DateikonfliktImUnterordner_AendertNichts() in C:\Sewer-Studio_KI_4.5\tests\AuswertungPro.Next.Infrastructure.Tests\ShaftRenameSafetyTests.cs:line 99&#xD;
   at System.Reflection.MethodBaseInvoker.InterpretedInvoke_Method(Object obj, IntPtr* args)&#xD;
   at System.Reflection.MethodBaseInvoker.InvokeWithNoArgs(Object obj, BindingFlags invokeAttr)</StackTrace>
        </ErrorInfo>
      </Output>
    </UnitTestResult>
    <UnitTestResult executionId="de721dd1-ae9a-4ed2-93da-6ec4b6e78154" testId="8de9dedc-03b9-057a-6d15-cde5e39c1a78" testName="AuswertungPro.Next.Infrastructure.Tests.Projects.ProjectNullRecoveryTests.Load_GueltigesLeeresAltprojekt_BleibtLesbar(json: &quot;{}&quot;)" computerName="PCW11X01" duration="00:00:00.0023190" startTime="2026-09-06T11:08:56.2852775+02:00" endTime="2026-09-06T11:08:56.2852776+02:00" testType="13cdc9d9-ddb5-4fa4-a97d-d965ccfc6d4b" outcome="Passed" testListId="8c84fa94-04c1-424b-9868-57a2d4851a1d" relativeResultsDirectory="de721dd1-ae9a-4ed2-93da-6ec4b6e78154" />
    <UnitTestResult executionId="18fe54e3-81b8-48a3-9a8c-9536c0d10702" testId="4a964940-faf8-b17e-9be5-410df5b32233" testName="AuswertungPro.Next.Infrastructure.Tests.ShaftRenameSafetyTests.Rename_FremderPfad_WeistAbUndBewahrtOriginalUndVerweise(field: &quot;PDF_Eigen&quot;)" computerName="PCW11X01" duration="00:00:00.0026957" startTime="2026-09-06T11:08:56.3256501+02:00" endTime="2026-09-06T11:08:56.3256501+02:00" testType="13cdc9d9-ddb5-4fa4-a97d-d965ccfc6d4b" outcome="Failed" testListId="8c84fa94-04c1-424b-9868-57a2d4851a1d" relativeResultsDirectory="18fe54e3-81b8-48a3-9a8c-9536c0d10702">
      <Output>
        <ErrorInfo>
          <Message>Assert.False() Failure&#xD;
Expected: False&#xD;
Actual:   True</Message>
          <StackTrace>   at AuswertungPro.Next.Infrastructure.Tests.ShaftRenameSafetyTests.Rename_FremderPfad_WeistAbUndBewahrtOriginalUndVerweise(String field) in C:\Sewer-Studio_KI_4.5\tests\AuswertungPro.Next.Infrastructure.Tests\ShaftRenameSafetyTests.cs:line 29&#xD;
   at InvokeStub_ShaftRenameSafetyTests.Rename_FremderPfad_WeistAbUndBewahrtOriginalUndVerweise(Object, Span`1)&#xD;
   at System.Reflection.MethodBaseInvoker.InvokeWithOneArg(Object obj, BindingFlags invokeAttr, Binder binder, Object[] parameters, CultureInfo culture)</StackTrace>
        </ErrorInfo>
      </Output>
    </UnitTestResult>
    <UnitTestResult executionId="00498bdf-f192-4e9b-ab3c-a128b809f5a5" testId="03a3b963-1598-6060-d7da-b1eed61b398b" testName="AuswertungPro.Next.Infrastructure.Tests.Projects.ProjectNullRecoveryTests.Recovery_NeuesteSicherungIstNull_VerwendetAelterenGueltigenStand" computerName="PCW11X01" duration="00:00:00.0127635" startTime="2026-09-06T11:08:56.2828895+02:00" endTime="2026-09-06T11:08:56.2828896+02:00" testType="13cdc9d9-ddb5-4fa4-a97d-d965ccfc6d4b" outcome="Failed" testListId="8c84fa94-04c1-424b-9868-57a2d4851a1d" relativeResultsDirectory="00498bdf-f192-4e9b-ab3c-a128b809f5a5">
      <Output>
        <ErrorInfo>
          <Message>Assert.Equal() Failure: Strings differ&#xD;
           ↓ (pos 0)&#xD;
Expected: "Gueltiger Altstand"&#xD;
Actual:   "Neues Projekt"&#xD;
           ↑ (pos 0)</Message>
          <StackTrace>   at AuswertungPro.Next.Infrastructure.Tests.Projects.ProjectNullRecoveryTests.Recovery_NeuesteSicherungIstNull_VerwendetAelterenGueltigenStand() in C:\Sewer-Studio_KI_4.5\tests\AuswertungPro.Next.Infrastructure.Tests\Projects\ProjectNullRecoveryTests.cs:line 53&#xD;
   at System.Reflection.MethodBaseInvoker.InterpretedInvoke_Method(Object obj, IntPtr* args)&#xD;
   at System.Reflection.MethodBaseInvoker.InvokeWithNoArgs(Object obj, BindingFlags invokeAttr)</StackTrace>
        </ErrorInfo>
      </Output>
    </UnitTestResult>
    <UnitTestResult executionId="4714f605-3c04-4c37-8bd1-700c8545abec" testId="c183b957-318b-2095-3c64-59b16d82e9b7" testName="AuswertungPro.Next.Infrastructure.Tests.Projects.ProjectNullRecoveryTests.Recovery_NurNullSicherung_QuarantaeniertDieHauptdateiNicht" computerName="PCW11X01" duration="00:00:00.1123017" startTime="2026-09-06T11:08:56.2665017+02:00" endTime="2026-09-06T11:08:56.2665149+02:00" testType="13cdc9d9-ddb5-4fa4-a97d-d965ccfc6d4b" outcome="Failed" testListId="8c84fa94-04c1-424b-9868-57a2d4851a1d" relativeResultsDirectory="4714f605-3c04-4c37-8bd1-700c8545abec">
      <Output>
        <ErrorInfo>
          <Message>Assert.False() Failure&#xD;
Expected: False&#xD;
Actual:   True</Message>
          <StackTrace>   at AuswertungPro.Next.Infrastructure.Tests.Projects.ProjectNullRecoveryTests.Recovery_NurNullSicherung_QuarantaeniertDieHauptdateiNicht() in C:\Sewer-Studio_KI_4.5\tests\AuswertungPro.Next.Infrastructure.Tests\Projects\ProjectNullRecoveryTests.cs:line 33&#xD;
   at System.Reflection.MethodBaseInvoker.InterpretedInvoke_Method(Object obj, IntPtr* args)&#xD;
   at System.Reflection.MethodBaseInvoker.InvokeWithNoArgs(Object obj, BindingFlags invokeAttr)</StackTrace>
        </ErrorInfo>
      </Output>
    </UnitTestResult>
    <UnitTestResult executionId="27fdf311-503e-4e14-a1f8-79cb67ebef53" testId="998bafb1-26b3-465e-0435-ad036dcd8108" testName="AuswertungPro.Next.Infrastructure.Tests.ShaftRenameSafetyTests.Rename_FotoZielkonflikt_AendertAuchDenHauptordnerNicht" computerName="PCW11X01" duration="00:00:00.0032248" startTime="2026-09-06T11:08:56.3265982+02:00" endTime="2026-09-06T11:08:56.3265982+02:00" testType="13cdc9d9-ddb5-4fa4-a97d-d965ccfc6d4b" outcome="Failed" testListId="8c84fa94-04c1-424b-9868-57a2d4851a1d" relativeResultsDirectory="27fdf311-503e-4e14-a1f8-79cb67ebef53">
      <Output>
        <ErrorInfo>
          <Message>Assert.False() Failure&#xD;
Expected: False&#xD;
Actual:   True</Message>
          <StackTrace>   at AuswertungPro.Next.Infrastructure.Tests.ShaftRenameSafetyTests.Rename_FotoZielkonflikt_AendertAuchDenHauptordnerNicht() in C:\Sewer-Studio_KI_4.5\tests\AuswertungPro.Next.Infrastructure.Tests\ShaftRenameSafetyTests.cs:line 83&#xD;
   at System.Reflection.MethodBaseInvoker.InterpretedInvoke_Method(Object obj, IntPtr* args)&#xD;
   at System.Reflection.MethodBaseInvoker.InvokeWithNoArgs(Object obj, BindingFlags invokeAttr)</StackTrace>
        </ErrorInfo>
      </Output>
    </UnitTestResult>
    <UnitTestResult executionId="14556363-7043-4139-96f6-fb98431e9708" testId="a0c5f6f0-9032-bd36-8e09-c2dd7fb54d10" testName="AuswertungPro.Next.Infrastructure.Tests.ShaftRenameSafetyTests.Rename_FremderPfad_WeistAbUndBewahrtOriginalUndVerweise(field: &quot;PDF_All&quot;)" computerName="PCW11X01" duration="00:00:00.0032269" startTime="2026-09-06T11:08:56.3259292+02:00" endTime="2026-09-06T11:08:56.3259293+02:00" testType="13cdc9d9-ddb5-4fa4-a97d-d965ccfc6d4b" outcome="Failed" testListId="8c84fa94-04c1-424b-9868-57a2d4851a1d" relativeResultsDirectory="14556363-7043-4139-96f6-fb98431e9708">
      <Output>
        <ErrorInfo>
          <Message>Assert.False() Failure&#xD;
Expected: False&#xD;
Actual:   True</Message>
          <StackTrace>   at AuswertungPro.Next.Infrastructure.Tests.ShaftRenameSafetyTests.Rename_FremderPfad_WeistAbUndBewahrtOriginalUndVerweise(String field) in C:\Sewer-Studio_KI_4.5\tests\AuswertungPro.Next.Infrastructure.Tests\ShaftRenameSafetyTests.cs:line 29&#xD;
   at InvokeStub_ShaftRenameSafetyTests.Rename_FremderPfad_WeistAbUndBewahrtOriginalUndVerweise(Object, Span`1)&#xD;
   at System.Reflection.MethodBaseInvoker.InvokeWithOneArg(Object obj, BindingFlags invokeAttr, Binder binder, Object[] parameters, CultureInfo culture)</StackTrace>
        </ErrorInfo>
      </Output>
    </UnitTestResult>
    <UnitTestResult executionId="a464f9ef-03e9-430d-a058-2192e00cfce6" testId="3ad6ae20-f95f-58a1-cd86-5a5f3d75d06b" testName="AuswertungPro.Next.Infrastructure.Tests.Projects.ProjectNullRecoveryTests.Load_GueltigesLeeresAltprojekt_BleibtLesbar(json: &quot;{\&quot;Version\&quot;:1,\&quot;Name\&quot;:\&quot;Altprojekt\&quot;}&quot;)" computerName="PCW11X01" duration="00:00:00.0071175" startTime="2026-09-06T11:08:56.2921192+02:00" endTime="2026-09-06T11:08:56.2921193+02:00" testType="13cdc9d9-ddb5-4fa4-a97d-d965ccfc6d4b" outcome="Passed" testListId="8c84fa94-04c1-424b-9868-57a2d4851a1d" relativeResultsDirectory="a464f9ef-03e9-430d-a058-2192e00cfce6" />
    <UnitTestResult executionId="234ff7c9-df17-479e-b7ae-440ba38dd01c" testId="f51106b7-a658-fa62-4dac-1d6db56d6633" testName="AuswertungPro.Next.Infrastructure.Tests.ShaftRenameSafetyTests.Rename_VerknuepfterUnterordner_WeistDenGanzenLaufAb" computerName="PCW11X01" duration="00:00:00.0027736" startTime="2026-09-06T11:08:56.3267398+02:00" endTime="2026-09-06T11:08:56.3267398+02:00" testType="13cdc9d9-ddb5-4fa4-a97d-d965ccfc6d4b" outcome="Failed" testListId="8c84fa94-04c1-424b-9868-57a2d4851a1d" relativeResultsDirectory="234ff7c9-df17-479e-b7ae-440ba38dd01c">
      <Output>
        <ErrorInfo>
          <Message>System.IO.DirectoryNotFoundException : Could not find a part of the path 'C:\Users\Besitzer\AppData\Local\Temp\shaft-rename-safety\410f6561c86646479090416fdcadbc67\Projekt\Schächte_Verteilt\123\Sanierung'.</Message>
          <StackTrace>   at System.IO.FileSystem.RemoveDirectoryInternal(String fullPath, Boolean topLevel, Boolean allowDirectoryNotEmpty)&#xD;
   at System.IO.FileSystem.RemoveDirectory(String fullPath, Boolean recursive)&#xD;
   at AuswertungPro.Next.Infrastructure.Tests.ShaftRenameSafetyTests.Rename_VerknuepfterUnterordner_WeistDenGanzenLaufAb() in C:\Sewer-Studio_KI_4.5\tests\AuswertungPro.Next.Infrastructure.Tests\ShaftRenameSafetyTests.cs:line 121&#xD;
   at System.Reflection.MethodBaseInvoker.InterpretedInvoke_Method(Object obj, IntPtr* args)&#xD;
   at System.Reflection.MethodBaseInvoker.InvokeWithNoArgs(Object obj, BindingFlags invokeAttr)</StackTrace>
        </ErrorInfo>
      </Output>
    </UnitTestResult>
    <UnitTestResult executionId="fa69964a-1f90-4dc1-8067-562315f70bce" testId="7814f001-d09c-7328-ec97-7f038d62e1bd" testName="AuswertungPro.Next.Infrastructure.Tests.ShaftRenameSafetyTests.Rename_Unterordner_DateiUndVerweisFolgenDemselbenPlan(relative: True)" computerName="PCW11X01" duration="00:00:00.0030333" startTime="2026-09-06T11:08:56.3264685+02:00" endTime="2026-09-06T11:08:56.3264686+02:00" testType="13cdc9d9-ddb5-4fa4-a97d-d965ccfc6d4b" outcome="Failed" testListId="8c84fa94-04c1-424b-9868-57a2d4851a1d" relativeResultsDirectory="fa69964a-1f90-4dc1-8067-562315f70bce">
      <Output>
        <ErrorInfo>
          <Message>System.IO.DirectoryNotFoundException : Could not find a part of the path 'C:\Users\Besitzer\AppData\Local\Temp\shaft-rename-safety\1f3100a307e2425aa0121f8321431224\Projekt\Schächte_Verteilt\456\Sanierung\456\456.pdf'.</Message>
          <StackTrace>   at Microsoft.Win32.SafeHandles.SafeFileHandle.CreateFile(String fullPath, FileMode mode, FileAccess access, FileShare share, FileOptions options)&#xD;
   at Microsoft.Win32.SafeHandles.SafeFileHandle.Open(String fullPath, FileMode mode, FileAccess access, FileShare share, FileOptions options, Int64 preallocationSize, Nullable`1 unixCreateMode)&#xD;
   at System.IO.Strategies.OSFileStreamStrategy..ctor(String path, FileMode mode, FileAccess access, FileShare share, FileOptions options, Int64 preallocationSize, Nullable`1 unixCreateMode)&#xD;
   at System.IO.Strategies.FileStreamHelpers.ChooseStrategyCore(String path, FileMode mode, FileAccess access, FileShare share, FileOptions options, Int64 preallocationSize, Nullable`1 unixCreateMode)&#xD;
   at System.IO.StreamReader.ValidateArgsAndOpenPath(String path, Int32 bufferSize)&#xD;
   at System.IO.File.ReadAllText(String path, Encoding encoding)&#xD;
   at AuswertungPro.Next.Infrastructure.Tests.ShaftRenameSafetyTests.Rename_Unterordner_DateiUndVerweisFolgenDemselbenPlan(Boolean relative) in C:\Sewer-Studio_KI_4.5\tests\AuswertungPro.Next.Infrastructure.Tests\ShaftRenameSafetyTests.cs:line 63&#xD;
   at InvokeStub_ShaftRenameSafetyTests.Rename_Unterordner_DateiUndVerweisFolgenDemselbenPlan(Object, Span`1)&#xD;
   at System.Reflection.MethodBaseInvoker.InvokeWithOneArg(Object obj, BindingFlags invokeAttr, Binder binder, Object[] parameters, CultureInfo culture)</StackTrace>
        </ErrorInfo>
      </Output>
    </UnitTestResult>
    <UnitTestResult executionId="2e798247-9cbb-4687-942e-e9e178a6b095" testId="17d54075-03b1-a393-e196-6b2016c58bad" testName="AuswertungPro.Next.Infrastructure.Tests.ShaftRenameSafetyTests.Rename_Unterordner_DateiUndVerweisFolgenDemselbenPlan(relative: False)" computerName="PCW11X01" duration="00:00:00.0028601" startTime="2026-09-06T11:08:56.3262334+02:00" endTime="2026-09-06T11:08:56.3262334+02:00" testType="13cdc9d9-ddb5-4fa4-a97d-d965ccfc6d4b" outcome="Failed" testListId="8c84fa94-04c1-424b-9868-57a2d4851a1d" relativeResultsDirectory="2e798247-9cbb-4687-942e-e9e178a6b095">
      <Output>
        <ErrorInfo>
          <Message>System.IO.DirectoryNotFoundException : Could not find a part of the path 'C:\Users\Besitzer\AppData\Local\Temp\shaft-rename-safety\de157f3bee324e8289cf90127b8f77d0\Projekt\Schächte_Verteilt\456\Sanierung\456\456.pdf'.</Message>
          <StackTrace>   at Microsoft.Win32.SafeHandles.SafeFileHandle.CreateFile(String fullPath, FileMode mode, FileAccess access, FileShare share, FileOptions options)&#xD;
   at Microsoft.Win32.SafeHandles.SafeFileHandle.Open(String fullPath, FileMode mode, FileAccess access, FileShare share, FileOptions options, Int64 preallocationSize, Nullable`1 unixCreateMode)&#xD;
   at System.IO.Strategies.OSFileStreamStrategy..ctor(String path, FileMode mode, FileAccess access, FileShare share, FileOptions options, Int64 preallocationSize, Nullable`1 unixCreateMode)&#xD;
   at System.IO.Strategies.FileStreamHelpers.ChooseStrategyCore(String path, FileMode mode, FileAccess access, FileShare share, FileOptions options, Int64 preallocationSize, Nullable`1 unixCreateMode)&#xD;
   at System.IO.StreamReader.ValidateArgsAndOpenPath(String path, Int32 bufferSize)&#xD;
   at System.IO.File.ReadAllText(String path, Encoding encoding)&#xD;
   at AuswertungPro.Next.Infrastructure.Tests.ShaftRenameSafetyTests.Rename_Unterordner_DateiUndVerweisFolgenDemselbenPlan(Boolean relative) in C:\Sewer-Studio_KI_4.5\tests\AuswertungPro.Next.Infrastructure.Tests\ShaftRenameSafetyTests.cs:line 63&#xD;
   at System.Reflection.MethodBaseInvoker.InterpretedInvoke_Method(Object obj, IntPtr* args)&#xD;
   at System.Reflection.MethodBaseInvoker.InvokeDirectByRefWithFewArgs(Object obj, Span`1 copyOfArgs, BindingFlags invokeAttr)</StackTrace>
        </ErrorInfo>
      </Output>
    </UnitTestResult>
    <UnitTestResult executionId="cd4c08e7-3d46-4167-9498-de689d7c9cfe" testId="a41deaa6-31d4-75f6-8766-2df5e69b5b7a" testName="AuswertungPro.Next.Infrastructure.Tests.ShaftRenameSafetyTests.Rename_FremderPfad_WeistAbUndBewahrtOriginalUndVerweise(field: &quot;Link&quot;)" computerName="PCW11X01" duration="00:00:00.0030536" startTime="2026-09-06T11:08:56.3073023+02:00" endTime="2026-09-06T11:08:56.3073024+02:00" testType="13cdc9d9-ddb5-4fa4-a97d-d965ccfc6d4b" outcome="Failed" testListId="8c84fa94-04c1-424b-9868-57a2d4851a1d" relativeResultsDirectory="cd4c08e7-3d46-4167-9498-de689d7c9cfe">
      <Output>
        <ErrorInfo>
          <Message>Assert.False() Failure&#xD;
Expected: False&#xD;
Actual:   True</Message>
          <StackTrace>   at AuswertungPro.Next.Infrastructure.Tests.ShaftRenameSafetyTests.Rename_FremderPfad_WeistAbUndBewahrtOriginalUndVerweise(String field) in C:\Sewer-Studio_KI_4.5\tests\AuswertungPro.Next.Infrastructure.Tests\ShaftRenameSafetyTests.cs:line 29&#xD;
   at InvokeStub_ShaftRenameSafetyTests.Rename_FremderPfad_WeistAbUndBewahrtOriginalUndVerweise(Object, Span`1)&#xD;
   at System.Reflection.MethodBaseInvoker.InvokeWithOneArg(Object obj, BindingFlags invokeAttr, Binder binder, Object[] parameters, CultureInfo culture)</StackTrace>
        </ErrorInfo>
      </Output>
    </UnitTestResult>
    <UnitTestResult executionId="65d40da6-f23e-40cd-a204-c420155b2598" testId="7fcf4f2c-d4d6-34e7-1194-04fb48c960ca" testName="AuswertungPro.Next.Infrastructure.Tests.Projects.ProjectNullRecoveryTests.Load_JsonNull_IstKeinProjektUndBleibtUnveraendert(json: &quot; \r\n null \t&quot;)" computerName="PCW11X01" duration="00:00:00.0046770" startTime="2026-09-06T11:08:56.2697258+02:00" endTime="2026-09-06T11:08:56.2697259+02:00" testType="13cdc9d9-ddb5-4fa4-a97d-d965ccfc6d4b" outcome="Failed" testListId="8c84fa94-04c1-424b-9868-57a2d4851a1d" relativeResultsDirectory="65d40da6-f23e-40cd-a204-c420155b2598">
      <Output>
        <ErrorInfo>
          <Message>Assert.False() Failure&#xD;
Expected: False&#xD;
Actual:   True</Message>
          <StackTrace>   at AuswertungPro.Next.Infrastructure.Tests.Projects.ProjectNullRecoveryTests.Load_JsonNull_IstKeinProjektUndBleibtUnveraendert(String json) in C:\Sewer-Studio_KI_4.5\tests\AuswertungPro.Next.Infrastructure.Tests\Projects\ProjectNullRecoveryTests.cs:line 20&#xD;
   at InvokeStub_ProjectNullRecoveryTests.Load_JsonNull_IstKeinProjektUndBleibtUnveraendert(Object, Span`1)&#xD;
   at System.Reflection.MethodBaseInvoker.InvokeWithOneArg(Object obj, BindingFlags invokeAttr, Binder binder, Object[] parameters, CultureInfo culture)</StackTrace>
        </ErrorInfo>
      </Output>
    </UnitTestResult>
  </Results>
  <TestDefinitions>
    <UnitTest name="AuswertungPro.Next.Infrastructure.Tests.ShaftRenameSafetyTests.Rename_FremderPfad_WeistAbUndBewahrtOriginalUndVerweise(field: &quot;Link&quot;)" storage="c:\sewer-studio_ki_4.5\.tmp\paket1-2026-09-06\artifacts\bin\auswertungpro.next.infrastructure.tests\release\auswertungpro.next.infrastructure.tests.dll" id="a41deaa6-31d4-75f6-8766-2df5e69b5b7a">
      <Execution id="cd4c08e7-3d46-4167-9498-de689d7c9cfe" />
      <TestMethod codeBase="C:\Sewer-Studio_KI_4.5\.tmp\paket1-2026-09-06\artifacts\bin\AuswertungPro.Next.Infrastructure.Tests\release\AuswertungPro.Next.Infrastructure.Tests.dll" adapterTypeName="executor://xunit/VsTestRunner2/netcoreapp" className="AuswertungPro.Next.Infrastructure.Tests.ShaftRenameSafetyTests" name="Rename_FremderPfad_WeistAbUndBewahrtOriginalUndVerweise" />
    </UnitTest>
    <UnitTest name="AuswertungPro.Next.Infrastructure.Tests.ShaftRenameSafetyTests.Rename_DateipfadOhneProjekt_WeistAb" storage="c:\sewer-studio_ki_4.5\.tmp\paket1-2026-09-06\artifacts\bin\auswertungpro.next.infrastructure.tests\release\auswertungpro.next.infrastructure.tests.dll" id="b5e2ab30-eec1-2d38-72ca-6c4cc37a9acc">
      <Execution id="fd2daee7-227c-4a57-9d0d-48208a96673a" />
      <TestMethod codeBase="C:\Sewer-Studio_KI_4.5\.tmp\paket1-2026-09-06\artifacts\bin\AuswertungPro.Next.Infrastructure.Tests\release\AuswertungPro.Next.Infrastructure.Tests.dll" adapterTypeName="executor://xunit/VsTestRunner2/netcoreapp" className="AuswertungPro.Next.Infrastructure.Tests.ShaftRenameSafetyTests" name="Rename_DateipfadOhneProjekt_WeistAb" />
    </UnitTest>
    <UnitTest name="AuswertungPro.Next.Infrastructure.Tests.ShaftRenameSafetyTests.Rename_FremderPfad_WeistAbUndBewahrtOriginalUndVerweise(field: &quot;PDF_All&quot;)" storage="c:\sewer-studio_ki_4.5\.tmp\paket1-2026-09-06\artifacts\bin\auswertungpro.next.infrastructure.tests\release\auswertungpro.next.infrastructure.tests.dll" id="a0c5f6f0-9032-bd36-8e09-c2dd7fb54d10">
      <Execution id="14556363-7043-4139-96f6-fb98431e9708" />
      <TestMethod codeBase="C:\Sewer-Studio_KI_4.5\.tmp\paket1-2026-09-06\artifacts\bin\AuswertungPro.Next.Infrastructure.Tests\release\AuswertungPro.Next.Infrastructure.Tests.dll" adapterTypeName="executor://xunit/VsTestRunner2/netcoreapp" className="AuswertungPro.Next.Infrastructure.Tests.ShaftRenameSafetyTests" name="Rename_FremderPfad_WeistAbUndBewahrtOriginalUndVerweise" />
    </UnitTest>
    <UnitTest name="AuswertungPro.Next.Infrastructure.Tests.ShaftRenameSafetyTests.Rename_DateikonfliktImUnterordner_AendertNichts" storage="c:\sewer-studio_ki_4.5\.tmp\paket1-2026-09-06\artifacts\bin\auswertungpro.next.infrastructure.tests\release\auswertungpro.next.infrastructure.tests.dll" id="b72e406d-f00a-93e5-6023-8479ddaae220">
      <Execution id="e47477ca-d97f-431e-a1e7-6e82c014e743" />
      <TestMethod codeBase="C:\Sewer-Studio_KI_4.5\.tmp\paket1-2026-09-06\artifacts\bin\AuswertungPro.Next.Infrastructure.Tests\release\AuswertungPro.Next.Infrastructure.Tests.dll" adapterTypeName="executor://xunit/VsTestRunner2/netcoreapp" className="AuswertungPro.Next.Infrastructure.Tests.ShaftRenameSafetyTests" name="Rename_DateikonfliktImUnterordner_AendertNichts" />
    </UnitTest>
    <UnitTest name="AuswertungPro.Next.Infrastructure.Tests.ShaftRenameSafetyTests.Rename_FremderPfad_WeistAbUndBewahrtOriginalUndVerweise(field: &quot;PDF_Path&quot;)" storage="c:\sewer-studio_ki_4.5\.tmp\paket1-2026-09-06\artifacts\bin\auswertungpro.next.infrastructure.tests\release\auswertungpro.next.infrastructure.tests.dll" id="dddd872c-1950-3aba-5107-7a3b9989de07">
      <Execution id="bd147cbc-ffa7-48a0-b187-ee7d71c21acc" />
      <TestMethod codeBase="C:\Sewer-Studio_KI_4.5\.tmp\paket1-2026-09-06\artifacts\bin\AuswertungPro.Next.Infrastructure.Tests\release\AuswertungPro.Next.Infrastructure.Tests.dll" adapterTypeName="executor://xunit/VsTestRunner2/netcoreapp" className="AuswertungPro.Next.Infrastructure.Tests.ShaftRenameSafetyTests" name="Rename_FremderPfad_WeistAbUndBewahrtOriginalUndVerweise" />
    </UnitTest>
    <UnitTest name="AuswertungPro.Next.Infrastructure.Tests.ShaftRenameSafetyTests.Rename_FremderPfad_WeistAbUndBewahrtOriginalUndVerweise(field: &quot;PDF_Eigen&quot;)" storage="c:\sewer-studio_ki_4.5\.tmp\paket1-2026-09-06\artifacts\bin\auswertungpro.next.infrastructure.tests\release\auswertungpro.next.infrastructure.tests.dll" id="4a964940-faf8-b17e-9be5-410df5b32233">
      <Execution id="18fe54e3-81b8-48a3-9a8c-9536c0d10702" />
      <TestMethod codeBase="C:\Sewer-Studio_KI_4.5\.tmp\paket1-2026-09-06\artifacts\bin\AuswertungPro.Next.Infrastructure.Tests\release\AuswertungPro.Next.Infrastructure.Tests.dll" adapterTypeName="executor://xunit/VsTestRunner2/netcoreapp" className="AuswertungPro.Next.Infrastructure.Tests.ShaftRenameSafetyTests" name="Rename_FremderPfad_WeistAbUndBewahrtOriginalUndVerweise" />
    </UnitTest>
    <UnitTest name="AuswertungPro.Next.Infrastructure.Tests.Projects.ProjectNullRecoveryTests.Load_GueltigesLeeresAltprojekt_BleibtLesbar(json: &quot;{\&quot;Version\&quot;:1,\&quot;Name\&quot;:\&quot;Altprojekt\&quot;}&quot;)" storage="c:\sewer-studio_ki_4.5\.tmp\paket1-2026-09-06\artifacts\bin\auswertungpro.next.infrastructure.tests\release\auswertungpro.next.infrastructure.tests.dll" id="3ad6ae20-f95f-58a1-cd86-5a5f3d75d06b">
      <Execution id="a464f9ef-03e9-430d-a058-2192e00cfce6" />
      <TestMethod codeBase="C:\Sewer-Studio_KI_4.5\.tmp\paket1-2026-09-06\artifacts\bin\AuswertungPro.Next.Infrastructure.Tests\release\AuswertungPro.Next.Infrastructure.Tests.dll" adapterTypeName="executor://xunit/VsTestRunner2/netcoreapp" className="AuswertungPro.Next.Infrastructure.Tests.Projects.ProjectNullRecoveryTests" name="Load_GueltigesLeeresAltprojekt_BleibtLesbar" />
    </UnitTest>
    <UnitTest name="AuswertungPro.Next.Infrastructure.Tests.Projects.ProjectNullRecoveryTests.Load_JsonNull_IstKeinProjektUndBleibtUnveraendert(json: &quot;null&quot;)" storage="c:\sewer-studio_ki_4.5\.tmp\paket1-2026-09-06\artifacts\bin\auswertungpro.next.infrastructure.tests\release\auswertungpro.next.infrastructure.tests.dll" id="f8b0fd09-2752-c1d7-ada5-a87ad1f6fa85">
      <Execution id="12716132-bd6e-4cff-84d7-86c3d1a383bb" />
      <TestMethod codeBase="C:\Sewer-Studio_KI_4.5\.tmp\paket1-2026-09-06\artifacts\bin\AuswertungPro.Next.Infrastructure.Tests\release\AuswertungPro.Next.Infrastructure.Tests.dll" adapterTypeName="executor://xunit/VsTestRunner2/netcoreapp" className="AuswertungPro.Next.Infrastructure.Tests.Projects.ProjectNullRecoveryTests" name="Load_JsonNull_IstKeinProjektUndBleibtUnveraendert" />
    </UnitTest>
    <UnitTest name="AuswertungPro.Next.Infrastructure.Tests.ShaftRenameSafetyTests.Rename_VerknuepfterUnterordner_WeistDenGanzenLaufAb" storage="c:\sewer-studio_ki_4.5\.tmp\paket1-2026-09-06\artifacts\bin\auswertungpro.next.infrastructure.tests\release\auswertungpro.next.infrastructure.tests.dll" id="f51106b7-a658-fa62-4dac-1d6db56d6633">
      <Execution id="234ff7c9-df17-479e-b7ae-440ba38dd01c" />
      <TestMethod codeBase="C:\Sewer-Studio_KI_4.5\.tmp\paket1-2026-09-06\artifacts\bin\AuswertungPro.Next.Infrastructure.Tests\release\AuswertungPro.Next.Infrastructure.Tests.dll" adapterTypeName="executor://xunit/VsTestRunner2/netcoreapp" className="AuswertungPro.Next.Infrastructure.Tests.ShaftRenameSafetyTests" name="Rename_VerknuepfterUnterordner_WeistDenGanzenLaufAb" />
    </UnitTest>
    <UnitTest name="AuswertungPro.Next.Infrastructure.Tests.ShaftRenameSafetyTests.Rename_FotoZielkonflikt_AendertAuchDenHauptordnerNicht" storage="c:\sewer-studio_ki_4.5\.tmp\paket1-2026-09-06\artifacts\bin\auswertungpro.next.infrastructure.tests\release\auswertungpro.next.infrastructure.tests.dll" id="998bafb1-26b3-465e-0435-ad036dcd8108">
      <Execution id="27fdf311-503e-4e14-a1f8-79cb67ebef53" />
      <TestMethod codeBase="C:\Sewer-Studio_KI_4.5\.tmp\paket1-2026-09-06\artifacts\bin\AuswertungPro.Next.Infrastructure.Tests\release\AuswertungPro.Next.Infrastructure.Tests.dll" adapterTypeName="executor://xunit/VsTestRunner2/netcoreapp" className="AuswertungPro.Next.Infrastructure.Tests.ShaftRenameSafetyTests" name="Rename_FotoZielkonflikt_AendertAuchDenHauptordnerNicht" />
    </UnitTest>
    <UnitTest name="AuswertungPro.Next.Infrastructure.Tests.Projects.ProjectNullRecoveryTests.Recovery_NurNullSicherung_QuarantaeniertDieHauptdateiNicht" storage="c:\sewer-studio_ki_4.5\.tmp\paket1-2026-09-06\artifacts\bin\auswertungpro.next.infrastructure.tests\release\auswertungpro.next.infrastructure.tests.dll" id="c183b957-318b-2095-3c64-59b16d82e9b7">
      <Execution id="4714f605-3c04-4c37-8bd1-700c8545abec" />
      <TestMethod codeBase="C:\Sewer-Studio_KI_4.5\.tmp\paket1-2026-09-06\artifacts\bin\AuswertungPro.Next.Infrastructure.Tests\release\AuswertungPro.Next.Infrastructure.Tests.dll" adapterTypeName="executor://xunit/VsTestRunner2/netcoreapp" className="AuswertungPro.Next.Infrastructure.Tests.Projects.ProjectNullRecoveryTests" name="Recovery_NurNullSicherung_QuarantaeniertDieHauptdateiNicht" />
    </UnitTest>
    <UnitTest name="AuswertungPro.Next.Infrastructure.Tests.Projects.ProjectNullRecoveryTests.Load_GueltigesLeeresAltprojekt_BleibtLesbar(json: &quot;{}&quot;)" storage="c:\sewer-studio_ki_4.5\.tmp\paket1-2026-09-06\artifacts\bin\auswertungpro.next.infrastructure.tests\release\auswertungpro.next.infrastructure.tests.dll" id="8de9dedc-03b9-057a-6d15-cde5e39c1a78">
      <Execution id="de721dd1-ae9a-4ed2-93da-6ec4b6e78154" />
      <TestMethod codeBase="C:\Sewer-Studio_KI_4.5\.tmp\paket1-2026-09-06\artifacts\bin\AuswertungPro.Next.Infrastructure.Tests\release\AuswertungPro.Next.Infrastructure.Tests.dll" adapterTypeName="executor://xunit/VsTestRunner2/netcoreapp" className="AuswertungPro.Next.Infrastructure.Tests.Projects.ProjectNullRecoveryTests" name="Load_GueltigesLeeresAltprojekt_BleibtLesbar" />
    </UnitTest>
    <UnitTest name="AuswertungPro.Next.Infrastructure.Tests.Projects.ProjectNullRecoveryTests.Recovery_NeuesteSicherungIstNull_VerwendetAelterenGueltigenStand" storage="c:\sewer-studio_ki_4.5\.tmp\paket1-2026-09-06\artifacts\bin\auswertungpro.next.infrastructure.tests\release\auswertungpro.next.infrastructure.tests.dll" id="03a3b963-1598-6060-d7da-b1eed61b398b">
      <Execution id="00498bdf-f192-4e9b-ab3c-a128b809f5a5" />
      <TestMethod codeBase="C:\Sewer-Studio_KI_4.5\.tmp\paket1-2026-09-06\artifacts\bin\AuswertungPro.Next.Infrastructure.Tests\release\AuswertungPro.Next.Infrastructure.Tests.dll" adapterTypeName="executor://xunit/VsTestRunner2/netcoreapp" className="AuswertungPro.Next.Infrastructure.Tests.Projects.ProjectNullRecoveryTests" name="Recovery_NeuesteSicherungIstNull_VerwendetAelterenGueltigenStand" />
    </UnitTest>
    <UnitTest name="AuswertungPro.Next.Infrastructure.Tests.Projects.ProjectNullRecoveryTests.Load_JsonNull_IstKeinProjektUndBleibtUnveraendert(json: &quot; \r\n null \t&quot;)" storage="c:\sewer-studio_ki_4.5\.tmp\paket1-2026-09-06\artifacts\bin\auswertungpro.next.infrastructure.tests\release\auswertungpro.next.infrastructure.tests.dll" id="7fcf4f2c-d4d6-34e7-1194-04fb48c960ca">
      <Execution id="65d40da6-f23e-40cd-a204-c420155b2598" />
      <TestMethod codeBase="C:\Sewer-Studio_KI_4.5\.tmp\paket1-2026-09-06\artifacts\bin\AuswertungPro.Next.Infrastructure.Tests\release\AuswertungPro.Next.Infrastructure.Tests.dll" adapterTypeName="executor://xunit/VsTestRunner2/netcoreapp" className="AuswertungPro.Next.Infrastructure.Tests.Projects.ProjectNullRecoveryTests" name="Load_JsonNull_IstKeinProjektUndBleibtUnveraendert" />
    </UnitTest>
    <UnitTest name="AuswertungPro.Next.Infrastructure.Tests.ShaftRenameSafetyTests.Rename_Unterordner_DateiUndVerweisFolgenDemselbenPlan(relative: True)" storage="c:\sewer-studio_ki_4.5\.tmp\paket1-2026-09-06\artifacts\bin\auswertungpro.next.infrastructure.tests\release\auswertungpro.next.infrastructure.tests.dll" id="7814f001-d09c-7328-ec97-7f038d62e1bd">
      <Execution id="fa69964a-1f90-4dc1-8067-562315f70bce" />
      <TestMethod codeBase="C:\Sewer-Studio_KI_4.5\.tmp\paket1-2026-09-06\artifacts\bin\AuswertungPro.Next.Infrastructure.Tests\release\AuswertungPro.Next.Infrastructure.Tests.dll" adapterTypeName="executor://xunit/VsTestRunner2/netcoreapp" className="AuswertungPro.Next.Infrastructure.Tests.ShaftRenameSafetyTests" name="Rename_Unterordner_DateiUndVerweisFolgenDemselbenPlan" />
    </UnitTest>
    <UnitTest name="AuswertungPro.Next.Infrastructure.Tests.ShaftRenameSafetyTests.Rename_Unterordner_DateiUndVerweisFolgenDemselbenPlan(relative: False)" storage="c:\sewer-studio_ki_4.5\.tmp\paket1-2026-09-06\artifacts\bin\auswertungpro.next.infrastructure.tests\release\auswertungpro.next.infrastructure.tests.dll" id="17d54075-03b1-a393-e196-6b2016c58bad">
      <Execution id="2e798247-9cbb-4687-942e-e9e178a6b095" />
      <TestMethod codeBase="C:\Sewer-Studio_KI_4.5\.tmp\paket1-2026-09-06\artifacts\bin\AuswertungPro.Next.Infrastructure.Tests\release\AuswertungPro.Next.Infrastructure.Tests.dll" adapterTypeName="executor://xunit/VsTestRunner2/netcoreapp" className="AuswertungPro.Next.Infrastructure.Tests.ShaftRenameSafetyTests" name="Rename_Unterordner_DateiUndVerweisFolgenDemselbenPlan" />
    </UnitTest>
  </TestDefinitions>
  <TestEntries>
    <TestEntry testId="f8b0fd09-2752-c1d7-ada5-a87ad1f6fa85" executionId="12716132-bd6e-4cff-84d7-86c3d1a383bb" testListId="8c84fa94-04c1-424b-9868-57a2d4851a1d" />
    <TestEntry testId="dddd872c-1950-3aba-5107-7a3b9989de07" executionId="bd147cbc-ffa7-48a0-b187-ee7d71c21acc" testListId="8c84fa94-04c1-424b-9868-57a2d4851a1d" />
    <TestEntry testId="b5e2ab30-eec1-2d38-72ca-6c4cc37a9acc" executionId="fd2daee7-227c-4a57-9d0d-48208a96673a" testListId="8c84fa94-04c1-424b-9868-57a2d4851a1d" />
    <TestEntry testId="b72e406d-f00a-93e5-6023-8479ddaae220" executionId="e47477ca-d97f-431e-a1e7-6e82c014e743" testListId="8c84fa94-04c1-424b-9868-57a2d4851a1d" />
    <TestEntry testId="8de9dedc-03b9-057a-6d15-cde5e39c1a78" executionId="de721dd1-ae9a-4ed2-93da-6ec4b6e78154" testListId="8c84fa94-04c1-424b-9868-57a2d4851a1d" />
    <TestEntry testId="4a964940-faf8-b17e-9be5-410df5b32233" executionId="18fe54e3-81b8-48a3-9a8c-9536c0d10702" testListId="8c84fa94-04c1-424b-9868-57a2d4851a1d" />
    <TestEntry testId="03a3b963-1598-6060-d7da-b1eed61b398b" executionId="00498bdf-f192-4e9b-ab3c-a128b809f5a5" testListId="8c84fa94-04c1-424b-9868-57a2d4851a1d" />
    <TestEntry testId="c183b957-318b-2095-3c64-59b16d82e9b7" executionId="4714f605-3c04-4c37-8bd1-700c8545abec" testListId="8c84fa94-04c1-424b-9868-57a2d4851a1d" />
    <TestEntry testId="998bafb1-26b3-465e-0435-ad036dcd8108" executionId="27fdf311-503e-4e14-a1f8-79cb67ebef53" testListId="8c84fa94-04c1-424b-9868-57a2d4851a1d" />
    <TestEntry testId="a0c5f6f0-9032-bd36-8e09-c2dd7fb54d10" executionId="14556363-7043-4139-96f6-fb98431e9708" testListId="8c84fa94-04c1-424b-9868-57a2d4851a1d" />
    <TestEntry testId="3ad6ae20-f95f-58a1-cd86-5a5f3d75d06b" executionId="a464f9ef-03e9-430d-a058-2192e00cfce6" testListId="8c84fa94-04c1-424b-9868-57a2d4851a1d" />
    <TestEntry testId="f51106b7-a658-fa62-4dac-1d6db56d6633" executionId="234ff7c9-df17-479e-b7ae-440ba38dd01c" testListId="8c84fa94-04c1-424b-9868-57a2d4851a1d" />
    <TestEntry testId="7814f001-d09c-7328-ec97-7f038d62e1bd" executionId="fa69964a-1f90-4dc1-8067-562315f70bce" testListId="8c84fa94-04c1-424b-9868-57a2d4851a1d" />
    <TestEntry testId="17d54075-03b1-a393-e196-6b2016c58bad" executionId="2e798247-9cbb-4687-942e-e9e178a6b095" testListId="8c84fa94-04c1-424b-9868-57a2d4851a1d" />
    <TestEntry testId="a41deaa6-31d4-75f6-8766-2df5e69b5b7a" executionId="cd4c08e7-3d46-4167-9498-de689d7c9cfe" testListId="8c84fa94-04c1-424b-9868-57a2d4851a1d" />
    <TestEntry testId="7fcf4f2c-d4d6-34e7-1194-04fb48c960ca" executionId="65d40da6-f23e-40cd-a204-c420155b2598" testListId="8c84fa94-04c1-424b-9868-57a2d4851a1d" />
  </TestEntries>
  <TestLists>
    <TestList name="Ergebnisse nicht in einer Liste" id="8c84fa94-04c1-424b-9868-57a2d4851a1d" />
    <TestList name="Alle geladenen Ergebnisse" id="19431567-8539-422a-85d7-44ee4e166bda" />
  </TestLists>
  <ResultSummary outcome="Failed">
    <Counters total="16" executed="16" passed="2" failed="14" error="0" timeout="0" aborted="0" inconclusive="0" passedButRunAborted="0" notRunnable="0" notExecuted="0" disconnected="0" warning="0" completed="0" inProgress="0" pending="0" />
    <Output>
      <StdOut>[xUnit.net 00:00:00.00] xUnit.net VSTest Adapter v2.5.7+8f2703126a (64-bit .NET 10.0.11)&#xD;
[xUnit.net 00:00:00.50]   Discovering: AuswertungPro.Next.Infrastructure.Tests&#xD;
[xUnit.net 00:00:00.77]   Discovered:  AuswertungPro.Next.Infrastructure.Tests&#xD;
[xUnit.net 00:00:00.77]   Starting:    AuswertungPro.Next.Infrastructure.Tests&#xD;
[xUnit.net 00:00:00.91]       Assert.False() Failure&#xD;
[xUnit.net 00:00:00.91]       Expected: False&#xD;
[xUnit.net 00:00:00.91]       Actual:   True&#xD;
[xUnit.net 00:00:00.91]       Stack Trace:&#xD;
[xUnit.net 00:00:00.91]         C:\Sewer-Studio_KI_4.5\tests\AuswertungPro.Next.Infrastructure.Tests\Projects\ProjectNullRecoveryTests.cs(33,0): at AuswertungPro.Next.Infrastructure.Tests.Projects.ProjectNullRecoveryTests.Recovery_NurNullSicherung_QuarantaeniertDieHauptdateiNicht()&#xD;
[xUnit.net 00:00:00.91]            at System.Reflection.MethodBaseInvoker.InterpretedInvoke_Method(Object obj, IntPtr* args)&#xD;
[xUnit.net 00:00:00.91]            at System.Reflection.MethodBaseInvoker.InvokeWithNoArgs(Object obj, BindingFlags invokeAttr)&#xD;
[xUnit.net 00:00:00.92]       Assert.False() Failure&#xD;
[xUnit.net 00:00:00.92]       Expected: False&#xD;
[xUnit.net 00:00:00.92]       Actual:   True&#xD;
[xUnit.net 00:00:00.92]       Stack Trace:&#xD;
[xUnit.net 00:00:00.92]         C:\Sewer-Studio_KI_4.5\tests\AuswertungPro.Next.Infrastructure.Tests\Projects\ProjectNullRecoveryTests.cs(20,0): at AuswertungPro.Next.Infrastructure.Tests.Projects.ProjectNullRecoveryTests.Load_JsonNull_IstKeinProjektUndBleibtUnveraendert(String json)&#xD;
[xUnit.net 00:00:00.92]            at System.Reflection.MethodBaseInvoker.InterpretedInvoke_Method(Object obj, IntPtr* args)&#xD;
[xUnit.net 00:00:00.92]            at System.Reflection.MethodBaseInvoker.InvokeDirectByRefWithFewArgs(Object obj, Span`1 copyOfArgs, BindingFlags invokeAttr)&#xD;
[xUnit.net 00:00:00.92]       Assert.False() Failure&#xD;
[xUnit.net 00:00:00.92]       Expected: False&#xD;
[xUnit.net 00:00:00.92]       Actual:   True&#xD;
[xUnit.net 00:00:00.92]       Stack Trace:&#xD;
[xUnit.net 00:00:00.92]         C:\Sewer-Studio_KI_4.5\tests\AuswertungPro.Next.Infrastructure.Tests\Projects\ProjectNullRecoveryTests.cs(20,0): at AuswertungPro.Next.Infrastructure.Tests.Projects.ProjectNullRecoveryTests.Load_JsonNull_IstKeinProjektUndBleibtUnveraendert(String json)&#xD;
[xUnit.net 00:00:00.92]            at InvokeStub_ProjectNullRecoveryTests.Load_JsonNull_IstKeinProjektUndBleibtUnveraendert(Object, Span`1)&#xD;
[xUnit.net 00:00:00.92]            at System.Reflection.MethodBaseInvoker.InvokeWithOneArg(Object obj, BindingFlags invokeAttr, Binder binder, Object[] parameters, CultureInfo culture)&#xD;
[xUnit.net 00:00:00.93]       Assert.Equal() Failure: Strings differ&#xD;
[xUnit.net 00:00:00.93]                  ↓ (pos 0)&#xD;
[xUnit.net 00:00:00.93]       Expected: "Gueltiger Altstand"&#xD;
[xUnit.net 00:00:00.93]       Actual:   "Neues Projekt"&#xD;
[xUnit.net 00:00:00.93]                  ↑ (pos 0)&#xD;
[xUnit.net 00:00:00.93]       Stack Trace:&#xD;
[xUnit.net 00:00:00.93]         C:\Sewer-Studio_KI_4.5\tests\AuswertungPro.Next.Infrastructure.Tests\Projects\ProjectNullRecoveryTests.cs(53,0): at AuswertungPro.Next.Infrastructure.Tests.Projects.ProjectNullRecoveryTests.Recovery_NeuesteSicherungIstNull_VerwendetAelterenGueltigenStand()&#xD;
[xUnit.net 00:00:00.93]            at System.Reflection.MethodBaseInvoker.InterpretedInvoke_Method(Object obj, IntPtr* args)&#xD;
[xUnit.net 00:00:00.93]            at System.Reflection.MethodBaseInvoker.InvokeWithNoArgs(Object obj, BindingFlags invokeAttr)&#xD;
[xUnit.net 00:00:00.95]       Assert.False() Failure&#xD;
[xUnit.net 00:00:00.95]       Expected: False&#xD;
[xUnit.net 00:00:00.95]       Actual:   True&#xD;
[xUnit.net 00:00:00.95]       Stack Trace:&#xD;
[xUnit.net 00:00:00.95]         C:\Sewer-Studio_KI_4.5\tests\AuswertungPro.Next.Infrastructure.Tests\ShaftRenameSafetyTests.cs(99,0): at AuswertungPro.Next.Infrastructure.Tests.ShaftRenameSafetyTests.Rename_DateikonfliktImUnterordner_AendertNichts()&#xD;
[xUnit.net 00:00:00.95]            at System.Reflection.MethodBaseInvoker.InterpretedInvoke_Method(Object obj, IntPtr* args)&#xD;
[xUnit.net 00:00:00.95]            at System.Reflection.MethodBaseInvoker.InvokeWithNoArgs(Object obj, BindingFlags invokeAttr)&#xD;
[xUnit.net 00:00:00.95]       Assert.False() Failure&#xD;
[xUnit.net 00:00:00.95]       Expected: False&#xD;
[xUnit.net 00:00:00.95]       Actual:   True&#xD;
[xUnit.net 00:00:00.95]       Stack Trace:&#xD;
[xUnit.net 00:00:00.95]         C:\Sewer-Studio_KI_4.5\tests\AuswertungPro.Next.Infrastructure.Tests\ShaftRenameSafetyTests.cs(29,0): at AuswertungPro.Next.Infrastructure.Tests.ShaftRenameSafetyTests.Rename_FremderPfad_WeistAbUndBewahrtOriginalUndVerweise(String field)&#xD;
[xUnit.net 00:00:00.95]            at System.Reflection.MethodBaseInvoker.InterpretedInvoke_Method(Object obj, IntPtr* args)&#xD;
[xUnit.net 00:00:00.95]            at System.Reflection.MethodBaseInvoker.InvokeDirectByRefWithFewArgs(Object obj, Span`1 copyOfArgs, BindingFlags invokeAttr)&#xD;
[xUnit.net 00:00:00.95]       Assert.False() Failure&#xD;
[xUnit.net 00:00:00.95]       Expected: False&#xD;
[xUnit.net 00:00:00.95]       Actual:   True&#xD;
[xUnit.net 00:00:00.95]       Stack Trace:&#xD;
[xUnit.net 00:00:00.95]         C:\Sewer-Studio_KI_4.5\tests\AuswertungPro.Next.Infrastructure.Tests\ShaftRenameSafetyTests.cs(29,0): at AuswertungPro.Next.Infrastructure.Tests.ShaftRenameSafetyTests.Rename_FremderPfad_WeistAbUndBewahrtOriginalUndVerweise(String field)&#xD;
[xUnit.net 00:00:00.96]            at InvokeStub_ShaftRenameSafetyTests.Rename_FremderPfad_WeistAbUndBewahrtOriginalUndVerweise(Object, Span`1)&#xD;
[xUnit.net 00:00:00.96]            at System.Reflection.MethodBaseInvoker.InvokeWithOneArg(Object obj, BindingFlags invokeAttr, Binder binder, Object[] parameters, CultureInfo culture)&#xD;
[xUnit.net 00:00:00.97]       Assert.False() Failure&#xD;
[xUnit.net 00:00:00.97]       Expected: False&#xD;
[xUnit.net 00:00:00.97]       Actual:   True&#xD;
[xUnit.net 00:00:00.97]       Stack Trace:&#xD;
[xUnit.net 00:00:00.97]         C:\Sewer-Studio_KI_4.5\tests\AuswertungPro.Next.Infrastructure.Tests\ShaftRenameSafetyTests.cs(29,0): at AuswertungPro.Next.Infrastructure.Tests.ShaftRenameSafetyTests.Rename_FremderPfad_WeistAbUndBewahrtOriginalUndVerweise(String field)&#xD;
[xUnit.net 00:00:00.97]            at InvokeStub_ShaftRenameSafetyTests.Rename_FremderPfad_WeistAbUndBewahrtOriginalUndVerweise(Object, Span`1)&#xD;
[xUnit.net 00:00:00.97]            at System.Reflection.MethodBaseInvoker.InvokeWithOneArg(Object obj, BindingFlags invokeAttr, Binder binder, Object[] parameters, CultureInfo culture)&#xD;
[xUnit.net 00:00:00.97]       Assert.False() Failure&#xD;
[xUnit.net 00:00:00.97]       Expected: False&#xD;
[xUnit.net 00:00:00.97]       Actual:   True&#xD;
[xUnit.net 00:00:00.97]       Stack Trace:&#xD;
[xUnit.net 00:00:00.97]         C:\Sewer-Studio_KI_4.5\tests\AuswertungPro.Next.Infrastructure.Tests\ShaftRenameSafetyTests.cs(29,0): at AuswertungPro.Next.Infrastructure.Tests.ShaftRenameSafetyTests.Rename_FremderPfad_WeistAbUndBewahrtOriginalUndVerweise(String field)&#xD;
[xUnit.net 00:00:00.97]            at InvokeStub_ShaftRenameSafetyTests.Rename_FremderPfad_WeistAbUndBewahrtOriginalUndVerweise(Object, Span`1)&#xD;
[xUnit.net 00:00:00.97]            at System.Reflection.MethodBaseInvoker.InvokeWithOneArg(Object obj, BindingFlags invokeAttr, Binder binder, Object[] parameters, CultureInfo culture)&#xD;
[xUnit.net 00:00:00.97]       System.IO.DirectoryNotFoundException : Could not find a part of the path 'C:\Users\Besitzer\AppData\Local\Temp\shaft-rename-safety\de157f3bee324e8289cf90127b8f77d0\Projekt\Schächte_Verteilt\456\Sanierung\456\456.pdf'.&#xD;
[xUnit.net 00:00:00.97]       Stack Trace:&#xD;
[xUnit.net 00:00:00.97]            at Microsoft.Win32.SafeHandles.SafeFileHandle.CreateFile(String fullPath, FileMode mode, FileAccess access, FileShare share, FileOptions options)&#xD;
[xUnit.net 00:00:00.97]            at Microsoft.Win32.SafeHandles.SafeFileHandle.Open(String fullPath, FileMode mode, FileAccess access, FileShare share, FileOptions options, Int64 preallocationSize, Nullable`1 unixCreateMode)&#xD;
[xUnit.net 00:00:00.97]            at System.IO.Strategies.OSFileStreamStrategy..ctor(String path, FileMode mode, FileAccess access, FileShare share, FileOptions options, Int64 preallocationSize, Nullable`1 unixCreateMode)&#xD;
[xUnit.net 00:00:00.97]            at System.IO.Strategies.FileStreamHelpers.ChooseStrategyCore(String path, FileMode mode, FileAccess access, FileShare share, FileOptions options, Int64 preallocationSize, Nullable`1 unixCreateMode)&#xD;
[xUnit.net 00:00:00.97]            at System.IO.StreamReader.ValidateArgsAndOpenPath(String path, Int32 bufferSize)&#xD;
[xUnit.net 00:00:00.97]            at System.IO.File.ReadAllText(String path, Encoding encoding)&#xD;
[xUnit.net 00:00:00.97]         C:\Sewer-Studio_KI_4.5\tests\AuswertungPro.Next.Infrastructure.Tests\ShaftRenameSafetyTests.cs(63,0): at AuswertungPro.Next.Infrastructure.Tests.ShaftRenameSafetyTests.Rename_Unterordner_DateiUndVerweisFolgenDemselbenPlan(Boolean relative)&#xD;
[xUnit.net 00:00:00.97]            at System.Reflection.MethodBaseInvoker.InterpretedInvoke_Method(Object obj, IntPtr* args)&#xD;
[xUnit.net 00:00:00.97]            at System.Reflection.MethodBaseInvoker.InvokeDirectByRefWithFewArgs(Object obj, Span`1 copyOfArgs, BindingFlags invokeAttr)&#xD;
[xUnit.net 00:00:00.97]       System.IO.DirectoryNotFoundException : Could not find a part of the path 'C:\Users\Besitzer\AppData\Local\Temp\shaft-rename-safety\1f3100a307e2425aa0121f8321431224\Projekt\Schächte_Verteilt\456\Sanierung\456\456.pdf'.&#xD;
[xUnit.net 00:00:00.97]       Stack Trace:&#xD;
[xUnit.net 00:00:00.97]            at Microsoft.Win32.SafeHandles.SafeFileHandle.CreateFile(String fullPath, FileMode mode, FileAccess access, FileShare share, FileOptions options)&#xD;
[xUnit.net 00:00:00.97]            at Microsoft.Win32.SafeHandles.SafeFileHandle.Open(String fullPath, FileMode mode, FileAccess access, FileShare share, FileOptions options, Int64 preallocationSize, Nullable`1 unixCreateMode)&#xD;
[xUnit.net 00:00:00.97]            at System.IO.Strategies.OSFileStreamStrategy..ctor(String path, FileMode mode, FileAccess access, FileShare share, FileOptions options, Int64 preallocationSize, Nullable`1 unixCreateMode)&#xD;
[xUnit.net 00:00:00.97]            at System.IO.Strategies.FileStreamHelpers.ChooseStrategyCore(String path, FileMode mode, FileAccess access, FileShare share, FileOptions options, Int64 preallocationSize, Nullable`1 unixCreateMode)&#xD;
[xUnit.net 00:00:00.97]            at System.IO.StreamReader.ValidateArgsAndOpenPath(String path, Int32 bufferSize)&#xD;
[xUnit.net 00:00:00.97]            at System.IO.File.ReadAllText(String path, Encoding encoding)&#xD;
[xUnit.net 00:00:00.97]         C:\Sewer-Studio_KI_4.5\tests\AuswertungPro.Next.Infrastructure.Tests\ShaftRenameSafetyTests.cs(63,0): at AuswertungPro.Next.Infrastructure.Tests.ShaftRenameSafetyTests.Rename_Unterordner_DateiUndVerweisFolgenDemselbenPlan(Boolean relative)&#xD;
[xUnit.net 00:00:00.97]            at InvokeStub_ShaftRenameSafetyTests.Rename_Unterordner_DateiUndVerweisFolgenDemselbenPlan(Object, Span`1)&#xD;
[xUnit.net 00:00:00.97]            at System.Reflection.MethodBaseInvoker.InvokeWithOneArg(Object obj, BindingFlags invokeAttr, Binder binder, Object[] parameters, CultureInfo culture)&#xD;
[xUnit.net 00:00:00.97]       Assert.False() Failure&#xD;
[xUnit.net 00:00:00.97]       Expected: False&#xD;
[xUnit.net 00:00:00.97]       Actual:   True&#xD;
[xUnit.net 00:00:00.97]       Stack Trace:&#xD;
[xUnit.net 00:00:00.97]         C:\Sewer-Studio_KI_4.5\tests\AuswertungPro.Next.Infrastructure.Tests\ShaftRenameSafetyTests.cs(83,0): at AuswertungPro.Next.Infrastructure.Tests.ShaftRenameSafetyTests.Rename_FotoZielkonflikt_AendertAuchDenHauptordnerNicht()&#xD;
[xUnit.net 00:00:00.97]            at System.Reflection.MethodBaseInvoker.InterpretedInvoke_Method(Object obj, IntPtr* args)&#xD;
[xUnit.net 00:00:00.97]            at System.Reflection.MethodBaseInvoker.InvokeWithNoArgs(Object obj, BindingFlags invokeAttr)&#xD;
[xUnit.net 00:00:00.97]       System.IO.DirectoryNotFoundException : Could not find a part of the path 'C:\Users\Besitzer\AppData\Local\Temp\shaft-rename-safety\410f6561c86646479090416fdcadbc67\Projekt\Schächte_Verteilt\123\Sanierung'.&#xD;
[xUnit.net 00:00:00.97]       Stack Trace:&#xD;
[xUnit.net 00:00:00.97]            at System.IO.FileSystem.RemoveDirectoryInternal(String fullPath, Boolean topLevel, Boolean allowDirectoryNotEmpty)&#xD;
[xUnit.net 00:00:00.97]            at System.IO.FileSystem.RemoveDirectory(String fullPath, Boolean recursive)&#xD;
[xUnit.net 00:00:00.97]         C:\Sewer-Studio_KI_4.5\tests\AuswertungPro.Next.Infrastructure.Tests\ShaftRenameSafetyTests.cs(121,0): at AuswertungPro.Next.Infrastructure.Tests.ShaftRenameSafetyTests.Rename_VerknuepfterUnterordner_WeistDenGanzenLaufAb()&#xD;
[xUnit.net 00:00:00.97]            at System.Reflection.MethodBaseInvoker.InterpretedInvoke_Method(Object obj, IntPtr* args)&#xD;
[xUnit.net 00:00:00.97]            at System.Reflection.MethodBaseInvoker.InvokeWithNoArgs(Object obj, BindingFlags invokeAttr)&#xD;
[xUnit.net 00:00:00.98]       Assert.False() Failure&#xD;
[xUnit.net 00:00:00.98]       Expected: False&#xD;
[xUnit.net 00:00:00.98]       Actual:   True&#xD;
[xUnit.net 00:00:00.98]       Stack Trace:&#xD;
[xUnit.net 00:00:00.98]         C:\Sewer-Studio_KI_4.5\tests\AuswertungPro.Next.Infrastructure.Tests\ShaftRenameSafetyTests.cs(45,0): at AuswertungPro.Next.Infrastructure.Tests.ShaftRenameSafetyTests.Rename_DateipfadOhneProjekt_WeistAb()&#xD;
[xUnit.net 00:00:00.98]            at System.Reflection.MethodBaseInvoker.InterpretedInvoke_Method(Object obj, IntPtr* args)&#xD;
[xUnit.net 00:00:00.98]            at System.Reflection.MethodBaseInvoker.InvokeWithNoArgs(Object obj, BindingFlags invokeAttr)&#xD;
[xUnit.net 00:00:00.98]   Finished:    AuswertungPro.Next.Infrastructure.Tests&#xD;
</StdOut>
    </Output>
    <RunInfos>
      <RunInfo computerName="PCW11X01" outcome="Error" timestamp="2026-09-06T11:08:56.2650671+02:00">
        <Text>[xUnit.net 00:00:00.91]     AuswertungPro.Next.Infrastructure.Tests.Projects.ProjectNullRecoveryTests.Recovery_NurNullSicherung_QuarantaeniertDieHauptdateiNicht [FAIL]</Text>
      </RunInfo>
      <RunInfo computerName="PCW11X01" outcome="Error" timestamp="2026-09-06T11:08:56.2683700+02:00">
        <Text>[xUnit.net 00:00:00.92]     AuswertungPro.Next.Infrastructure.Tests.Projects.ProjectNullRecoveryTests.Load_JsonNull_IstKeinProjektUndBleibtUnveraendert(json: "null") [FAIL]</Text>
      </RunInfo>
      <RunInfo computerName="PCW11X01" outcome="Error" timestamp="2026-09-06T11:08:56.2696578+02:00">
        <Text>[xUnit.net 00:00:00.92]     AuswertungPro.Next.Infrastructure.Tests.Projects.ProjectNullRecoveryTests.Load_JsonNull_IstKeinProjektUndBleibtUnveraendert(json: " \r\n null \t") [FAIL]</Text>
      </RunInfo>
      <RunInfo computerName="PCW11X01" outcome="Error" timestamp="2026-09-06T11:08:56.2827909+02:00">
        <Text>[xUnit.net 00:00:00.93]     AuswertungPro.Next.Infrastructure.Tests.Projects.ProjectNullRecoveryTests.Recovery_NeuesteSicherungIstNull_VerwendetAelterenGueltigenStand [FAIL]</Text>
      </RunInfo>
      <RunInfo computerName="PCW11X01" outcome="Error" timestamp="2026-09-06T11:08:56.3009922+02:00">
        <Text>[xUnit.net 00:00:00.95]     AuswertungPro.Next.Infrastructure.Tests.ShaftRenameSafetyTests.Rename_DateikonfliktImUnterordner_AendertNichts [FAIL]</Text>
      </RunInfo>
      <RunInfo computerName="PCW11X01" outcome="Error" timestamp="2026-09-06T11:08:56.3040851+02:00">
        <Text>[xUnit.net 00:00:00.95]     AuswertungPro.Next.Infrastructure.Tests.ShaftRenameSafetyTests.Rename_FremderPfad_WeistAbUndBewahrtOriginalUndVerweise(field: "PDF_Path") [FAIL]</Text>
      </RunInfo>
      <RunInfo computerName="PCW11X01" outcome="Error" timestamp="2026-09-06T11:08:56.3072787+02:00">
        <Text>[xUnit.net 00:00:00.95]     AuswertungPro.Next.Infrastructure.Tests.ShaftRenameSafetyTests.Rename_FremderPfad_WeistAbUndBewahrtOriginalUndVerweise(field: "Link") [FAIL]</Text>
      </RunInfo>
      <RunInfo computerName="PCW11X01" outcome="Error" timestamp="2026-09-06T11:08:56.3465741+02:00">
        <Text>[xUnit.net 00:00:00.97]     AuswertungPro.Next.Infrastructure.Tests.ShaftRenameSafetyTests.Rename_FremderPfad_WeistAbUndBewahrtOriginalUndVerweise(field: "PDF_Eigen") [FAIL]</Text>
      </RunInfo>
      <RunInfo computerName="PCW11X01" outcome="Error" timestamp="2026-09-06T11:08:56.3465950+02:00">
        <Text>[xUnit.net 00:00:00.97]     AuswertungPro.Next.Infrastructure.Tests.ShaftRenameSafetyTests.Rename_FremderPfad_WeistAbUndBewahrtOriginalUndVerweise(field: "PDF_All") [FAIL]</Text>
      </RunInfo>
      <RunInfo computerName="PCW11X01" outcome="Error" timestamp="2026-09-06T11:08:56.3466110+02:00">
        <Text>[xUnit.net 00:00:00.97]     AuswertungPro.Next.Infrastructure.Tests.ShaftRenameSafetyTests.Rename_Unterordner_DateiUndVerweisFolgenDemselbenPlan(relative: False) [FAIL]</Text>
      </RunInfo>
      <RunInfo computerName="PCW11X01" outcome="Error" timestamp="2026-09-06T11:08:56.3466313+02:00">
        <Text>[xUnit.net 00:00:00.97]     AuswertungPro.Next.Infrastructure.Tests.ShaftRenameSafetyTests.Rename_Unterordner_DateiUndVerweisFolgenDemselbenPlan(relative: True) [FAIL]</Text>
      </RunInfo>
      <RunInfo computerName="PCW11X01" outcome="Error" timestamp="2026-09-06T11:08:56.3466524+02:00">
        <Text>[xUnit.net 00:00:00.97]     AuswertungPro.Next.Infrastructure.Tests.ShaftRenameSafetyTests.Rename_FotoZielkonflikt_AendertAuchDenHauptordnerNicht [FAIL]</Text>
      </RunInfo>
      <RunInfo computerName="PCW11X01" outcome="Error" timestamp="2026-09-06T11:08:56.3466736+02:00">
        <Text>[xUnit.net 00:00:00.97]     AuswertungPro.Next.Infrastructure.Tests.ShaftRenameSafetyTests.Rename_VerknuepfterUnterordner_WeistDenGanzenLaufAb [FAIL]</Text>
      </RunInfo>
      <RunInfo computerName="PCW11X01" outcome="Error" timestamp="2026-09-06T11:08:56.3466894+02:00">
        <Text>[xUnit.net 00:00:00.98]     AuswertungPro.Next.Infrastructure.Tests.ShaftRenameSafetyTests.Rename_DateipfadOhneProjekt_WeistAb [FAIL]</Text>
      </RunInfo>
    </RunInfos>
  </ResultSummary>
</TestRun>