<?xml version="1.0" encoding="utf-8"?>
<TestRun id="f4f4031b-42ad-489c-93f6-fe7df073c9d1" name="Besitzer@PCW11X01 2026-09-06 11:20:24" runUser="PCW11X01\Besitzer" xmlns="http://microsoft.com/schemas/VisualStudio/TeamTest/2010">
  <Times creation="2026-09-06T11:20:24.2679200+02:00" queuing="2026-09-06T11:20:24.2679203+02:00" start="2026-09-06T11:20:23.4325375+02:00" finish="2026-09-06T11:20:24.4087656+02:00" />
  <TestSettings name="default" id="58a0df0c-bf9f-43e5-ad59-012edd529a31">
    <Deployment runDeploymentRoot="Besitzer_PCW11X01_2026-09-06_11_20_24" />
  </TestSettings>
  <Results>
    <UnitTestResult executionId="75e0bb1c-57ec-42ca-88be-158a190c7a23" testId="c183b957-318b-2095-3c64-59b16d82e9b7" testName="AuswertungPro.Next.Infrastructure.Tests.Projects.ProjectNullRecoveryTests.Recovery_NurNullSicherung_QuarantaeniertDieHauptdateiNicht" computerName="PCW11X01" duration="00:00:00.0442467" startTime="2026-09-06T11:20:24.3439776+02:00" endTime="2026-09-06T11:20:24.3439778+02:00" testType="13cdc9d9-ddb5-4fa4-a97d-d965ccfc6d4b" outcome="Passed" testListId="8c84fa94-04c1-424b-9868-57a2d4851a1d" relativeResultsDirectory="75e0bb1c-57ec-42ca-88be-158a190c7a23" />
    <UnitTestResult executionId="9fe219c2-7963-4411-bb19-ea8672583dbb" testId="17d54075-03b1-a393-e196-6b2016c58bad" testName="AuswertungPro.Next.Infrastructure.Tests.ShaftRenameSafetyTests.Rename_Unterordner_DateiUndVerweisFolgenDemselbenPlan(relative: False)" computerName="PCW11X01" duration="00:00:00.0200463" startTime="2026-09-06T11:20:24.2508815+02:00" endTime="2026-09-06T11:20:24.2508815+02:00" testType="13cdc9d9-ddb5-4fa4-a97d-d965ccfc6d4b" outcome="Passed" testListId="8c84fa94-04c1-424b-9868-57a2d4851a1d" relativeResultsDirectory="9fe219c2-7963-4411-bb19-ea8672583dbb" />
    <UnitTestResult executionId="af715473-6fe2-4529-9001-b1949202217b" testId="33dcc510-5870-4689-53c1-7f292e6e8bf1" testName="AuswertungPro.Next.Infrastructure.Tests.ShaftRenameServiceTests.Rename_PdfPfadMitAbweichendemOrdnernamen_BenenntTatsaechlichenOrdnerUndPdfUm" computerName="PCW11X01" duration="00:00:00.0035581" startTime="2026-09-06T11:20:24.2995440+02:00" endTime="2026-09-06T11:20:24.2995441+02:00" testType="13cdc9d9-ddb5-4fa4-a97d-d965ccfc6d4b" outcome="Passed" testListId="8c84fa94-04c1-424b-9868-57a2d4851a1d" relativeResultsDirectory="af715473-6fe2-4529-9001-b1949202217b" />
    <UnitTestResult executionId="35bbed31-0c7b-4349-8c12-8f4327806ea1" testId="dddd872c-1950-3aba-5107-7a3b9989de07" testName="AuswertungPro.Next.Infrastructure.Tests.ShaftRenameSafetyTests.Rename_FremderPfad_WeistAbUndBewahrtOriginalUndVerweise(field: &quot;PDF_Path&quot;)" computerName="PCW11X01" duration="00:00:00.0025612" startTime="2026-09-06T11:20:24.2181474+02:00" endTime="2026-09-06T11:20:24.2181475+02:00" testType="13cdc9d9-ddb5-4fa4-a97d-d965ccfc6d4b" outcome="Passed" testListId="8c84fa94-04c1-424b-9868-57a2d4851a1d" relativeResultsDirectory="35bbed31-0c7b-4349-8c12-8f4327806ea1" />
    <UnitTestResult executionId="3004d59b-de5e-4dae-8a8a-e4cb8f0d408c" testId="7814f001-d09c-7328-ec97-7f038d62e1bd" testName="AuswertungPro.Next.Infrastructure.Tests.ShaftRenameSafetyTests.Rename_Unterordner_DateiUndVerweisFolgenDemselbenPlan(relative: True)" computerName="PCW11X01" duration="00:00:00.0079469" startTime="2026-09-06T11:20:24.2527717+02:00" endTime="2026-09-06T11:20:24.2527718+02:00" testType="13cdc9d9-ddb5-4fa4-a97d-d965ccfc6d4b" outcome="Passed" testListId="8c84fa94-04c1-424b-9868-57a2d4851a1d" relativeResultsDirectory="3004d59b-de5e-4dae-8a8a-e4cb8f0d408c" />
    <UnitTestResult executionId="3962e757-5ae4-4f4e-a654-fd68894ef175" testId="b5e2ab30-eec1-2d38-72ca-6c4cc37a9acc" testName="AuswertungPro.Next.Infrastructure.Tests.ShaftRenameSafetyTests.Rename_DateipfadOhneProjekt_WeistAb" computerName="PCW11X01" duration="00:00:00.0018693" startTime="2026-09-06T11:20:24.2891845+02:00" endTime="2026-09-06T11:20:24.2891846+02:00" testType="13cdc9d9-ddb5-4fa4-a97d-d965ccfc6d4b" outcome="Passed" testListId="8c84fa94-04c1-424b-9868-57a2d4851a1d" relativeResultsDirectory="3962e757-5ae4-4f4e-a654-fd68894ef175" />
    <UnitTestResult executionId="e79607d5-6e16-4427-ac1c-7eb109c66c2e" testId="8113f2ad-f7fb-014c-5c7e-815948a0440f" testName="AuswertungPro.Next.Infrastructure.Tests.ShaftRenameSafetyTests.Rename_FotosInAllenProtokollstaenden_BleibenErreichbar" computerName="PCW11X01" duration="00:00:00.0134595" startTime="2026-09-06T11:20:24.2872228+02:00" endTime="2026-09-06T11:20:24.2872230+02:00" testType="13cdc9d9-ddb5-4fa4-a97d-d965ccfc6d4b" outcome="Passed" testListId="8c84fa94-04c1-424b-9868-57a2d4851a1d" relativeResultsDirectory="e79607d5-6e16-4427-ac1c-7eb109c66c2e" />
    <UnitTestResult executionId="b942644b-a359-4700-a5ec-fa3105878975" testId="f51106b7-a658-fa62-4dac-1d6db56d6633" testName="AuswertungPro.Next.Infrastructure.Tests.ShaftRenameSafetyTests.Rename_VerknuepfterUnterordner_WeistDenGanzenLaufAb" computerName="PCW11X01" duration="00:00:00.0032121" startTime="2026-09-06T11:20:24.2736677+02:00" endTime="2026-09-06T11:20:24.2736678+02:00" testType="13cdc9d9-ddb5-4fa4-a97d-d965ccfc6d4b" outcome="Passed" testListId="8c84fa94-04c1-424b-9868-57a2d4851a1d" relativeResultsDirectory="b942644b-a359-4700-a5ec-fa3105878975" />
    <UnitTestResult executionId="64275d90-87f0-496a-a701-f0fb805f2e4e" testId="3258d67d-6eba-2ffb-b3ce-afce1d057ea3" testName="AuswertungPro.Next.Infrastructure.Tests.ShaftRenameSafetyTests.Rename_GesperrtesFoto_NimmtHauptordnerUndVerweiseZurueck" computerName="PCW11X01" duration="00:00:00.0120845" startTime="2026-09-06T11:20:24.2649559+02:00" endTime="2026-09-06T11:20:24.2649564+02:00" testType="13cdc9d9-ddb5-4fa4-a97d-d965ccfc6d4b" outcome="Passed" testListId="8c84fa94-04c1-424b-9868-57a2d4851a1d" relativeResultsDirectory="64275d90-87f0-496a-a701-f0fb805f2e4e" />
    <UnitTestResult executionId="48081667-d63c-4e05-8386-7024d6c3cb4c" testId="36c00cca-03d2-1eb0-b678-6f2ef7075b0a" testName="AuswertungPro.Next.Infrastructure.Tests.ShaftRenameSafetyTests.Rename_Projektarchiv_BleibtUnveraendert(archiveFolder: &quot;Importdateien&quot;)" computerName="PCW11X01" duration="00:00:00.0018184" startTime="2026-09-06T11:20:24.2096963+02:00" endTime="2026-09-06T11:20:24.2096964+02:00" testType="13cdc9d9-ddb5-4fa4-a97d-d965ccfc6d4b" outcome="Passed" testListId="8c84fa94-04c1-424b-9868-57a2d4851a1d" relativeResultsDirectory="48081667-d63c-4e05-8386-7024d6c3cb4c" />
    <UnitTestResult executionId="fc7de49d-c217-4b79-8d43-5e880acc7445" testId="b4871a91-9448-ba5d-ca0d-aba3d641ec94" testName="AuswertungPro.Next.Infrastructure.Tests.ShaftRenameSafetyTests.Rename_Projektarchiv_BleibtUnveraendert(archiveFolder: &quot;__RESTORE_POINTS&quot;)" computerName="PCW11X01" duration="00:00:00.0021044" startTime="2026-09-06T11:20:24.2060456+02:00" endTime="2026-09-06T11:20:24.2060456+02:00" testType="13cdc9d9-ddb5-4fa4-a97d-d965ccfc6d4b" outcome="Passed" testListId="8c84fa94-04c1-424b-9868-57a2d4851a1d" relativeResultsDirectory="fc7de49d-c217-4b79-8d43-5e880acc7445" />
    <UnitTestResult executionId="ddcecda6-ae0d-43df-a20d-c201b226c86d" testId="a41deaa6-31d4-75f6-8766-2df5e69b5b7a" testName="AuswertungPro.Next.Infrastructure.Tests.ShaftRenameSafetyTests.Rename_FremderPfad_WeistAbUndBewahrtOriginalUndVerweise(field: &quot;Link&quot;)" computerName="PCW11X01" duration="00:00:00.0022671" startTime="2026-09-06T11:20:24.2204836+02:00" endTime="2026-09-06T11:20:24.2204837+02:00" testType="13cdc9d9-ddb5-4fa4-a97d-d965ccfc6d4b" outcome="Passed" testListId="8c84fa94-04c1-424b-9868-57a2d4851a1d" relativeResultsDirectory="ddcecda6-ae0d-43df-a20d-c201b226c86d" />
    <UnitTestResult executionId="36444c54-1b74-4a19-b45b-7c37fb7889d4" testId="8de9dedc-03b9-057a-6d15-cde5e39c1a78" testName="AuswertungPro.Next.Infrastructure.Tests.Projects.ProjectNullRecoveryTests.Load_GueltigesLeeresAltprojekt_BleibtLesbar(json: &quot;{}&quot;)" computerName="PCW11X01" duration="00:00:00.0012459" startTime="2026-09-06T11:20:24.3661816+02:00" endTime="2026-09-06T11:20:24.3661817+02:00" testType="13cdc9d9-ddb5-4fa4-a97d-d965ccfc6d4b" outcome="Passed" testListId="8c84fa94-04c1-424b-9868-57a2d4851a1d" relativeResultsDirectory="36444c54-1b74-4a19-b45b-7c37fb7889d4" />
    <UnitTestResult executionId="6ad78427-922a-4ee2-a102-cb4c4634dff7" testId="083ce2fa-8253-cdad-defc-a0f7d1061f95" testName="AuswertungPro.Next.Infrastructure.Tests.ShaftRenameServiceTests.Rename_NeueStruktur_RelativerPdfPath_BenenntVerteiltesPdfUm" computerName="PCW11X01" duration="00:00:00.0041096" startTime="2026-09-06T11:20:24.2959577+02:00" endTime="2026-09-06T11:20:24.2959579+02:00" testType="13cdc9d9-ddb5-4fa4-a97d-d965ccfc6d4b" outcome="Passed" testListId="8c84fa94-04c1-424b-9868-57a2d4851a1d" relativeResultsDirectory="6ad78427-922a-4ee2-a102-cb4c4634dff7" />
    <UnitTestResult executionId="200fe711-c119-4485-b1bb-2c7b3cf7ac51" testId="f8b0fd09-2752-c1d7-ada5-a87ad1f6fa85" testName="AuswertungPro.Next.Infrastructure.Tests.Projects.ProjectNullRecoveryTests.Load_JsonNull_IstKeinProjektUndBleibtUnveraendert(json: &quot;null&quot;)" computerName="PCW11X01" duration="00:00:00.0008661" startTime="2026-09-06T11:20:24.3449338+02:00" endTime="2026-09-06T11:20:24.3449339+02:00" testType="13cdc9d9-ddb5-4fa4-a97d-d965ccfc6d4b" outcome="Passed" testListId="8c84fa94-04c1-424b-9868-57a2d4851a1d" relativeResultsDirectory="200fe711-c119-4485-b1bb-2c7b3cf7ac51" />
    <UnitTestResult executionId="3afaca20-34c9-4274-b0bc-39f6b6ae0eb6" testId="998bafb1-26b3-465e-0435-ad036dcd8108" testName="AuswertungPro.Next.Infrastructure.Tests.ShaftRenameSafetyTests.Rename_FotoZielkonflikt_AendertAuchDenHauptordnerNicht" computerName="PCW11X01" duration="00:00:00.0053009" startTime="2026-09-06T11:20:24.2703545+02:00" endTime="2026-09-06T11:20:24.2703547+02:00" testType="13cdc9d9-ddb5-4fa4-a97d-d965ccfc6d4b" outcome="Passed" testListId="8c84fa94-04c1-424b-9868-57a2d4851a1d" relativeResultsDirectory="3afaca20-34c9-4274-b0bc-39f6b6ae0eb6" />
    <UnitTestResult executionId="53eb5030-cc25-4a18-88eb-4762d531919d" testId="7fcf4f2c-d4d6-34e7-1194-04fb48c960ca" testName="AuswertungPro.Next.Infrastructure.Tests.Projects.ProjectNullRecoveryTests.Load_JsonNull_IstKeinProjektUndBleibtUnveraendert(json: &quot; \r\n null \t&quot;)" computerName="PCW11X01" duration="00:00:00.0013182" startTime="2026-09-06T11:20:24.3463037+02:00" endTime="2026-09-06T11:20:24.3463038+02:00" testType="13cdc9d9-ddb5-4fa4-a97d-d965ccfc6d4b" outcome="Passed" testListId="8c84fa94-04c1-424b-9868-57a2d4851a1d" relativeResultsDirectory="53eb5030-cc25-4a18-88eb-4762d531919d" />
    <UnitTestResult executionId="67ffc778-6d6a-4b74-bbd3-c2985aeb3754" testId="0f74aac1-4e4a-7cfd-3843-a4bde09d930d" testName="AuswertungPro.Next.Infrastructure.Tests.ShaftRenameSafetyTests.Rename_Projektarchiv_BleibtUnveraendert(archiveFolder: &quot;Projektdateien&quot;)" computerName="PCW11X01" duration="00:00:00.0017341" startTime="2026-09-06T11:20:24.2078242+02:00" endTime="2026-09-06T11:20:24.2078243+02:00" testType="13cdc9d9-ddb5-4fa4-a97d-d965ccfc6d4b" outcome="Passed" testListId="8c84fa94-04c1-424b-9868-57a2d4851a1d" relativeResultsDirectory="67ffc778-6d6a-4b74-bbd3-c2985aeb3754" />
    <UnitTestResult executionId="13da6548-c32f-4929-ba40-76db98b4b65a" testId="3ad6ae20-f95f-58a1-cd86-5a5f3d75d06b" testName="AuswertungPro.Next.Infrastructure.Tests.Projects.ProjectNullRecoveryTests.Load_GueltigesLeeresAltprojekt_BleibtLesbar(json: &quot;{\&quot;Version\&quot;:1,\&quot;Name\&quot;:\&quot;Altprojekt\&quot;}&quot;)" computerName="PCW11X01" duration="00:00:00.0016193" startTime="2026-09-06T11:20:24.3678931+02:00" endTime="2026-09-06T11:20:24.3678932+02:00" testType="13cdc9d9-ddb5-4fa4-a97d-d965ccfc6d4b" outcome="Passed" testListId="8c84fa94-04c1-424b-9868-57a2d4851a1d" relativeResultsDirectory="13da6548-c32f-4929-ba40-76db98b4b65a" />
    <UnitTestResult executionId="f35728e5-0916-4897-93f0-c061545e6573" testId="b72e406d-f00a-93e5-6023-8479ddaae220" testName="AuswertungPro.Next.Infrastructure.Tests.ShaftRenameSafetyTests.Rename_DateikonfliktImUnterordner_AendertNichts" computerName="PCW11X01" duration="00:00:00.0053803" startTime="2026-09-06T11:20:24.2155026+02:00" endTime="2026-09-06T11:20:24.2155029+02:00" testType="13cdc9d9-ddb5-4fa4-a97d-d965ccfc6d4b" outcome="Passed" testListId="8c84fa94-04c1-424b-9868-57a2d4851a1d" relativeResultsDirectory="f35728e5-0916-4897-93f0-c061545e6573" />
    <UnitTestResult executionId="446150ad-1904-4515-b606-6f22703593b8" testId="03a3b963-1598-6060-d7da-b1eed61b398b" testName="AuswertungPro.Next.Infrastructure.Tests.Projects.ProjectNullRecoveryTests.Recovery_NeuesteSicherungIstNull_VerwendetAelterenGueltigenStand" computerName="PCW11X01" duration="00:00:00.0184818" startTime="2026-09-06T11:20:24.3648488+02:00" endTime="2026-09-06T11:20:24.3648489+02:00" testType="13cdc9d9-ddb5-4fa4-a97d-d965ccfc6d4b" outcome="Passed" testListId="8c84fa94-04c1-424b-9868-57a2d4851a1d" relativeResultsDirectory="446150ad-1904-4515-b606-6f22703593b8" />
    <UnitTestResult executionId="c657b3a9-3c1d-4a25-9dfd-7c8812101535" testId="ec09c556-4d95-f7c0-901c-376af3ffae3e" testName="AuswertungPro.Next.Infrastructure.Tests.ShaftRenameSafetyTests.Rename_Projektarchiv_BleibtUnveraendert(archiveFolder: &quot;Imports&quot;)" computerName="PCW11X01" duration="00:00:00.0078740" startTime="2026-09-06T11:20:24.2043198+02:00" endTime="2026-09-06T11:20:24.2043320+02:00" testType="13cdc9d9-ddb5-4fa4-a97d-d965ccfc6d4b" outcome="Passed" testListId="8c84fa94-04c1-424b-9868-57a2d4851a1d" relativeResultsDirectory="c657b3a9-3c1d-4a25-9dfd-7c8812101535" />
    <UnitTestResult executionId="83d5ef99-a24b-4a30-b887-8f60ca77e8fe" testId="4a964940-faf8-b17e-9be5-410df5b32233" testName="AuswertungPro.Next.Infrastructure.Tests.ShaftRenameSafetyTests.Rename_FremderPfad_WeistAbUndBewahrtOriginalUndVerweise(field: &quot;PDF_Eigen&quot;)" computerName="PCW11X01" duration="00:00:00.0020414" startTime="2026-09-06T11:20:24.2225603+02:00" endTime="2026-09-06T11:20:24.2225605+02:00" testType="13cdc9d9-ddb5-4fa4-a97d-d965ccfc6d4b" outcome="Passed" testListId="8c84fa94-04c1-424b-9868-57a2d4851a1d" relativeResultsDirectory="83d5ef99-a24b-4a30-b887-8f60ca77e8fe" />
    <UnitTestResult executionId="6401507b-0d9d-4152-94f7-105637519103" testId="7919e8c4-6bdd-e6c3-9ca3-3de3bab2b8e5" testName="AuswertungPro.Next.Infrastructure.Tests.ShaftRenameServiceTests.Instanzdienst_behaelt_kompatibles_NoOp_Verhalten" computerName="PCW11X01" duration="00:00:00.0012149" startTime="2026-09-06T11:20:24.2918080+02:00" endTime="2026-09-06T11:20:24.2918081+02:00" testType="13cdc9d9-ddb5-4fa4-a97d-d965ccfc6d4b" outcome="Passed" testListId="8c84fa94-04c1-424b-9868-57a2d4851a1d" relativeResultsDirectory="6401507b-0d9d-4152-94f7-105637519103" />
    <UnitTestResult executionId="9c96012e-8885-4d71-8bdd-18e1e3e55973" testId="a0c5f6f0-9032-bd36-8e09-c2dd7fb54d10" testName="AuswertungPro.Next.Infrastructure.Tests.ShaftRenameSafetyTests.Rename_FremderPfad_WeistAbUndBewahrtOriginalUndVerweise(field: &quot;PDF_All&quot;)" computerName="PCW11X01" duration="00:00:00.0020129" startTime="2026-09-06T11:20:24.2246225+02:00" endTime="2026-09-06T11:20:24.2246226+02:00" testType="13cdc9d9-ddb5-4fa4-a97d-d965ccfc6d4b" outcome="Passed" testListId="8c84fa94-04c1-424b-9868-57a2d4851a1d" relativeResultsDirectory="9c96012e-8885-4d71-8bdd-18e1e3e55973" />
  </Results>
  <TestDefinitions>
    <UnitTest name="AuswertungPro.Next.Infrastructure.Tests.Projects.ProjectNullRecoveryTests.Recovery_NurNullSicherung_QuarantaeniertDieHauptdateiNicht" storage="c:\sewer-studio_ki_4.5\.tmp\paket1-2026-09-06\artifacts\bin\auswertungpro.next.infrastructure.tests\release\auswertungpro.next.infrastructure.tests.dll" id="c183b957-318b-2095-3c64-59b16d82e9b7">
      <Execution id="75e0bb1c-57ec-42ca-88be-158a190c7a23" />
      <TestMethod codeBase="C:\Sewer-Studio_KI_4.5\.tmp\paket1-2026-09-06\artifacts\bin\AuswertungPro.Next.Infrastructure.Tests\release\AuswertungPro.Next.Infrastructure.Tests.dll" adapterTypeName="executor://xunit/VsTestRunner2/netcoreapp" className="AuswertungPro.Next.Infrastructure.Tests.Projects.ProjectNullRecoveryTests" name="Recovery_NurNullSicherung_QuarantaeniertDieHauptdateiNicht" />
    </UnitTest>
    <UnitTest name="AuswertungPro.Next.Infrastructure.Tests.ShaftRenameSafetyTests.Rename_Projektarchiv_BleibtUnveraendert(archiveFolder: &quot;Projektdateien&quot;)" storage="c:\sewer-studio_ki_4.5\.tmp\paket1-2026-09-06\artifacts\bin\auswertungpro.next.infrastructure.tests\release\auswertungpro.next.infrastructure.tests.dll" id="0f74aac1-4e4a-7cfd-3843-a4bde09d930d">
      <Execution id="67ffc778-6d6a-4b74-bbd3-c2985aeb3754" />
      <TestMethod codeBase="C:\Sewer-Studio_KI_4.5\.tmp\paket1-2026-09-06\artifacts\bin\AuswertungPro.Next.Infrastructure.Tests\release\AuswertungPro.Next.Infrastructure.Tests.dll" adapterTypeName="executor://xunit/VsTestRunner2/netcoreapp" className="AuswertungPro.Next.Infrastructure.Tests.ShaftRenameSafetyTests" name="Rename_Projektarchiv_BleibtUnveraendert" />
    </UnitTest>
    <UnitTest name="AuswertungPro.Next.Infrastructure.Tests.ShaftRenameSafetyTests.Rename_GesperrtesFoto_NimmtHauptordnerUndVerweiseZurueck" storage="c:\sewer-studio_ki_4.5\.tmp\paket1-2026-09-06\artifacts\bin\auswertungpro.next.infrastructure.tests\release\auswertungpro.next.infrastructure.tests.dll" id="3258d67d-6eba-2ffb-b3ce-afce1d057ea3">
      <Execution id="64275d90-87f0-496a-a701-f0fb805f2e4e" />
      <TestMethod codeBase="C:\Sewer-Studio_KI_4.5\.tmp\paket1-2026-09-06\artifacts\bin\AuswertungPro.Next.Infrastructure.Tests\release\AuswertungPro.Next.Infrastructure.Tests.dll" adapterTypeName="executor://xunit/VsTestRunner2/netcoreapp" className="AuswertungPro.Next.Infrastructure.Tests.ShaftRenameSafetyTests" name="Rename_GesperrtesFoto_NimmtHauptordnerUndVerweiseZurueck" />
    </UnitTest>
    <UnitTest name="AuswertungPro.Next.Infrastructure.Tests.Projects.ProjectNullRecoveryTests.Load_JsonNull_IstKeinProjektUndBleibtUnveraendert(json: &quot; \r\n null \t&quot;)" storage="c:\sewer-studio_ki_4.5\.tmp\paket1-2026-09-06\artifacts\bin\auswertungpro.next.infrastructure.tests\release\auswertungpro.next.infrastructure.tests.dll" id="7fcf4f2c-d4d6-34e7-1194-04fb48c960ca">
      <Execution id="53eb5030-cc25-4a18-88eb-4762d531919d" />
      <TestMethod codeBase="C:\Sewer-Studio_KI_4.5\.tmp\paket1-2026-09-06\artifacts\bin\AuswertungPro.Next.Infrastructure.Tests\release\AuswertungPro.Next.Infrastructure.Tests.dll" adapterTypeName="executor://xunit/VsTestRunner2/netcoreapp" className="AuswertungPro.Next.Infrastructure.Tests.Projects.ProjectNullRecoveryTests" name="Load_JsonNull_IstKeinProjektUndBleibtUnveraendert" />
    </UnitTest>
    <UnitTest name="AuswertungPro.Next.Infrastructure.Tests.ShaftRenameSafetyTests.Rename_Unterordner_DateiUndVerweisFolgenDemselbenPlan(relative: True)" storage="c:\sewer-studio_ki_4.5\.tmp\paket1-2026-09-06\artifacts\bin\auswertungpro.next.infrastructure.tests\release\auswertungpro.next.infrastructure.tests.dll" id="7814f001-d09c-7328-ec97-7f038d62e1bd">
      <Execution id="3004d59b-de5e-4dae-8a8a-e4cb8f0d408c" />
      <TestMethod codeBase="C:\Sewer-Studio_KI_4.5\.tmp\paket1-2026-09-06\artifacts\bin\AuswertungPro.Next.Infrastructure.Tests\release\AuswertungPro.Next.Infrastructure.Tests.dll" adapterTypeName="executor://xunit/VsTestRunner2/netcoreapp" className="AuswertungPro.Next.Infrastructure.Tests.ShaftRenameSafetyTests" name="Rename_Unterordner_DateiUndVerweisFolgenDemselbenPlan" />
    </UnitTest>
    <UnitTest name="AuswertungPro.Next.Infrastructure.Tests.ShaftRenameSafetyTests.Rename_FremderPfad_WeistAbUndBewahrtOriginalUndVerweise(field: &quot;PDF_Path&quot;)" storage="c:\sewer-studio_ki_4.5\.tmp\paket1-2026-09-06\artifacts\bin\auswertungpro.next.infrastructure.tests\release\auswertungpro.next.infrastructure.tests.dll" id="dddd872c-1950-3aba-5107-7a3b9989de07">
      <Execution id="35bbed31-0c7b-4349-8c12-8f4327806ea1" />
      <TestMethod codeBase="C:\Sewer-Studio_KI_4.5\.tmp\paket1-2026-09-06\artifacts\bin\AuswertungPro.Next.Infrastructure.Tests\release\AuswertungPro.Next.Infrastructure.Tests.dll" adapterTypeName="executor://xunit/VsTestRunner2/netcoreapp" className="AuswertungPro.Next.Infrastructure.Tests.ShaftRenameSafetyTests" name="Rename_FremderPfad_WeistAbUndBewahrtOriginalUndVerweise" />
    </UnitTest>
    <UnitTest name="AuswertungPro.Next.Infrastructure.Tests.Projects.ProjectNullRecoveryTests.Load_GueltigesLeeresAltprojekt_BleibtLesbar(json: &quot;{}&quot;)" storage="c:\sewer-studio_ki_4.5\.tmp\paket1-2026-09-06\artifacts\bin\auswertungpro.next.infrastructure.tests\release\auswertungpro.next.infrastructure.tests.dll" id="8de9dedc-03b9-057a-6d15-cde5e39c1a78">
      <Execution id="36444c54-1b74-4a19-b45b-7c37fb7889d4" />
      <TestMethod codeBase="C:\Sewer-Studio_KI_4.5\.tmp\paket1-2026-09-06\artifacts\bin\AuswertungPro.Next.Infrastructure.Tests\release\AuswertungPro.Next.Infrastructure.Tests.dll" adapterTypeName="executor://xunit/VsTestRunner2/netcoreapp" className="AuswertungPro.Next.Infrastructure.Tests.Projects.ProjectNullRecoveryTests" name="Load_GueltigesLeeresAltprojekt_BleibtLesbar" />
    </UnitTest>
    <UnitTest name="AuswertungPro.Next.Infrastructure.Tests.ShaftRenameSafetyTests.Rename_FotosInAllenProtokollstaenden_BleibenErreichbar" storage="c:\sewer-studio_ki_4.5\.tmp\paket1-2026-09-06\artifacts\bin\auswertungpro.next.infrastructure.tests\release\auswertungpro.next.infrastructure.tests.dll" id="8113f2ad-f7fb-014c-5c7e-815948a0440f">
      <Execution id="e79607d5-6e16-4427-ac1c-7eb109c66c2e" />
      <TestMethod codeBase="C:\Sewer-Studio_KI_4.5\.tmp\paket1-2026-09-06\artifacts\bin\AuswertungPro.Next.Infrastructure.Tests\release\AuswertungPro.Next.Infrastructure.Tests.dll" adapterTypeName="executor://xunit/VsTestRunner2/netcoreapp" className="AuswertungPro.Next.Infrastructure.Tests.ShaftRenameSafetyTests" name="Rename_FotosInAllenProtokollstaenden_BleibenErreichbar" />
    </UnitTest>
    <UnitTest name="AuswertungPro.Next.Infrastructure.Tests.Projects.ProjectNullRecoveryTests.Load_GueltigesLeeresAltprojekt_BleibtLesbar(json: &quot;{\&quot;Version\&quot;:1,\&quot;Name\&quot;:\&quot;Altprojekt\&quot;}&quot;)" storage="c:\sewer-studio_ki_4.5\.tmp\paket1-2026-09-06\artifacts\bin\auswertungpro.next.infrastructure.tests\release\auswertungpro.next.infrastructure.tests.dll" id="3ad6ae20-f95f-58a1-cd86-5a5f3d75d06b">
      <Execution id="13da6548-c32f-4929-ba40-76db98b4b65a" />
      <TestMethod codeBase="C:\Sewer-Studio_KI_4.5\.tmp\paket1-2026-09-06\artifacts\bin\AuswertungPro.Next.Infrastructure.Tests\release\AuswertungPro.Next.Infrastructure.Tests.dll" adapterTypeName="executor://xunit/VsTestRunner2/netcoreapp" className="AuswertungPro.Next.Infrastructure.Tests.Projects.ProjectNullRecoveryTests" name="Load_GueltigesLeeresAltprojekt_BleibtLesbar" />
    </UnitTest>
    <UnitTest name="AuswertungPro.Next.Infrastructure.Tests.ShaftRenameServiceTests.Rename_PdfPfadMitAbweichendemOrdnernamen_BenenntTatsaechlichenOrdnerUndPdfUm" storage="c:\sewer-studio_ki_4.5\.tmp\paket1-2026-09-06\artifacts\bin\auswertungpro.next.infrastructure.tests\release\auswertungpro.next.infrastructure.tests.dll" id="33dcc510-5870-4689-53c1-7f292e6e8bf1">
      <Execution id="af715473-6fe2-4529-9001-b1949202217b" />
      <TestMethod codeBase="C:\Sewer-Studio_KI_4.5\.tmp\paket1-2026-09-06\artifacts\bin\AuswertungPro.Next.Infrastructure.Tests\release\AuswertungPro.Next.Infrastructure.Tests.dll" adapterTypeName="executor://xunit/VsTestRunner2/netcoreapp" className="AuswertungPro.Next.Infrastructure.Tests.ShaftRenameServiceTests" name="Rename_PdfPfadMitAbweichendemOrdnernamen_BenenntTatsaechlichenOrdnerUndPdfUm" />
    </UnitTest>
    <UnitTest name="AuswertungPro.Next.Infrastructure.Tests.ShaftRenameSafetyTests.Rename_FotoZielkonflikt_AendertAuchDenHauptordnerNicht" storage="c:\sewer-studio_ki_4.5\.tmp\paket1-2026-09-06\artifacts\bin\auswertungpro.next.infrastructure.tests\release\auswertungpro.next.infrastructure.tests.dll" id="998bafb1-26b3-465e-0435-ad036dcd8108">
      <Execution id="3afaca20-34c9-4274-b0bc-39f6b6ae0eb6" />
      <TestMethod codeBase="C:\Sewer-Studio_KI_4.5\.tmp\paket1-2026-09-06\artifacts\bin\AuswertungPro.Next.Infrastructure.Tests\release\AuswertungPro.Next.Infrastructure.Tests.dll" adapterTypeName="executor://xunit/VsTestRunner2/netcoreapp" className="AuswertungPro.Next.Infrastructure.Tests.ShaftRenameSafetyTests" name="Rename_FotoZielkonflikt_AendertAuchDenHauptordnerNicht" />
    </UnitTest>
    <UnitTest name="AuswertungPro.Next.Infrastructure.Tests.ShaftRenameServiceTests.Instanzdienst_behaelt_kompatibles_NoOp_Verhalten" storage="c:\sewer-studio_ki_4.5\.tmp\paket1-2026-09-06\artifacts\bin\auswertungpro.next.infrastructure.tests\release\auswertungpro.next.infrastructure.tests.dll" id="7919e8c4-6bdd-e6c3-9ca3-3de3bab2b8e5">
      <Execution id="6401507b-0d9d-4152-94f7-105637519103" />
      <TestMethod codeBase="C:\Sewer-Studio_KI_4.5\.tmp\paket1-2026-09-06\artifacts\bin\AuswertungPro.Next.Infrastructure.Tests\release\AuswertungPro.Next.Infrastructure.Tests.dll" adapterTypeName="executor://xunit/VsTestRunner2/netcoreapp" className="AuswertungPro.Next.Infrastructure.Tests.ShaftRenameServiceTests" name="Instanzdienst_behaelt_kompatibles_NoOp_Verhalten" />
    </UnitTest>
    <UnitTest name="AuswertungPro.Next.Infrastructure.Tests.Projects.ProjectNullRecoveryTests.Load_JsonNull_IstKeinProjektUndBleibtUnveraendert(json: &quot;null&quot;)" storage="c:\sewer-studio_ki_4.5\.tmp\paket1-2026-09-06\artifacts\bin\auswertungpro.next.infrastructure.tests\release\auswertungpro.next.infrastructure.tests.dll" id="f8b0fd09-2752-c1d7-ada5-a87ad1f6fa85">
      <Execution id="200fe711-c119-4485-b1bb-2c7b3cf7ac51" />
      <TestMethod codeBase="C:\Sewer-Studio_KI_4.5\.tmp\paket1-2026-09-06\artifacts\bin\AuswertungPro.Next.Infrastructure.Tests\release\AuswertungPro.Next.Infrastructure.Tests.dll" adapterTypeName="executor://xunit/VsTestRunner2/netcoreapp" className="AuswertungPro.Next.Infrastructure.Tests.Projects.ProjectNullRecoveryTests" name="Load_JsonNull_IstKeinProjektUndBleibtUnveraendert" />
    </UnitTest>
    <UnitTest name="AuswertungPro.Next.Infrastructure.Tests.Projects.ProjectNullRecoveryTests.Recovery_NeuesteSicherungIstNull_VerwendetAelterenGueltigenStand" storage="c:\sewer-studio_ki_4.5\.tmp\paket1-2026-09-06\artifacts\bin\auswertungpro.next.infrastructure.tests\release\auswertungpro.next.infrastructure.tests.dll" id="03a3b963-1598-6060-d7da-b1eed61b398b">
      <Execution id="446150ad-1904-4515-b606-6f22703593b8" />
      <TestMethod codeBase="C:\Sewer-Studio_KI_4.5\.tmp\paket1-2026-09-06\artifacts\bin\AuswertungPro.Next.Infrastructure.Tests\release\AuswertungPro.Next.Infrastructure.Tests.dll" adapterTypeName="executor://xunit/VsTestRunner2/netcoreapp" className="AuswertungPro.Next.Infrastructure.Tests.Projects.ProjectNullRecoveryTests" name="Recovery_NeuesteSicherungIstNull_VerwendetAelterenGueltigenStand" />
    </UnitTest>
    <UnitTest name="AuswertungPro.Next.Infrastructure.Tests.ShaftRenameSafetyTests.Rename_FremderPfad_WeistAbUndBewahrtOriginalUndVerweise(field: &quot;PDF_All&quot;)" storage="c:\sewer-studio_ki_4.5\.tmp\paket1-2026-09-06\artifacts\bin\auswertungpro.next.infrastructure.tests\release\auswertungpro.next.infrastructure.tests.dll" id="a0c5f6f0-9032-bd36-8e09-c2dd7fb54d10">
      <Execution id="9c96012e-8885-4d71-8bdd-18e1e3e55973" />
      <TestMethod codeBase="C:\Sewer-Studio_KI_4.5\.tmp\paket1-2026-09-06\artifacts\bin\AuswertungPro.Next.Infrastructure.Tests\release\AuswertungPro.Next.Infrastructure.Tests.dll" adapterTypeName="executor://xunit/VsTestRunner2/netcoreapp" className="AuswertungPro.Next.Infrastructure.Tests.ShaftRenameSafetyTests" name="Rename_FremderPfad_WeistAbUndBewahrtOriginalUndVerweise" />
    </UnitTest>
    <UnitTest name="AuswertungPro.Next.Infrastructure.Tests.ShaftRenameSafetyTests.Rename_Projektarchiv_BleibtUnveraendert(archiveFolder: &quot;Imports&quot;)" storage="c:\sewer-studio_ki_4.5\.tmp\paket1-2026-09-06\artifacts\bin\auswertungpro.next.infrastructure.tests\release\auswertungpro.next.infrastructure.tests.dll" id="ec09c556-4d95-f7c0-901c-376af3ffae3e">
      <Execution id="c657b3a9-3c1d-4a25-9dfd-7c8812101535" />
      <TestMethod codeBase="C:\Sewer-Studio_KI_4.5\.tmp\paket1-2026-09-06\artifacts\bin\AuswertungPro.Next.Infrastructure.Tests\release\AuswertungPro.Next.Infrastructure.Tests.dll" adapterTypeName="executor://xunit/VsTestRunner2/netcoreapp" className="AuswertungPro.Next.Infrastructure.Tests.ShaftRenameSafetyTests" name="Rename_Projektarchiv_BleibtUnveraendert" />
    </UnitTest>
    <UnitTest name="AuswertungPro.Next.Infrastructure.Tests.ShaftRenameSafetyTests.Rename_Unterordner_DateiUndVerweisFolgenDemselbenPlan(relative: False)" storage="c:\sewer-studio_ki_4.5\.tmp\paket1-2026-09-06\artifacts\bin\auswertungpro.next.infrastructure.tests\release\auswertungpro.next.infrastructure.tests.dll" id="17d54075-03b1-a393-e196-6b2016c58bad">
      <Execution id="9fe219c2-7963-4411-bb19-ea8672583dbb" />
      <TestMethod codeBase="C:\Sewer-Studio_KI_4.5\.tmp\paket1-2026-09-06\artifacts\bin\AuswertungPro.Next.Infrastructure.Tests\release\AuswertungPro.Next.Infrastructure.Tests.dll" adapterTypeName="executor://xunit/VsTestRunner2/netcoreapp" className="AuswertungPro.Next.Infrastructure.Tests.ShaftRenameSafetyTests" name="Rename_Unterordner_DateiUndVerweisFolgenDemselbenPlan" />
    </UnitTest>
    <UnitTest name="AuswertungPro.Next.Infrastructure.Tests.ShaftRenameSafetyTests.Rename_Projektarchiv_BleibtUnveraendert(archiveFolder: &quot;__RESTORE_POINTS&quot;)" storage="c:\sewer-studio_ki_4.5\.tmp\paket1-2026-09-06\artifacts\bin\auswertungpro.next.infrastructure.tests\release\auswertungpro.next.infrastructure.tests.dll" id="b4871a91-9448-ba5d-ca0d-aba3d641ec94">
      <Execution id="fc7de49d-c217-4b79-8d43-5e880acc7445" />
      <TestMethod codeBase="C:\Sewer-Studio_KI_4.5\.tmp\paket1-2026-09-06\artifacts\bin\AuswertungPro.Next.Infrastructure.Tests\release\AuswertungPro.Next.Infrastructure.Tests.dll" adapterTypeName="executor://xunit/VsTestRunner2/netcoreapp" className="AuswertungPro.Next.Infrastructure.Tests.ShaftRenameSafetyTests" name="Rename_Projektarchiv_BleibtUnveraendert" />
    </UnitTest>
    <UnitTest name="AuswertungPro.Next.Infrastructure.Tests.ShaftRenameSafetyTests.Rename_VerknuepfterUnterordner_WeistDenGanzenLaufAb" storage="c:\sewer-studio_ki_4.5\.tmp\paket1-2026-09-06\artifacts\bin\auswertungpro.next.infrastructure.tests\release\auswertungpro.next.infrastructure.tests.dll" id="f51106b7-a658-fa62-4dac-1d6db56d6633">
      <Execution id="b942644b-a359-4700-a5ec-fa3105878975" />
      <TestMethod codeBase="C:\Sewer-Studio_KI_4.5\.tmp\paket1-2026-09-06\artifacts\bin\AuswertungPro.Next.Infrastructure.Tests\release\AuswertungPro.Next.Infrastructure.Tests.dll" adapterTypeName="executor://xunit/VsTestRunner2/netcoreapp" className="AuswertungPro.Next.Infrastructure.Tests.ShaftRenameSafetyTests" name="Rename_VerknuepfterUnterordner_WeistDenGanzenLaufAb" />
    </UnitTest>
    <UnitTest name="AuswertungPro.Next.Infrastructure.Tests.ShaftRenameSafetyTests.Rename_DateikonfliktImUnterordner_AendertNichts" storage="c:\sewer-studio_ki_4.5\.tmp\paket1-2026-09-06\artifacts\bin\auswertungpro.next.infrastructure.tests\release\auswertungpro.next.infrastructure.tests.dll" id="b72e406d-f00a-93e5-6023-8479ddaae220">
      <Execution id="f35728e5-0916-4897-93f0-c061545e6573" />
      <TestMethod codeBase="C:\Sewer-Studio_KI_4.5\.tmp\paket1-2026-09-06\artifacts\bin\AuswertungPro.Next.Infrastructure.Tests\release\AuswertungPro.Next.Infrastructure.Tests.dll" adapterTypeName="executor://xunit/VsTestRunner2/netcoreapp" className="AuswertungPro.Next.Infrastructure.Tests.ShaftRenameSafetyTests" name="Rename_DateikonfliktImUnterordner_AendertNichts" />
    </UnitTest>
    <UnitTest name="AuswertungPro.Next.Infrastructure.Tests.ShaftRenameSafetyTests.Rename_FremderPfad_WeistAbUndBewahrtOriginalUndVerweise(field: &quot;Link&quot;)" storage="c:\sewer-studio_ki_4.5\.tmp\paket1-2026-09-06\artifacts\bin\auswertungpro.next.infrastructure.tests\release\auswertungpro.next.infrastructure.tests.dll" id="a41deaa6-31d4-75f6-8766-2df5e69b5b7a">
      <Execution id="ddcecda6-ae0d-43df-a20d-c201b226c86d" />
      <TestMethod codeBase="C:\Sewer-Studio_KI_4.5\.tmp\paket1-2026-09-06\artifacts\bin\AuswertungPro.Next.Infrastructure.Tests\release\AuswertungPro.Next.Infrastructure.Tests.dll" adapterTypeName="executor://xunit/VsTestRunner2/netcoreapp" className="AuswertungPro.Next.Infrastructure.Tests.ShaftRenameSafetyTests" name="Rename_FremderPfad_WeistAbUndBewahrtOriginalUndVerweise" />
    </UnitTest>
    <UnitTest name="AuswertungPro.Next.Infrastructure.Tests.ShaftRenameServiceTests.Rename_NeueStruktur_RelativerPdfPath_BenenntVerteiltesPdfUm" storage="c:\sewer-studio_ki_4.5\.tmp\paket1-2026-09-06\artifacts\bin\auswertungpro.next.infrastructure.tests\release\auswertungpro.next.infrastructure.tests.dll" id="083ce2fa-8253-cdad-defc-a0f7d1061f95">
      <Execution id="6ad78427-922a-4ee2-a102-cb4c4634dff7" />
      <TestMethod codeBase="C:\Sewer-Studio_KI_4.5\.tmp\paket1-2026-09-06\artifacts\bin\AuswertungPro.Next.Infrastructure.Tests\release\AuswertungPro.Next.Infrastructure.Tests.dll" adapterTypeName="executor://xunit/VsTestRunner2/netcoreapp" className="AuswertungPro.Next.Infrastructure.Tests.ShaftRenameServiceTests" name="Rename_NeueStruktur_RelativerPdfPath_BenenntVerteiltesPdfUm" />
    </UnitTest>
    <UnitTest name="AuswertungPro.Next.Infrastructure.Tests.ShaftRenameSafetyTests.Rename_FremderPfad_WeistAbUndBewahrtOriginalUndVerweise(field: &quot;PDF_Eigen&quot;)" storage="c:\sewer-studio_ki_4.5\.tmp\paket1-2026-09-06\artifacts\bin\auswertungpro.next.infrastructure.tests\release\auswertungpro.next.infrastructure.tests.dll" id="4a964940-faf8-b17e-9be5-410df5b32233">
      <Execution id="83d5ef99-a24b-4a30-b887-8f60ca77e8fe" />
      <TestMethod codeBase="C:\Sewer-Studio_KI_4.5\.tmp\paket1-2026-09-06\artifacts\bin\AuswertungPro.Next.Infrastructure.Tests\release\AuswertungPro.Next.Infrastructure.Tests.dll" adapterTypeName="executor://xunit/VsTestRunner2/netcoreapp" className="AuswertungPro.Next.Infrastructure.Tests.ShaftRenameSafetyTests" name="Rename_FremderPfad_WeistAbUndBewahrtOriginalUndVerweise" />
    </UnitTest>
    <UnitTest name="AuswertungPro.Next.Infrastructure.Tests.ShaftRenameSafetyTests.Rename_Projektarchiv_BleibtUnveraendert(archiveFolder: &quot;Importdateien&quot;)" storage="c:\sewer-studio_ki_4.5\.tmp\paket1-2026-09-06\artifacts\bin\auswertungpro.next.infrastructure.tests\release\auswertungpro.next.infrastructure.tests.dll" id="36c00cca-03d2-1eb0-b678-6f2ef7075b0a">
      <Execution id="48081667-d63c-4e05-8386-7024d6c3cb4c" />
      <TestMethod codeBase="C:\Sewer-Studio_KI_4.5\.tmp\paket1-2026-09-06\artifacts\bin\AuswertungPro.Next.Infrastructure.Tests\release\AuswertungPro.Next.Infrastructure.Tests.dll" adapterTypeName="executor://xunit/VsTestRunner2/netcoreapp" className="AuswertungPro.Next.Infrastructure.Tests.ShaftRenameSafetyTests" name="Rename_Projektarchiv_BleibtUnveraendert" />
    </UnitTest>
    <UnitTest name="AuswertungPro.Next.Infrastructure.Tests.ShaftRenameSafetyTests.Rename_DateipfadOhneProjekt_WeistAb" storage="c:\sewer-studio_ki_4.5\.tmp\paket1-2026-09-06\artifacts\bin\auswertungpro.next.infrastructure.tests\release\auswertungpro.next.infrastructure.tests.dll" id="b5e2ab30-eec1-2d38-72ca-6c4cc37a9acc">
      <Execution id="3962e757-5ae4-4f4e-a654-fd68894ef175" />
      <TestMethod codeBase="C:\Sewer-Studio_KI_4.5\.tmp\paket1-2026-09-06\artifacts\bin\AuswertungPro.Next.Infrastructure.Tests\release\AuswertungPro.Next.Infrastructure.Tests.dll" adapterTypeName="executor://xunit/VsTestRunner2/netcoreapp" className="AuswertungPro.Next.Infrastructure.Tests.ShaftRenameSafetyTests" name="Rename_DateipfadOhneProjekt_WeistAb" />
    </UnitTest>
  </TestDefinitions>
  <TestEntries>
    <TestEntry testId="c183b957-318b-2095-3c64-59b16d82e9b7" executionId="75e0bb1c-57ec-42ca-88be-158a190c7a23" testListId="8c84fa94-04c1-424b-9868-57a2d4851a1d" />
    <TestEntry testId="17d54075-03b1-a393-e196-6b2016c58bad" executionId="9fe219c2-7963-4411-bb19-ea8672583dbb" testListId="8c84fa94-04c1-424b-9868-57a2d4851a1d" />
    <TestEntry testId="33dcc510-5870-4689-53c1-7f292e6e8bf1" executionId="af715473-6fe2-4529-9001-b1949202217b" testListId="8c84fa94-04c1-424b-9868-57a2d4851a1d" />
    <TestEntry testId="dddd872c-1950-3aba-5107-7a3b9989de07" executionId="35bbed31-0c7b-4349-8c12-8f4327806ea1" testListId="8c84fa94-04c1-424b-9868-57a2d4851a1d" />
    <TestEntry testId="7814f001-d09c-7328-ec97-7f038d62e1bd" executionId="3004d59b-de5e-4dae-8a8a-e4cb8f0d408c" testListId="8c84fa94-04c1-424b-9868-57a2d4851a1d" />
    <TestEntry testId="b5e2ab30-eec1-2d38-72ca-6c4cc37a9acc" executionId="3962e757-5ae4-4f4e-a654-fd68894ef175" testListId="8c84fa94-04c1-424b-9868-57a2d4851a1d" />
    <TestEntry testId="8113f2ad-f7fb-014c-5c7e-815948a0440f" executionId="e79607d5-6e16-4427-ac1c-7eb109c66c2e" testListId="8c84fa94-04c1-424b-9868-57a2d4851a1d" />
    <TestEntry testId="f51106b7-a658-fa62-4dac-1d6db56d6633" executionId="b942644b-a359-4700-a5ec-fa3105878975" testListId="8c84fa94-04c1-424b-9868-57a2d4851a1d" />
    <TestEntry testId="3258d67d-6eba-2ffb-b3ce-afce1d057ea3" executionId="64275d90-87f0-496a-a701-f0fb805f2e4e" testListId="8c84fa94-04c1-424b-9868-57a2d4851a1d" />
    <TestEntry testId="36c00cca-03d2-1eb0-b678-6f2ef7075b0a" executionId="48081667-d63c-4e05-8386-7024d6c3cb4c" testListId="8c84fa94-04c1-424b-9868-57a2d4851a1d" />
    <TestEntry testId="b4871a91-9448-ba5d-ca0d-aba3d641ec94" executionId="fc7de49d-c217-4b79-8d43-5e880acc7445" testListId="8c84fa94-04c1-424b-9868-57a2d4851a1d" />
    <TestEntry testId="a41deaa6-31d4-75f6-8766-2df5e69b5b7a" executionId="ddcecda6-ae0d-43df-a20d-c201b226c86d" testListId="8c84fa94-04c1-424b-9868-57a2d4851a1d" />
    <TestEntry testId="8de9dedc-03b9-057a-6d15-cde5e39c1a78" executionId="36444c54-1b74-4a19-b45b-7c37fb7889d4" testListId="8c84fa94-04c1-424b-9868-57a2d4851a1d" />
    <TestEntry testId="083ce2fa-8253-cdad-defc-a0f7d1061f95" executionId="6ad78427-922a-4ee2-a102-cb4c4634dff7" testListId="8c84fa94-04c1-424b-9868-57a2d4851a1d" />
    <TestEntry testId="f8b0fd09-2752-c1d7-ada5-a87ad1f6fa85" executionId="200fe711-c119-4485-b1bb-2c7b3cf7ac51" testListId="8c84fa94-04c1-424b-9868-57a2d4851a1d" />
    <TestEntry testId="998bafb1-26b3-465e-0435-ad036dcd8108" executionId="3afaca20-34c9-4274-b0bc-39f6b6ae0eb6" testListId="8c84fa94-04c1-424b-9868-57a2d4851a1d" />
    <TestEntry testId="7fcf4f2c-d4d6-34e7-1194-04fb48c960ca" executionId="53eb5030-cc25-4a18-88eb-4762d531919d" testListId="8c84fa94-04c1-424b-9868-57a2d4851a1d" />
    <TestEntry testId="0f74aac1-4e4a-7cfd-3843-a4bde09d930d" executionId="67ffc778-6d6a-4b74-bbd3-c2985aeb3754" testListId="8c84fa94-04c1-424b-9868-57a2d4851a1d" />
    <TestEntry testId="3ad6ae20-f95f-58a1-cd86-5a5f3d75d06b" executionId="13da6548-c32f-4929-ba40-76db98b4b65a" testListId="8c84fa94-04c1-424b-9868-57a2d4851a1d" />
    <TestEntry testId="b72e406d-f00a-93e5-6023-8479ddaae220" executionId="f35728e5-0916-4897-93f0-c061545e6573" testListId="8c84fa94-04c1-424b-9868-57a2d4851a1d" />
    <TestEntry testId="03a3b963-1598-6060-d7da-b1eed61b398b" executionId="446150ad-1904-4515-b606-6f22703593b8" testListId="8c84fa94-04c1-424b-9868-57a2d4851a1d" />
    <TestEntry testId="ec09c556-4d95-f7c0-901c-376af3ffae3e" executionId="c657b3a9-3c1d-4a25-9dfd-7c8812101535" testListId="8c84fa94-04c1-424b-9868-57a2d4851a1d" />
    <TestEntry testId="4a964940-faf8-b17e-9be5-410df5b32233" executionId="83d5ef99-a24b-4a30-b887-8f60ca77e8fe" testListId="8c84fa94-04c1-424b-9868-57a2d4851a1d" />
    <TestEntry testId="7919e8c4-6bdd-e6c3-9ca3-3de3bab2b8e5" executionId="6401507b-0d9d-4152-94f7-105637519103" testListId="8c84fa94-04c1-424b-9868-57a2d4851a1d" />
    <TestEntry testId="a0c5f6f0-9032-bd36-8e09-c2dd7fb54d10" executionId="9c96012e-8885-4d71-8bdd-18e1e3e55973" testListId="8c84fa94-04c1-424b-9868-57a2d4851a1d" />
  </TestEntries>
  <TestLists>
    <TestList name="Ergebnisse nicht in einer Liste" id="8c84fa94-04c1-424b-9868-57a2d4851a1d" />
    <TestList name="Alle geladenen Ergebnisse" id="19431567-8539-422a-85d7-44ee4e166bda" />
  </TestLists>
  <ResultSummary outcome="Completed">
    <Counters total="25" executed="25" passed="25" failed="0" error="0" timeout="0" aborted="0" inconclusive="0" passedButRunAborted="0" notRunnable="0" notExecuted="0" disconnected="0" warning="0" completed="0" inProgress="0" pending="0" />
    <Output>
      <StdOut>[xUnit.net 00:00:00.00] xUnit.net VSTest Adapter v2.5.7+8f2703126a (64-bit .NET 10.0.11)&#xD;
[xUnit.net 00:00:00.22]   Discovering: AuswertungPro.Next.Infrastructure.Tests&#xD;
[xUnit.net 00:00:00.49]   Discovered:  AuswertungPro.Next.Infrastructure.Tests&#xD;
[xUnit.net 00:00:00.50]   Starting:    AuswertungPro.Next.Infrastructure.Tests&#xD;
[xUnit.net 00:00:00.69]   Finished:    AuswertungPro.Next.Infrastructure.Tests&#xD;
</StdOut>
    </Output>
  </ResultSummary>
</TestRun>